<?xml version="1.0" encoding="UTF-8"?>
<testsuites name="SM_SmokeTest" time="539" tests="3" failures="2" errors="0">
   <testsuite name="SM_SmokeTest" tests="3" failures="2" errors="0" time="539" timestamp="2019-06-26 19:48:04" hostname="promantus inc - G10PROLT025" id="Test Suites/SM_SmokeTest">
      <properties>
         <property name="deviceName" value=""/>
         <property name="devicePlatform" value=""/>
         <property name="logFolder" value="H:\\Git Projects\\Usgbc_LeedOnline_ScoreCard\\Usgbc_LeedOnline_ScoreCard\\Reports\\SM_SmokeTest\\20190626_194754"/>
         <property name="logFiles" value="H:\\Git Projects\\Usgbc_LeedOnline_ScoreCard\\Usgbc_LeedOnline_ScoreCard\\Reports\\SM_SmokeTest\\20190626_194754\\execution0.log"/>
         <property name="attachments" value=""/>
         <property name="hostName" value="promantus inc - G10PROLT025"/>
         <property name="os" value="Windows 10 64bit"/>
         <property name="katalonVersion" value="6.1.3.3"/>
         <property name="browser" value="Chrome 75.0.3770.100"/>
         <property name="hostAddress" value="192.168.232.1"/>
         <property name="sessionId" value="9b7be6adb22270399af5dbbf47c78ce4"/>
         <property name="seleniumVersion" value="3.7.1"/>
         <property name="proxyInformation" value="ProxyInformation{proxyOption=NO_PROXY, proxyServerType=HTTP, password=, proxyServerAddress=, proxyServerPort=0}"/>
         <property name="platform" value="Windows 10"/>
      </properties>
      <testcase name="Test Cases/SiteManagement/TC_SiteManagement" classname="Test Cases/SiteManagement/TC_SiteManagement" status="PASSED">
         <system-out><![CDATA[2019-06-26 19:48:04 - [TEST_CASE][PASSED] - Test Cases/SiteManagement/TC_SiteManagement: Test Cases/SiteManagement/TC_SiteManagement

2019-06-26 19:48:04 - [TEST_STEP][PASSED] - Start listener action : sampleBeforeTestCase: null

2019-06-26 19:48:04 - [TEST_STEP][PASSED] - openBrowser(""): Browser is opened with url: ''

2019-06-26 19:48:05 - [MESSAGE][INFO] - Starting 'Chrome' driver

2019-06-26 19:48:05 - [MESSAGE][INFO] - User set preference: ['args', '[--window-size=1920,1080]']

2019-06-26 19:48:05 - [MESSAGE][INFO] - Action delay is set to 0 seconds

2019-06-26 19:48:08 - [MESSAGE][PASSED] - Browser is opened with url: ''

2019-06-26 19:48:08 - [TEST_STEP][PASSED] - driver = getWebDriver(): null

2019-06-26 19:48:09 - [TEST_STEP][PASSED] - println("The driver is ########### " + driver): null

2019-06-26 19:48:09 - [TEST_STEP][PASSED] - downloadPath = "H:\Git Projects\Usgbc_LeedOnline_ScoreCard\Usgbc_LeedOnline_ScoreCard\Include\TestData\DownloadedFiles": null

2019-06-26 19:48:09 - [TEST_STEP][PASSED] - projectKeywords().sendCommandForDownloadChromeHeadLess(driver.getCommandExecutor(), driver.getSessionId(), downloadPath): null

2019-06-26 19:48:11 - [TEST_STEP][PASSED] - runWithCucumberRunner(siteManagementForm.Runner_SiteMngmnt): Run with 'siteManagementForm.Runner_SiteMngmnt' was passed

2019-06-26 19:48:16 - [TEST_CASE][PASSED] - Test Cases/SiteManagement/TC_SM_Navigate: Test Cases/SiteManagement/TC_SM_Navigate

2019-06-26 19:48:16 - [TEST_STEP][PASSED] - runWithCucumberRunner(siteManagementForm.Runner_SM_Navigation): Run with 'siteManagementForm.Runner_SM_Navigation' was passed

2019-06-26 19:48:18 - [TEST_CASE][PASSED] - Test Cases/Login/TC_Login: Test Cases/Login/TC_Login

2019-06-26 19:48:19 - [TEST_STEP][PASSED] - runWithCucumberRunner(common.Runner_Login): Run with 'common.Runner_Login' was passed

2019-06-26 19:48:20 - [MESSAGE][WARNING] - A browser is already opened. Closing browser and opening a new one

2019-06-26 19:48:21 - [MESSAGE][INFO] - Starting 'Chrome' driver

2019-06-26 19:48:21 - [MESSAGE][INFO] - User set preference: ['args', '[--window-size=1920,1080]']

2019-06-26 19:48:24 - [MESSAGE][PASSED] - Browser is opened with url: ''

2019-06-26 19:48:27 - [MESSAGE][PASSED] - Navigate to 'https://leedonline-stg.usgbc.org' successfully

2019-06-26 19:48:29 - [MESSAGE][PASSED] - Delayed 2 second(s)

2019-06-26 19:48:29 - [MESSAGE][PASSED] - Text 'automationbdd1@gmail.com' is set on object 'Object Repository/Login/input_username'

2019-06-26 19:48:29 - [MESSAGE][PASSED] - Text 'initpass' is set on object 'Object Repository/Login/input_password'

2019-06-26 19:48:32 - [MESSAGE][PASSED] - Delayed 3 second(s)

2019-06-26 19:48:32 - [MESSAGE][PASSED] - Scroll to object 'Object Repository/Login/span_End User License Agreement' successfully

2019-06-26 19:48:33 - [MESSAGE][PASSED] - Object 'Object Repository/Login/span_End User License Agreement' is visible

2019-06-26 19:48:33 - [MESSAGE][PASSED] - Object 'Object Repository/Login/span_End User License Agreement' is checked

2019-06-26 19:48:34 - [MESSAGE][PASSED] - Delayed 1 second(s)

2019-06-26 19:48:34 - [MESSAGE][PASSED] - Object: 'Object Repository/Login/button_Log In' is clicked on

2019-06-26 19:48:42 - [MESSAGE][PASSED] - Object: '' is clicked on

2019-06-26 19:48:44 - [MESSAGE][PASSED] - Object: 'Object Repository/Login/a_Credits' is clicked on

2019-06-26 19:48:44 - [MESSAGE][PASSED] - Run with 'common.Runner_Login' was passed

2019-06-26 19:48:44 - [MESSAGE][PASSED] - Call Test Case 'Test Cases/Login/TC_Login' successfully

2019-06-26 19:48:44 - [MESSAGE][PASSED] - Scroll to object 'Object Repository/Site_Management/Navigation/div_Site Management' successfully

2019-06-26 19:48:44 - [MESSAGE][PASSED] - Object 'Object Repository/Site_Management/Navigation/div_Site Management' is present

2019-06-26 19:48:44 - [MESSAGE][PASSED] - Text of object 'Object Repository/Site_Management/Navigation/h3_Status' is: 'ATTEMPTED'

2019-06-26 19:48:44 - [MESSAGE][PASSED] - Text of object 'Object Repository/Site_Management/Navigation/divval' is: 'ATTEMPTED'

2019-06-26 19:48:44 - [MESSAGE][PASSED] - Text of object 'Object Repository/Site_Management/Navigation/h3_Status' is: 'ATTEMPTED'

2019-06-26 19:48:45 - [MESSAGE][PASSED] - Object: 'Object Repository/Site_Management/Navigation/div_Site Management' is clicked on

2019-06-26 19:48:49 - [MESSAGE][PASSED] - Object: 'Object Repository/Site_Management/Navigation/span_(V01)' is clicked on

2019-06-26 19:48:49 - [MESSAGE][PASSED] - Object 'Object Repository/Site_Management/Navigation/sitemanagement_Credit' is present

2019-06-26 19:48:49 - [MESSAGE][PASSED] - Run with 'siteManagementForm.Runner_SM_Navigation' was passed

2019-06-26 19:48:49 - [MESSAGE][PASSED] - Call Test Case 'Test Cases/SiteManagement/TC_SM_Navigate' successfully

2019-06-26 19:48:49 - [MESSAGE][PASSED] - Object 'Object Repository/Site_Management/AddFile_SiteAssessment/p_Upload_SA' is present

2019-06-26 19:48:49 - [MESSAGE][PASSED] - Scroll to object 'Object Repository/Site_Management/AddFile_SiteAssessment/p_Upload_SA' successfully

2019-06-26 19:48:50 - [MESSAGE][PASSED] - Object 'Object Repository/Site_Management/AddFile_SiteAssessment/btn_AddFile_SA' has attribute 'class' with value 'tiny ui button'

2019-06-26 19:48:50 - [MESSAGE][PASSED] - File 'H:\Git Projects\Usgbc_LeedOnline_ScoreCard\Usgbc_LeedOnline_ScoreCard\Include\TestData\MultipleFileDiffExt\SampleGIFImage_350kbmb.gif' sent to object: 'Object Repository/Site_Management/AddFile_SiteAssessment/input_AddFile_SA'

2019-06-26 19:48:51 - [MESSAGE][PASSED] - Delayed 1 second(s)

2019-06-26 19:48:51 - [MESSAGE][PASSED] - Object 'Object Repository/Site_Management/AddFile_SiteAssessment/btn_AddFile_SA' has attribute 'class' with value 'tiny ui button'

2019-06-26 19:48:51 - [MESSAGE][PASSED] - File 'H:\Git Projects\Usgbc_LeedOnline_ScoreCard\Usgbc_LeedOnline_ScoreCard\Include\TestData\MultipleFileDiffExt\SamplePPTFile_1000kb.ppt' sent to object: 'Object Repository/Site_Management/AddFile_SiteAssessment/input_AddFile_SA'

2019-06-26 19:48:52 - [MESSAGE][PASSED] - Delayed 1 second(s)

2019-06-26 19:48:54 - [MESSAGE][PASSED] - Object 'Object Repository/Site_Management/AddFile_SiteAssessment/btn_AddFile_SA' has attribute 'class' with value 'tiny ui button'

2019-06-26 19:48:54 - [MESSAGE][PASSED] - File 'H:\Git Projects\Usgbc_LeedOnline_ScoreCard\Usgbc_LeedOnline_ScoreCard\Include\TestData\MultipleFileDiffExt\ZZ.pdf' sent to object: 'Object Repository/Site_Management/AddFile_SiteAssessment/input_AddFile_SA'

2019-06-26 19:48:55 - [MESSAGE][PASSED] - Delayed 1 second(s)

2019-06-26 19:48:56 - [MESSAGE][PASSED] - Object 'Object Repository/Site_Management/AddFile_DocumentationDemonstrating/p_Upload_DD' is present

2019-06-26 19:48:56 - [MESSAGE][PASSED] - Scroll to object 'Object Repository/Site_Management/AddFile_DocumentationDemonstrating/p_Upload_DD' successfully

2019-06-26 19:48:56 - [MESSAGE][PASSED] - Object 'Object Repository/Site_Management/AddFile_DocumentationDemonstrating/btn_AddFile_DD' has attribute 'class' with value 'tiny ui button'

2019-06-26 19:48:56 - [MESSAGE][PASSED] - File 'H:\Git Projects\Usgbc_LeedOnline_ScoreCard\Usgbc_LeedOnline_ScoreCard\Include\TestData\MultipleFileDiffExt\SampleGIFImage_350kbmb.gif' sent to object: 'Object Repository/Site_Management/AddFile_DocumentationDemonstrating/input_AddFile_DD'

2019-06-26 19:48:57 - [MESSAGE][PASSED] - Delayed 1 second(s)

2019-06-26 19:48:58 - [MESSAGE][PASSED] - Object 'Object Repository/Site_Management/AddFile_DocumentationDemonstrating/btn_AddFile_DD' has attribute 'class' with value 'tiny ui button'

2019-06-26 19:48:58 - [MESSAGE][PASSED] - File 'H:\Git Projects\Usgbc_LeedOnline_ScoreCard\Usgbc_LeedOnline_ScoreCard\Include\TestData\MultipleFileDiffExt\SamplePPTFile_1000kb.ppt' sent to object: 'Object Repository/Site_Management/AddFile_DocumentationDemonstrating/input_AddFile_DD'

2019-06-26 19:48:59 - [MESSAGE][PASSED] - Delayed 1 second(s)

2019-06-26 19:49:00 - [MESSAGE][PASSED] - Object 'Object Repository/Site_Management/AddFile_DocumentationDemonstrating/btn_AddFile_DD' has attribute 'class' with value 'tiny ui button'

2019-06-26 19:49:01 - [MESSAGE][PASSED] - File 'H:\Git Projects\Usgbc_LeedOnline_ScoreCard\Usgbc_LeedOnline_ScoreCard\Include\TestData\MultipleFileDiffExt\ZZ.pdf' sent to object: 'Object Repository/Site_Management/AddFile_DocumentationDemonstrating/input_AddFile_DD'

2019-06-26 19:49:02 - [MESSAGE][PASSED] - Delayed 1 second(s)

2019-06-26 19:49:02 - [MESSAGE][PASSED] - Object 'Object Repository/Site_Management/SpecialCircumstances/AddFile_SC/p_Upload_SC' is present

2019-06-26 19:49:02 - [MESSAGE][PASSED] - Scroll to object 'Object Repository/Site_Management/SpecialCircumstances/AddFile_SC/p_Upload_SC' successfully

2019-06-26 19:49:02 - [MESSAGE][PASSED] - Object 'Object Repository/Site_Management/SpecialCircumstances/AddFile_SC/btn_AddFile_SC' has attribute 'class' with value 'tiny ui button'

2019-06-26 19:49:02 - [MESSAGE][PASSED] - File 'H:\Git Projects\Usgbc_LeedOnline_ScoreCard\Usgbc_LeedOnline_ScoreCard\Include\TestData\MultipleFileDiffExt\SampleGIFImage_350kbmb.gif' sent to object: 'Object Repository/Site_Management/SpecialCircumstances/AddFile_SC/input_AddFile_SC'

2019-06-26 19:49:03 - [MESSAGE][PASSED] - Delayed 1 second(s)

2019-06-26 19:49:04 - [MESSAGE][PASSED] - Object 'Object Repository/Site_Management/SpecialCircumstances/AddFile_SC/btn_AddFile_SC' has attribute 'class' with value 'tiny ui button'

2019-06-26 19:49:04 - [MESSAGE][PASSED] - File 'H:\Git Projects\Usgbc_LeedOnline_ScoreCard\Usgbc_LeedOnline_ScoreCard\Include\TestData\MultipleFileDiffExt\SamplePPTFile_1000kb.ppt' sent to object: 'Object Repository/Site_Management/SpecialCircumstances/AddFile_SC/input_AddFile_SC'

2019-06-26 19:49:05 - [MESSAGE][PASSED] - Delayed 1 second(s)

2019-06-26 19:49:07 - [MESSAGE][PASSED] - Object 'Object Repository/Site_Management/SpecialCircumstances/AddFile_SC/btn_AddFile_SC' has attribute 'class' with value 'tiny ui button'

2019-06-26 19:49:07 - [MESSAGE][PASSED] - File 'H:\Git Projects\Usgbc_LeedOnline_ScoreCard\Usgbc_LeedOnline_ScoreCard\Include\TestData\MultipleFileDiffExt\ZZ.pdf' sent to object: 'Object Repository/Site_Management/SpecialCircumstances/AddFile_SC/input_AddFile_SC'

2019-06-26 19:49:08 - [MESSAGE][PASSED] - Delayed 1 second(s)

2019-06-26 19:49:09 - [MESSAGE][PASSED] - Scroll to object 'Object Repository/Site_Management/SpecialCircumstances/EditorBox_SC/p_Describe the circumstances' successfully

2019-06-26 19:49:09 - [MESSAGE][PASSED] - Object 'Object Repository/Site_Management/SpecialCircumstances/EditorBox_SC/p_Describe the circumstances' is present

2019-06-26 19:49:15 - [MESSAGE][PASSED] - Text 'Known that everybody have the personal aim. It is defferent . For example, there are some people think that the most important thing in them life is career. While there are other people think that is family. me too. The most important thing with my life is my small and big family. Because I see the mind is the most important. Let think that if you are verry rich while you alway are worry and sad, you will feel not happy. So I think we should spend many time for looking after our family. When we have a happy family, we will have power to try. At that time we will work better. How do you think. Anna and Henry go to the doctor. Anna has an ultrasound scan. 76ZXE' is set on object 'Object Repository/Site_Management/SpecialCircumstances/EditorBox_SC/body_SC_EditorBox'

2019-06-26 19:49:18 - [MESSAGE][PASSED] - Delayed 3 second(s)

2019-06-26 19:49:18 - [MESSAGE][PASSED] - Text of object 'Object Repository/Site_Management/SpecialCircumstances/EditorBox_SC/body_SC_EditorBox' is: 'Known that everybody have the personal aim. It is defferent . For example, there are some people think that the most important thing in them life is career. While there are other people think that is family. me too. The most important thing with my life is my small and big family. Because I see the mind is the most important. Let think that if you are verry rich while you alway are worry and sad, you will feel not happy. So I think we should spend many time for looking after our family. When we have a happy family, we will have power to try. At that time we will work better. How do you think. Anna and Henry go to the doctor. Anna has an ultrasound scan. 76ZXE'

2019-06-26 19:49:18 - [MESSAGE][PASSED] - Actual text 'Known that everybody have the personal aim. It is defferent . For example, there are some people think that the most important thing in them life is career. While there are other people think that is family. me too. The most important thing with my life is my small and big family. Because I see the mind is the most important. Let think that if you are verry rich while you alway are worry and sad, you will feel not happy. So I think we should spend many time for looking after our family. When we have a happy family, we will have power to try. At that time we will work better. How do you think. Anna and Henry go to the doctor. Anna has an ultrasound scan. 76ZXE' and expected text 'Known that everybody have the personal aim. It is defferent . For example, there are some people think that the most important thing in them life is career. While there are other people think that is family. me too. The most important thing with my life is my small and big family. Because I see the mind is the most important. Let think that if you are verry rich while you alway are worry and sad, you will feel not happy. So I think we should spend many time for looking after our family. When we have a happy family, we will have power to try. At that time we will work better. How do you think. Anna and Henry go to the doctor. Anna has an ultrasound scan. 76ZXE' are matched 

2019-06-26 19:49:28 - [MESSAGE][PASSED] - Delayed 10 second(s)

2019-06-26 19:49:29 - [MESSAGE][PASSED] - Object 'Object Repository/Site_Management/button_Save' is visible

2019-06-26 19:49:29 - [MESSAGE][PASSED] - Object: 'Object Repository/Site_Management/button_Save' is clicked on

2019-06-26 19:49:31 - [MESSAGE][PASSED] - Delayed 2 second(s)

2019-06-26 19:49:31 - [MESSAGE][PASSED] - Text 'Form data saved successfully.' is present on page 

2019-06-26 19:49:31 - [MESSAGE][PASSED] - Object 'Object Repository/Site_Management/icon_pdf' is present

2019-06-26 19:49:36 - [MESSAGE][PASSED] - Delayed 5 second(s)

2019-06-26 19:49:37 - [MESSAGE][PASSED] - Object: 'Object Repository/Site_Management/icon_pdf' is clicked on

2019-06-26 19:49:47 - [MESSAGE][PASSED] - Delayed 10 second(s)

2019-06-26 19:49:52 - [MESSAGE][PASSED] - Delayed 5 second(s)

2019-06-26 19:49:53 - [MESSAGE][PASSED] - Scroll to object 'Object Repository/Site_Management/AddFile_SiteAssessment/p_Upload_SA' successfully

2019-06-26 19:49:55 - [MESSAGE][PASSED] - Delayed 2 second(s)

2019-06-26 19:50:00 - [MESSAGE][PASSED] - Delayed 5 second(s)

2019-06-26 19:50:00 - [MESSAGE][PASSED] - Scroll to object 'Object Repository/Site_Management/AddFile_DocumentationDemonstrating/p_Upload_DD' successfully

2019-06-26 19:50:03 - [MESSAGE][PASSED] - Delayed 2 second(s)

2019-06-26 19:50:08 - [MESSAGE][PASSED] - Delayed 5 second(s)

2019-06-26 19:50:08 - [MESSAGE][PASSED] - Scroll to object 'Object Repository/Site_Management/SpecialCircumstances/EditorBox_SC/p_Describe the circumstances' successfully

2019-06-26 19:50:08 - [MESSAGE][PASSED] - Text of object 'Object Repository/Site_Management/SpecialCircumstances/EditorBox_SC/body_SC_EditorBox' is: 'Known that everybody have the personal aim. It is defferent . For example, there are some people think that the most important thing in them life is career. While there are other people think that is family. me too. The most important thing with my life is my small and big family. Because I see the mind is the most important. Let think that if you are verry rich while you alway are worry and sad, you will feel not happy. So I think we should spend many time for looking after our family. When we have a happy family, we will have power to try. At that time we will work better. How do you think. Anna and Henry go to the doctor. Anna has an ultrasound scan. 76ZXE'

2019-06-26 19:50:10 - [MESSAGE][PASSED] - Delayed 2 second(s)

2019-06-26 19:50:15 - [MESSAGE][PASSED] - Delayed 5 second(s)

2019-06-26 19:50:15 - [MESSAGE][PASSED] - Scroll to object 'Object Repository/Site_Management/SpecialCircumstances/AddFile_SC/p_Upload_SC' successfully

2019-06-26 19:50:18 - [MESSAGE][PASSED] - Delayed 2 second(s)

2019-06-26 19:50:18 - [MESSAGE][PASSED] - Refresh successfully

2019-06-26 19:50:19 - [MESSAGE][PASSED] - Text of object 'Object Repository/Site_Management/SpecialCircumstances/EditorBox_SC/body_SC_EditorBox' is: 'Known that everybody have the personal aim. It is defferent . For example, there are some people think that the most important thing in them life is career. While there are other people think that is family. me too. The most important thing with my life is my small and big family. Because I see the mind is the most important. Let think that if you are verry rich while you alway are worry and sad, you will feel not happy. So I think we should spend many time for looking after our family. When we have a happy family, we will have power to try. At that time we will work better. How do you think. Anna and Henry go to the doctor. Anna has an ultrasound scan. 76ZXE'

2019-06-26 19:50:19 - [MESSAGE][PASSED] - Actual text 'Known that everybody have the personal aim. It is defferent . For example, there are some people think that the most important thing in them life is career. While there are other people think that is family. me too. The most important thing with my life is my small and big family. Because I see the mind is the most important. Let think that if you are verry rich while you alway are worry and sad, you will feel not happy. So I think we should spend many time for looking after our family. When we have a happy family, we will have power to try. At that time we will work better. How do you think. Anna and Henry go to the doctor. Anna has an ultrasound scan. 76ZXE' and expected text 'Known that everybody have the personal aim. It is defferent . For example, there are some people think that the most important thing in them life is career. While there are other people think that is family. me too. The most important thing with my life is my small and big family. Because I see the mind is the most important. Let think that if you are verry rich while you alway are worry and sad, you will feel not happy. So I think we should spend many time for looking after our family. When we have a happy family, we will have power to try. At that time we will work better. How do you think. Anna and Henry go to the doctor. Anna has an ultrasound scan. 76ZXE' are matched 

2019-06-26 19:50:19 - [MESSAGE][PASSED] - Run with 'siteManagementForm.Runner_SiteMngmnt' was passed

2019-06-26 19:50:19 - [TEST_STEP][PASSED] - Start listener action : sampleAfterTestCase: Browser is closed

2019-06-26 19:50:19 - [TEST_STEP][PASSED] - closeBrowser(): Browser is closed

2019-06-26 19:50:20 - [MESSAGE][PASSED] - Browser is closed]]></system-out>
         <system-err><![CDATA[]]></system-err>
      </testcase>
      <testcase name="Test Cases/SiteManagement/TC_SM_VerifyUploadFile" classname="Test Cases/SiteManagement/TC_SM_VerifyUploadFile" status="FAILED">
         <failure type="FAILED" message="Test Cases/SiteManagement/TC_SM_VerifyUploadFile FAILED.
Reason:
com.kms.katalon.core.exception.StepFailedException: These following reason:
 [Not a file or directory: H:\Git Projects\Usgbc_LeedOnline_ScoreCard\Usgbc_LeedOnline_ScoreCard\Include\features\ScoreCard\SiteManagement_Form\SM_VerifyUploadedFile.feature]
	at com.kms.katalon.core.keyword.internal.KeywordMain.stepFailed(KeywordMain.groovy:48)
	at com.kms.katalon.core.keyword.internal.KeywordMain.stepFailed(KeywordMain.groovy)
	at com.kms.katalon.core.keyword.internal.KeywordMain.stepFailed(KeywordMain.groovy:21)
	at com.kms.katalon.core.keyword.internal.KeywordMain$stepFailed$0.call(Unknown Source)
	at com.kms.katalon.core.cucumber.keyword.CucumberBuiltinKeywords$_runWithCucumberRunner_closure3.doCall(CucumberBuiltinKeywords.groovy:272)
	at com.kms.katalon.core.cucumber.keyword.CucumberBuiltinKeywords$_runWithCucumberRunner_closure3.doCall(CucumberBuiltinKeywords.groovy)
	at com.kms.katalon.core.keyword.internal.KeywordMain.runKeyword(KeywordMain.groovy:66)
	at com.kms.katalon.core.keyword.internal.KeywordMain$runKeyword.call(Unknown Source)
	at com.kms.katalon.core.cucumber.keyword.CucumberBuiltinKeywords.runWithCucumberRunner(CucumberBuiltinKeywords.groovy:257)
	at com.kms.katalon.core.cucumber.keyword.CucumberBuiltinKeywords$runWithCucumberRunner$0.callStatic(Unknown Source)
	at com.kms.katalon.core.cucumber.keyword.CucumberBuiltinKeywords.runWithCucumberRunner(CucumberBuiltinKeywords.groovy:357)
	at com.kms.katalon.core.cucumber.keyword.CucumberBuiltinKeywords$runWithCucumberRunner.call(Unknown Source)
	at TC_SM_VerifyUploadFile.run(TC_SM_VerifyUploadFile:17)
	at com.kms.katalon.core.main.ScriptEngine.run(ScriptEngine.java:194)
	at com.kms.katalon.core.main.ScriptEngine.runScriptAsRawText(ScriptEngine.java:119)
	at com.kms.katalon.core.main.TestCaseExecutor.runScript(TestCaseExecutor.java:336)
	at com.kms.katalon.core.main.TestCaseExecutor.doExecute(TestCaseExecutor.java:327)
	at com.kms.katalon.core.main.TestCaseExecutor.processExecutionPhase(TestCaseExecutor.java:306)
	at com.kms.katalon.core.main.TestCaseExecutor.accessMainPhase(TestCaseExecutor.java:298)
	at com.kms.katalon.core.main.TestCaseExecutor.execute(TestCaseExecutor.java:232)
	at com.kms.katalon.core.main.TestSuiteExecutor.accessTestCaseMainPhase(TestSuiteExecutor.java:129)
	at com.kms.katalon.core.main.TestSuiteExecutor.accessTestSuiteMainPhase(TestSuiteExecutor.java:112)
	at com.kms.katalon.core.main.TestSuiteExecutor.execute(TestSuiteExecutor.java:81)
	at com.kms.katalon.core.main.TestCaseMain.startTestSuite(TestCaseMain.java:157)
	at com.kms.katalon.core.main.TestCaseMain$startTestSuite$0.call(Unknown Source)
	at TempTestSuite1561558681715.run(TempTestSuite1561558681715.groovy:35)
"/>
         <system-out><![CDATA[2019-06-26 19:50:20 - [TEST_CASE][FAILED] - Test Cases/SiteManagement/TC_SM_VerifyUploadFile: Test Cases/SiteManagement/TC_SM_VerifyUploadFile FAILED.
Reason:
com.kms.katalon.core.exception.StepFailedException: These following reason:
 [Not a file or directory: H:\Git Projects\Usgbc_LeedOnline_ScoreCard\Usgbc_LeedOnline_ScoreCard\Include\features\ScoreCard\SiteManagement_Form\SM_VerifyUploadedFile.feature]
	at com.kms.katalon.core.keyword.internal.KeywordMain.stepFailed(KeywordMain.groovy:48)
	at com.kms.katalon.core.keyword.internal.KeywordMain.stepFailed(KeywordMain.groovy)
	at com.kms.katalon.core.keyword.internal.KeywordMain.stepFailed(KeywordMain.groovy:21)
	at com.kms.katalon.core.keyword.internal.KeywordMain$stepFailed$0.call(Unknown Source)
	at com.kms.katalon.core.cucumber.keyword.CucumberBuiltinKeywords$_runWithCucumberRunner_closure3.doCall(CucumberBuiltinKeywords.groovy:272)
	at com.kms.katalon.core.cucumber.keyword.CucumberBuiltinKeywords$_runWithCucumberRunner_closure3.doCall(CucumberBuiltinKeywords.groovy)
	at com.kms.katalon.core.keyword.internal.KeywordMain.runKeyword(KeywordMain.groovy:66)
	at com.kms.katalon.core.keyword.internal.KeywordMain$runKeyword.call(Unknown Source)
	at com.kms.katalon.core.cucumber.keyword.CucumberBuiltinKeywords.runWithCucumberRunner(CucumberBuiltinKeywords.groovy:257)
	at com.kms.katalon.core.cucumber.keyword.CucumberBuiltinKeywords$runWithCucumberRunner$0.callStatic(Unknown Source)
	at com.kms.katalon.core.cucumber.keyword.CucumberBuiltinKeywords.runWithCucumberRunner(CucumberBuiltinKeywords.groovy:357)
	at com.kms.katalon.core.cucumber.keyword.CucumberBuiltinKeywords$runWithCucumberRunner.call(Unknown Source)
	at TC_SM_VerifyUploadFile.run(TC_SM_VerifyUploadFile:17)
	at com.kms.katalon.core.main.ScriptEngine.run(ScriptEngine.java:194)
	at com.kms.katalon.core.main.ScriptEngine.runScriptAsRawText(ScriptEngine.java:119)
	at com.kms.katalon.core.main.TestCaseExecutor.runScript(TestCaseExecutor.java:336)
	at com.kms.katalon.core.main.TestCaseExecutor.doExecute(TestCaseExecutor.java:327)
	at com.kms.katalon.core.main.TestCaseExecutor.processExecutionPhase(TestCaseExecutor.java:306)
	at com.kms.katalon.core.main.TestCaseExecutor.accessMainPhase(TestCaseExecutor.java:298)
	at com.kms.katalon.core.main.TestCaseExecutor.execute(TestCaseExecutor.java:232)
	at com.kms.katalon.core.main.TestSuiteExecutor.accessTestCaseMainPhase(TestSuiteExecutor.java:129)
	at com.kms.katalon.core.main.TestSuiteExecutor.accessTestSuiteMainPhase(TestSuiteExecutor.java:112)
	at com.kms.katalon.core.main.TestSuiteExecutor.execute(TestSuiteExecutor.java:81)
	at com.kms.katalon.core.main.TestCaseMain.startTestSuite(TestCaseMain.java:157)
	at com.kms.katalon.core.main.TestCaseMain$startTestSuite$0.call(Unknown Source)
	at TempTestSuite1561558681715.run(TempTestSuite1561558681715.groovy:35)


2019-06-26 19:50:20 - [TEST_STEP][PASSED] - Start listener action : sampleBeforeTestCase: null

2019-06-26 19:50:20 - [TEST_STEP][PASSED] - openBrowser(""): Browser is opened with url: ''

2019-06-26 19:50:20 - [MESSAGE][INFO] - Starting 'Chrome' driver

2019-06-26 19:50:20 - [MESSAGE][INFO] - User set preference: ['args', '[--window-size=1920,1080]']

2019-06-26 19:50:23 - [MESSAGE][PASSED] - Browser is opened with url: ''

2019-06-26 19:50:23 - [TEST_STEP][PASSED] - driver = getWebDriver(): null

2019-06-26 19:50:23 - [TEST_STEP][PASSED] - println("The driver is ########### " + driver): null

2019-06-26 19:50:23 - [TEST_STEP][PASSED] - downloadPath = "H:\Git Projects\Usgbc_LeedOnline_ScoreCard\Usgbc_LeedOnline_ScoreCard\Include\TestData\DownloadedFiles": null

2019-06-26 19:50:23 - [TEST_STEP][PASSED] - projectKeywords().sendCommandForDownloadChromeHeadLess(driver.getCommandExecutor(), driver.getSessionId(), downloadPath): null

2019-06-26 19:50:23 - [TEST_STEP][FAILED] - runWithCucumberRunner(siteManagementForm.Runner_SM_VerifyUpload): Keyword runWithCucumberRunner was failed (Root cause: com.kms.katalon.core.exception.StepFailedException: These following reason:
 [Not a file or directory: H:\Git Projects\Usgbc_LeedOnline_ScoreCard\Usgbc_LeedOnline_ScoreCard\Include\features\ScoreCard\SiteManagement_Form\SM_VerifyUploadedFile.feature]
	at com.kms.katalon.core.keyword.internal.KeywordMain.stepFailed(KeywordMain.groovy:48)
	at com.kms.katalon.core.keyword.internal.KeywordMain.stepFailed(KeywordMain.groovy)
	at com.kms.katalon.core.keyword.internal.KeywordMain.stepFailed(KeywordMain.groovy:21)
	at com.kms.katalon.core.keyword.internal.KeywordMain$stepFailed$0.call(Unknown Source)
	at com.kms.katalon.core.cucumber.keyword.CucumberBuiltinKeywords$_runWithCucumberRunner_closure3.doCall(CucumberBuiltinKeywords.groovy:272)
	at com.kms.katalon.core.cucumber.keyword.CucumberBuiltinKeywords$_runWithCucumberRunner_closure3.doCall(CucumberBuiltinKeywords.groovy)
	at com.kms.katalon.core.keyword.internal.KeywordMain.runKeyword(KeywordMain.groovy:66)
	at com.kms.katalon.core.keyword.internal.KeywordMain$runKeyword.call(Unknown Source)
	at com.kms.katalon.core.cucumber.keyword.CucumberBuiltinKeywords.runWithCucumberRunner(CucumberBuiltinKeywords.groovy:257)
	at com.kms.katalon.core.cucumber.keyword.CucumberBuiltinKeywords$runWithCucumberRunner$0.callStatic(Unknown Source)
	at com.kms.katalon.core.cucumber.keyword.CucumberBuiltinKeywords.runWithCucumberRunner(CucumberBuiltinKeywords.groovy:357)
	at com.kms.katalon.core.cucumber.keyword.CucumberBuiltinKeywords$runWithCucumberRunner.call(Unknown Source)
	at TC_SM_VerifyUploadFile.run(TC_SM_VerifyUploadFile:17)
	at com.kms.katalon.core.main.ScriptEngine.run(ScriptEngine.java:194)
	at com.kms.katalon.core.main.ScriptEngine.runScriptAsRawText(ScriptEngine.java:119)
	at com.kms.katalon.core.main.TestCaseExecutor.runScript(TestCaseExecutor.java:336)
	at com.kms.katalon.core.main.TestCaseExecutor.doExecute(TestCaseExecutor.java:327)
	at com.kms.katalon.core.main.TestCaseExecutor.processExecutionPhase(TestCaseExecutor.java:306)
	at com.kms.katalon.core.main.TestCaseExecutor.accessMainPhase(TestCaseExecutor.java:298)
	at com.kms.katalon.core.main.TestCaseExecutor.execute(TestCaseExecutor.java:232)
	at com.kms.katalon.core.main.TestSuiteExecutor.accessTestCaseMainPhase(TestSuiteExecutor.java:129)
	at com.kms.katalon.core.main.TestSuiteExecutor.accessTestSuiteMainPhase(TestSuiteExecutor.java:112)
	at com.kms.katalon.core.main.TestSuiteExecutor.execute(TestSuiteExecutor.java:81)
	at com.kms.katalon.core.main.TestCaseMain.startTestSuite(TestCaseMain.java:157)
	at com.kms.katalon.core.main.TestCaseMain$startTestSuite$0.call(Unknown Source)
	at TempTestSuite1561558681715.run(TempTestSuite1561558681715.groovy:35)
)

2019-06-26 19:50:24 - [MESSAGE][FAILED] - These following reason:
 [Not a file or directory: H:\Git Projects\Usgbc_LeedOnline_ScoreCard\Usgbc_LeedOnline_ScoreCard\Include\features\ScoreCard\SiteManagement_Form\SM_VerifyUploadedFile.feature]

2019-06-26 19:50:24 - [MESSAGE][FAILED] - Keyword runWithCucumberRunner was failed (Root cause: com.kms.katalon.core.exception.StepFailedException: These following reason:
 [Not a file or directory: H:\Git Projects\Usgbc_LeedOnline_ScoreCard\Usgbc_LeedOnline_ScoreCard\Include\features\ScoreCard\SiteManagement_Form\SM_VerifyUploadedFile.feature]
	at com.kms.katalon.core.keyword.internal.KeywordMain.stepFailed(KeywordMain.groovy:48)
	at com.kms.katalon.core.keyword.internal.KeywordMain.stepFailed(KeywordMain.groovy)
	at com.kms.katalon.core.keyword.internal.KeywordMain.stepFailed(KeywordMain.groovy:21)
	at com.kms.katalon.core.keyword.internal.KeywordMain$stepFailed$0.call(Unknown Source)
	at com.kms.katalon.core.cucumber.keyword.CucumberBuiltinKeywords$_runWithCucumberRunner_closure3.doCall(CucumberBuiltinKeywords.groovy:272)
	at com.kms.katalon.core.cucumber.keyword.CucumberBuiltinKeywords$_runWithCucumberRunner_closure3.doCall(CucumberBuiltinKeywords.groovy)
	at com.kms.katalon.core.keyword.internal.KeywordMain.runKeyword(KeywordMain.groovy:66)
	at com.kms.katalon.core.keyword.internal.KeywordMain$runKeyword.call(Unknown Source)
	at com.kms.katalon.core.cucumber.keyword.CucumberBuiltinKeywords.runWithCucumberRunner(CucumberBuiltinKeywords.groovy:257)
	at com.kms.katalon.core.cucumber.keyword.CucumberBuiltinKeywords$runWithCucumberRunner$0.callStatic(Unknown Source)
	at com.kms.katalon.core.cucumber.keyword.CucumberBuiltinKeywords.runWithCucumberRunner(CucumberBuiltinKeywords.groovy:357)
	at com.kms.katalon.core.cucumber.keyword.CucumberBuiltinKeywords$runWithCucumberRunner.call(Unknown Source)
	at TC_SM_VerifyUploadFile.run(TC_SM_VerifyUploadFile:17)
	at com.kms.katalon.core.main.ScriptEngine.run(ScriptEngine.java:194)
	at com.kms.katalon.core.main.ScriptEngine.runScriptAsRawText(ScriptEngine.java:119)
	at com.kms.katalon.core.main.TestCaseExecutor.runScript(TestCaseExecutor.java:336)
	at com.kms.katalon.core.main.TestCaseExecutor.doExecute(TestCaseExecutor.java:327)
	at com.kms.katalon.core.main.TestCaseExecutor.processExecutionPhase(TestCaseExecutor.java:306)
	at com.kms.katalon.core.main.TestCaseExecutor.accessMainPhase(TestCaseExecutor.java:298)
	at com.kms.katalon.core.main.TestCaseExecutor.execute(TestCaseExecutor.java:232)
	at com.kms.katalon.core.main.TestSuiteExecutor.accessTestCaseMainPhase(TestSuiteExecutor.java:129)
	at com.kms.katalon.core.main.TestSuiteExecutor.accessTestSuiteMainPhase(TestSuiteExecutor.java:112)
	at com.kms.katalon.core.main.TestSuiteExecutor.execute(TestSuiteExecutor.java:81)
	at com.kms.katalon.core.main.TestCaseMain.startTestSuite(TestCaseMain.java:157)
	at com.kms.katalon.core.main.TestCaseMain$startTestSuite$0.call(Unknown Source)
	at TempTestSuite1561558681715.run(TempTestSuite1561558681715.groovy:35)
)

2019-06-26 19:50:24 - [TEST_STEP][PASSED] - Start listener action : sampleAfterTestCase: Browser is closed

2019-06-26 19:50:24 - [TEST_STEP][PASSED] - closeBrowser(): Browser is closed

2019-06-26 19:50:25 - [MESSAGE][PASSED] - Browser is closed]]></system-out>
         <system-err><![CDATA[2019-06-26 19:50:20 - [TEST_CASE][FAILED] - Test Cases/SiteManagement/TC_SM_VerifyUploadFile: Test Cases/SiteManagement/TC_SM_VerifyUploadFile FAILED.
Reason:
com.kms.katalon.core.exception.StepFailedException: These following reason:
 [Not a file or directory: H:\Git Projects\Usgbc_LeedOnline_ScoreCard\Usgbc_LeedOnline_ScoreCard\Include\features\ScoreCard\SiteManagement_Form\SM_VerifyUploadedFile.feature]
	at com.kms.katalon.core.keyword.internal.KeywordMain.stepFailed(KeywordMain.groovy:48)
	at com.kms.katalon.core.keyword.internal.KeywordMain.stepFailed(KeywordMain.groovy)
	at com.kms.katalon.core.keyword.internal.KeywordMain.stepFailed(KeywordMain.groovy:21)
	at com.kms.katalon.core.keyword.internal.KeywordMain$stepFailed$0.call(Unknown Source)
	at com.kms.katalon.core.cucumber.keyword.CucumberBuiltinKeywords$_runWithCucumberRunner_closure3.doCall(CucumberBuiltinKeywords.groovy:272)
	at com.kms.katalon.core.cucumber.keyword.CucumberBuiltinKeywords$_runWithCucumberRunner_closure3.doCall(CucumberBuiltinKeywords.groovy)
	at com.kms.katalon.core.keyword.internal.KeywordMain.runKeyword(KeywordMain.groovy:66)
	at com.kms.katalon.core.keyword.internal.KeywordMain$runKeyword.call(Unknown Source)
	at com.kms.katalon.core.cucumber.keyword.CucumberBuiltinKeywords.runWithCucumberRunner(CucumberBuiltinKeywords.groovy:257)
	at com.kms.katalon.core.cucumber.keyword.CucumberBuiltinKeywords$runWithCucumberRunner$0.callStatic(Unknown Source)
	at com.kms.katalon.core.cucumber.keyword.CucumberBuiltinKeywords.runWithCucumberRunner(CucumberBuiltinKeywords.groovy:357)
	at com.kms.katalon.core.cucumber.keyword.CucumberBuiltinKeywords$runWithCucumberRunner.call(Unknown Source)
	at TC_SM_VerifyUploadFile.run(TC_SM_VerifyUploadFile:17)
	at com.kms.katalon.core.main.ScriptEngine.run(ScriptEngine.java:194)
	at com.kms.katalon.core.main.ScriptEngine.runScriptAsRawText(ScriptEngine.java:119)
	at com.kms.katalon.core.main.TestCaseExecutor.runScript(TestCaseExecutor.java:336)
	at com.kms.katalon.core.main.TestCaseExecutor.doExecute(TestCaseExecutor.java:327)
	at com.kms.katalon.core.main.TestCaseExecutor.processExecutionPhase(TestCaseExecutor.java:306)
	at com.kms.katalon.core.main.TestCaseExecutor.accessMainPhase(TestCaseExecutor.java:298)
	at com.kms.katalon.core.main.TestCaseExecutor.execute(TestCaseExecutor.java:232)
	at com.kms.katalon.core.main.TestSuiteExecutor.accessTestCaseMainPhase(TestSuiteExecutor.java:129)
	at com.kms.katalon.core.main.TestSuiteExecutor.accessTestSuiteMainPhase(TestSuiteExecutor.java:112)
	at com.kms.katalon.core.main.TestSuiteExecutor.execute(TestSuiteExecutor.java:81)
	at com.kms.katalon.core.main.TestCaseMain.startTestSuite(TestCaseMain.java:157)
	at com.kms.katalon.core.main.TestCaseMain$startTestSuite$0.call(Unknown Source)
	at TempTestSuite1561558681715.run(TempTestSuite1561558681715.groovy:35)]]></system-err>
      </testcase>
      <testcase name="Test Cases/SiteManagement/TC_SM_DownloadFiles" classname="Test Cases/SiteManagement/TC_SM_DownloadFiles" status="PASSED">
         <system-out><![CDATA[2019-06-26 19:50:25 - [TEST_CASE][PASSED] - Test Cases/SiteManagement/TC_SM_DownloadFiles: Test Cases/SiteManagement/TC_SM_DownloadFiles

2019-06-26 19:50:25 - [TEST_STEP][PASSED] - Start listener action : sampleBeforeTestCase: null

2019-06-26 19:50:25 - [TEST_STEP][PASSED] - openBrowser(""): Browser is opened with url: ''

2019-06-26 19:50:25 - [MESSAGE][INFO] - Starting 'Chrome' driver

2019-06-26 19:50:25 - [MESSAGE][INFO] - User set preference: ['args', '[--window-size=1920,1080]']

2019-06-26 19:50:28 - [MESSAGE][PASSED] - Browser is opened with url: ''

2019-06-26 19:50:28 - [TEST_STEP][PASSED] - driver = getWebDriver(): null

2019-06-26 19:50:28 - [TEST_STEP][PASSED] - println("The driver is ########### " + driver): null

2019-06-26 19:50:28 - [TEST_STEP][PASSED] - downloadPath = "H:\Git Projects\Usgbc_LeedOnline_ScoreCard\Usgbc_LeedOnline_ScoreCard\Include\TestData\DownloadedFiles": null

2019-06-26 19:50:28 - [TEST_STEP][PASSED] - projectKeywords().sendCommandForDownloadChromeHeadLess(driver.getCommandExecutor(), driver.getSessionId(), downloadPath): null

2019-06-26 19:50:28 - [TEST_STEP][PASSED] - runWithCucumberRunner(siteManagementForm.Runner_SM_Download): Run with 'siteManagementForm.Runner_SM_Download' was passed

2019-06-26 19:50:30 - [TEST_CASE][PASSED] - Test Cases/SiteManagement/TC_SM_Navigate: Test Cases/SiteManagement/TC_SM_Navigate

2019-06-26 19:50:30 - [TEST_STEP][PASSED] - runWithCucumberRunner(siteManagementForm.Runner_SM_Navigation): Run with 'siteManagementForm.Runner_SM_Navigation' was passed

2019-06-26 19:50:31 - [TEST_CASE][PASSED] - Test Cases/Login/TC_Login: Test Cases/Login/TC_Login

2019-06-26 19:50:31 - [TEST_STEP][PASSED] - runWithCucumberRunner(common.Runner_Login): Run with 'common.Runner_Login' was passed

2019-06-26 19:50:31 - [MESSAGE][WARNING] - A browser is already opened. Closing browser and opening a new one

2019-06-26 19:50:32 - [MESSAGE][INFO] - Starting 'Chrome' driver

2019-06-26 19:50:32 - [MESSAGE][INFO] - User set preference: ['args', '[--window-size=1920,1080]']

2019-06-26 19:50:35 - [MESSAGE][PASSED] - Browser is opened with url: ''

2019-06-26 19:50:38 - [MESSAGE][PASSED] - Navigate to 'https://leedonline-stg.usgbc.org' successfully

2019-06-26 19:50:40 - [MESSAGE][PASSED] - Delayed 2 second(s)

2019-06-26 19:50:40 - [MESSAGE][PASSED] - Text 'automationbdd1@gmail.com' is set on object 'Object Repository/Login/input_username'

2019-06-26 19:50:40 - [MESSAGE][PASSED] - Text 'initpass' is set on object 'Object Repository/Login/input_password'

2019-06-26 19:50:43 - [MESSAGE][PASSED] - Delayed 3 second(s)

2019-06-26 19:50:43 - [MESSAGE][PASSED] - Scroll to object 'Object Repository/Login/span_End User License Agreement' successfully

2019-06-26 19:50:43 - [MESSAGE][PASSED] - Object 'Object Repository/Login/span_End User License Agreement' is visible

2019-06-26 19:50:43 - [MESSAGE][PASSED] - Object 'Object Repository/Login/span_End User License Agreement' is checked

2019-06-26 19:50:44 - [MESSAGE][PASSED] - Delayed 1 second(s)

2019-06-26 19:50:45 - [MESSAGE][PASSED] - Object: 'Object Repository/Login/button_Log In' is clicked on

2019-06-26 19:50:53 - [MESSAGE][PASSED] - Object: '' is clicked on

2019-06-26 19:50:55 - [MESSAGE][PASSED] - Object: 'Object Repository/Login/a_Credits' is clicked on

2019-06-26 19:50:55 - [MESSAGE][PASSED] - Run with 'common.Runner_Login' was passed

2019-06-26 19:50:55 - [MESSAGE][PASSED] - Call Test Case 'Test Cases/Login/TC_Login' successfully

2019-06-26 19:50:55 - [MESSAGE][PASSED] - Scroll to object 'Object Repository/Site_Management/Navigation/div_Site Management' successfully

2019-06-26 19:50:55 - [MESSAGE][PASSED] - Object 'Object Repository/Site_Management/Navigation/div_Site Management' is present

2019-06-26 19:50:55 - [MESSAGE][PASSED] - Text of object 'Object Repository/Site_Management/Navigation/h3_Status' is: 'ATTEMPTED'

2019-06-26 19:50:55 - [MESSAGE][PASSED] - Text of object 'Object Repository/Site_Management/Navigation/divval' is: 'ATTEMPTED'

2019-06-26 19:50:55 - [MESSAGE][PASSED] - Text of object 'Object Repository/Site_Management/Navigation/h3_Status' is: 'ATTEMPTED'

2019-06-26 19:50:55 - [MESSAGE][PASSED] - Object: 'Object Repository/Site_Management/Navigation/div_Site Management' is clicked on

2019-06-26 19:50:59 - [MESSAGE][PASSED] - Object: 'Object Repository/Site_Management/Navigation/span_(V01)' is clicked on

2019-06-26 19:50:59 - [MESSAGE][PASSED] - Object 'Object Repository/Site_Management/Navigation/sitemanagement_Credit' is present

2019-06-26 19:50:59 - [MESSAGE][PASSED] - Run with 'siteManagementForm.Runner_SM_Navigation' was passed

2019-06-26 19:50:59 - [MESSAGE][PASSED] - Call Test Case 'Test Cases/SiteManagement/TC_SM_Navigate' successfully

2019-06-26 19:51:00 - [MESSAGE][PASSED] - Scroll to object 'Object Repository/Site_Management/AddFile_SiteAssessment/Table_AddFile_SA' successfully

2019-06-26 19:51:00 - [MESSAGE][PASSED] - Object 'Object Repository/Site_Management/AddFile_SiteAssessment/Table_AddFile_SA' is present

2019-06-26 19:51:00 - [MESSAGE][PASSED] - Scroll to object 'Object Repository/Site_Management/AddFile_SiteAssessment/p_Upload_SA' successfully

2019-06-26 19:51:02 - [MESSAGE][PASSED] - Delayed 2 second(s)

2019-06-26 19:51:02 - [MESSAGE][PASSED] - Object: 'Object Repository/Site_Management/AddFile_SiteAssessment/p_Upload_SA' is hovered

2019-06-26 19:51:03 - [MESSAGE][PASSED] - Object: '' is clicked on

2019-06-26 19:51:03 - [MESSAGE][PASSED] - Text of object '' is: 'ZZ.pdf'

2019-06-26 19:51:13 - [MESSAGE][PASSED] - Delayed 10 second(s)

2019-06-26 19:51:13 - [MESSAGE][PASSED] - Object: 'Object Repository/Site_Management/AddFile_SiteAssessment/p_Upload_SA' is hovered

2019-06-26 19:51:15 - [MESSAGE][PASSED] - Delayed 2 second(s)

2019-06-26 19:51:17 - [MESSAGE][PASSED] - Delayed 2 second(s)

2019-06-26 19:51:17 - [MESSAGE][PASSED] - Object: 'Object Repository/Site_Management/AddFile_SiteAssessment/p_Upload_SA' is hovered

2019-06-26 19:51:17 - [MESSAGE][PASSED] - Object: '' is clicked on

2019-06-26 19:51:17 - [MESSAGE][PASSED] - Text of object '' is: 'SamplePPTFile_1000kb.ppt'

2019-06-26 19:51:27 - [MESSAGE][PASSED] - Delayed 10 second(s)

2019-06-26 19:51:27 - [MESSAGE][PASSED] - Object: 'Object Repository/Site_Management/AddFile_SiteAssessment/p_Upload_SA' is hovered

2019-06-26 19:51:29 - [MESSAGE][PASSED] - Delayed 2 second(s)

2019-06-26 19:51:31 - [MESSAGE][PASSED] - Delayed 2 second(s)

2019-06-26 19:51:32 - [MESSAGE][PASSED] - Object: 'Object Repository/Site_Management/AddFile_SiteAssessment/p_Upload_SA' is hovered

2019-06-26 19:51:32 - [MESSAGE][PASSED] - Object: '' is clicked on

2019-06-26 19:51:32 - [MESSAGE][PASSED] - Text of object '' is: 'SampleGIFImage_350kbmb.gif'

2019-06-26 19:51:42 - [MESSAGE][PASSED] - Delayed 10 second(s)

2019-06-26 19:51:42 - [MESSAGE][PASSED] - Object: 'Object Repository/Site_Management/AddFile_SiteAssessment/p_Upload_SA' is hovered

2019-06-26 19:51:44 - [MESSAGE][PASSED] - Delayed 2 second(s)

2019-06-26 19:51:47 - [MESSAGE][PASSED] - Delayed 3 second(s)

2019-06-26 19:51:49 - [MESSAGE][PASSED] - Delayed 2 second(s)

2019-06-26 19:51:50 - [MESSAGE][PASSED] - Delayed 1 second(s)

2019-06-26 19:51:50 - [MESSAGE][PASSED] - SampleGIFImage_350kbmb.gif exist in H:/Git Projects/Usgbc_LeedOnline_ScoreCard/Usgbc_LeedOnline_ScoreCard/Include/TestData/DownloadedFiles and was deleted

2019-06-26 19:51:50 - [MESSAGE][PASSED] - 

2019-06-26 19:51:50 - [MESSAGE][PASSED] - Actual text 'SampleGIFImage_350kbmb.gif' and expected text 'SampleGIFImage_350kbmb.gif' are matched 

2019-06-26 19:51:52 - [MESSAGE][PASSED] - Delayed 2 second(s)

2019-06-26 19:51:53 - [MESSAGE][PASSED] - Delayed 1 second(s)

2019-06-26 19:51:53 - [MESSAGE][PASSED] - SamplePPTFile_1000kb.ppt exist in H:/Git Projects/Usgbc_LeedOnline_ScoreCard/Usgbc_LeedOnline_ScoreCard/Include/TestData/DownloadedFiles and was deleted

2019-06-26 19:51:53 - [MESSAGE][PASSED] - 

2019-06-26 19:51:53 - [MESSAGE][PASSED] - Actual text 'SamplePPTFile_1000kb.ppt' and expected text 'SamplePPTFile_1000kb.ppt' are matched 

2019-06-26 19:51:55 - [MESSAGE][PASSED] - Delayed 2 second(s)

2019-06-26 19:51:56 - [MESSAGE][PASSED] - Delayed 1 second(s)

2019-06-26 19:51:56 - [MESSAGE][PASSED] - ZZ.pdf exist in H:/Git Projects/Usgbc_LeedOnline_ScoreCard/Usgbc_LeedOnline_ScoreCard/Include/TestData/DownloadedFiles and was deleted

2019-06-26 19:51:56 - [MESSAGE][PASSED] - 

2019-06-26 19:51:56 - [MESSAGE][PASSED] - Actual text 'ZZ.pdf' and expected text 'ZZ.pdf' are matched 

2019-06-26 19:51:56 - [MESSAGE][PASSED] - Scroll to object 'Object Repository/Site_Management/AddFile_DocumentationDemonstrating/Table_AddFile_DD' successfully

2019-06-26 19:51:57 - [MESSAGE][PASSED] - Object 'Object Repository/Site_Management/AddFile_DocumentationDemonstrating/Table_AddFile_DD' is present

2019-06-26 19:51:57 - [MESSAGE][PASSED] - Scroll to object 'Object Repository/Site_Management/AddFile_DocumentationDemonstrating/p_Upload_DD' successfully

2019-06-26 19:51:59 - [MESSAGE][PASSED] - Delayed 2 second(s)

2019-06-26 19:51:59 - [MESSAGE][PASSED] - Object: 'Object Repository/Site_Management/AddFile_DocumentationDemonstrating/p_Upload_DD' is hovered

2019-06-26 19:51:59 - [MESSAGE][PASSED] - Object: '' is clicked on

2019-06-26 19:51:59 - [MESSAGE][PASSED] - Text of object '' is: 'ZZ.pdf'

2019-06-26 19:52:09 - [MESSAGE][PASSED] - Delayed 10 second(s)

2019-06-26 19:52:09 - [MESSAGE][PASSED] - Object: 'Object Repository/Site_Management/AddFile_DocumentationDemonstrating/p_Upload_DD' is hovered

2019-06-26 19:52:11 - [MESSAGE][PASSED] - Delayed 2 second(s)

2019-06-26 19:52:13 - [MESSAGE][PASSED] - Delayed 2 second(s)

2019-06-26 19:52:13 - [MESSAGE][PASSED] - Object: 'Object Repository/Site_Management/AddFile_DocumentationDemonstrating/p_Upload_DD' is hovered

2019-06-26 19:52:14 - [MESSAGE][PASSED] - Object: '' is clicked on

2019-06-26 19:52:14 - [MESSAGE][PASSED] - Text of object '' is: 'SamplePPTFile_1000kb.ppt'

2019-06-26 19:52:24 - [MESSAGE][PASSED] - Delayed 10 second(s)

2019-06-26 19:52:24 - [MESSAGE][PASSED] - Object: 'Object Repository/Site_Management/AddFile_DocumentationDemonstrating/p_Upload_DD' is hovered

2019-06-26 19:52:26 - [MESSAGE][PASSED] - Delayed 2 second(s)

2019-06-26 19:52:28 - [MESSAGE][PASSED] - Delayed 2 second(s)

2019-06-26 19:52:28 - [MESSAGE][PASSED] - Object: 'Object Repository/Site_Management/AddFile_DocumentationDemonstrating/p_Upload_DD' is hovered

2019-06-26 19:52:28 - [MESSAGE][PASSED] - Object: '' is clicked on

2019-06-26 19:52:28 - [MESSAGE][PASSED] - Text of object '' is: 'SampleGIFImage_350kbmb.gif'

2019-06-26 19:52:38 - [MESSAGE][PASSED] - Delayed 10 second(s)

2019-06-26 19:52:38 - [MESSAGE][PASSED] - Object: 'Object Repository/Site_Management/AddFile_DocumentationDemonstrating/p_Upload_DD' is hovered

2019-06-26 19:52:40 - [MESSAGE][PASSED] - Delayed 2 second(s)

2019-06-26 19:52:43 - [MESSAGE][PASSED] - Delayed 3 second(s)

2019-06-26 19:52:45 - [MESSAGE][PASSED] - Delayed 2 second(s)

2019-06-26 19:52:46 - [MESSAGE][PASSED] - Delayed 1 second(s)

2019-06-26 19:52:46 - [MESSAGE][PASSED] - SampleGIFImage_350kbmb.gif exist in H:/Git Projects/Usgbc_LeedOnline_ScoreCard/Usgbc_LeedOnline_ScoreCard/Include/TestData/DownloadedFiles and was deleted

2019-06-26 19:52:46 - [MESSAGE][PASSED] - 

2019-06-26 19:52:46 - [MESSAGE][PASSED] - Actual text 'SampleGIFImage_350kbmb.gif' and expected text 'SampleGIFImage_350kbmb.gif' are matched 

2019-06-26 19:52:48 - [MESSAGE][PASSED] - Delayed 2 second(s)

2019-06-26 19:52:50 - [MESSAGE][PASSED] - Delayed 1 second(s)

2019-06-26 19:52:50 - [MESSAGE][PASSED] - SamplePPTFile_1000kb.ppt exist in H:/Git Projects/Usgbc_LeedOnline_ScoreCard/Usgbc_LeedOnline_ScoreCard/Include/TestData/DownloadedFiles and was deleted

2019-06-26 19:52:50 - [MESSAGE][PASSED] - 

2019-06-26 19:52:50 - [MESSAGE][PASSED] - Actual text 'SamplePPTFile_1000kb.ppt' and expected text 'SamplePPTFile_1000kb.ppt' are matched 

2019-06-26 19:52:52 - [MESSAGE][PASSED] - Delayed 2 second(s)

2019-06-26 19:52:53 - [MESSAGE][PASSED] - Delayed 1 second(s)

2019-06-26 19:52:53 - [MESSAGE][PASSED] - ZZ.pdf exist in H:/Git Projects/Usgbc_LeedOnline_ScoreCard/Usgbc_LeedOnline_ScoreCard/Include/TestData/DownloadedFiles and was deleted

2019-06-26 19:52:53 - [MESSAGE][PASSED] - 

2019-06-26 19:52:53 - [MESSAGE][PASSED] - Actual text 'ZZ.pdf' and expected text 'ZZ.pdf' are matched 

2019-06-26 19:52:53 - [MESSAGE][PASSED] - Scroll to object 'Object Repository/Site_Management/SpecialCircumstances/AddFile_SC/Table_AddFile_SC' successfully

2019-06-26 19:52:53 - [MESSAGE][PASSED] - Object 'Object Repository/Site_Management/SpecialCircumstances/AddFile_SC/Table_AddFile_SC' is present

2019-06-26 19:52:53 - [MESSAGE][PASSED] - Scroll to object 'Object Repository/Site_Management/SpecialCircumstances/AddFile_SC/p_Upload_SC' successfully

2019-06-26 19:52:55 - [MESSAGE][PASSED] - Delayed 2 second(s)

2019-06-26 19:52:55 - [MESSAGE][PASSED] - Object: 'Object Repository/Site_Management/SpecialCircumstances/AddFile_SC/p_Upload_SC' is hovered

2019-06-26 19:52:55 - [MESSAGE][PASSED] - Object: '' is clicked on

2019-06-26 19:52:55 - [MESSAGE][PASSED] - Text of object '' is: 'ZZ.pdf'

2019-06-26 19:53:05 - [MESSAGE][PASSED] - Delayed 10 second(s)

2019-06-26 19:53:06 - [MESSAGE][PASSED] - Object: 'Object Repository/Site_Management/SpecialCircumstances/AddFile_SC/p_Upload_SC' is hovered

2019-06-26 19:53:08 - [MESSAGE][PASSED] - Delayed 2 second(s)

2019-06-26 19:53:10 - [MESSAGE][PASSED] - Delayed 2 second(s)

2019-06-26 19:53:10 - [MESSAGE][PASSED] - Object: 'Object Repository/Site_Management/SpecialCircumstances/AddFile_SC/p_Upload_SC' is hovered

2019-06-26 19:53:10 - [MESSAGE][PASSED] - Object: '' is clicked on

2019-06-26 19:53:10 - [MESSAGE][PASSED] - Text of object '' is: 'SamplePPTFile_1000kb.ppt'

2019-06-26 19:53:20 - [MESSAGE][PASSED] - Delayed 10 second(s)

2019-06-26 19:53:20 - [MESSAGE][PASSED] - Object: 'Object Repository/Site_Management/SpecialCircumstances/AddFile_SC/p_Upload_SC' is hovered

2019-06-26 19:53:22 - [MESSAGE][PASSED] - Delayed 2 second(s)

2019-06-26 19:53:24 - [MESSAGE][PASSED] - Delayed 2 second(s)

2019-06-26 19:53:24 - [MESSAGE][PASSED] - Object: 'Object Repository/Site_Management/SpecialCircumstances/AddFile_SC/p_Upload_SC' is hovered

2019-06-26 19:53:24 - [MESSAGE][PASSED] - Object: '' is clicked on

2019-06-26 19:53:24 - [MESSAGE][PASSED] - Text of object '' is: 'SampleGIFImage_350kbmb.gif'

2019-06-26 19:53:34 - [MESSAGE][PASSED] - Delayed 10 second(s)

2019-06-26 19:53:35 - [MESSAGE][PASSED] - Object: 'Object Repository/Site_Management/SpecialCircumstances/AddFile_SC/p_Upload_SC' is hovered

2019-06-26 19:53:37 - [MESSAGE][PASSED] - Delayed 2 second(s)

2019-06-26 19:53:40 - [MESSAGE][PASSED] - Delayed 3 second(s)

2019-06-26 19:53:42 - [MESSAGE][PASSED] - Delayed 2 second(s)

2019-06-26 19:53:43 - [MESSAGE][PASSED] - Delayed 1 second(s)

2019-06-26 19:53:43 - [MESSAGE][PASSED] - SampleGIFImage_350kbmb.gif exist in H:/Git Projects/Usgbc_LeedOnline_ScoreCard/Usgbc_LeedOnline_ScoreCard/Include/TestData/DownloadedFiles and was deleted

2019-06-26 19:53:43 - [MESSAGE][PASSED] - 

2019-06-26 19:53:43 - [MESSAGE][PASSED] - Actual text 'SampleGIFImage_350kbmb.gif' and expected text 'SampleGIFImage_350kbmb.gif' are matched 

2019-06-26 19:53:45 - [MESSAGE][PASSED] - Delayed 2 second(s)

2019-06-26 19:53:46 - [MESSAGE][PASSED] - Delayed 1 second(s)

2019-06-26 19:53:46 - [MESSAGE][PASSED] - SamplePPTFile_1000kb.ppt exist in H:/Git Projects/Usgbc_LeedOnline_ScoreCard/Usgbc_LeedOnline_ScoreCard/Include/TestData/DownloadedFiles and was deleted

2019-06-26 19:53:46 - [MESSAGE][PASSED] - 

2019-06-26 19:53:46 - [MESSAGE][PASSED] - Actual text 'SamplePPTFile_1000kb.ppt' and expected text 'SamplePPTFile_1000kb.ppt' are matched 

2019-06-26 19:53:48 - [MESSAGE][PASSED] - Delayed 2 second(s)

2019-06-26 19:53:49 - [MESSAGE][PASSED] - Delayed 1 second(s)

2019-06-26 19:53:49 - [MESSAGE][PASSED] - ZZ.pdf exist in H:/Git Projects/Usgbc_LeedOnline_ScoreCard/Usgbc_LeedOnline_ScoreCard/Include/TestData/DownloadedFiles and was deleted

2019-06-26 19:53:49 - [MESSAGE][PASSED] - 

2019-06-26 19:53:49 - [MESSAGE][PASSED] - Actual text 'ZZ.pdf' and expected text 'ZZ.pdf' are matched 

2019-06-26 19:53:49 - [MESSAGE][PASSED] - Run with 'siteManagementForm.Runner_SM_Download' was passed

2019-06-26 19:53:49 - [TEST_STEP][PASSED] - Start listener action : sampleAfterTestCase: Browser is closed

2019-06-26 19:53:49 - [TEST_STEP][PASSED] - closeBrowser(): Browser is closed

2019-06-26 19:53:50 - [MESSAGE][PASSED] - Browser is closed]]></system-out>
         <system-err><![CDATA[]]></system-err>
      </testcase>
      <testcase name="Test Cases/SiteManagement/TC_SM_DeleteUploadFiles" classname="Test Cases/SiteManagement/TC_SM_DeleteUploadFiles" status="FAILED">
         <failure type="FAILED" message="Test Cases/SiteManagement/TC_SM_DeleteUploadFiles FAILED.
Reason:
com.kms.katalon.core.exception.StepFailedException: These following reason:
 [Not a file or directory: H:\Git Projects\Usgbc_LeedOnline_ScoreCard\Usgbc_LeedOnline_ScoreCard\Include\features\ScoreCard\SiteManagement_Form\SM_DeleteUploadedFiles.feature]
	at com.kms.katalon.core.keyword.internal.KeywordMain.stepFailed(KeywordMain.groovy:48)
	at com.kms.katalon.core.keyword.internal.KeywordMain.stepFailed(KeywordMain.groovy)
	at com.kms.katalon.core.keyword.internal.KeywordMain.stepFailed(KeywordMain.groovy:21)
	at com.kms.katalon.core.keyword.internal.KeywordMain$stepFailed$0.call(Unknown Source)
	at com.kms.katalon.core.cucumber.keyword.CucumberBuiltinKeywords$_runWithCucumberRunner_closure3.doCall(CucumberBuiltinKeywords.groovy:272)
	at com.kms.katalon.core.cucumber.keyword.CucumberBuiltinKeywords$_runWithCucumberRunner_closure3.doCall(CucumberBuiltinKeywords.groovy)
	at com.kms.katalon.core.keyword.internal.KeywordMain.runKeyword(KeywordMain.groovy:66)
	at com.kms.katalon.core.keyword.internal.KeywordMain$runKeyword.call(Unknown Source)
	at com.kms.katalon.core.cucumber.keyword.CucumberBuiltinKeywords.runWithCucumberRunner(CucumberBuiltinKeywords.groovy:257)
	at com.kms.katalon.core.cucumber.keyword.CucumberBuiltinKeywords$runWithCucumberRunner$0.callStatic(Unknown Source)
	at com.kms.katalon.core.cucumber.keyword.CucumberBuiltinKeywords.runWithCucumberRunner(CucumberBuiltinKeywords.groovy:357)
	at com.kms.katalon.core.cucumber.keyword.CucumberBuiltinKeywords$runWithCucumberRunner.call(Unknown Source)
	at TC_SM_DeleteUploadFiles.run(TC_SM_DeleteUploadFiles:17)
	at com.kms.katalon.core.main.ScriptEngine.run(ScriptEngine.java:194)
	at com.kms.katalon.core.main.ScriptEngine.runScriptAsRawText(ScriptEngine.java:119)
	at com.kms.katalon.core.main.TestCaseExecutor.runScript(TestCaseExecutor.java:336)
	at com.kms.katalon.core.main.TestCaseExecutor.doExecute(TestCaseExecutor.java:327)
	at com.kms.katalon.core.main.TestCaseExecutor.processExecutionPhase(TestCaseExecutor.java:306)
	at com.kms.katalon.core.main.TestCaseExecutor.accessMainPhase(TestCaseExecutor.java:298)
	at com.kms.katalon.core.main.TestCaseExecutor.execute(TestCaseExecutor.java:232)
	at com.kms.katalon.core.main.TestSuiteExecutor.accessTestCaseMainPhase(TestSuiteExecutor.java:129)
	at com.kms.katalon.core.main.TestSuiteExecutor.accessTestSuiteMainPhase(TestSuiteExecutor.java:112)
	at com.kms.katalon.core.main.TestSuiteExecutor.execute(TestSuiteExecutor.java:81)
	at com.kms.katalon.core.main.TestCaseMain.startTestSuite(TestCaseMain.java:157)
	at com.kms.katalon.core.main.TestCaseMain$startTestSuite$0.call(Unknown Source)
	at TempTestSuite1561558681715.run(TempTestSuite1561558681715.groovy:35)
"/>
         <system-out><![CDATA[2019-06-26 19:53:50 - [TEST_CASE][FAILED] - Test Cases/SiteManagement/TC_SM_DeleteUploadFiles: Test Cases/SiteManagement/TC_SM_DeleteUploadFiles FAILED.
Reason:
com.kms.katalon.core.exception.StepFailedException: These following reason:
 [Not a file or directory: H:\Git Projects\Usgbc_LeedOnline_ScoreCard\Usgbc_LeedOnline_ScoreCard\Include\features\ScoreCard\SiteManagement_Form\SM_DeleteUploadedFiles.feature]
	at com.kms.katalon.core.keyword.internal.KeywordMain.stepFailed(KeywordMain.groovy:48)
	at com.kms.katalon.core.keyword.internal.KeywordMain.stepFailed(KeywordMain.groovy)
	at com.kms.katalon.core.keyword.internal.KeywordMain.stepFailed(KeywordMain.groovy:21)
	at com.kms.katalon.core.keyword.internal.KeywordMain$stepFailed$0.call(Unknown Source)
	at com.kms.katalon.core.cucumber.keyword.CucumberBuiltinKeywords$_runWithCucumberRunner_closure3.doCall(CucumberBuiltinKeywords.groovy:272)
	at com.kms.katalon.core.cucumber.keyword.CucumberBuiltinKeywords$_runWithCucumberRunner_closure3.doCall(CucumberBuiltinKeywords.groovy)
	at com.kms.katalon.core.keyword.internal.KeywordMain.runKeyword(KeywordMain.groovy:66)
	at com.kms.katalon.core.keyword.internal.KeywordMain$runKeyword.call(Unknown Source)
	at com.kms.katalon.core.cucumber.keyword.CucumberBuiltinKeywords.runWithCucumberRunner(CucumberBuiltinKeywords.groovy:257)
	at com.kms.katalon.core.cucumber.keyword.CucumberBuiltinKeywords$runWithCucumberRunner$0.callStatic(Unknown Source)
	at com.kms.katalon.core.cucumber.keyword.CucumberBuiltinKeywords.runWithCucumberRunner(CucumberBuiltinKeywords.groovy:357)
	at com.kms.katalon.core.cucumber.keyword.CucumberBuiltinKeywords$runWithCucumberRunner.call(Unknown Source)
	at TC_SM_DeleteUploadFiles.run(TC_SM_DeleteUploadFiles:17)
	at com.kms.katalon.core.main.ScriptEngine.run(ScriptEngine.java:194)
	at com.kms.katalon.core.main.ScriptEngine.runScriptAsRawText(ScriptEngine.java:119)
	at com.kms.katalon.core.main.TestCaseExecutor.runScript(TestCaseExecutor.java:336)
	at com.kms.katalon.core.main.TestCaseExecutor.doExecute(TestCaseExecutor.java:327)
	at com.kms.katalon.core.main.TestCaseExecutor.processExecutionPhase(TestCaseExecutor.java:306)
	at com.kms.katalon.core.main.TestCaseExecutor.accessMainPhase(TestCaseExecutor.java:298)
	at com.kms.katalon.core.main.TestCaseExecutor.execute(TestCaseExecutor.java:232)
	at com.kms.katalon.core.main.TestSuiteExecutor.accessTestCaseMainPhase(TestSuiteExecutor.java:129)
	at com.kms.katalon.core.main.TestSuiteExecutor.accessTestSuiteMainPhase(TestSuiteExecutor.java:112)
	at com.kms.katalon.core.main.TestSuiteExecutor.execute(TestSuiteExecutor.java:81)
	at com.kms.katalon.core.main.TestCaseMain.startTestSuite(TestCaseMain.java:157)
	at com.kms.katalon.core.main.TestCaseMain$startTestSuite$0.call(Unknown Source)
	at TempTestSuite1561558681715.run(TempTestSuite1561558681715.groovy:35)


2019-06-26 19:53:50 - [TEST_STEP][PASSED] - Start listener action : sampleBeforeTestCase: null

2019-06-26 19:53:50 - [TEST_STEP][PASSED] - openBrowser(""): Browser is opened with url: ''

2019-06-26 19:53:50 - [MESSAGE][INFO] - Starting 'Chrome' driver

2019-06-26 19:53:50 - [MESSAGE][INFO] - User set preference: ['args', '[--window-size=1920,1080]']

2019-06-26 19:53:52 - [MESSAGE][PASSED] - Browser is opened with url: ''

2019-06-26 19:53:52 - [TEST_STEP][PASSED] - driver = getWebDriver(): null

2019-06-26 19:53:52 - [TEST_STEP][PASSED] - println("The driver is ########### " + driver): null

2019-06-26 19:53:52 - [TEST_STEP][PASSED] - downloadPath = "H:\Git Projects\Usgbc_LeedOnline_ScoreCard\Usgbc_LeedOnline_ScoreCard\Include\TestData\DownloadedFiles": null

2019-06-26 19:53:52 - [TEST_STEP][PASSED] - projectKeywords().sendCommandForDownloadChromeHeadLess(driver.getCommandExecutor(), driver.getSessionId(), downloadPath): null

2019-06-26 19:53:52 - [TEST_STEP][FAILED] - runWithCucumberRunner(siteManagementForm.Runner_SM_Delete): Keyword runWithCucumberRunner was failed (Root cause: com.kms.katalon.core.exception.StepFailedException: These following reason:
 [Not a file or directory: H:\Git Projects\Usgbc_LeedOnline_ScoreCard\Usgbc_LeedOnline_ScoreCard\Include\features\ScoreCard\SiteManagement_Form\SM_DeleteUploadedFiles.feature]
	at com.kms.katalon.core.keyword.internal.KeywordMain.stepFailed(KeywordMain.groovy:48)
	at com.kms.katalon.core.keyword.internal.KeywordMain.stepFailed(KeywordMain.groovy)
	at com.kms.katalon.core.keyword.internal.KeywordMain.stepFailed(KeywordMain.groovy:21)
	at com.kms.katalon.core.keyword.internal.KeywordMain$stepFailed$0.call(Unknown Source)
	at com.kms.katalon.core.cucumber.keyword.CucumberBuiltinKeywords$_runWithCucumberRunner_closure3.doCall(CucumberBuiltinKeywords.groovy:272)
	at com.kms.katalon.core.cucumber.keyword.CucumberBuiltinKeywords$_runWithCucumberRunner_closure3.doCall(CucumberBuiltinKeywords.groovy)
	at com.kms.katalon.core.keyword.internal.KeywordMain.runKeyword(KeywordMain.groovy:66)
	at com.kms.katalon.core.keyword.internal.KeywordMain$runKeyword.call(Unknown Source)
	at com.kms.katalon.core.cucumber.keyword.CucumberBuiltinKeywords.runWithCucumberRunner(CucumberBuiltinKeywords.groovy:257)
	at com.kms.katalon.core.cucumber.keyword.CucumberBuiltinKeywords$runWithCucumberRunner$0.callStatic(Unknown Source)
	at com.kms.katalon.core.cucumber.keyword.CucumberBuiltinKeywords.runWithCucumberRunner(CucumberBuiltinKeywords.groovy:357)
	at com.kms.katalon.core.cucumber.keyword.CucumberBuiltinKeywords$runWithCucumberRunner.call(Unknown Source)
	at TC_SM_DeleteUploadFiles.run(TC_SM_DeleteUploadFiles:17)
	at com.kms.katalon.core.main.ScriptEngine.run(ScriptEngine.java:194)
	at com.kms.katalon.core.main.ScriptEngine.runScriptAsRawText(ScriptEngine.java:119)
	at com.kms.katalon.core.main.TestCaseExecutor.runScript(TestCaseExecutor.java:336)
	at com.kms.katalon.core.main.TestCaseExecutor.doExecute(TestCaseExecutor.java:327)
	at com.kms.katalon.core.main.TestCaseExecutor.processExecutionPhase(TestCaseExecutor.java:306)
	at com.kms.katalon.core.main.TestCaseExecutor.accessMainPhase(TestCaseExecutor.java:298)
	at com.kms.katalon.core.main.TestCaseExecutor.execute(TestCaseExecutor.java:232)
	at com.kms.katalon.core.main.TestSuiteExecutor.accessTestCaseMainPhase(TestSuiteExecutor.java:129)
	at com.kms.katalon.core.main.TestSuiteExecutor.accessTestSuiteMainPhase(TestSuiteExecutor.java:112)
	at com.kms.katalon.core.main.TestSuiteExecutor.execute(TestSuiteExecutor.java:81)
	at com.kms.katalon.core.main.TestCaseMain.startTestSuite(TestCaseMain.java:157)
	at com.kms.katalon.core.main.TestCaseMain$startTestSuite$0.call(Unknown Source)
	at TempTestSuite1561558681715.run(TempTestSuite1561558681715.groovy:35)
)

2019-06-26 19:53:53 - [MESSAGE][FAILED] - These following reason:
 [Not a file or directory: H:\Git Projects\Usgbc_LeedOnline_ScoreCard\Usgbc_LeedOnline_ScoreCard\Include\features\ScoreCard\SiteManagement_Form\SM_DeleteUploadedFiles.feature]

2019-06-26 19:53:53 - [MESSAGE][FAILED] - Keyword runWithCucumberRunner was failed (Root cause: com.kms.katalon.core.exception.StepFailedException: These following reason:
 [Not a file or directory: H:\Git Projects\Usgbc_LeedOnline_ScoreCard\Usgbc_LeedOnline_ScoreCard\Include\features\ScoreCard\SiteManagement_Form\SM_DeleteUploadedFiles.feature]
	at com.kms.katalon.core.keyword.internal.KeywordMain.stepFailed(KeywordMain.groovy:48)
	at com.kms.katalon.core.keyword.internal.KeywordMain.stepFailed(KeywordMain.groovy)
	at com.kms.katalon.core.keyword.internal.KeywordMain.stepFailed(KeywordMain.groovy:21)
	at com.kms.katalon.core.keyword.internal.KeywordMain$stepFailed$0.call(Unknown Source)
	at com.kms.katalon.core.cucumber.keyword.CucumberBuiltinKeywords$_runWithCucumberRunner_closure3.doCall(CucumberBuiltinKeywords.groovy:272)
	at com.kms.katalon.core.cucumber.keyword.CucumberBuiltinKeywords$_runWithCucumberRunner_closure3.doCall(CucumberBuiltinKeywords.groovy)
	at com.kms.katalon.core.keyword.internal.KeywordMain.runKeyword(KeywordMain.groovy:66)
	at com.kms.katalon.core.keyword.internal.KeywordMain$runKeyword.call(Unknown Source)
	at com.kms.katalon.core.cucumber.keyword.CucumberBuiltinKeywords.runWithCucumberRunner(CucumberBuiltinKeywords.groovy:257)
	at com.kms.katalon.core.cucumber.keyword.CucumberBuiltinKeywords$runWithCucumberRunner$0.callStatic(Unknown Source)
	at com.kms.katalon.core.cucumber.keyword.CucumberBuiltinKeywords.runWithCucumberRunner(CucumberBuiltinKeywords.groovy:357)
	at com.kms.katalon.core.cucumber.keyword.CucumberBuiltinKeywords$runWithCucumberRunner.call(Unknown Source)
	at TC_SM_DeleteUploadFiles.run(TC_SM_DeleteUploadFiles:17)
	at com.kms.katalon.core.main.ScriptEngine.run(ScriptEngine.java:194)
	at com.kms.katalon.core.main.ScriptEngine.runScriptAsRawText(ScriptEngine.java:119)
	at com.kms.katalon.core.main.TestCaseExecutor.runScript(TestCaseExecutor.java:336)
	at com.kms.katalon.core.main.TestCaseExecutor.doExecute(TestCaseExecutor.java:327)
	at com.kms.katalon.core.main.TestCaseExecutor.processExecutionPhase(TestCaseExecutor.java:306)
	at com.kms.katalon.core.main.TestCaseExecutor.accessMainPhase(TestCaseExecutor.java:298)
	at com.kms.katalon.core.main.TestCaseExecutor.execute(TestCaseExecutor.java:232)
	at com.kms.katalon.core.main.TestSuiteExecutor.accessTestCaseMainPhase(TestSuiteExecutor.java:129)
	at com.kms.katalon.core.main.TestSuiteExecutor.accessTestSuiteMainPhase(TestSuiteExecutor.java:112)
	at com.kms.katalon.core.main.TestSuiteExecutor.execute(TestSuiteExecutor.java:81)
	at com.kms.katalon.core.main.TestCaseMain.startTestSuite(TestCaseMain.java:157)
	at com.kms.katalon.core.main.TestCaseMain$startTestSuite$0.call(Unknown Source)
	at TempTestSuite1561558681715.run(TempTestSuite1561558681715.groovy:35)
)

2019-06-26 19:53:53 - [TEST_STEP][PASSED] - Start listener action : sampleAfterTestCase: Browser is closed

2019-06-26 19:53:53 - [TEST_STEP][PASSED] - closeBrowser(): Browser is closed

2019-06-26 19:53:54 - [MESSAGE][PASSED] - Browser is closed]]></system-out>
         <system-err><![CDATA[2019-06-26 19:53:50 - [TEST_CASE][FAILED] - Test Cases/SiteManagement/TC_SM_DeleteUploadFiles: Test Cases/SiteManagement/TC_SM_DeleteUploadFiles FAILED.
Reason:
com.kms.katalon.core.exception.StepFailedException: These following reason:
 [Not a file or directory: H:\Git Projects\Usgbc_LeedOnline_ScoreCard\Usgbc_LeedOnline_ScoreCard\Include\features\ScoreCard\SiteManagement_Form\SM_DeleteUploadedFiles.feature]
	at com.kms.katalon.core.keyword.internal.KeywordMain.stepFailed(KeywordMain.groovy:48)
	at com.kms.katalon.core.keyword.internal.KeywordMain.stepFailed(KeywordMain.groovy)
	at com.kms.katalon.core.keyword.internal.KeywordMain.stepFailed(KeywordMain.groovy:21)
	at com.kms.katalon.core.keyword.internal.KeywordMain$stepFailed$0.call(Unknown Source)
	at com.kms.katalon.core.cucumber.keyword.CucumberBuiltinKeywords$_runWithCucumberRunner_closure3.doCall(CucumberBuiltinKeywords.groovy:272)
	at com.kms.katalon.core.cucumber.keyword.CucumberBuiltinKeywords$_runWithCucumberRunner_closure3.doCall(CucumberBuiltinKeywords.groovy)
	at com.kms.katalon.core.keyword.internal.KeywordMain.runKeyword(KeywordMain.groovy:66)
	at com.kms.katalon.core.keyword.internal.KeywordMain$runKeyword.call(Unknown Source)
	at com.kms.katalon.core.cucumber.keyword.CucumberBuiltinKeywords.runWithCucumberRunner(CucumberBuiltinKeywords.groovy:257)
	at com.kms.katalon.core.cucumber.keyword.CucumberBuiltinKeywords$runWithCucumberRunner$0.callStatic(Unknown Source)
	at com.kms.katalon.core.cucumber.keyword.CucumberBuiltinKeywords.runWithCucumberRunner(CucumberBuiltinKeywords.groovy:357)
	at com.kms.katalon.core.cucumber.keyword.CucumberBuiltinKeywords$runWithCucumberRunner.call(Unknown Source)
	at TC_SM_DeleteUploadFiles.run(TC_SM_DeleteUploadFiles:17)
	at com.kms.katalon.core.main.ScriptEngine.run(ScriptEngine.java:194)
	at com.kms.katalon.core.main.ScriptEngine.runScriptAsRawText(ScriptEngine.java:119)
	at com.kms.katalon.core.main.TestCaseExecutor.runScript(TestCaseExecutor.java:336)
	at com.kms.katalon.core.main.TestCaseExecutor.doExecute(TestCaseExecutor.java:327)
	at com.kms.katalon.core.main.TestCaseExecutor.processExecutionPhase(TestCaseExecutor.java:306)
	at com.kms.katalon.core.main.TestCaseExecutor.accessMainPhase(TestCaseExecutor.java:298)
	at com.kms.katalon.core.main.TestCaseExecutor.execute(TestCaseExecutor.java:232)
	at com.kms.katalon.core.main.TestSuiteExecutor.accessTestCaseMainPhase(TestSuiteExecutor.java:129)
	at com.kms.katalon.core.main.TestSuiteExecutor.accessTestSuiteMainPhase(TestSuiteExecutor.java:112)
	at com.kms.katalon.core.main.TestSuiteExecutor.execute(TestSuiteExecutor.java:81)
	at com.kms.katalon.core.main.TestCaseMain.startTestSuite(TestCaseMain.java:157)
	at com.kms.katalon.core.main.TestCaseMain$startTestSuite$0.call(Unknown Source)
	at TempTestSuite1561558681715.run(TempTestSuite1561558681715.groovy:35)]]></system-err>
      </testcase>
      <testcase name="Test Cases/SiteManagement/TC_SM_AutoSaveAsDraft" classname="Test Cases/SiteManagement/TC_SM_AutoSaveAsDraft" status="PASSED">
         <system-out><![CDATA[2019-06-26 19:53:54 - [TEST_CASE][PASSED] - Test Cases/SiteManagement/TC_SM_AutoSaveAsDraft: Test Cases/SiteManagement/TC_SM_AutoSaveAsDraft

2019-06-26 19:53:54 - [TEST_STEP][PASSED] - Start listener action : sampleBeforeTestCase: null

2019-06-26 19:53:54 - [TEST_STEP][PASSED] - openBrowser(""): Browser is opened with url: ''

2019-06-26 19:53:54 - [MESSAGE][INFO] - Starting 'Chrome' driver

2019-06-26 19:53:54 - [MESSAGE][INFO] - User set preference: ['args', '[--window-size=1920,1080]']

2019-06-26 19:53:57 - [MESSAGE][PASSED] - Browser is opened with url: ''

2019-06-26 19:53:57 - [TEST_STEP][PASSED] - driver = getWebDriver(): null

2019-06-26 19:53:57 - [TEST_STEP][PASSED] - println("The driver is ########### " + driver): null

2019-06-26 19:53:57 - [TEST_STEP][PASSED] - downloadPath = "H:\Git Projects\Usgbc_LeedOnline_ScoreCard\Usgbc_LeedOnline_ScoreCard\Include\TestData\DownloadedFiles": null

2019-06-26 19:53:57 - [TEST_STEP][PASSED] - projectKeywords().sendCommandForDownloadChromeHeadLess(driver.getCommandExecutor(), driver.getSessionId(), downloadPath): null

2019-06-26 19:53:57 - [TEST_STEP][PASSED] - runWithCucumberRunner(siteManagementForm.Runner_SM_AutoSaveDraft): Run with 'siteManagementForm.Runner_SM_AutoSaveDraft' was passed

2019-06-26 19:53:58 - [TEST_CASE][PASSED] - Test Cases/SiteManagement/TC_SM_Navigate: Test Cases/SiteManagement/TC_SM_Navigate

2019-06-26 19:53:58 - [TEST_STEP][PASSED] - runWithCucumberRunner(siteManagementForm.Runner_SM_Navigation): Run with 'siteManagementForm.Runner_SM_Navigation' was passed

2019-06-26 19:53:59 - [TEST_CASE][PASSED] - Test Cases/Login/TC_Login: Test Cases/Login/TC_Login

2019-06-26 19:53:59 - [TEST_STEP][PASSED] - runWithCucumberRunner(common.Runner_Login): Run with 'common.Runner_Login' was passed

2019-06-26 19:54:01 - [MESSAGE][WARNING] - A browser is already opened. Closing browser and opening a new one

2019-06-26 19:54:01 - [MESSAGE][INFO] - Starting 'Chrome' driver

2019-06-26 19:54:01 - [MESSAGE][INFO] - User set preference: ['args', '[--window-size=1920,1080]']

2019-06-26 19:54:04 - [MESSAGE][PASSED] - Browser is opened with url: ''

2019-06-26 19:54:08 - [MESSAGE][PASSED] - Navigate to 'https://leedonline-stg.usgbc.org' successfully

2019-06-26 19:54:10 - [MESSAGE][PASSED] - Delayed 2 second(s)

2019-06-26 19:54:10 - [MESSAGE][PASSED] - Text 'automationbdd1@gmail.com' is set on object 'Object Repository/Login/input_username'

2019-06-26 19:54:10 - [MESSAGE][PASSED] - Text 'initpass' is set on object 'Object Repository/Login/input_password'

2019-06-26 19:54:13 - [MESSAGE][PASSED] - Delayed 3 second(s)

2019-06-26 19:54:13 - [MESSAGE][PASSED] - Scroll to object 'Object Repository/Login/span_End User License Agreement' successfully

2019-06-26 19:54:13 - [MESSAGE][PASSED] - Object 'Object Repository/Login/span_End User License Agreement' is visible

2019-06-26 19:54:13 - [MESSAGE][PASSED] - Object 'Object Repository/Login/span_End User License Agreement' is checked

2019-06-26 19:54:14 - [MESSAGE][PASSED] - Delayed 1 second(s)

2019-06-26 19:54:15 - [MESSAGE][PASSED] - Object: 'Object Repository/Login/button_Log In' is clicked on

2019-06-26 19:54:22 - [MESSAGE][PASSED] - Object: '' is clicked on

2019-06-26 19:54:24 - [MESSAGE][PASSED] - Object: 'Object Repository/Login/a_Credits' is clicked on

2019-06-26 19:54:24 - [MESSAGE][PASSED] - Run with 'common.Runner_Login' was passed

2019-06-26 19:54:24 - [MESSAGE][PASSED] - Call Test Case 'Test Cases/Login/TC_Login' successfully

2019-06-26 19:54:24 - [MESSAGE][PASSED] - Scroll to object 'Object Repository/Site_Management/Navigation/div_Site Management' successfully

2019-06-26 19:54:24 - [MESSAGE][PASSED] - Object 'Object Repository/Site_Management/Navigation/div_Site Management' is present

2019-06-26 19:54:24 - [MESSAGE][PASSED] - Text of object 'Object Repository/Site_Management/Navigation/h3_Status' is: 'ATTEMPTED'

2019-06-26 19:54:24 - [MESSAGE][PASSED] - Text of object 'Object Repository/Site_Management/Navigation/divval' is: 'ATTEMPTED'

2019-06-26 19:54:24 - [MESSAGE][PASSED] - Text of object 'Object Repository/Site_Management/Navigation/h3_Status' is: 'ATTEMPTED'

2019-06-26 19:54:24 - [MESSAGE][PASSED] - Object: 'Object Repository/Site_Management/Navigation/div_Site Management' is clicked on

2019-06-26 19:54:29 - [MESSAGE][PASSED] - Object: 'Object Repository/Site_Management/Navigation/span_(V01)' is clicked on

2019-06-26 19:54:29 - [MESSAGE][PASSED] - Object 'Object Repository/Site_Management/Navigation/sitemanagement_Credit' is present

2019-06-26 19:54:29 - [MESSAGE][PASSED] - Run with 'siteManagementForm.Runner_SM_Navigation' was passed

2019-06-26 19:54:29 - [MESSAGE][PASSED] - Call Test Case 'Test Cases/SiteManagement/TC_SM_Navigate' successfully

2019-06-26 19:54:39 - [MESSAGE][PASSED] - Delayed 10 second(s)

2019-06-26 19:54:39 - [MESSAGE][PASSED] - Web element with id: 'Object Repository/Site_Management/span_Last draft saved on' located by 'By.xpath:  //*[@id="credit-form"]/div[5]/div/span/span
' is not present after '2' second(s)

2019-06-26 19:54:39 - [MESSAGE][WARNING] - Timeout '0' is invalid. Using default page load timeout: '30'

2019-06-26 19:54:39 - [MESSAGE][PASSED] - Scroll to object 'Object Repository/Site_Management/AddFile_SiteAssessment/input_AddFile_SA' successfully

2019-06-26 19:54:39 - [MESSAGE][PASSED] - File 'H:/Git Projects/Usgbc_LeedOnline_ScoreCard/Usgbc_LeedOnline_ScoreCard/Include/TestData/MultipleFileDiffExt/ZZ.pdf' sent to object: 'Object Repository/Site_Management/AddFile_SiteAssessment/input_AddFile_SA'

2019-06-26 19:54:44 - [MESSAGE][PASSED] - Delayed 5 second(s)

2019-06-26 19:54:44 - [MESSAGE][PASSED] - File 'H:/Git Projects/Usgbc_LeedOnline_ScoreCard/Usgbc_LeedOnline_ScoreCard/Include/TestData/MultipleFileDiffExt/ZZ.pdf' sent to object: 'Object Repository/Site_Management/AddFile_DocumentationDemonstrating/input_AddFile_DD'

2019-06-26 19:54:59 - [MESSAGE][PASSED] - Delayed 15 second(s)

2019-06-26 19:54:59 - [MESSAGE][PASSED] - Web element with id: 'Object Repository/Site_Management/span_Last draft saved on' located by 'By.xpath:  //*[@id="credit-form"]/div[5]/div/span/span
' is not present after '2' second(s)

2019-06-26 19:54:59 - [MESSAGE][WARNING] - Timeout '0' is invalid. Using default page load timeout: '30'

2019-06-26 19:54:59 - [MESSAGE][PASSED] - Scroll to object 'Object Repository/Site_Management/SpecialCircumstances/EditorBox_SC/p_Describe the circumstances' successfully

2019-06-26 19:55:00 - [MESSAGE][PASSED] - Object 'Object Repository/Site_Management/SpecialCircumstances/EditorBox_SC/p_Describe the circumstances' is present

2019-06-26 19:55:00 - [MESSAGE][PASSED] - Text 'Test Data for Narrative' is set on object 'Object Repository/Site_Management/SpecialCircumstances/EditorBox_SC/body_SC_EditorBox'

2019-06-26 19:55:10 - [MESSAGE][PASSED] - Delayed 10 second(s)

2019-06-26 19:55:10 - [MESSAGE][PASSED] - Object 'Object Repository/Site_Management/span_Last draft saved on' is present

2019-06-26 19:55:10 - [MESSAGE][PASSED] - Text of object 'Object Repository/Site_Management/span_Last draft saved on' is: 'Last draft saved on: 26 Jun 2019 07:55:08 PM  Clear draft'

2019-06-26 19:55:10 - [MESSAGE][PASSED] - Object 'Object Repository/Site_Management/span_Last draft saved on' is present

2019-06-26 19:55:11 - [MESSAGE][WARNING] - Timeout '0' is invalid. Using default page load timeout: '30'

2019-06-26 19:55:11 - [MESSAGE][WARNING] - Timeout '0' is invalid. Using default page load timeout: '30'

2019-06-26 19:55:11 - [MESSAGE][PASSED] - Object 'Object Repository/Site_Management/button_Save' is present

2019-06-26 19:55:11 - [MESSAGE][PASSED] - Object: 'Object Repository/Site_Management/button_Save' is clicked on

2019-06-26 19:55:11 - [MESSAGE][PASSED] - Web element with id: 'Object Repository/Site_Management/div_Form drafted and not yet saved' located by 'By.xpath: //div[@id='draftDataWarning']
' is not present after '2' second(s)

2019-06-26 19:55:11 - [MESSAGE][PASSED] - Scroll to object 'Object Repository/Site_Management/AddFile_SiteAssessment/p_Upload_SA' successfully

2019-06-26 19:55:12 - [MESSAGE][PASSED] - Delayed 1 second(s)

2019-06-26 19:55:13 - [MESSAGE][PASSED] - Object: '' is clicked on

2019-06-26 19:55:15 - [MESSAGE][PASSED] - Delayed 2 second(s)

2019-06-26 19:55:15 - [MESSAGE][PASSED] - Object: 'Object Repository/LightPollutionReduction/FixtureShielding/button_Yes' is clicked on

2019-06-26 19:55:16 - [MESSAGE][PASSED] - Delayed 1 second(s)

2019-06-26 19:55:16 - [MESSAGE][PASSED] - Object: '' is clicked on

2019-06-26 19:55:18 - [MESSAGE][PASSED] - Delayed 2 second(s)

2019-06-26 19:55:18 - [MESSAGE][PASSED] - Object: 'Object Repository/LightPollutionReduction/FixtureShielding/button_Yes' is clicked on

2019-06-26 19:55:19 - [MESSAGE][PASSED] - Delayed 1 second(s)

2019-06-26 19:55:20 - [MESSAGE][PASSED] - Object: '' is clicked on

2019-06-26 19:55:22 - [MESSAGE][PASSED] - Delayed 2 second(s)

2019-06-26 19:55:22 - [MESSAGE][PASSED] - Object: 'Object Repository/LightPollutionReduction/FixtureShielding/button_Yes' is clicked on

2019-06-26 19:55:23 - [MESSAGE][PASSED] - Delayed 1 second(s)

2019-06-26 19:55:23 - [MESSAGE][PASSED] - Object: '' is clicked on

2019-06-26 19:55:25 - [MESSAGE][PASSED] - Delayed 2 second(s)

2019-06-26 19:55:25 - [MESSAGE][PASSED] - Object: 'Object Repository/LightPollutionReduction/FixtureShielding/button_Yes' is clicked on

2019-06-26 19:55:30 - [MESSAGE][PASSED] - Delayed 5 second(s)

2019-06-26 19:55:31 - [MESSAGE][PASSED] - Scroll to object 'Object Repository/Site_Management/AddFile_DocumentationDemonstrating/p_Upload_DD' successfully

2019-06-26 19:55:32 - [MESSAGE][PASSED] - Delayed 1 second(s)

2019-06-26 19:55:32 - [MESSAGE][PASSED] - Object: '' is clicked on

2019-06-26 19:55:34 - [MESSAGE][PASSED] - Delayed 2 second(s)

2019-06-26 19:55:34 - [MESSAGE][PASSED] - Object: 'Object Repository/LightPollutionReduction/FixtureShielding/button_Yes' is clicked on

2019-06-26 19:55:35 - [MESSAGE][PASSED] - Delayed 1 second(s)

2019-06-26 19:55:35 - [MESSAGE][PASSED] - Object: '' is clicked on

2019-06-26 19:55:37 - [MESSAGE][PASSED] - Delayed 2 second(s)

2019-06-26 19:55:37 - [MESSAGE][PASSED] - Object: 'Object Repository/LightPollutionReduction/FixtureShielding/button_Yes' is clicked on

2019-06-26 19:55:38 - [MESSAGE][PASSED] - Delayed 1 second(s)

2019-06-26 19:55:39 - [MESSAGE][PASSED] - Object: '' is clicked on

2019-06-26 19:55:41 - [MESSAGE][PASSED] - Delayed 2 second(s)

2019-06-26 19:55:41 - [MESSAGE][PASSED] - Object: 'Object Repository/LightPollutionReduction/FixtureShielding/button_Yes' is clicked on

2019-06-26 19:55:42 - [MESSAGE][PASSED] - Delayed 1 second(s)

2019-06-26 19:55:42 - [MESSAGE][PASSED] - Object: '' is clicked on

2019-06-26 19:55:44 - [MESSAGE][PASSED] - Delayed 2 second(s)

2019-06-26 19:55:44 - [MESSAGE][PASSED] - Object: 'Object Repository/LightPollutionReduction/FixtureShielding/button_Yes' is clicked on

2019-06-26 19:55:47 - [MESSAGE][PASSED] - Delayed 3 second(s)

2019-06-26 19:55:47 - [MESSAGE][PASSED] - Scroll to object 'Object Repository/Site_Management/SpecialCircumstances/EditorBox_SC/p_Describe the circumstances' successfully

2019-06-26 19:55:47 - [MESSAGE][PASSED] - Object 'Object Repository/Site_Management/SpecialCircumstances/EditorBox_SC/p_Describe the circumstances' is present

2019-06-26 19:55:48 - [MESSAGE][PASSED] - Text 'Test data for save' is set on object 'Object Repository/Site_Management/SpecialCircumstances/EditorBox_SC/body_SC_EditorBox'

2019-06-26 19:55:58 - [MESSAGE][PASSED] - Delayed 10 second(s)

2019-06-26 19:56:08 - [MESSAGE][PASSED] - Delayed 10 second(s)

2019-06-26 19:56:08 - [MESSAGE][PASSED] - Object: 'Object Repository/Site_Management/a_Clear draft' is clicked on

2019-06-26 19:56:08 - [MESSAGE][PASSED] - Object: 'Object Repository/Site_Management/Btn_Yes' is clicked on

2019-06-26 19:56:13 - [MESSAGE][PASSED] - Delayed 5 second(s)

2019-06-26 19:56:13 - [MESSAGE][PASSED] - Scroll to object 'Object Repository/Site_Management/SpecialCircumstances/EditorBox_SC/p_Describe the circumstances' successfully

2019-06-26 19:56:13 - [MESSAGE][PASSED] - Object 'Object Repository/Site_Management/SpecialCircumstances/EditorBox_SC/p_Describe the circumstances' is present

2019-06-26 19:56:14 - [MESSAGE][PASSED] - Text 'Testing for Logout and Login' is set on object 'Object Repository/Site_Management/SpecialCircumstances/EditorBox_SC/body_SC_EditorBox'

2019-06-26 19:56:24 - [MESSAGE][PASSED] - Delayed 10 second(s)

2019-06-26 19:56:24 - [MESSAGE][PASSED] - Text of object 'Object Repository/Site_Management/span_Last draft saved on' is: 'Last draft saved on: 26 Jun 2019 07:56:21 PM  Clear draft'

2019-06-26 19:56:24 - [MESSAGE][PASSED] - Scroll to object 'Object Repository/Site_Management/div_dropdown_Automation_User' successfully

2019-06-26 19:56:24 - [MESSAGE][PASSED] - Object: 'Object Repository/Site_Management/div_dropdown_Automation_User' is clicked on

2019-06-26 19:56:25 - [MESSAGE][PASSED] - Object: 'Object Repository/Site_Management/a_SignOut' is clicked on

2019-06-26 19:56:27 - [MESSAGE][PASSED] - Delayed 2 second(s)

2019-06-26 19:56:27 - [MESSAGE][WARNING] - A browser is already opened. Closing browser and opening a new one

2019-06-26 19:56:28 - [MESSAGE][INFO] - Starting 'Chrome' driver

2019-06-26 19:56:28 - [MESSAGE][INFO] - User set preference: ['args', '[--window-size=1920,1080]']

2019-06-26 19:56:31 - [MESSAGE][PASSED] - Browser is opened with url: ''

2019-06-26 19:56:34 - [MESSAGE][PASSED] - Navigate to 'https://leedonline-stg.usgbc.org' successfully

2019-06-26 19:56:36 - [MESSAGE][PASSED] - Delayed 2 second(s)

2019-06-26 19:56:37 - [MESSAGE][PASSED] - Text 'automationbdd1@gmail.com' is set on object 'Object Repository/Login/input_username'

2019-06-26 19:56:37 - [MESSAGE][PASSED] - Text 'initpass' is set on object 'Object Repository/Login/input_password'

2019-06-26 19:56:40 - [MESSAGE][PASSED] - Delayed 3 second(s)

2019-06-26 19:56:40 - [MESSAGE][PASSED] - Scroll to object 'Object Repository/Login/span_End User License Agreement' successfully

2019-06-26 19:56:40 - [MESSAGE][PASSED] - Object 'Object Repository/Login/span_End User License Agreement' is visible

2019-06-26 19:56:40 - [MESSAGE][PASSED] - Object 'Object Repository/Login/span_End User License Agreement' is checked

2019-06-26 19:56:41 - [MESSAGE][PASSED] - Delayed 1 second(s)

2019-06-26 19:56:41 - [MESSAGE][PASSED] - Object: 'Object Repository/Login/button_Log In' is clicked on

2019-06-26 19:56:49 - [MESSAGE][PASSED] - Object: '' is clicked on

2019-06-26 19:56:51 - [MESSAGE][PASSED] - Object: 'Object Repository/Login/a_Credits' is clicked on

2019-06-26 19:56:53 - [MESSAGE][PASSED] - Delayed 2 second(s)

2019-06-26 19:56:53 - [MESSAGE][PASSED] - Object: 'Object Repository/Site_Management/Navigation/div_Site Management' is clicked on

2019-06-26 19:56:55 - [MESSAGE][PASSED] - Delayed 2 second(s)

2019-06-26 19:56:59 - [MESSAGE][PASSED] - Object: 'Object Repository/Site_Management/Navigation/span_(V01)' is clicked on

2019-06-26 19:57:00 - [MESSAGE][PASSED] - Object 'Object Repository/Site_Management/div_Form drafted and not yet saved' is present

2019-06-26 19:57:00 - [MESSAGE][PASSED] - Object 'Object Repository/Site_Management/Last draft saved dateTime_warningDiv' is present

2019-06-26 19:57:00 - [MESSAGE][PASSED] - Text of object 'Object Repository/Site_Management/Last draft saved dateTime_warningDiv' is: 'Last draft saved on: 26 Jun 2019 07:56:21 PM  Clear draft'

2019-06-26 19:57:00 - [MESSAGE][PASSED] - Actual text 'Last draft saved on: 26 Jun 2019 07:56:21 PM  Clear draft' and expected text 'Last draft saved on: 26 Jun 2019 07:56:21 PM  Clear draft' are matched 

2019-06-26 19:57:02 - [MESSAGE][PASSED] - Delayed 2 second(s)

2019-06-26 19:57:02 - [MESSAGE][PASSED] - Object: 'Object Repository/Site_Management/a_Clear draft' is clicked on

2019-06-26 19:57:02 - [MESSAGE][PASSED] - Object: 'Object Repository/Site_Management/Btn_Yes' is clicked on

2019-06-26 19:57:02 - [MESSAGE][PASSED] - Run with 'siteManagementForm.Runner_SM_AutoSaveDraft' was passed

2019-06-26 19:57:02 - [TEST_STEP][PASSED] - Start listener action : sampleAfterTestCase: Browser is closed

2019-06-26 19:57:02 - [TEST_STEP][PASSED] - closeBrowser(): Browser is closed

2019-06-26 19:57:03 - [MESSAGE][PASSED] - Browser is closed]]></system-out>
         <system-err><![CDATA[]]></system-err>
      </testcase>
      <system-out><![CDATA[2019-06-26 19:48:04 - [TEST_SUITE][FAILED] - SM_SmokeTest: Test Cases/SiteManagement/TC_SM_VerifyUploadFile FAILED.
Reason:
com.kms.katalon.core.exception.StepFailedException: These following reason:
 [Not a file or directory: H:\Git Projects\Usgbc_LeedOnline_ScoreCard\Usgbc_LeedOnline_ScoreCard\Include\features\ScoreCard\SiteManagement_Form\SM_VerifyUploadedFile.feature]
	at com.kms.katalon.core.keyword.internal.KeywordMain.stepFailed(KeywordMain.groovy:48)
	at com.kms.katalon.core.keyword.internal.KeywordMain.stepFailed(KeywordMain.groovy)
	at com.kms.katalon.core.keyword.internal.KeywordMain.stepFailed(KeywordMain.groovy:21)
	at com.kms.katalon.core.keyword.internal.KeywordMain$stepFailed$0.call(Unknown Source)
	at com.kms.katalon.core.cucumber.keyword.CucumberBuiltinKeywords$_runWithCucumberRunner_closure3.doCall(CucumberBuiltinKeywords.groovy:272)
	at com.kms.katalon.core.cucumber.keyword.CucumberBuiltinKeywords$_runWithCucumberRunner_closure3.doCall(CucumberBuiltinKeywords.groovy)
	at com.kms.katalon.core.keyword.internal.KeywordMain.runKeyword(KeywordMain.groovy:66)
	at com.kms.katalon.core.keyword.internal.KeywordMain$runKeyword.call(Unknown Source)
	at com.kms.katalon.core.cucumber.keyword.CucumberBuiltinKeywords.runWithCucumberRunner(CucumberBuiltinKeywords.groovy:257)
	at com.kms.katalon.core.cucumber.keyword.CucumberBuiltinKeywords$runWithCucumberRunner$0.callStatic(Unknown Source)
	at com.kms.katalon.core.cucumber.keyword.CucumberBuiltinKeywords.runWithCucumberRunner(CucumberBuiltinKeywords.groovy:357)
	at com.kms.katalon.core.cucumber.keyword.CucumberBuiltinKeywords$runWithCucumberRunner.call(Unknown Source)
	at TC_SM_VerifyUploadFile.run(TC_SM_VerifyUploadFile:17)
	at com.kms.katalon.core.main.ScriptEngine.run(ScriptEngine.java:194)
	at com.kms.katalon.core.main.ScriptEngine.runScriptAsRawText(ScriptEngine.java:119)
	at com.kms.katalon.core.main.TestCaseExecutor.runScript(TestCaseExecutor.java:336)
	at com.kms.katalon.core.main.TestCaseExecutor.doExecute(TestCaseExecutor.java:327)
	at com.kms.katalon.core.main.TestCaseExecutor.processExecutionPhase(TestCaseExecutor.java:306)
	at com.kms.katalon.core.main.TestCaseExecutor.accessMainPhase(TestCaseExecutor.java:298)
	at com.kms.katalon.core.main.TestCaseExecutor.execute(TestCaseExecutor.java:232)
	at com.kms.katalon.core.main.TestSuiteExecutor.accessTestCaseMainPhase(TestSuiteExecutor.java:129)
	at com.kms.katalon.core.main.TestSuiteExecutor.accessTestSuiteMainPhase(TestSuiteExecutor.java:112)
	at com.kms.katalon.core.main.TestSuiteExecutor.execute(TestSuiteExecutor.java:81)
	at com.kms.katalon.core.main.TestCaseMain.startTestSuite(TestCaseMain.java:157)
	at com.kms.katalon.core.main.TestCaseMain$startTestSuite$0.call(Unknown Source)
	at TempTestSuite1561558681715.run(TempTestSuite1561558681715.groovy:35)]]></system-out>
      <system-err><![CDATA[2019-06-26 19:48:04 - [TEST_SUITE][FAILED] - SM_SmokeTest: Test Cases/SiteManagement/TC_SM_VerifyUploadFile FAILED.
Reason:
com.kms.katalon.core.exception.StepFailedException: These following reason:
 [Not a file or directory: H:\Git Projects\Usgbc_LeedOnline_ScoreCard\Usgbc_LeedOnline_ScoreCard\Include\features\ScoreCard\SiteManagement_Form\SM_VerifyUploadedFile.feature]
	at com.kms.katalon.core.keyword.internal.KeywordMain.stepFailed(KeywordMain.groovy:48)
	at com.kms.katalon.core.keyword.internal.KeywordMain.stepFailed(KeywordMain.groovy)
	at com.kms.katalon.core.keyword.internal.KeywordMain.stepFailed(KeywordMain.groovy:21)
	at com.kms.katalon.core.keyword.internal.KeywordMain$stepFailed$0.call(Unknown Source)
	at com.kms.katalon.core.cucumber.keyword.CucumberBuiltinKeywords$_runWithCucumberRunner_closure3.doCall(CucumberBuiltinKeywords.groovy:272)
	at com.kms.katalon.core.cucumber.keyword.CucumberBuiltinKeywords$_runWithCucumberRunner_closure3.doCall(CucumberBuiltinKeywords.groovy)
	at com.kms.katalon.core.keyword.internal.KeywordMain.runKeyword(KeywordMain.groovy:66)
	at com.kms.katalon.core.keyword.internal.KeywordMain$runKeyword.call(Unknown Source)
	at com.kms.katalon.core.cucumber.keyword.CucumberBuiltinKeywords.runWithCucumberRunner(CucumberBuiltinKeywords.groovy:257)
	at com.kms.katalon.core.cucumber.keyword.CucumberBuiltinKeywords$runWithCucumberRunner$0.callStatic(Unknown Source)
	at com.kms.katalon.core.cucumber.keyword.CucumberBuiltinKeywords.runWithCucumberRunner(CucumberBuiltinKeywords.groovy:357)
	at com.kms.katalon.core.cucumber.keyword.CucumberBuiltinKeywords$runWithCucumberRunner.call(Unknown Source)
	at TC_SM_VerifyUploadFile.run(TC_SM_VerifyUploadFile:17)
	at com.kms.katalon.core.main.ScriptEngine.run(ScriptEngine.java:194)
	at com.kms.katalon.core.main.ScriptEngine.runScriptAsRawText(ScriptEngine.java:119)
	at com.kms.katalon.core.main.TestCaseExecutor.runScript(TestCaseExecutor.java:336)
	at com.kms.katalon.core.main.TestCaseExecutor.doExecute(TestCaseExecutor.java:327)
	at com.kms.katalon.core.main.TestCaseExecutor.processExecutionPhase(TestCaseExecutor.java:306)
	at com.kms.katalon.core.main.TestCaseExecutor.accessMainPhase(TestCaseExecutor.java:298)
	at com.kms.katalon.core.main.TestCaseExecutor.execute(TestCaseExecutor.java:232)
	at com.kms.katalon.core.main.TestSuiteExecutor.accessTestCaseMainPhase(TestSuiteExecutor.java:129)
	at com.kms.katalon.core.main.TestSuiteExecutor.accessTestSuiteMainPhase(TestSuiteExecutor.java:112)
	at com.kms.katalon.core.main.TestSuiteExecutor.execute(TestSuiteExecutor.java:81)
	at com.kms.katalon.core.main.TestCaseMain.startTestSuite(TestCaseMain.java:157)
	at com.kms.katalon.core.main.TestCaseMain$startTestSuite$0.call(Unknown Source)
	at TempTestSuite1561558681715.run(TempTestSuite1561558681715.groovy:35)]]></system-err>
   </testsuite>
</testsuites>
