<?xml version="1.0" encoding="UTF-8"?>
<testsuites name="ERM_SmokeTest" time="1177" tests="5" failures="2" errors="0">
   <testsuite name="ERM_SmokeTest" tests="5" failures="2" errors="0" time="1177" timestamp="2019-07-08 15:18:15" hostname="promantus inc - G10PROLT025" id="Test Suites/ERM_SmokeTest">
      <properties>
         <property name="deviceName" value=""/>
         <property name="devicePlatform" value=""/>
         <property name="logFolder" value="H:\\Git Projects\\Usgbc_LeedOnline_ScoreCard\\Usgbc_LeedOnline_ScoreCard\\Reports\\ERM_SmokeTest\\20190708_151808"/>
         <property name="logFiles" value="H:\\Git Projects\\Usgbc_LeedOnline_ScoreCard\\Usgbc_LeedOnline_ScoreCard\\Reports\\ERM_SmokeTest\\20190708_151808\\execution0.log"/>
         <property name="attachments" value="H:\\Git Projects\\Usgbc_LeedOnline_ScoreCard\\Usgbc_LeedOnline_ScoreCard\\Reports\\ERM_SmokeTest\\20190708_151808\\1562580260022.png, H:\\Git Projects\\Usgbc_LeedOnline_ScoreCard\\Usgbc_LeedOnline_ScoreCard\\Reports\\ERM_SmokeTest\\20190708_151808\\1562580266297.png"/>
         <property name="hostName" value="promantus inc - G10PROLT025"/>
         <property name="os" value="Windows 10 64bit"/>
         <property name="katalonVersion" value="6.1.3.3"/>
         <property name="browser" value="Chrome 75.0.3770.100"/>
         <property name="hostAddress" value="192.168.232.1"/>
         <property name="sessionId" value="f8213b036d885de42eab68c92e2482af"/>
         <property name="seleniumVersion" value="3.7.1"/>
         <property name="proxyInformation" value="ProxyInformation{proxyOption=NO_PROXY, proxyServerType=HTTP, password=, proxyServerAddress=, proxyServerPort=0}"/>
         <property name="platform" value="Windows 10"/>
      </properties>
      <testcase name="Test Cases/EnhancedRefrigerantManagement/TC_ERM_No_Refrigerants" classname="Test Cases/EnhancedRefrigerantManagement/TC_ERM_No_Refrigerants" status="FAILED">
         <failure type="FAILED" message="Test Cases/EnhancedRefrigerantManagement/TC_ERM_No_Refrigerants FAILED.
Reason:
com.kms.katalon.core.exception.StepFailedException: These following reason:
 [H:\Git Projects\Usgbc_LeedOnline_ScoreCard\Usgbc_LeedOnline_ScoreCard\Include\TestData\DownloadedFiles\creditForm.pdf (The system cannot find the file specified)]
	at com.kms.katalon.core.keyword.internal.KeywordMain.stepFailed(KeywordMain.groovy:48)
	at com.kms.katalon.core.keyword.internal.KeywordMain.stepFailed(KeywordMain.groovy)
	at com.kms.katalon.core.keyword.internal.KeywordMain.stepFailed(KeywordMain.groovy:21)
	at com.kms.katalon.core.keyword.internal.KeywordMain$stepFailed$0.call(Unknown Source)
	at com.kms.katalon.core.cucumber.keyword.CucumberBuiltinKeywords$_runWithCucumberRunner_closure3.doCall(CucumberBuiltinKeywords.groovy:272)
	at com.kms.katalon.core.cucumber.keyword.CucumberBuiltinKeywords$_runWithCucumberRunner_closure3.doCall(CucumberBuiltinKeywords.groovy)
	at com.kms.katalon.core.keyword.internal.KeywordMain.runKeyword(KeywordMain.groovy:66)
	at com.kms.katalon.core.keyword.internal.KeywordMain$runKeyword.call(Unknown Source)
	at com.kms.katalon.core.cucumber.keyword.CucumberBuiltinKeywords.runWithCucumberRunner(CucumberBuiltinKeywords.groovy:257)
	at com.kms.katalon.core.cucumber.keyword.CucumberBuiltinKeywords$runWithCucumberRunner$0.callStatic(Unknown Source)
	at com.kms.katalon.core.cucumber.keyword.CucumberBuiltinKeywords.runWithCucumberRunner(CucumberBuiltinKeywords.groovy:357)
	at com.kms.katalon.core.cucumber.keyword.CucumberBuiltinKeywords$runWithCucumberRunner.call(Unknown Source)
	at TC_ERM_No_Refrigerants.run(TC_ERM_No_Refrigerants:18)
	at com.kms.katalon.core.main.ScriptEngine.run(ScriptEngine.java:194)
	at com.kms.katalon.core.main.ScriptEngine.runScriptAsRawText(ScriptEngine.java:119)
	at com.kms.katalon.core.main.TestCaseExecutor.runScript(TestCaseExecutor.java:336)
	at com.kms.katalon.core.main.TestCaseExecutor.doExecute(TestCaseExecutor.java:327)
	at com.kms.katalon.core.main.TestCaseExecutor.processExecutionPhase(TestCaseExecutor.java:306)
	at com.kms.katalon.core.main.TestCaseExecutor.accessMainPhase(TestCaseExecutor.java:298)
	at com.kms.katalon.core.main.TestCaseExecutor.execute(TestCaseExecutor.java:232)
	at com.kms.katalon.core.main.TestSuiteExecutor.accessTestCaseMainPhase(TestSuiteExecutor.java:129)
	at com.kms.katalon.core.main.TestSuiteExecutor.accessTestSuiteMainPhase(TestSuiteExecutor.java:112)
	at com.kms.katalon.core.main.TestSuiteExecutor.execute(TestSuiteExecutor.java:81)
	at com.kms.katalon.core.main.TestCaseMain.startTestSuite(TestCaseMain.java:157)
	at com.kms.katalon.core.main.TestCaseMain$startTestSuite$0.call(Unknown Source)
	at TempTestSuite1562579292882.run(TempTestSuite1562579292882.groovy:35)
"/>
         <system-out><![CDATA[2019-07-08 15:18:15 - [TEST_CASE][FAILED] - Test Cases/EnhancedRefrigerantManagement/TC_ERM_No_Refrigerants: Test Cases/EnhancedRefrigerantManagement/TC_ERM_No_Refrigerants FAILED.
Reason:
com.kms.katalon.core.exception.StepFailedException: These following reason:
 [H:\Git Projects\Usgbc_LeedOnline_ScoreCard\Usgbc_LeedOnline_ScoreCard\Include\TestData\DownloadedFiles\creditForm.pdf (The system cannot find the file specified)]
	at com.kms.katalon.core.keyword.internal.KeywordMain.stepFailed(KeywordMain.groovy:48)
	at com.kms.katalon.core.keyword.internal.KeywordMain.stepFailed(KeywordMain.groovy)
	at com.kms.katalon.core.keyword.internal.KeywordMain.stepFailed(KeywordMain.groovy:21)
	at com.kms.katalon.core.keyword.internal.KeywordMain$stepFailed$0.call(Unknown Source)
	at com.kms.katalon.core.cucumber.keyword.CucumberBuiltinKeywords$_runWithCucumberRunner_closure3.doCall(CucumberBuiltinKeywords.groovy:272)
	at com.kms.katalon.core.cucumber.keyword.CucumberBuiltinKeywords$_runWithCucumberRunner_closure3.doCall(CucumberBuiltinKeywords.groovy)
	at com.kms.katalon.core.keyword.internal.KeywordMain.runKeyword(KeywordMain.groovy:66)
	at com.kms.katalon.core.keyword.internal.KeywordMain$runKeyword.call(Unknown Source)
	at com.kms.katalon.core.cucumber.keyword.CucumberBuiltinKeywords.runWithCucumberRunner(CucumberBuiltinKeywords.groovy:257)
	at com.kms.katalon.core.cucumber.keyword.CucumberBuiltinKeywords$runWithCucumberRunner$0.callStatic(Unknown Source)
	at com.kms.katalon.core.cucumber.keyword.CucumberBuiltinKeywords.runWithCucumberRunner(CucumberBuiltinKeywords.groovy:357)
	at com.kms.katalon.core.cucumber.keyword.CucumberBuiltinKeywords$runWithCucumberRunner.call(Unknown Source)
	at TC_ERM_No_Refrigerants.run(TC_ERM_No_Refrigerants:18)
	at com.kms.katalon.core.main.ScriptEngine.run(ScriptEngine.java:194)
	at com.kms.katalon.core.main.ScriptEngine.runScriptAsRawText(ScriptEngine.java:119)
	at com.kms.katalon.core.main.TestCaseExecutor.runScript(TestCaseExecutor.java:336)
	at com.kms.katalon.core.main.TestCaseExecutor.doExecute(TestCaseExecutor.java:327)
	at com.kms.katalon.core.main.TestCaseExecutor.processExecutionPhase(TestCaseExecutor.java:306)
	at com.kms.katalon.core.main.TestCaseExecutor.accessMainPhase(TestCaseExecutor.java:298)
	at com.kms.katalon.core.main.TestCaseExecutor.execute(TestCaseExecutor.java:232)
	at com.kms.katalon.core.main.TestSuiteExecutor.accessTestCaseMainPhase(TestSuiteExecutor.java:129)
	at com.kms.katalon.core.main.TestSuiteExecutor.accessTestSuiteMainPhase(TestSuiteExecutor.java:112)
	at com.kms.katalon.core.main.TestSuiteExecutor.execute(TestSuiteExecutor.java:81)
	at com.kms.katalon.core.main.TestCaseMain.startTestSuite(TestCaseMain.java:157)
	at com.kms.katalon.core.main.TestCaseMain$startTestSuite$0.call(Unknown Source)
	at TempTestSuite1562579292882.run(TempTestSuite1562579292882.groovy:35)


2019-07-08 15:18:15 - [TEST_STEP][PASSED] - Start listener action : sampleBeforeTestCase: null

2019-07-08 15:18:15 - [TEST_STEP][PASSED] - openBrowser(""): Browser is opened with url: ''

2019-07-08 15:18:15 - [MESSAGE][INFO] - Starting 'Chrome (headless)' driver

2019-07-08 15:18:15 - [MESSAGE][INFO] - User set preference: ['args', '[--window-size=1920,1080]']

2019-07-08 15:18:15 - [MESSAGE][INFO] - Action delay is set to 0 seconds

2019-07-08 15:18:18 - [MESSAGE][PASSED] - Browser is opened with url: ''

2019-07-08 15:18:18 - [TEST_STEP][PASSED] - driver = getWebDriver(): null

2019-07-08 15:18:18 - [TEST_STEP][PASSED] - println("The driver is ########### " + driver): null

2019-07-08 15:18:18 - [TEST_STEP][PASSED] - downloadPath = "H:\Git Projects\Usgbc_LeedOnline_ScoreCard\Usgbc_LeedOnline_ScoreCard\Include\TestData\DownloadedFiles": null

2019-07-08 15:18:18 - [TEST_STEP][PASSED] - projectKeywords().sendCommandForDownloadChromeHeadLess(driver.getCommandExecutor(), driver.getSessionId(), downloadPath): null

2019-07-08 15:18:19 - [TEST_STEP][FAILED] - runWithCucumberRunner(enhancedRefrigerantManagement.Runner_ERM_No_Refrigerants): Keyword runWithCucumberRunner was failed (Root cause: com.kms.katalon.core.exception.StepFailedException: These following reason:
 [H:\Git Projects\Usgbc_LeedOnline_ScoreCard\Usgbc_LeedOnline_ScoreCard\Include\TestData\DownloadedFiles\creditForm.pdf (The system cannot find the file specified)]
	at com.kms.katalon.core.keyword.internal.KeywordMain.stepFailed(KeywordMain.groovy:48)
	at com.kms.katalon.core.keyword.internal.KeywordMain.stepFailed(KeywordMain.groovy)
	at com.kms.katalon.core.keyword.internal.KeywordMain.stepFailed(KeywordMain.groovy:21)
	at com.kms.katalon.core.keyword.internal.KeywordMain$stepFailed$0.call(Unknown Source)
	at com.kms.katalon.core.cucumber.keyword.CucumberBuiltinKeywords$_runWithCucumberRunner_closure3.doCall(CucumberBuiltinKeywords.groovy:272)
	at com.kms.katalon.core.cucumber.keyword.CucumberBuiltinKeywords$_runWithCucumberRunner_closure3.doCall(CucumberBuiltinKeywords.groovy)
	at com.kms.katalon.core.keyword.internal.KeywordMain.runKeyword(KeywordMain.groovy:66)
	at com.kms.katalon.core.keyword.internal.KeywordMain$runKeyword.call(Unknown Source)
	at com.kms.katalon.core.cucumber.keyword.CucumberBuiltinKeywords.runWithCucumberRunner(CucumberBuiltinKeywords.groovy:257)
	at com.kms.katalon.core.cucumber.keyword.CucumberBuiltinKeywords$runWithCucumberRunner$0.callStatic(Unknown Source)
	at com.kms.katalon.core.cucumber.keyword.CucumberBuiltinKeywords.runWithCucumberRunner(CucumberBuiltinKeywords.groovy:357)
	at com.kms.katalon.core.cucumber.keyword.CucumberBuiltinKeywords$runWithCucumberRunner.call(Unknown Source)
	at TC_ERM_No_Refrigerants.run(TC_ERM_No_Refrigerants:18)
	at com.kms.katalon.core.main.ScriptEngine.run(ScriptEngine.java:194)
	at com.kms.katalon.core.main.ScriptEngine.runScriptAsRawText(ScriptEngine.java:119)
	at com.kms.katalon.core.main.TestCaseExecutor.runScript(TestCaseExecutor.java:336)
	at com.kms.katalon.core.main.TestCaseExecutor.doExecute(TestCaseExecutor.java:327)
	at com.kms.katalon.core.main.TestCaseExecutor.processExecutionPhase(TestCaseExecutor.java:306)
	at com.kms.katalon.core.main.TestCaseExecutor.accessMainPhase(TestCaseExecutor.java:298)
	at com.kms.katalon.core.main.TestCaseExecutor.execute(TestCaseExecutor.java:232)
	at com.kms.katalon.core.main.TestSuiteExecutor.accessTestCaseMainPhase(TestSuiteExecutor.java:129)
	at com.kms.katalon.core.main.TestSuiteExecutor.accessTestSuiteMainPhase(TestSuiteExecutor.java:112)
	at com.kms.katalon.core.main.TestSuiteExecutor.execute(TestSuiteExecutor.java:81)
	at com.kms.katalon.core.main.TestCaseMain.startTestSuite(TestCaseMain.java:157)
	at com.kms.katalon.core.main.TestCaseMain$startTestSuite$0.call(Unknown Source)
	at TempTestSuite1562579292882.run(TempTestSuite1562579292882.groovy:35)
)

2019-07-08 15:18:21 - [TEST_CASE][PASSED] - Test Cases/EnhancedRefrigerantManagement/TC_ERM_Navigation: Test Cases/EnhancedRefrigerantManagement/TC_ERM_Navigation

2019-07-08 15:18:21 - [TEST_STEP][PASSED] - runWithCucumberRunner(enhancedRefrigerantManagement.Runner_ERM_Navigation): Run with 'enhancedRefrigerantManagement.Runner_ERM_Navigation' was passed

2019-07-08 15:18:23 - [TEST_CASE][PASSED] - Test Cases/Login/TC_Login: Test Cases/Login/TC_Login

2019-07-08 15:18:23 - [TEST_STEP][PASSED] - runWithCucumberRunner(common.Runner_Login): Run with 'common.Runner_Login' was passed

2019-07-08 15:18:26 - [MESSAGE][PASSED] - Navigate to 'https://leedonline-stg.usgbc.org' successfully

2019-07-08 15:18:28 - [MESSAGE][PASSED] - Delayed 2 second(s)

2019-07-08 15:18:28 - [MESSAGE][PASSED] - Text 'automationbdd1@gmail.com' is set on object 'Object Repository/Login/input_username'

2019-07-08 15:18:29 - [MESSAGE][PASSED] - Text 'initpass' is set on object 'Object Repository/Login/input_password'

2019-07-08 15:18:32 - [MESSAGE][PASSED] - Delayed 3 second(s)

2019-07-08 15:18:32 - [MESSAGE][PASSED] - Scroll to object 'Object Repository/Login/span_End User License Agreement' successfully

2019-07-08 15:18:32 - [MESSAGE][PASSED] - Object 'Object Repository/Login/span_End User License Agreement' is visible

2019-07-08 15:18:32 - [MESSAGE][PASSED] - Object 'Object Repository/Login/span_End User License Agreement' is checked

2019-07-08 15:18:33 - [MESSAGE][PASSED] - Delayed 1 second(s)

2019-07-08 15:18:33 - [MESSAGE][PASSED] - Object: 'Object Repository/Login/button_Log In' is clicked on

2019-07-08 15:18:42 - [MESSAGE][PASSED] - Object: '' is clicked on

2019-07-08 15:18:44 - [MESSAGE][PASSED] - Object: 'Object Repository/Login/a_Credits' is clicked on

2019-07-08 15:18:44 - [MESSAGE][PASSED] - Run with 'common.Runner_Login' was passed

2019-07-08 15:18:44 - [MESSAGE][PASSED] - Call Test Case 'Test Cases/Login/TC_Login' successfully

2019-07-08 15:18:44 - [MESSAGE][PASSED] - Scroll to object 'Object Repository/EnhancedRefrigerantManagement/ERM_Navigation/div_Enhanced Refrigerant Management' successfully

2019-07-08 15:18:44 - [MESSAGE][PASSED] - Object 'Object Repository/EnhancedRefrigerantManagement/ERM_Navigation/div_Enhanced Refrigerant Management' is present

2019-07-08 15:18:44 - [MESSAGE][PASSED] - Text of object 'Object Repository/EnhancedRefrigerantManagement/ERM_Navigation/h3_Status' is: 'ATTEMPTED'

2019-07-08 15:18:44 - [MESSAGE][PASSED] - Text of object 'Object Repository/EnhancedRefrigerantManagement/ERM_Navigation/divval' is: 'ATTEMPTED'

2019-07-08 15:18:44 - [MESSAGE][PASSED] - Text of object 'Object Repository/EnhancedRefrigerantManagement/ERM_Navigation/h3_Status' is: 'ATTEMPTED'

2019-07-08 15:18:44 - [MESSAGE][PASSED] - Object: 'Object Repository/EnhancedRefrigerantManagement/ERM_Navigation/div_Enhanced Refrigerant Management' is clicked on

2019-07-08 15:18:47 - [MESSAGE][PASSED] - Delayed 3 second(s)

2019-07-08 15:18:53 - [MESSAGE][PASSED] - Object: 'Object Repository/EnhancedRefrigerantManagement/ERM_Navigation/span_(V01)' is clicked on

2019-07-08 15:18:53 - [MESSAGE][PASSED] - Object 'Object Repository/EnhancedRefrigerantManagement/ERM_Navigation/div_EnhancedRefrigerantManagement_Credit' is present

2019-07-08 15:18:53 - [MESSAGE][PASSED] - Run with 'enhancedRefrigerantManagement.Runner_ERM_Navigation' was passed

2019-07-08 15:18:53 - [MESSAGE][PASSED] - Call Test Case 'Test Cases/EnhancedRefrigerantManagement/TC_ERM_Navigation' successfully

2019-07-08 15:18:53 - [MESSAGE][PASSED] - Object 'Object Repository/EnhancedRefrigerantManagement/No_Refrigerants_Opt1/input_No_Refrigerants' is present

2019-07-08 15:18:56 - [MESSAGE][PASSED] - Delayed 3 second(s)

2019-07-08 15:18:56 - [MESSAGE][PASSED] - Object 'Object Repository/EnhancedRefrigerantManagement/No_Refrigerants_Opt1/input_No_Refrigerants' is checked

2019-07-08 15:18:59 - [MESSAGE][PASSED] - Delayed 3 second(s)

2019-07-08 15:18:59 - [MESSAGE][PASSED] - Text 'Option 1. No Refrigerants or Low-Impact Refrigerants.' is present on page 

2019-07-08 15:18:59 - [MESSAGE][PASSED] - Scroll to object 'Object Repository/EnhancedRefrigerantManagement/No_Refrigerants_Opt1/Editor_low_impact_refrigerants/p_low_impact_refrigerants' successfully

2019-07-08 15:18:59 - [MESSAGE][PASSED] - Object 'Object Repository/EnhancedRefrigerantManagement/No_Refrigerants_Opt1/Editor_low_impact_refrigerants/p_low_impact_refrigerants' is present

2019-07-08 15:19:03 - [MESSAGE][PASSED] - Text 'Known that everybody have the personal aim. It is defferent . For example, there are some people think that the most important thing in them life is career. While there are other people think that is family. me too. The most important thing with my life is my small and big family. Because I see the mind is the most important. Let think that if you are verry rich while you alway are worry and sad, you will feel not happy. So I think we should spend many time for looking after our family. When we have a happy family, we will have power to try. At that time we will work better. How do you think. Anna and Henry go to the doctor. Anna has an ultrasound scan. YI2PD' is set on object 'Object Repository/EnhancedRefrigerantManagement/No_Refrigerants_Opt1/Editor_low_impact_refrigerants/body_low_impact'

2019-07-08 15:19:06 - [MESSAGE][PASSED] - Delayed 3 second(s)

2019-07-08 15:19:06 - [MESSAGE][PASSED] - Text of object 'Object Repository/EnhancedRefrigerantManagement/No_Refrigerants_Opt1/Editor_low_impact_refrigerants/body_low_impact' is: 'Known that everybody have the personal aim. It is defferent . For example, there are some people think that the most important thing in them life is career. While there are other people think that is family. me too. The most important thing with my life is my small and big family. Because I see the mind is the most important. Let think that if you are verry rich while you alway are worry and sad, you will feel not happy. So I think we should spend many time for looking after our family. When we have a happy family, we will have power to try. At that time we will work better. How do you think. Anna and Henry go to the doctor. Anna has an ultrasound scan. YI2PD'

2019-07-08 15:19:06 - [MESSAGE][PASSED] - Actual text 'Known that everybody have the personal aim. It is defferent . For example, there are some people think that the most important thing in them life is career. While there are other people think that is family. me too. The most important thing with my life is my small and big family. Because I see the mind is the most important. Let think that if you are verry rich while you alway are worry and sad, you will feel not happy. So I think we should spend many time for looking after our family. When we have a happy family, we will have power to try. At that time we will work better. How do you think. Anna and Henry go to the doctor. Anna has an ultrasound scan. YI2PD' and expected text 'Known that everybody have the personal aim. It is defferent . For example, there are some people think that the most important thing in them life is career. While there are other people think that is family. me too. The most important thing with my life is my small and big family. Because I see the mind is the most important. Let think that if you are verry rich while you alway are worry and sad, you will feel not happy. So I think we should spend many time for looking after our family. When we have a happy family, we will have power to try. At that time we will work better. How do you think. Anna and Henry go to the doctor. Anna has an ultrasound scan. YI2PD' are matched 

2019-07-08 15:19:06 - [MESSAGE][WARNING] - Timeout '0' is invalid. Using default page load timeout: '30'

2019-07-08 15:19:06 - [MESSAGE][PASSED] - Scroll to object 'Object Repository/EnhancedRefrigerantManagement/Special Circumstances/AddFile_additionalDoc/p_Upload any additional documentation' successfully

2019-07-08 15:19:07 - [MESSAGE][PASSED] - Object 'Object Repository/EnhancedRefrigerantManagement/Special Circumstances/AddFile_additionalDoc/p_Upload any additional documentation' is present

2019-07-08 15:19:07 - [MESSAGE][PASSED] - Object 'Object Repository/EnhancedRefrigerantManagement/Special Circumstances/AddFile_additionalDoc/Button_additionalDoc' has attribute 'class' with value 'tiny ui button'

2019-07-08 15:19:07 - [MESSAGE][PASSED] - File 'H:\Git Projects\Usgbc_LeedOnline_ScoreCard\Usgbc_LeedOnline_ScoreCard\Include\TestData\MultipleFileDiffExt\SampleGIFImage_350kbmb.gif' sent to object: 'Object Repository/EnhancedRefrigerantManagement/Special Circumstances/AddFile_additionalDoc/input_additionalDoc'

2019-07-08 15:19:08 - [MESSAGE][PASSED] - Delayed 1 second(s)

2019-07-08 15:19:09 - [MESSAGE][PASSED] - Object 'Object Repository/EnhancedRefrigerantManagement/Special Circumstances/AddFile_additionalDoc/Button_additionalDoc' has attribute 'class' with value 'tiny ui button'

2019-07-08 15:19:09 - [MESSAGE][PASSED] - File 'H:\Git Projects\Usgbc_LeedOnline_ScoreCard\Usgbc_LeedOnline_ScoreCard\Include\TestData\MultipleFileDiffExt\SamplePPTFile_1000kb.ppt' sent to object: 'Object Repository/EnhancedRefrigerantManagement/Special Circumstances/AddFile_additionalDoc/input_additionalDoc'

2019-07-08 15:19:10 - [MESSAGE][PASSED] - Delayed 1 second(s)

2019-07-08 15:19:10 - [MESSAGE][PASSED] - Object 'Object Repository/EnhancedRefrigerantManagement/Special Circumstances/AddFile_additionalDoc/Button_additionalDoc' has attribute 'class' with value 'tiny ui button'

2019-07-08 15:19:10 - [MESSAGE][PASSED] - File 'H:\Git Projects\Usgbc_LeedOnline_ScoreCard\Usgbc_LeedOnline_ScoreCard\Include\TestData\MultipleFileDiffExt\ZZ.pdf' sent to object: 'Object Repository/EnhancedRefrigerantManagement/Special Circumstances/AddFile_additionalDoc/input_additionalDoc'

2019-07-08 15:19:11 - [MESSAGE][PASSED] - Delayed 1 second(s)

2019-07-08 15:19:11 - [MESSAGE][PASSED] - Scroll to object 'Object Repository/EnhancedRefrigerantManagement/Special Circumstances/EditorBox_splCircum/p_EditorBox' successfully

2019-07-08 15:19:11 - [MESSAGE][PASSED] - Object 'Object Repository/EnhancedRefrigerantManagement/Special Circumstances/EditorBox_splCircum/p_EditorBox' is present

2019-07-08 15:19:15 - [MESSAGE][PASSED] - Text 'Known that everybody have the personal aim. It is defferent . For example, there are some people think that the most important thing in them life is career. While there are other people think that is family. me too. The most important thing with my life is my small and big family. Because I see the mind is the most important. Let think that if you are verry rich while you alway are worry and sad, you will feel not happy. So I think we should spend many time for looking after our family. When we have a happy family, we will have power to try. At that time we will work better. How do you think. Anna and Henry go to the doctor. Anna has an ultrasound scan. YI2PD' is set on object 'Object Repository/EnhancedRefrigerantManagement/Special Circumstances/EditorBox_splCircum/body_splCircum'

2019-07-08 15:19:18 - [MESSAGE][PASSED] - Delayed 3 second(s)

2019-07-08 15:19:18 - [MESSAGE][PASSED] - Text of object 'Object Repository/EnhancedRefrigerantManagement/Special Circumstances/EditorBox_splCircum/body_splCircum' is: 'Known that everybody have the personal aim. It is defferent . For example, there are some people think that the most important thing in them life is career. While there are other people think that is family. me too. The most important thing with my life is my small and big family. Because I see the mind is the most important. Let think that if you are verry rich while you alway are worry and sad, you will feel not happy. So I think we should spend many time for looking after our family. When we have a happy family, we will have power to try. At that time we will work better. How do you think. Anna and Henry go to the doctor. Anna has an ultrasound scan. YI2PD'

2019-07-08 15:19:18 - [MESSAGE][PASSED] - Actual text 'Known that everybody have the personal aim. It is defferent . For example, there are some people think that the most important thing in them life is career. While there are other people think that is family. me too. The most important thing with my life is my small and big family. Because I see the mind is the most important. Let think that if you are verry rich while you alway are worry and sad, you will feel not happy. So I think we should spend many time for looking after our family. When we have a happy family, we will have power to try. At that time we will work better. How do you think. Anna and Henry go to the doctor. Anna has an ultrasound scan. YI2PD' and expected text 'Known that everybody have the personal aim. It is defferent . For example, there are some people think that the most important thing in them life is career. While there are other people think that is family. me too. The most important thing with my life is my small and big family. Because I see the mind is the most important. Let think that if you are verry rich while you alway are worry and sad, you will feel not happy. So I think we should spend many time for looking after our family. When we have a happy family, we will have power to try. At that time we will work better. How do you think. Anna and Henry go to the doctor. Anna has an ultrasound scan. YI2PD' are matched 

2019-07-08 15:19:28 - [MESSAGE][PASSED] - Delayed 10 second(s)

2019-07-08 15:19:28 - [MESSAGE][PASSED] - Scroll to object 'Object Repository/EnhancedRefrigerantManagement/button_Save' successfully

2019-07-08 15:19:28 - [MESSAGE][PASSED] - Object 'Object Repository/EnhancedRefrigerantManagement/button_Save' is visible

2019-07-08 15:19:29 - [MESSAGE][PASSED] - Object: 'Object Repository/EnhancedRefrigerantManagement/button_Save' is clicked on

2019-07-08 15:19:31 - [MESSAGE][PASSED] - Delayed 2 second(s)

2019-07-08 15:19:31 - [MESSAGE][PASSED] - Text 'Form data saved successfully.' is present on page 

2019-07-08 15:19:31 - [MESSAGE][PASSED] - Scroll to object 'Object Repository/EnhancedRefrigerantManagement/icon_pdf' successfully

2019-07-08 15:19:31 - [MESSAGE][PASSED] - Object 'Object Repository/EnhancedRefrigerantManagement/icon_pdf' is present

2019-07-08 15:19:36 - [MESSAGE][PASSED] - Delayed 5 second(s)

2019-07-08 15:19:36 - [MESSAGE][PASSED] - Object: 'Object Repository/EnhancedRefrigerantManagement/icon_pdf' is clicked on

2019-07-08 15:19:46 - [MESSAGE][PASSED] - Delayed 10 second(s)

2019-07-08 15:19:47 - [MESSAGE][PASSED] - Refresh successfully

2019-07-08 15:19:48 - [MESSAGE][PASSED] - Text of object 'Object Repository/EnhancedRefrigerantManagement/No_Refrigerants_Opt1/Editor_low_impact_refrigerants/body_low_impact' is: 'Known that everybody have the personal aim. It is defferent . For example, there are some people think that the most important thing in them life is career. While there are other people think that is family. me too. The most important thing with my life is my small and big family. Because I see the mind is the most important. Let think that if you are verry rich while you alway are worry and sad, you will feel not happy. So I think we should spend many time for looking after our family. When we have a happy family, we will have power to try. At that time we will work better. How do you think. Anna and Henry go to the doctor. Anna has an ultrasound scan. YI2PD'

2019-07-08 15:19:48 - [MESSAGE][PASSED] - Actual text 'Known that everybody have the personal aim. It is defferent . For example, there are some people think that the most important thing in them life is career. While there are other people think that is family. me too. The most important thing with my life is my small and big family. Because I see the mind is the most important. Let think that if you are verry rich while you alway are worry and sad, you will feel not happy. So I think we should spend many time for looking after our family. When we have a happy family, we will have power to try. At that time we will work better. How do you think. Anna and Henry go to the doctor. Anna has an ultrasound scan. YI2PD' and expected text 'Known that everybody have the personal aim. It is defferent . For example, there are some people think that the most important thing in them life is career. While there are other people think that is family. me too. The most important thing with my life is my small and big family. Because I see the mind is the most important. Let think that if you are verry rich while you alway are worry and sad, you will feel not happy. So I think we should spend many time for looking after our family. When we have a happy family, we will have power to try. At that time we will work better. How do you think. Anna and Henry go to the doctor. Anna has an ultrasound scan. YI2PD' are matched 

2019-07-08 15:19:48 - [MESSAGE][PASSED] - Text of object 'Object Repository/EnhancedRefrigerantManagement/Special Circumstances/EditorBox_splCircum/body_splCircum' is: 'Known that everybody have the personal aim. It is defferent . For example, there are some people think that the most important thing in them life is career. While there are other people think that is family. me too. The most important thing with my life is my small and big family. Because I see the mind is the most important. Let think that if you are verry rich while you alway are worry and sad, you will feel not happy. So I think we should spend many time for looking after our family. When we have a happy family, we will have power to try. At that time we will work better. How do you think. Anna and Henry go to the doctor. Anna has an ultrasound scan. YI2PD'

2019-07-08 15:19:48 - [MESSAGE][PASSED] - Actual text 'Known that everybody have the personal aim. It is defferent . For example, there are some people think that the most important thing in them life is career. While there are other people think that is family. me too. The most important thing with my life is my small and big family. Because I see the mind is the most important. Let think that if you are verry rich while you alway are worry and sad, you will feel not happy. So I think we should spend many time for looking after our family. When we have a happy family, we will have power to try. At that time we will work better. How do you think. Anna and Henry go to the doctor. Anna has an ultrasound scan. YI2PD' and expected text 'Known that everybody have the personal aim. It is defferent . For example, there are some people think that the most important thing in them life is career. While there are other people think that is family. me too. The most important thing with my life is my small and big family. Because I see the mind is the most important. Let think that if you are verry rich while you alway are worry and sad, you will feel not happy. So I think we should spend many time for looking after our family. When we have a happy family, we will have power to try. At that time we will work better. How do you think. Anna and Henry go to the doctor. Anna has an ultrasound scan. YI2PD' are matched 

2019-07-08 15:19:48 - [MESSAGE][FAILED] - These following reason:
 [H:\Git Projects\Usgbc_LeedOnline_ScoreCard\Usgbc_LeedOnline_ScoreCard\Include\TestData\DownloadedFiles\creditForm.pdf (The system cannot find the file specified)]

2019-07-08 15:19:48 - [MESSAGE][FAILED] - Keyword runWithCucumberRunner was failed (Root cause: com.kms.katalon.core.exception.StepFailedException: These following reason:
 [H:\Git Projects\Usgbc_LeedOnline_ScoreCard\Usgbc_LeedOnline_ScoreCard\Include\TestData\DownloadedFiles\creditForm.pdf (The system cannot find the file specified)]
	at com.kms.katalon.core.keyword.internal.KeywordMain.stepFailed(KeywordMain.groovy:48)
	at com.kms.katalon.core.keyword.internal.KeywordMain.stepFailed(KeywordMain.groovy)
	at com.kms.katalon.core.keyword.internal.KeywordMain.stepFailed(KeywordMain.groovy:21)
	at com.kms.katalon.core.keyword.internal.KeywordMain$stepFailed$0.call(Unknown Source)
	at com.kms.katalon.core.cucumber.keyword.CucumberBuiltinKeywords$_runWithCucumberRunner_closure3.doCall(CucumberBuiltinKeywords.groovy:272)
	at com.kms.katalon.core.cucumber.keyword.CucumberBuiltinKeywords$_runWithCucumberRunner_closure3.doCall(CucumberBuiltinKeywords.groovy)
	at com.kms.katalon.core.keyword.internal.KeywordMain.runKeyword(KeywordMain.groovy:66)
	at com.kms.katalon.core.keyword.internal.KeywordMain$runKeyword.call(Unknown Source)
	at com.kms.katalon.core.cucumber.keyword.CucumberBuiltinKeywords.runWithCucumberRunner(CucumberBuiltinKeywords.groovy:257)
	at com.kms.katalon.core.cucumber.keyword.CucumberBuiltinKeywords$runWithCucumberRunner$0.callStatic(Unknown Source)
	at com.kms.katalon.core.cucumber.keyword.CucumberBuiltinKeywords.runWithCucumberRunner(CucumberBuiltinKeywords.groovy:357)
	at com.kms.katalon.core.cucumber.keyword.CucumberBuiltinKeywords$runWithCucumberRunner.call(Unknown Source)
	at TC_ERM_No_Refrigerants.run(TC_ERM_No_Refrigerants:18)
	at com.kms.katalon.core.main.ScriptEngine.run(ScriptEngine.java:194)
	at com.kms.katalon.core.main.ScriptEngine.runScriptAsRawText(ScriptEngine.java:119)
	at com.kms.katalon.core.main.TestCaseExecutor.runScript(TestCaseExecutor.java:336)
	at com.kms.katalon.core.main.TestCaseExecutor.doExecute(TestCaseExecutor.java:327)
	at com.kms.katalon.core.main.TestCaseExecutor.processExecutionPhase(TestCaseExecutor.java:306)
	at com.kms.katalon.core.main.TestCaseExecutor.accessMainPhase(TestCaseExecutor.java:298)
	at com.kms.katalon.core.main.TestCaseExecutor.execute(TestCaseExecutor.java:232)
	at com.kms.katalon.core.main.TestSuiteExecutor.accessTestCaseMainPhase(TestSuiteExecutor.java:129)
	at com.kms.katalon.core.main.TestSuiteExecutor.accessTestSuiteMainPhase(TestSuiteExecutor.java:112)
	at com.kms.katalon.core.main.TestSuiteExecutor.execute(TestSuiteExecutor.java:81)
	at com.kms.katalon.core.main.TestCaseMain.startTestSuite(TestCaseMain.java:157)
	at com.kms.katalon.core.main.TestCaseMain$startTestSuite$0.call(Unknown Source)
	at TempTestSuite1562579292882.run(TempTestSuite1562579292882.groovy:35)
)

2019-07-08 15:19:48 - [TEST_STEP][PASSED] - Start listener action : sampleAfterTestCase: Browser is closed

2019-07-08 15:19:48 - [TEST_STEP][PASSED] - closeBrowser(): Browser is closed

2019-07-08 15:19:49 - [MESSAGE][PASSED] - Browser is closed]]></system-out>
         <system-err><![CDATA[2019-07-08 15:18:15 - [TEST_CASE][FAILED] - Test Cases/EnhancedRefrigerantManagement/TC_ERM_No_Refrigerants: Test Cases/EnhancedRefrigerantManagement/TC_ERM_No_Refrigerants FAILED.
Reason:
com.kms.katalon.core.exception.StepFailedException: These following reason:
 [H:\Git Projects\Usgbc_LeedOnline_ScoreCard\Usgbc_LeedOnline_ScoreCard\Include\TestData\DownloadedFiles\creditForm.pdf (The system cannot find the file specified)]
	at com.kms.katalon.core.keyword.internal.KeywordMain.stepFailed(KeywordMain.groovy:48)
	at com.kms.katalon.core.keyword.internal.KeywordMain.stepFailed(KeywordMain.groovy)
	at com.kms.katalon.core.keyword.internal.KeywordMain.stepFailed(KeywordMain.groovy:21)
	at com.kms.katalon.core.keyword.internal.KeywordMain$stepFailed$0.call(Unknown Source)
	at com.kms.katalon.core.cucumber.keyword.CucumberBuiltinKeywords$_runWithCucumberRunner_closure3.doCall(CucumberBuiltinKeywords.groovy:272)
	at com.kms.katalon.core.cucumber.keyword.CucumberBuiltinKeywords$_runWithCucumberRunner_closure3.doCall(CucumberBuiltinKeywords.groovy)
	at com.kms.katalon.core.keyword.internal.KeywordMain.runKeyword(KeywordMain.groovy:66)
	at com.kms.katalon.core.keyword.internal.KeywordMain$runKeyword.call(Unknown Source)
	at com.kms.katalon.core.cucumber.keyword.CucumberBuiltinKeywords.runWithCucumberRunner(CucumberBuiltinKeywords.groovy:257)
	at com.kms.katalon.core.cucumber.keyword.CucumberBuiltinKeywords$runWithCucumberRunner$0.callStatic(Unknown Source)
	at com.kms.katalon.core.cucumber.keyword.CucumberBuiltinKeywords.runWithCucumberRunner(CucumberBuiltinKeywords.groovy:357)
	at com.kms.katalon.core.cucumber.keyword.CucumberBuiltinKeywords$runWithCucumberRunner.call(Unknown Source)
	at TC_ERM_No_Refrigerants.run(TC_ERM_No_Refrigerants:18)
	at com.kms.katalon.core.main.ScriptEngine.run(ScriptEngine.java:194)
	at com.kms.katalon.core.main.ScriptEngine.runScriptAsRawText(ScriptEngine.java:119)
	at com.kms.katalon.core.main.TestCaseExecutor.runScript(TestCaseExecutor.java:336)
	at com.kms.katalon.core.main.TestCaseExecutor.doExecute(TestCaseExecutor.java:327)
	at com.kms.katalon.core.main.TestCaseExecutor.processExecutionPhase(TestCaseExecutor.java:306)
	at com.kms.katalon.core.main.TestCaseExecutor.accessMainPhase(TestCaseExecutor.java:298)
	at com.kms.katalon.core.main.TestCaseExecutor.execute(TestCaseExecutor.java:232)
	at com.kms.katalon.core.main.TestSuiteExecutor.accessTestCaseMainPhase(TestSuiteExecutor.java:129)
	at com.kms.katalon.core.main.TestSuiteExecutor.accessTestSuiteMainPhase(TestSuiteExecutor.java:112)
	at com.kms.katalon.core.main.TestSuiteExecutor.execute(TestSuiteExecutor.java:81)
	at com.kms.katalon.core.main.TestCaseMain.startTestSuite(TestCaseMain.java:157)
	at com.kms.katalon.core.main.TestCaseMain$startTestSuite$0.call(Unknown Source)
	at TempTestSuite1562579292882.run(TempTestSuite1562579292882.groovy:35)]]></system-err>
      </testcase>
      <testcase name="Test Cases/EnhancedRefrigerantManagement/TC_ERM_CalculationofRefrigerantImpact" classname="Test Cases/EnhancedRefrigerantManagement/TC_ERM_CalculationofRefrigerantImpact" status="PASSED">
         <system-out><![CDATA[2019-07-08 15:19:49 - [TEST_CASE][PASSED] - Test Cases/EnhancedRefrigerantManagement/TC_ERM_CalculationofRefrigerantImpact: Test Cases/EnhancedRefrigerantManagement/TC_ERM_CalculationofRefrigerantImpact

2019-07-08 15:19:49 - [TEST_STEP][PASSED] - Start listener action : sampleBeforeTestCase: null

2019-07-08 15:19:49 - [TEST_STEP][PASSED] - openBrowser(""): Browser is opened with url: ''

2019-07-08 15:19:49 - [MESSAGE][INFO] - Starting 'Chrome (headless)' driver

2019-07-08 15:19:49 - [MESSAGE][INFO] - User set preference: ['args', '[--window-size=1920,1080]']

2019-07-08 15:19:51 - [MESSAGE][PASSED] - Browser is opened with url: ''

2019-07-08 15:19:51 - [TEST_STEP][PASSED] - driver = getWebDriver(): null

2019-07-08 15:19:51 - [TEST_STEP][PASSED] - println("The driver is ########### " + driver): null

2019-07-08 15:19:51 - [TEST_STEP][PASSED] - downloadPath = "H:\Git Projects\Usgbc_LeedOnline_ScoreCard\Usgbc_LeedOnline_ScoreCard\Include\TestData\DownloadedFiles": null

2019-07-08 15:19:51 - [TEST_STEP][PASSED] - projectKeywords().sendCommandForDownloadChromeHeadLess(driver.getCommandExecutor(), driver.getSessionId(), downloadPath): null

2019-07-08 15:19:51 - [TEST_STEP][PASSED] - runWithCucumberRunner(enhancedRefrigerantManagement.Runner_ERM_CalculationofRefrigerantImpact): Run with 'enhancedRefrigerantManagement.Runner_ERM_CalculationofRefrigerantImpact' was passed

2019-07-08 15:19:52 - [TEST_CASE][PASSED] - Test Cases/EnhancedRefrigerantManagement/TC_ERM_Navigation: Test Cases/EnhancedRefrigerantManagement/TC_ERM_Navigation

2019-07-08 15:19:52 - [TEST_STEP][PASSED] - runWithCucumberRunner(enhancedRefrigerantManagement.Runner_ERM_Navigation): Run with 'enhancedRefrigerantManagement.Runner_ERM_Navigation' was passed

2019-07-08 15:19:53 - [TEST_CASE][PASSED] - Test Cases/Login/TC_Login: Test Cases/Login/TC_Login

2019-07-08 15:19:53 - [TEST_STEP][PASSED] - runWithCucumberRunner(common.Runner_Login): Run with 'common.Runner_Login' was passed

2019-07-08 15:19:56 - [MESSAGE][PASSED] - Navigate to 'https://leedonline-stg.usgbc.org' successfully

2019-07-08 15:19:58 - [MESSAGE][PASSED] - Delayed 2 second(s)

2019-07-08 15:19:58 - [MESSAGE][PASSED] - Text 'automationbdd1@gmail.com' is set on object 'Object Repository/Login/input_username'

2019-07-08 15:19:58 - [MESSAGE][PASSED] - Text 'initpass' is set on object 'Object Repository/Login/input_password'

2019-07-08 15:20:01 - [MESSAGE][PASSED] - Delayed 3 second(s)

2019-07-08 15:20:01 - [MESSAGE][PASSED] - Scroll to object 'Object Repository/Login/span_End User License Agreement' successfully

2019-07-08 15:20:01 - [MESSAGE][PASSED] - Object 'Object Repository/Login/span_End User License Agreement' is visible

2019-07-08 15:20:01 - [MESSAGE][PASSED] - Object 'Object Repository/Login/span_End User License Agreement' is checked

2019-07-08 15:20:02 - [MESSAGE][PASSED] - Delayed 1 second(s)

2019-07-08 15:20:03 - [MESSAGE][PASSED] - Object: 'Object Repository/Login/button_Log In' is clicked on

2019-07-08 15:20:07 - [MESSAGE][PASSED] - Object: '' is clicked on

2019-07-08 15:20:09 - [MESSAGE][PASSED] - Object: 'Object Repository/Login/a_Credits' is clicked on

2019-07-08 15:20:09 - [MESSAGE][PASSED] - Run with 'common.Runner_Login' was passed

2019-07-08 15:20:09 - [MESSAGE][PASSED] - Call Test Case 'Test Cases/Login/TC_Login' successfully

2019-07-08 15:20:09 - [MESSAGE][PASSED] - Scroll to object 'Object Repository/EnhancedRefrigerantManagement/ERM_Navigation/div_Enhanced Refrigerant Management' successfully

2019-07-08 15:20:09 - [MESSAGE][PASSED] - Object 'Object Repository/EnhancedRefrigerantManagement/ERM_Navigation/div_Enhanced Refrigerant Management' is present

2019-07-08 15:20:09 - [MESSAGE][PASSED] - Text of object 'Object Repository/EnhancedRefrigerantManagement/ERM_Navigation/h3_Status' is: 'ATTEMPTED'

2019-07-08 15:20:09 - [MESSAGE][PASSED] - Text of object 'Object Repository/EnhancedRefrigerantManagement/ERM_Navigation/divval' is: 'ATTEMPTED'

2019-07-08 15:20:09 - [MESSAGE][PASSED] - Text of object 'Object Repository/EnhancedRefrigerantManagement/ERM_Navigation/h3_Status' is: 'ATTEMPTED'

2019-07-08 15:20:09 - [MESSAGE][PASSED] - Object: 'Object Repository/EnhancedRefrigerantManagement/ERM_Navigation/div_Enhanced Refrigerant Management' is clicked on

2019-07-08 15:20:12 - [MESSAGE][PASSED] - Delayed 3 second(s)

2019-07-08 15:20:15 - [MESSAGE][PASSED] - Object: 'Object Repository/EnhancedRefrigerantManagement/ERM_Navigation/span_(V01)' is clicked on

2019-07-08 15:20:15 - [MESSAGE][PASSED] - Object 'Object Repository/EnhancedRefrigerantManagement/ERM_Navigation/div_EnhancedRefrigerantManagement_Credit' is present

2019-07-08 15:20:15 - [MESSAGE][PASSED] - Run with 'enhancedRefrigerantManagement.Runner_ERM_Navigation' was passed

2019-07-08 15:20:15 - [MESSAGE][PASSED] - Call Test Case 'Test Cases/EnhancedRefrigerantManagement/TC_ERM_Navigation' successfully

2019-07-08 15:20:15 - [MESSAGE][PASSED] - Object 'Object Repository/EnhancedRefrigerantManagement/Calc_Refrigerant_Impact_Opt2/input_Calc_Refrigerant_Impact' is present

2019-07-08 15:20:18 - [MESSAGE][PASSED] - Delayed 3 second(s)

2019-07-08 15:20:18 - [MESSAGE][PASSED] - Object 'Object Repository/EnhancedRefrigerantManagement/Calc_Refrigerant_Impact_Opt2/input_Calc_Refrigerant_Impact' is checked

2019-07-08 15:20:21 - [MESSAGE][PASSED] - Delayed 3 second(s)

2019-07-08 15:20:22 - [MESSAGE][PASSED] - Text 'Option 2. Calculation of Refrigerant Impact.' is present on page 

2019-07-08 15:20:22 - [MESSAGE][PASSED] - Scroll to object 'Object Repository/EnhancedRefrigerantManagement/Calc_Refrigerant_Impact_Opt2/Table_MechanicalCooling/Table_MechanicalCooling' successfully

2019-07-08 15:20:22 - [MESSAGE][PASSED] - Object 'Object Repository/EnhancedRefrigerantManagement/Calc_Refrigerant_Impact_Opt2/Table_MechanicalCooling/Table_MechanicalCooling' is present

2019-07-08 15:20:22 - [MESSAGE][PASSED] - All options with value 'Split AC or heat pump' are selected in object 'Object Repository/EnhancedRefrigerantManagement/Calc_Refrigerant_Impact_Opt2/Table_MechanicalCooling/select_EquipmentType' 

2019-07-08 15:20:22 - [MESSAGE][PASSED] - Text of object 'Object Repository/EnhancedRefrigerantManagement/Calc_Refrigerant_Impact_Opt2/Table_MechanicalCooling/Units' is cleared

2019-07-08 15:20:22 - [MESSAGE][PASSED] - Text '55' is set on object 'Object Repository/EnhancedRefrigerantManagement/Calc_Refrigerant_Impact_Opt2/Table_MechanicalCooling/Units'

2019-07-08 15:20:22 - [MESSAGE][PASSED] - Text of object 'Object Repository/EnhancedRefrigerantManagement/Calc_Refrigerant_Impact_Opt2/Table_MechanicalCooling/Qunit' is cleared

2019-07-08 15:20:22 - [MESSAGE][PASSED] - Text '56' is set on object 'Object Repository/EnhancedRefrigerantManagement/Calc_Refrigerant_Impact_Opt2/Table_MechanicalCooling/Qunit'

2019-07-08 15:20:22 - [MESSAGE][PASSED] - All options with value 'R-12' are selected in object 'Object Repository/EnhancedRefrigerantManagement/Calc_Refrigerant_Impact_Opt2/Table_MechanicalCooling/select_Refrigerant' 

2019-07-08 15:20:24 - [MESSAGE][PASSED] - Delayed 2 second(s)

2019-07-08 15:20:24 - [MESSAGE][PASSED] - Text of object 'Object Repository/EnhancedRefrigerantManagement/Calc_Refrigerant_Impact_Opt2/Table_MechanicalCooling/RC' is cleared

2019-07-08 15:20:25 - [MESSAGE][PASSED] - Text '57' is set on object 'Object Repository/EnhancedRefrigerantManagement/Calc_Refrigerant_Impact_Opt2/Table_MechanicalCooling/RC'

2019-07-08 15:20:25 - [MESSAGE][PASSED] - Text of object 'Object Repository/EnhancedRefrigerantManagement/Calc_Refrigerant_Impact_Opt2/Table_MechanicalCooling/Life' is cleared

2019-07-08 15:20:25 - [MESSAGE][PASSED] - Text '57' is set on object 'Object Repository/EnhancedRefrigerantManagement/Calc_Refrigerant_Impact_Opt2/Table_MechanicalCooling/Life'

2019-07-08 15:20:25 - [MESSAGE][PASSED] - Object: 'Object Repository/EnhancedRefrigerantManagement/Calc_Refrigerant_Impact_Opt2/Table_MechanicalCooling/i_plus_Button' is clicked on

2019-07-08 15:20:25 - [MESSAGE][PASSED] - All options with value 'Split AC or heat pump' are selected in object ''  using regular expression

2019-07-08 15:20:25 - [MESSAGE][PASSED] - Text '50' is set on object ''

2019-07-08 15:20:26 - [MESSAGE][PASSED] - Text '25' is set on object ''

2019-07-08 15:20:26 - [MESSAGE][PASSED] - All options with value 'R-114' are selected in object ''  using regular expression

2019-07-08 15:20:29 - [MESSAGE][PASSED] - Delayed 3 second(s)

2019-07-08 15:20:29 - [MESSAGE][PASSED] - Text '55' is set on object ''

2019-07-08 15:20:29 - [MESSAGE][PASSED] - Text '35' is set on object ''

2019-07-08 15:20:30 - [MESSAGE][PASSED] - Delayed 1 second(s)

2019-07-08 15:20:30 - [MESSAGE][PASSED] - Object: '' is clicked on

2019-07-08 15:20:31 - [MESSAGE][PASSED] - All options with value 'Reciprocating compressor' are selected in object ''  using regular expression

2019-07-08 15:20:31 - [MESSAGE][PASSED] - Text '40' is set on object ''

2019-07-08 15:20:31 - [MESSAGE][PASSED] - Text '20' is set on object ''

2019-07-08 15:20:31 - [MESSAGE][PASSED] - All options with value 'R-500' are selected in object ''  using regular expression

2019-07-08 15:20:34 - [MESSAGE][PASSED] - Delayed 3 second(s)

2019-07-08 15:20:34 - [MESSAGE][PASSED] - Text '45' is set on object ''

2019-07-08 15:20:35 - [MESSAGE][PASSED] - Text '25' is set on object ''

2019-07-08 15:20:36 - [MESSAGE][PASSED] - Delayed 1 second(s)

2019-07-08 15:20:36 - [MESSAGE][PASSED] - Text of object 'Object Repository/EnhancedRefrigerantManagement/Calc_Refrigerant_Impact_Opt2/Table_MechanicalCooling/GWPr' is: '10,720'

2019-07-08 15:20:36 - [MESSAGE][PASSED] - Text of object 'Object Repository/EnhancedRefrigerantManagement/Calc_Refrigerant_Impact_Opt2/Table_MechanicalCooling/ODPr' is: '1'

2019-07-08 15:20:36 - [MESSAGE][PASSED] - Text of object 'Object Repository/EnhancedRefrigerantManagement/Calc_Refrigerant_Impact_Opt2/Table_MechanicalCooling/Lr' is: '2'

2019-07-08 15:20:36 - [MESSAGE][PASSED] - Text of object 'Object Repository/EnhancedRefrigerantManagement/Calc_Refrigerant_Impact_Opt2/Table_MechanicalCooling/Mr' is: '10'

2019-07-08 15:20:36 - [MESSAGE][PASSED] - Text of object 'Object Repository/EnhancedRefrigerantManagement/Calc_Refrigerant_Impact_Opt2/Table_MechanicalCooling/LCGWP' is: '13,292.8'

2019-07-08 15:20:36 - [MESSAGE][PASSED] - Text of object 'Object Repository/EnhancedRefrigerantManagement/Calc_Refrigerant_Impact_Opt2/Table_MechanicalCooling/LCODP' is: '124,000'

2019-07-08 15:20:36 - [MESSAGE][PASSED] - Text of object 'Object Repository/EnhancedRefrigerantManagement/Calc_Refrigerant_Impact_Opt2/Table_MechanicalCooling/Impact' is: '137,292.8'

2019-07-08 15:20:36 - [MESSAGE][PASSED] - Text of object 'Object Repository/EnhancedRefrigerantManagement/Calc_Refrigerant_Impact_Opt2/Table_MechanicalCooling/ImpactTotal' is: '422,861,824'

2019-07-08 15:20:36 - [MESSAGE][PASSED] - Scroll to object 'Object Repository/EnhancedRefrigerantManagement/Calc_Refrigerant_Impact_Opt2/select_one_radio/GreenChills_silver_level' successfully

2019-07-08 15:20:36 - [MESSAGE][PASSED] - Object 'Object Repository/EnhancedRefrigerantManagement/Calc_Refrigerant_Impact_Opt2/select_one_radio/GreenChills_silver_level' is present

2019-07-08 15:20:37 - [MESSAGE][PASSED] - Object 'Object Repository/EnhancedRefrigerantManagement/Calc_Refrigerant_Impact_Opt2/select_one_radio/GreenChills_silver_level' is checked

2019-07-08 15:20:37 - [MESSAGE][PASSED] - Scroll to object 'Object Repository/EnhancedRefrigerantManagement/Calc_Refrigerant_Impact_Opt2/select_one_radio/Project_requirements' successfully

2019-07-08 15:20:37 - [MESSAGE][PASSED] - Object 'Object Repository/EnhancedRefrigerantManagement/Calc_Refrigerant_Impact_Opt2/select_one_radio/Project_requirements' is present

2019-07-08 15:20:37 - [MESSAGE][PASSED] - Object 'Object Repository/EnhancedRefrigerantManagement/Calc_Refrigerant_Impact_Opt2/select_one_radio/Project_requirements' is checked

2019-07-08 15:20:37 - [MESSAGE][WARNING] - Timeout '0' is invalid. Using default page load timeout: '30'

2019-07-08 15:20:37 - [MESSAGE][PASSED] - Scroll to object 'Object Repository/EnhancedRefrigerantManagement/Calc_Refrigerant_Impact_Opt2/AddFile_refrigerant_equi/p_refrigerant_equi' successfully

2019-07-08 15:20:37 - [MESSAGE][PASSED] - Object 'Object Repository/EnhancedRefrigerantManagement/Calc_Refrigerant_Impact_Opt2/AddFile_refrigerant_equi/p_refrigerant_equi' is present

2019-07-08 15:20:37 - [MESSAGE][PASSED] - Object 'Object Repository/EnhancedRefrigerantManagement/Calc_Refrigerant_Impact_Opt2/AddFile_refrigerant_equi/Button_refrigerant_equi' has attribute 'class' with value 'tiny ui button'

2019-07-08 15:20:37 - [MESSAGE][PASSED] - File 'H:\Git Projects\Usgbc_LeedOnline_ScoreCard\Usgbc_LeedOnline_ScoreCard\Include\TestData\MultipleFileDiffExt\SampleGIFImage_350kbmb.gif' sent to object: 'Object Repository/EnhancedRefrigerantManagement/Calc_Refrigerant_Impact_Opt2/AddFile_refrigerant_equi/input_refrigerant_equi'

2019-07-08 15:20:38 - [MESSAGE][PASSED] - Delayed 1 second(s)

2019-07-08 15:20:39 - [MESSAGE][PASSED] - Object 'Object Repository/EnhancedRefrigerantManagement/Calc_Refrigerant_Impact_Opt2/AddFile_refrigerant_equi/Button_refrigerant_equi' has attribute 'class' with value 'tiny ui button'

2019-07-08 15:20:39 - [MESSAGE][PASSED] - File 'H:\Git Projects\Usgbc_LeedOnline_ScoreCard\Usgbc_LeedOnline_ScoreCard\Include\TestData\MultipleFileDiffExt\SamplePPTFile_1000kb.ppt' sent to object: 'Object Repository/EnhancedRefrigerantManagement/Calc_Refrigerant_Impact_Opt2/AddFile_refrigerant_equi/input_refrigerant_equi'

2019-07-08 15:20:40 - [MESSAGE][PASSED] - Delayed 1 second(s)

2019-07-08 15:20:40 - [MESSAGE][PASSED] - Object 'Object Repository/EnhancedRefrigerantManagement/Calc_Refrigerant_Impact_Opt2/AddFile_refrigerant_equi/Button_refrigerant_equi' has attribute 'class' with value 'tiny ui button'

2019-07-08 15:20:40 - [MESSAGE][PASSED] - File 'H:\Git Projects\Usgbc_LeedOnline_ScoreCard\Usgbc_LeedOnline_ScoreCard\Include\TestData\MultipleFileDiffExt\ZZ.pdf' sent to object: 'Object Repository/EnhancedRefrigerantManagement/Calc_Refrigerant_Impact_Opt2/AddFile_refrigerant_equi/input_refrigerant_equi'

2019-07-08 15:20:41 - [MESSAGE][PASSED] - Delayed 1 second(s)

2019-07-08 15:20:51 - [MESSAGE][PASSED] - Delayed 10 second(s)

2019-07-08 15:20:52 - [MESSAGE][PASSED] - Scroll to object 'Object Repository/EnhancedRefrigerantManagement/button_Save' successfully

2019-07-08 15:20:52 - [MESSAGE][PASSED] - Object 'Object Repository/EnhancedRefrigerantManagement/button_Save' is visible

2019-07-08 15:20:52 - [MESSAGE][PASSED] - Object: 'Object Repository/EnhancedRefrigerantManagement/button_Save' is clicked on

2019-07-08 15:20:54 - [MESSAGE][PASSED] - Delayed 2 second(s)

2019-07-08 15:20:54 - [MESSAGE][PASSED] - Text 'Form data saved successfully.' is present on page 

2019-07-08 15:20:55 - [MESSAGE][PASSED] - Refresh successfully

2019-07-08 15:20:56 - [MESSAGE][PASSED] - Attribute 'value' of object '' is: 'Split AC or heat pump'

2019-07-08 15:20:56 - [MESSAGE][PASSED] - Attribute 'value' of object '' is: '50'

2019-07-08 15:20:56 - [MESSAGE][PASSED] - Attribute 'value' of object '' is: '25'

2019-07-08 15:20:56 - [MESSAGE][PASSED] - Attribute 'value' of object '' is: 'R-114'

2019-07-08 15:20:56 - [MESSAGE][PASSED] - Attribute 'value' of object '' is: '55'

2019-07-08 15:20:56 - [MESSAGE][PASSED] - Attribute 'value' of object '' is: '35'

2019-07-08 15:20:56 - [MESSAGE][PASSED] - Actual text 'Split AC or heat pump' and expected text 'Split AC or heat pump' are matched 

2019-07-08 15:20:56 - [MESSAGE][PASSED] - Actual text '50' and expected text '50' are matched 

2019-07-08 15:20:56 - [MESSAGE][PASSED] - Actual text '25' and expected text '25' are matched 

2019-07-08 15:20:56 - [MESSAGE][PASSED] - Actual text 'R-114' and expected text 'R-114' are matched 

2019-07-08 15:20:56 - [MESSAGE][PASSED] - Actual text '55' and expected text '55' are matched 

2019-07-08 15:20:56 - [MESSAGE][PASSED] - Actual text '35' and expected text '35' are matched 

2019-07-08 15:20:57 - [MESSAGE][PASSED] - Attribute 'value' of object '' is: 'Reciprocating compressor'

2019-07-08 15:20:57 - [MESSAGE][PASSED] - Attribute 'value' of object '' is: '40'

2019-07-08 15:20:57 - [MESSAGE][PASSED] - Attribute 'value' of object '' is: '20'

2019-07-08 15:20:57 - [MESSAGE][PASSED] - Attribute 'value' of object '' is: 'R-500'

2019-07-08 15:20:57 - [MESSAGE][PASSED] - Attribute 'value' of object '' is: '45'

2019-07-08 15:20:57 - [MESSAGE][PASSED] - Attribute 'value' of object '' is: '25'

2019-07-08 15:20:57 - [MESSAGE][PASSED] - Actual text 'Reciprocating compressor' and expected text 'Reciprocating compressor' are matched 

2019-07-08 15:20:57 - [MESSAGE][PASSED] - Actual text '40' and expected text '40' are matched 

2019-07-08 15:20:57 - [MESSAGE][PASSED] - Actual text '20' and expected text '20' are matched 

2019-07-08 15:20:57 - [MESSAGE][PASSED] - Actual text 'R-500' and expected text 'R-500' are matched 

2019-07-08 15:20:57 - [MESSAGE][PASSED] - Actual text '45' and expected text '45' are matched 

2019-07-08 15:20:57 - [MESSAGE][PASSED] - Actual text '25' and expected text '25' are matched 

2019-07-08 15:20:57 - [MESSAGE][PASSED] - Scroll to object 'Object Repository/EnhancedRefrigerantManagement/icon_pdf' successfully

2019-07-08 15:20:57 - [MESSAGE][PASSED] - Object 'Object Repository/EnhancedRefrigerantManagement/icon_pdf' is present

2019-07-08 15:21:02 - [MESSAGE][PASSED] - Delayed 5 second(s)

2019-07-08 15:21:02 - [MESSAGE][PASSED] - Object: 'Object Repository/EnhancedRefrigerantManagement/icon_pdf' is clicked on

2019-07-08 15:21:12 - [MESSAGE][PASSED] - Delayed 10 second(s)

2019-07-08 15:21:12 - [MESSAGE][PASSED] - Scroll to object 'Object Repository/EnhancedRefrigerantManagement/iframe' successfully

2019-07-08 15:21:12 - [MESSAGE][PASSED] - Attribute 'value' of object 'Object Repository/EnhancedRefrigerantManagement/Calc_Refrigerant_Impact_Opt2/Table_MechanicalCooling/select_EquipmentType' is: 'Split AC or heat pump'

2019-07-08 15:21:12 - [MESSAGE][PASSED] - Attribute 'value' of object 'Object Repository/EnhancedRefrigerantManagement/Calc_Refrigerant_Impact_Opt2/Table_MechanicalCooling/Units' is: '55'

2019-07-08 15:21:12 - [MESSAGE][PASSED] - Attribute 'value' of object 'Object Repository/EnhancedRefrigerantManagement/Calc_Refrigerant_Impact_Opt2/Table_MechanicalCooling/Qunit' is: '56'

2019-07-08 15:21:12 - [MESSAGE][PASSED] - Text of object 'Object Repository/EnhancedRefrigerantManagement/Calc_Refrigerant_Impact_Opt2/Table_MechanicalCooling/select_Refrigerant' is: 'R-11
R-12
R-22
R-23
R-114
R-123
R-134a
R-245fa
R-404A
R-407C
R-410A
R-500
R-502
R-507A
Carbon dioxide
Ammonia (NH3)
Propane
None'

2019-07-08 15:21:13 - [MESSAGE][PASSED] - Attribute 'value' of object 'Object Repository/EnhancedRefrigerantManagement/Calc_Refrigerant_Impact_Opt2/Table_MechanicalCooling/RC' is: '57'

2019-07-08 15:21:13 - [MESSAGE][PASSED] - Text of object 'Object Repository/EnhancedRefrigerantManagement/Calc_Refrigerant_Impact_Opt2/Table_MechanicalCooling/Life' is: ''

2019-07-08 15:21:13 - [MESSAGE][PASSED] - Text of object 'Object Repository/EnhancedRefrigerantManagement/Calc_Refrigerant_Impact_Opt2/Table_MechanicalCooling/ImpactTotal' is: '422,861,824'

2019-07-08 15:21:15 - [MESSAGE][PASSED] - Delayed 2 second(s)

2019-07-08 15:21:21 - [MESSAGE][PASSED] - Delayed 5 second(s)

2019-07-08 15:21:21 - [MESSAGE][PASSED] - Scroll to object 'Object Repository/EnhancedRefrigerantManagement/Calc_Refrigerant_Impact_Opt2/AddFile_refrigerant_equi/p_refrigerant_equi' successfully

2019-07-08 15:21:23 - [MESSAGE][PASSED] - Delayed 2 second(s)

2019-07-08 15:21:25 - [MESSAGE][PASSED] - Delayed 2 second(s)

2019-07-08 15:21:29 - [MESSAGE][PASSED] - Navigate back successfully

2019-07-08 15:21:31 - [MESSAGE][PASSED] - Delayed 2 second(s)

2019-07-08 15:21:31 - [MESSAGE][PASSED] - Text of object 'Object Repository/EnhancedRefrigerantManagement/ERM_Navigation/h3_Status' is: 'ATTEMPTED'

2019-07-08 15:21:31 - [MESSAGE][PASSED] - Object: 'Object Repository/EnhancedRefrigerantManagement/ERM_Navigation/a_MarkReadyForReview' is clicked on

2019-07-08 15:21:36 - [MESSAGE][PASSED] - Delayed 5 second(s)

2019-07-08 15:21:36 - [MESSAGE][PASSED] - Text of object 'Object Repository/EnhancedRefrigerantManagement/ERM_Navigation/h3_Status' is: 'READY FOR REVIEW'

2019-07-08 15:21:36 - [MESSAGE][PASSED] - Run with 'enhancedRefrigerantManagement.Runner_ERM_CalculationofRefrigerantImpact' was passed

2019-07-08 15:21:36 - [TEST_STEP][PASSED] - Start listener action : sampleAfterTestCase: Browser is closed

2019-07-08 15:21:36 - [TEST_STEP][PASSED] - closeBrowser(): Browser is closed

2019-07-08 15:21:37 - [MESSAGE][PASSED] - Browser is closed]]></system-out>
         <system-err><![CDATA[]]></system-err>
      </testcase>
      <testcase name="Test Cases/EnhancedRefrigerantManagement/TC_ERM_VerifyUploadedFiles" classname="Test Cases/EnhancedRefrigerantManagement/TC_ERM_VerifyUploadedFiles" status="PASSED">
         <system-out><![CDATA[2019-07-08 15:21:37 - [TEST_CASE][PASSED] - Test Cases/EnhancedRefrigerantManagement/TC_ERM_VerifyUploadedFiles: Test Cases/EnhancedRefrigerantManagement/TC_ERM_VerifyUploadedFiles

2019-07-08 15:21:37 - [TEST_STEP][PASSED] - Start listener action : sampleBeforeTestCase: null

2019-07-08 15:21:37 - [TEST_STEP][PASSED] - openBrowser(""): Browser is opened with url: ''

2019-07-08 15:21:37 - [MESSAGE][INFO] - Starting 'Chrome (headless)' driver

2019-07-08 15:21:37 - [MESSAGE][INFO] - User set preference: ['args', '[--window-size=1920,1080]']

2019-07-08 15:21:39 - [MESSAGE][PASSED] - Browser is opened with url: ''

2019-07-08 15:21:39 - [TEST_STEP][PASSED] - driver = getWebDriver(): null

2019-07-08 15:21:39 - [TEST_STEP][PASSED] - println("The driver is ########### " + driver): null

2019-07-08 15:21:39 - [TEST_STEP][PASSED] - downloadPath = "H:\Git Projects\Usgbc_LeedOnline_ScoreCard\Usgbc_LeedOnline_ScoreCard\Include\TestData\DownloadedFiles": null

2019-07-08 15:21:39 - [TEST_STEP][PASSED] - projectKeywords().sendCommandForDownloadChromeHeadLess(driver.getCommandExecutor(), driver.getSessionId(), downloadPath): null

2019-07-08 15:21:39 - [TEST_STEP][PASSED] - runWithCucumberRunner(enhancedRefrigerantManagement.Runner_ERM_VerifyUploadedFiles): Run with 'enhancedRefrigerantManagement.Runner_ERM_VerifyUploadedFiles' was passed

2019-07-08 15:21:40 - [TEST_CASE][PASSED] - Test Cases/EnhancedRefrigerantManagement/TC_ERM_Navigation: Test Cases/EnhancedRefrigerantManagement/TC_ERM_Navigation

2019-07-08 15:21:40 - [TEST_STEP][PASSED] - runWithCucumberRunner(enhancedRefrigerantManagement.Runner_ERM_Navigation): Run with 'enhancedRefrigerantManagement.Runner_ERM_Navigation' was passed

2019-07-08 15:21:41 - [TEST_CASE][PASSED] - Test Cases/Login/TC_Login: Test Cases/Login/TC_Login

2019-07-08 15:21:41 - [TEST_STEP][PASSED] - runWithCucumberRunner(common.Runner_Login): Run with 'common.Runner_Login' was passed

2019-07-08 15:21:51 - [MESSAGE][PASSED] - Navigate to 'https://leedonline-stg.usgbc.org' successfully

2019-07-08 15:21:53 - [MESSAGE][PASSED] - Delayed 2 second(s)

2019-07-08 15:21:53 - [MESSAGE][PASSED] - Text 'automationbdd1@gmail.com' is set on object 'Object Repository/Login/input_username'

2019-07-08 15:21:53 - [MESSAGE][PASSED] - Text 'initpass' is set on object 'Object Repository/Login/input_password'

2019-07-08 15:21:56 - [MESSAGE][PASSED] - Delayed 3 second(s)

2019-07-08 15:21:56 - [MESSAGE][PASSED] - Scroll to object 'Object Repository/Login/span_End User License Agreement' successfully

2019-07-08 15:21:56 - [MESSAGE][PASSED] - Object 'Object Repository/Login/span_End User License Agreement' is visible

2019-07-08 15:21:56 - [MESSAGE][PASSED] - Object 'Object Repository/Login/span_End User License Agreement' is checked

2019-07-08 15:21:57 - [MESSAGE][PASSED] - Delayed 1 second(s)

2019-07-08 15:21:57 - [MESSAGE][PASSED] - Object: 'Object Repository/Login/button_Log In' is clicked on

2019-07-08 15:22:10 - [MESSAGE][PASSED] - Object: '' is clicked on

2019-07-08 15:22:17 - [MESSAGE][PASSED] - Object: 'Object Repository/Login/a_Credits' is clicked on

2019-07-08 15:22:17 - [MESSAGE][PASSED] - Run with 'common.Runner_Login' was passed

2019-07-08 15:22:17 - [MESSAGE][PASSED] - Call Test Case 'Test Cases/Login/TC_Login' successfully

2019-07-08 15:22:17 - [MESSAGE][PASSED] - Scroll to object 'Object Repository/EnhancedRefrigerantManagement/ERM_Navigation/div_Enhanced Refrigerant Management' successfully

2019-07-08 15:22:17 - [MESSAGE][PASSED] - Object 'Object Repository/EnhancedRefrigerantManagement/ERM_Navigation/div_Enhanced Refrigerant Management' is present

2019-07-08 15:22:17 - [MESSAGE][PASSED] - Text of object 'Object Repository/EnhancedRefrigerantManagement/ERM_Navigation/h3_Status' is: 'READY FOR REVIEW'

2019-07-08 15:22:17 - [MESSAGE][PASSED] - Text of object 'Object Repository/EnhancedRefrigerantManagement/ERM_Navigation/divval' is: 'READY FOR REVIEW'

2019-07-08 15:22:17 - [MESSAGE][PASSED] - Object: 'Object Repository/EnhancedRefrigerantManagement/ERM_Navigation/a_MarkReadyForReview' is clicked on

2019-07-08 15:22:22 - [MESSAGE][PASSED] - Delayed 5 second(s)

2019-07-08 15:22:22 - [MESSAGE][PASSED] - Text of object 'Object Repository/EnhancedRefrigerantManagement/ERM_Navigation/h3_Status' is: 'ATTEMPTED'

2019-07-08 15:22:22 - [MESSAGE][PASSED] - Object: 'Object Repository/EnhancedRefrigerantManagement/ERM_Navigation/div_Enhanced Refrigerant Management' is clicked on

2019-07-08 15:22:25 - [MESSAGE][PASSED] - Delayed 3 second(s)

2019-07-08 15:22:42 - [MESSAGE][PASSED] - Object: 'Object Repository/EnhancedRefrigerantManagement/ERM_Navigation/span_(V01)' is clicked on

2019-07-08 15:22:42 - [MESSAGE][PASSED] - Object 'Object Repository/EnhancedRefrigerantManagement/ERM_Navigation/div_EnhancedRefrigerantManagement_Credit' is present

2019-07-08 15:22:42 - [MESSAGE][PASSED] - Run with 'enhancedRefrigerantManagement.Runner_ERM_Navigation' was passed

2019-07-08 15:22:42 - [MESSAGE][PASSED] - Call Test Case 'Test Cases/EnhancedRefrigerantManagement/TC_ERM_Navigation' successfully

2019-07-08 15:22:42 - [MESSAGE][PASSED] - Scroll to object 'Object Repository/EnhancedRefrigerantManagement/Calc_Refrigerant_Impact_Opt2/AddFile_refrigerant_equi/Table_refrigerant_equi' successfully

2019-07-08 15:22:42 - [MESSAGE][PASSED] - Object 'Object Repository/EnhancedRefrigerantManagement/Calc_Refrigerant_Impact_Opt2/AddFile_refrigerant_equi/Table_refrigerant_equi' is present

2019-07-08 15:22:42 - [MESSAGE][PASSED] - Text of object '' is: 'SampleGIFImage_350kbmb.gif'

2019-07-08 15:22:42 - [MESSAGE][PASSED] - SampleGIFImage_350kbmb.gif is equal to SampleGIFImage_350kbmb.gif

2019-07-08 15:22:42 - [MESSAGE][PASSED] - Actual text 'SampleGIFImage_350kbmb.gif' and expected text 'SampleGIFImage_350kbmb.gif' are matched 

2019-07-08 15:22:42 - [MESSAGE][PASSED] - Text of object '' is: 'SamplePPTFile_1000kb.ppt'

2019-07-08 15:22:42 - [MESSAGE][PASSED] - SamplePPTFile_1000kb.ppt is equal to SamplePPTFile_1000kb.ppt

2019-07-08 15:22:42 - [MESSAGE][PASSED] - Actual text 'SamplePPTFile_1000kb.ppt' and expected text 'SamplePPTFile_1000kb.ppt' are matched 

2019-07-08 15:22:43 - [MESSAGE][PASSED] - Text of object '' is: 'ZZ.pdf'

2019-07-08 15:22:43 - [MESSAGE][PASSED] - ZZ.pdf is equal to ZZ.pdf

2019-07-08 15:22:43 - [MESSAGE][PASSED] - Actual text 'ZZ.pdf' and expected text 'ZZ.pdf' are matched 

2019-07-08 15:22:43 - [MESSAGE][PASSED] - Scroll to object 'Object Repository/EnhancedRefrigerantManagement/Special Circumstances/AddFile_additionalDoc/Table_additionalDoc' successfully

2019-07-08 15:22:43 - [MESSAGE][PASSED] - Object 'Object Repository/EnhancedRefrigerantManagement/Special Circumstances/AddFile_additionalDoc/Table_additionalDoc' is present

2019-07-08 15:22:43 - [MESSAGE][PASSED] - Text of object '' is: 'SampleGIFImage_350kbmb.gif'

2019-07-08 15:22:43 - [MESSAGE][PASSED] - SampleGIFImage_350kbmb.gif is equal to SampleGIFImage_350kbmb.gif

2019-07-08 15:22:43 - [MESSAGE][PASSED] - Actual text 'SampleGIFImage_350kbmb.gif' and expected text 'SampleGIFImage_350kbmb.gif' are matched 

2019-07-08 15:22:43 - [MESSAGE][PASSED] - Text of object '' is: 'SamplePPTFile_1000kb.ppt'

2019-07-08 15:22:43 - [MESSAGE][PASSED] - SamplePPTFile_1000kb.ppt is equal to SamplePPTFile_1000kb.ppt

2019-07-08 15:22:43 - [MESSAGE][PASSED] - Actual text 'SamplePPTFile_1000kb.ppt' and expected text 'SamplePPTFile_1000kb.ppt' are matched 

2019-07-08 15:22:43 - [MESSAGE][PASSED] - Text of object '' is: 'ZZ.pdf'

2019-07-08 15:22:43 - [MESSAGE][PASSED] - ZZ.pdf is equal to ZZ.pdf

2019-07-08 15:22:43 - [MESSAGE][PASSED] - Actual text 'ZZ.pdf' and expected text 'ZZ.pdf' are matched 

2019-07-08 15:22:43 - [MESSAGE][PASSED] - Run with 'enhancedRefrigerantManagement.Runner_ERM_VerifyUploadedFiles' was passed

2019-07-08 15:22:43 - [TEST_STEP][PASSED] - Start listener action : sampleAfterTestCase: Browser is closed

2019-07-08 15:22:43 - [TEST_STEP][PASSED] - closeBrowser(): Browser is closed

2019-07-08 15:22:44 - [MESSAGE][PASSED] - Browser is closed]]></system-out>
         <system-err><![CDATA[]]></system-err>
      </testcase>
      <testcase name="Test Cases/EnhancedRefrigerantManagement/TC_ERM_DownloadedFiles" classname="Test Cases/EnhancedRefrigerantManagement/TC_ERM_DownloadedFiles" status="PASSED">
         <system-out><![CDATA[2019-07-08 15:22:44 - [TEST_CASE][PASSED] - Test Cases/EnhancedRefrigerantManagement/TC_ERM_DownloadedFiles: Test Cases/EnhancedRefrigerantManagement/TC_ERM_DownloadedFiles

2019-07-08 15:22:44 - [TEST_STEP][PASSED] - Start listener action : sampleBeforeTestCase: null

2019-07-08 15:22:44 - [TEST_STEP][PASSED] - openBrowser(""): Browser is opened with url: ''

2019-07-08 15:22:44 - [MESSAGE][INFO] - Starting 'Chrome (headless)' driver

2019-07-08 15:22:44 - [MESSAGE][INFO] - User set preference: ['args', '[--window-size=1920,1080]']

2019-07-08 15:22:46 - [MESSAGE][PASSED] - Browser is opened with url: ''

2019-07-08 15:22:46 - [TEST_STEP][PASSED] - driver = getWebDriver(): null

2019-07-08 15:22:46 - [TEST_STEP][PASSED] - println("The driver is ########### " + driver): null

2019-07-08 15:22:46 - [TEST_STEP][PASSED] - downloadPath = "H:\Git Projects\Usgbc_LeedOnline_ScoreCard\Usgbc_LeedOnline_ScoreCard\Include\TestData\DownloadedFiles": null

2019-07-08 15:22:46 - [TEST_STEP][PASSED] - projectKeywords().sendCommandForDownloadChromeHeadLess(driver.getCommandExecutor(), driver.getSessionId(), downloadPath): null

2019-07-08 15:22:46 - [TEST_STEP][PASSED] - runWithCucumberRunner(enhancedRefrigerantManagement.Runner_ERM_DownloadedFiles): Run with 'enhancedRefrigerantManagement.Runner_ERM_DownloadedFiles' was passed

2019-07-08 15:22:47 - [TEST_CASE][PASSED] - Test Cases/EnhancedRefrigerantManagement/TC_ERM_Navigation: Test Cases/EnhancedRefrigerantManagement/TC_ERM_Navigation

2019-07-08 15:22:47 - [TEST_STEP][PASSED] - runWithCucumberRunner(enhancedRefrigerantManagement.Runner_ERM_Navigation): Run with 'enhancedRefrigerantManagement.Runner_ERM_Navigation' was passed

2019-07-08 15:22:48 - [TEST_CASE][PASSED] - Test Cases/Login/TC_Login: Test Cases/Login/TC_Login

2019-07-08 15:22:48 - [TEST_STEP][PASSED] - runWithCucumberRunner(common.Runner_Login): Run with 'common.Runner_Login' was passed

2019-07-08 15:23:00 - [MESSAGE][PASSED] - Navigate to 'https://leedonline-stg.usgbc.org' successfully

2019-07-08 15:23:02 - [MESSAGE][PASSED] - Delayed 2 second(s)

2019-07-08 15:23:03 - [MESSAGE][PASSED] - Text 'automationbdd1@gmail.com' is set on object 'Object Repository/Login/input_username'

2019-07-08 15:23:03 - [MESSAGE][PASSED] - Text 'initpass' is set on object 'Object Repository/Login/input_password'

2019-07-08 15:23:06 - [MESSAGE][PASSED] - Delayed 3 second(s)

2019-07-08 15:23:06 - [MESSAGE][PASSED] - Scroll to object 'Object Repository/Login/span_End User License Agreement' successfully

2019-07-08 15:23:06 - [MESSAGE][PASSED] - Object 'Object Repository/Login/span_End User License Agreement' is visible

2019-07-08 15:23:06 - [MESSAGE][PASSED] - Object 'Object Repository/Login/span_End User License Agreement' is checked

2019-07-08 15:23:07 - [MESSAGE][PASSED] - Delayed 1 second(s)

2019-07-08 15:23:07 - [MESSAGE][PASSED] - Object: 'Object Repository/Login/button_Log In' is clicked on

2019-07-08 15:23:16 - [MESSAGE][PASSED] - Object: '' is clicked on

2019-07-08 15:23:22 - [MESSAGE][PASSED] - Object: 'Object Repository/Login/a_Credits' is clicked on

2019-07-08 15:23:22 - [MESSAGE][PASSED] - Run with 'common.Runner_Login' was passed

2019-07-08 15:23:22 - [MESSAGE][PASSED] - Call Test Case 'Test Cases/Login/TC_Login' successfully

2019-07-08 15:23:22 - [MESSAGE][PASSED] - Scroll to object 'Object Repository/EnhancedRefrigerantManagement/ERM_Navigation/div_Enhanced Refrigerant Management' successfully

2019-07-08 15:23:22 - [MESSAGE][PASSED] - Object 'Object Repository/EnhancedRefrigerantManagement/ERM_Navigation/div_Enhanced Refrigerant Management' is present

2019-07-08 15:23:22 - [MESSAGE][PASSED] - Text of object 'Object Repository/EnhancedRefrigerantManagement/ERM_Navigation/h3_Status' is: 'ATTEMPTED'

2019-07-08 15:23:22 - [MESSAGE][PASSED] - Text of object 'Object Repository/EnhancedRefrigerantManagement/ERM_Navigation/divval' is: 'ATTEMPTED'

2019-07-08 15:23:22 - [MESSAGE][PASSED] - Text of object 'Object Repository/EnhancedRefrigerantManagement/ERM_Navigation/h3_Status' is: 'ATTEMPTED'

2019-07-08 15:23:22 - [MESSAGE][PASSED] - Object: 'Object Repository/EnhancedRefrigerantManagement/ERM_Navigation/div_Enhanced Refrigerant Management' is clicked on

2019-07-08 15:23:25 - [MESSAGE][PASSED] - Delayed 3 second(s)

2019-07-08 15:23:47 - [MESSAGE][PASSED] - Object: 'Object Repository/EnhancedRefrigerantManagement/ERM_Navigation/span_(V01)' is clicked on

2019-07-08 15:23:47 - [MESSAGE][PASSED] - Object 'Object Repository/EnhancedRefrigerantManagement/ERM_Navigation/div_EnhancedRefrigerantManagement_Credit' is present

2019-07-08 15:23:47 - [MESSAGE][PASSED] - Run with 'enhancedRefrigerantManagement.Runner_ERM_Navigation' was passed

2019-07-08 15:23:47 - [MESSAGE][PASSED] - Call Test Case 'Test Cases/EnhancedRefrigerantManagement/TC_ERM_Navigation' successfully

2019-07-08 15:23:47 - [MESSAGE][PASSED] - Scroll to object 'Object Repository/EnhancedRefrigerantManagement/Calc_Refrigerant_Impact_Opt2/AddFile_refrigerant_equi/Table_refrigerant_equi' successfully

2019-07-08 15:23:47 - [MESSAGE][PASSED] - Object 'Object Repository/EnhancedRefrigerantManagement/Calc_Refrigerant_Impact_Opt2/AddFile_refrigerant_equi/Table_refrigerant_equi' is present

2019-07-08 15:23:48 - [MESSAGE][PASSED] - Scroll to object 'Object Repository/EnhancedRefrigerantManagement/Calc_Refrigerant_Impact_Opt2/AddFile_refrigerant_equi/p_refrigerant_equi' successfully

2019-07-08 15:23:50 - [MESSAGE][PASSED] - Delayed 2 second(s)

2019-07-08 15:23:50 - [MESSAGE][PASSED] - Object: 'Object Repository/EnhancedRefrigerantManagement/Calc_Refrigerant_Impact_Opt2/AddFile_refrigerant_equi/p_refrigerant_equi' is hovered

2019-07-08 15:23:50 - [MESSAGE][PASSED] - Object: '' is clicked on

2019-07-08 15:23:50 - [MESSAGE][PASSED] - Text of object '' is: 'ZZ.pdf'

2019-07-08 15:24:00 - [MESSAGE][PASSED] - Delayed 10 second(s)

2019-07-08 15:24:10 - [MESSAGE][PASSED] - Delayed 10 second(s)

2019-07-08 15:24:20 - [MESSAGE][PASSED] - Delayed 10 second(s)

2019-07-08 15:24:30 - [MESSAGE][PASSED] - Delayed 10 second(s)

2019-07-08 15:24:40 - [MESSAGE][PASSED] - Delayed 10 second(s)

2019-07-08 15:24:40 - [MESSAGE][PASSED] - Object: 'Object Repository/EnhancedRefrigerantManagement/Calc_Refrigerant_Impact_Opt2/AddFile_refrigerant_equi/p_refrigerant_equi' is hovered

2019-07-08 15:24:42 - [MESSAGE][PASSED] - Delayed 2 second(s)

2019-07-08 15:24:44 - [MESSAGE][PASSED] - Delayed 2 second(s)

2019-07-08 15:24:44 - [MESSAGE][PASSED] - Object: 'Object Repository/EnhancedRefrigerantManagement/Calc_Refrigerant_Impact_Opt2/AddFile_refrigerant_equi/p_refrigerant_equi' is hovered

2019-07-08 15:24:44 - [MESSAGE][PASSED] - Object: '' is clicked on

2019-07-08 15:24:44 - [MESSAGE][PASSED] - Text of object '' is: 'SamplePPTFile_1000kb.ppt'

2019-07-08 15:24:54 - [MESSAGE][PASSED] - Delayed 10 second(s)

2019-07-08 15:25:04 - [MESSAGE][PASSED] - Delayed 10 second(s)

2019-07-08 15:25:14 - [MESSAGE][PASSED] - Delayed 10 second(s)

2019-07-08 15:25:24 - [MESSAGE][PASSED] - Delayed 10 second(s)

2019-07-08 15:25:34 - [MESSAGE][PASSED] - Delayed 10 second(s)

2019-07-08 15:25:44 - [MESSAGE][PASSED] - Delayed 10 second(s)

2019-07-08 15:25:54 - [MESSAGE][PASSED] - Delayed 10 second(s)

2019-07-08 15:26:04 - [MESSAGE][PASSED] - Delayed 10 second(s)

2019-07-08 15:26:14 - [MESSAGE][PASSED] - Delayed 10 second(s)

2019-07-08 15:26:15 - [MESSAGE][PASSED] - Object: 'Object Repository/EnhancedRefrigerantManagement/Calc_Refrigerant_Impact_Opt2/AddFile_refrigerant_equi/p_refrigerant_equi' is hovered

2019-07-08 15:26:17 - [MESSAGE][PASSED] - Delayed 2 second(s)

2019-07-08 15:26:19 - [MESSAGE][PASSED] - Delayed 2 second(s)

2019-07-08 15:26:19 - [MESSAGE][PASSED] - Object: 'Object Repository/EnhancedRefrigerantManagement/Calc_Refrigerant_Impact_Opt2/AddFile_refrigerant_equi/p_refrigerant_equi' is hovered

2019-07-08 15:26:19 - [MESSAGE][PASSED] - Object: '' is clicked on

2019-07-08 15:26:19 - [MESSAGE][PASSED] - Text of object '' is: 'SampleGIFImage_350kbmb.gif'

2019-07-08 15:26:29 - [MESSAGE][PASSED] - Delayed 10 second(s)

2019-07-08 15:26:39 - [MESSAGE][PASSED] - Delayed 10 second(s)

2019-07-08 15:26:49 - [MESSAGE][PASSED] - Delayed 10 second(s)

2019-07-08 15:26:59 - [MESSAGE][PASSED] - Delayed 10 second(s)

2019-07-08 15:27:09 - [MESSAGE][PASSED] - Delayed 10 second(s)

2019-07-08 15:27:19 - [MESSAGE][PASSED] - Delayed 10 second(s)

2019-07-08 15:27:29 - [MESSAGE][PASSED] - Delayed 10 second(s)

2019-07-08 15:27:39 - [MESSAGE][PASSED] - Delayed 10 second(s)

2019-07-08 15:27:49 - [MESSAGE][PASSED] - Delayed 10 second(s)

2019-07-08 15:27:59 - [MESSAGE][PASSED] - Delayed 10 second(s)

2019-07-08 15:28:09 - [MESSAGE][PASSED] - Delayed 10 second(s)

2019-07-08 15:28:19 - [MESSAGE][PASSED] - Delayed 10 second(s)

2019-07-08 15:28:29 - [MESSAGE][PASSED] - Delayed 10 second(s)

2019-07-08 15:28:39 - [MESSAGE][PASSED] - Delayed 10 second(s)

2019-07-08 15:28:49 - [MESSAGE][PASSED] - Delayed 10 second(s)

2019-07-08 15:28:59 - [MESSAGE][PASSED] - Delayed 10 second(s)

2019-07-08 15:29:09 - [MESSAGE][PASSED] - Delayed 10 second(s)

2019-07-08 15:29:19 - [MESSAGE][PASSED] - Delayed 10 second(s)

2019-07-08 15:29:29 - [MESSAGE][PASSED] - Delayed 10 second(s)

2019-07-08 15:29:39 - [MESSAGE][PASSED] - Delayed 10 second(s)

2019-07-08 15:29:49 - [MESSAGE][PASSED] - Delayed 10 second(s)

2019-07-08 15:29:59 - [MESSAGE][PASSED] - Delayed 10 second(s)

2019-07-08 15:30:09 - [MESSAGE][PASSED] - Delayed 10 second(s)

2019-07-08 15:30:19 - [MESSAGE][PASSED] - Delayed 10 second(s)

2019-07-08 15:30:29 - [MESSAGE][PASSED] - Delayed 10 second(s)

2019-07-08 15:30:39 - [MESSAGE][PASSED] - Delayed 10 second(s)

2019-07-08 15:30:49 - [MESSAGE][PASSED] - Delayed 10 second(s)

2019-07-08 15:30:59 - [MESSAGE][PASSED] - Delayed 10 second(s)

2019-07-08 15:31:09 - [MESSAGE][PASSED] - Delayed 10 second(s)

2019-07-08 15:31:19 - [MESSAGE][PASSED] - Delayed 10 second(s)

2019-07-08 15:31:19 - [MESSAGE][PASSED] - Object: 'Object Repository/EnhancedRefrigerantManagement/Calc_Refrigerant_Impact_Opt2/AddFile_refrigerant_equi/p_refrigerant_equi' is hovered

2019-07-08 15:31:21 - [MESSAGE][PASSED] - Delayed 2 second(s)

2019-07-08 15:31:24 - [MESSAGE][PASSED] - Delayed 3 second(s)

2019-07-08 15:31:26 - [MESSAGE][PASSED] - Delayed 2 second(s)

2019-07-08 15:31:27 - [MESSAGE][PASSED] - Delayed 1 second(s)

2019-07-08 15:31:27 - [MESSAGE][PASSED] - SampleGIFImage_350kbmb.gif exist in H:/Git Projects/Usgbc_LeedOnline_ScoreCard/Usgbc_LeedOnline_ScoreCard/Include/TestData/DownloadedFiles and was deleted

2019-07-08 15:31:27 - [MESSAGE][PASSED] - 

2019-07-08 15:31:27 - [MESSAGE][PASSED] - Actual text 'SampleGIFImage_350kbmb.gif' and expected text 'SampleGIFImage_350kbmb.gif' are matched 

2019-07-08 15:31:29 - [MESSAGE][PASSED] - Delayed 2 second(s)

2019-07-08 15:31:30 - [MESSAGE][PASSED] - Delayed 1 second(s)

2019-07-08 15:31:30 - [MESSAGE][PASSED] - SamplePPTFile_1000kb.ppt exist in H:/Git Projects/Usgbc_LeedOnline_ScoreCard/Usgbc_LeedOnline_ScoreCard/Include/TestData/DownloadedFiles and was deleted

2019-07-08 15:31:30 - [MESSAGE][PASSED] - 

2019-07-08 15:31:30 - [MESSAGE][PASSED] - Actual text 'SamplePPTFile_1000kb.ppt' and expected text 'SamplePPTFile_1000kb.ppt' are matched 

2019-07-08 15:31:32 - [MESSAGE][PASSED] - Delayed 2 second(s)

2019-07-08 15:31:33 - [MESSAGE][PASSED] - Delayed 1 second(s)

2019-07-08 15:31:33 - [MESSAGE][PASSED] - ZZ.pdf exist in H:/Git Projects/Usgbc_LeedOnline_ScoreCard/Usgbc_LeedOnline_ScoreCard/Include/TestData/DownloadedFiles and was deleted

2019-07-08 15:31:33 - [MESSAGE][PASSED] - 

2019-07-08 15:31:33 - [MESSAGE][PASSED] - Actual text 'ZZ.pdf' and expected text 'ZZ.pdf' are matched 

2019-07-08 15:31:33 - [MESSAGE][PASSED] - Scroll to object 'Object Repository/EnhancedRefrigerantManagement/Special Circumstances/AddFile_additionalDoc/Table_additionalDoc' successfully

2019-07-08 15:31:33 - [MESSAGE][PASSED] - Object 'Object Repository/EnhancedRefrigerantManagement/Special Circumstances/AddFile_additionalDoc/Table_additionalDoc' is present

2019-07-08 15:31:33 - [MESSAGE][PASSED] - Scroll to object 'Object Repository/EnhancedRefrigerantManagement/Special Circumstances/AddFile_additionalDoc/p_Upload any additional documentation' successfully

2019-07-08 15:31:35 - [MESSAGE][PASSED] - Delayed 2 second(s)

2019-07-08 15:31:36 - [MESSAGE][PASSED] - Object: 'Object Repository/EnhancedRefrigerantManagement/Special Circumstances/AddFile_additionalDoc/p_Upload any additional documentation' is hovered

2019-07-08 15:31:36 - [MESSAGE][PASSED] - Object: '' is clicked on

2019-07-08 15:31:36 - [MESSAGE][PASSED] - Text of object '' is: 'ZZ.pdf'

2019-07-08 15:31:46 - [MESSAGE][PASSED] - Delayed 10 second(s)

2019-07-08 15:31:56 - [MESSAGE][PASSED] - Delayed 10 second(s)

2019-07-08 15:32:06 - [MESSAGE][PASSED] - Delayed 10 second(s)

2019-07-08 15:32:06 - [MESSAGE][PASSED] - Object: 'Object Repository/EnhancedRefrigerantManagement/Special Circumstances/AddFile_additionalDoc/p_Upload any additional documentation' is hovered

2019-07-08 15:32:08 - [MESSAGE][PASSED] - Delayed 2 second(s)

2019-07-08 15:32:10 - [MESSAGE][PASSED] - Delayed 2 second(s)

2019-07-08 15:32:10 - [MESSAGE][PASSED] - Object: 'Object Repository/EnhancedRefrigerantManagement/Special Circumstances/AddFile_additionalDoc/p_Upload any additional documentation' is hovered

2019-07-08 15:32:10 - [MESSAGE][PASSED] - Object: '' is clicked on

2019-07-08 15:32:10 - [MESSAGE][PASSED] - Text of object '' is: 'SamplePPTFile_1000kb.ppt'

2019-07-08 15:32:10 - [MESSAGE][PASSED] - Object: 'Object Repository/EnhancedRefrigerantManagement/Special Circumstances/AddFile_additionalDoc/p_Upload any additional documentation' is hovered

2019-07-08 15:32:12 - [MESSAGE][PASSED] - Delayed 2 second(s)

2019-07-08 15:32:14 - [MESSAGE][PASSED] - Delayed 2 second(s)

2019-07-08 15:32:14 - [MESSAGE][PASSED] - Object: 'Object Repository/EnhancedRefrigerantManagement/Special Circumstances/AddFile_additionalDoc/p_Upload any additional documentation' is hovered

2019-07-08 15:32:14 - [MESSAGE][PASSED] - Object: '' is clicked on

2019-07-08 15:32:15 - [MESSAGE][PASSED] - Text of object '' is: 'SampleGIFImage_350kbmb.gif'

2019-07-08 15:32:15 - [MESSAGE][PASSED] - Object: 'Object Repository/EnhancedRefrigerantManagement/Special Circumstances/AddFile_additionalDoc/p_Upload any additional documentation' is hovered

2019-07-08 15:32:17 - [MESSAGE][PASSED] - Delayed 2 second(s)

2019-07-08 15:32:20 - [MESSAGE][PASSED] - Delayed 3 second(s)

2019-07-08 15:32:22 - [MESSAGE][PASSED] - Delayed 2 second(s)

2019-07-08 15:32:23 - [MESSAGE][PASSED] - Delayed 1 second(s)

2019-07-08 15:32:23 - [MESSAGE][PASSED] - SampleGIFImage_350kbmb.gif exist in H:/Git Projects/Usgbc_LeedOnline_ScoreCard/Usgbc_LeedOnline_ScoreCard/Include/TestData/DownloadedFiles and was deleted

2019-07-08 15:32:23 - [MESSAGE][PASSED] - 

2019-07-08 15:32:23 - [MESSAGE][PASSED] - Actual text 'SampleGIFImage_350kbmb.gif' and expected text 'SampleGIFImage_350kbmb.gif' are matched 

2019-07-08 15:32:25 - [MESSAGE][PASSED] - Delayed 2 second(s)

2019-07-08 15:32:26 - [MESSAGE][PASSED] - Delayed 1 second(s)

2019-07-08 15:32:26 - [MESSAGE][PASSED] - SamplePPTFile_1000kb.ppt exist in H:/Git Projects/Usgbc_LeedOnline_ScoreCard/Usgbc_LeedOnline_ScoreCard/Include/TestData/DownloadedFiles and was deleted

2019-07-08 15:32:26 - [MESSAGE][PASSED] - 

2019-07-08 15:32:26 - [MESSAGE][PASSED] - Actual text 'SamplePPTFile_1000kb.ppt' and expected text 'SamplePPTFile_1000kb.ppt' are matched 

2019-07-08 15:32:28 - [MESSAGE][PASSED] - Delayed 2 second(s)

2019-07-08 15:32:29 - [MESSAGE][PASSED] - Delayed 1 second(s)

2019-07-08 15:32:29 - [MESSAGE][PASSED] - ZZ.pdf exist in H:/Git Projects/Usgbc_LeedOnline_ScoreCard/Usgbc_LeedOnline_ScoreCard/Include/TestData/DownloadedFiles and was deleted

2019-07-08 15:32:29 - [MESSAGE][PASSED] - 

2019-07-08 15:32:29 - [MESSAGE][PASSED] - Actual text 'ZZ.pdf' and expected text 'ZZ.pdf' are matched 

2019-07-08 15:32:29 - [MESSAGE][PASSED] - Run with 'enhancedRefrigerantManagement.Runner_ERM_DownloadedFiles' was passed

2019-07-08 15:32:29 - [TEST_STEP][PASSED] - Start listener action : sampleAfterTestCase: Browser is closed

2019-07-08 15:32:29 - [TEST_STEP][PASSED] - closeBrowser(): Browser is closed

2019-07-08 15:32:29 - [MESSAGE][PASSED] - Browser is closed]]></system-out>
         <system-err><![CDATA[]]></system-err>
      </testcase>
      <testcase name="Test Cases/EnhancedRefrigerantManagement/TC_ERM_DeleteUploadedFiles" classname="Test Cases/EnhancedRefrigerantManagement/TC_ERM_DeleteUploadedFiles" status="PASSED">
         <system-out><![CDATA[2019-07-08 15:32:29 - [TEST_CASE][PASSED] - Test Cases/EnhancedRefrigerantManagement/TC_ERM_DeleteUploadedFiles: Test Cases/EnhancedRefrigerantManagement/TC_ERM_DeleteUploadedFiles

2019-07-08 15:32:29 - [TEST_STEP][PASSED] - Start listener action : sampleBeforeTestCase: null

2019-07-08 15:32:29 - [TEST_STEP][PASSED] - openBrowser(""): Browser is opened with url: ''

2019-07-08 15:32:29 - [MESSAGE][INFO] - Starting 'Chrome (headless)' driver

2019-07-08 15:32:29 - [MESSAGE][INFO] - User set preference: ['args', '[--window-size=1920,1080]']

2019-07-08 15:32:32 - [MESSAGE][PASSED] - Browser is opened with url: ''

2019-07-08 15:32:32 - [TEST_STEP][PASSED] - driver = getWebDriver(): null

2019-07-08 15:32:32 - [TEST_STEP][PASSED] - println("The driver is ########### " + driver): null

2019-07-08 15:32:32 - [TEST_STEP][PASSED] - downloadPath = "H:\Git Projects\Usgbc_LeedOnline_ScoreCard\Usgbc_LeedOnline_ScoreCard\Include\TestData\DownloadedFiles": null

2019-07-08 15:32:32 - [TEST_STEP][PASSED] - projectKeywords().sendCommandForDownloadChromeHeadLess(driver.getCommandExecutor(), driver.getSessionId(), downloadPath): null

2019-07-08 15:32:32 - [TEST_STEP][PASSED] - runWithCucumberRunner(enhancedRefrigerantManagement.Runner_ERM_DeleteUploadedFiles): Run with 'enhancedRefrigerantManagement.Runner_ERM_DeleteUploadedFiles' was passed

2019-07-08 15:32:32 - [TEST_CASE][PASSED] - Test Cases/EnhancedRefrigerantManagement/TC_ERM_Navigation: Test Cases/EnhancedRefrigerantManagement/TC_ERM_Navigation

2019-07-08 15:32:32 - [TEST_STEP][PASSED] - runWithCucumberRunner(enhancedRefrigerantManagement.Runner_ERM_Navigation): Run with 'enhancedRefrigerantManagement.Runner_ERM_Navigation' was passed

2019-07-08 15:32:33 - [TEST_CASE][PASSED] - Test Cases/Login/TC_Login: Test Cases/Login/TC_Login

2019-07-08 15:32:33 - [TEST_STEP][PASSED] - runWithCucumberRunner(common.Runner_Login): Run with 'common.Runner_Login' was passed

2019-07-08 15:32:36 - [MESSAGE][PASSED] - Navigate to 'https://leedonline-stg.usgbc.org' successfully

2019-07-08 15:32:38 - [MESSAGE][PASSED] - Delayed 2 second(s)

2019-07-08 15:32:38 - [MESSAGE][PASSED] - Text 'automationbdd1@gmail.com' is set on object 'Object Repository/Login/input_username'

2019-07-08 15:32:39 - [MESSAGE][PASSED] - Text 'initpass' is set on object 'Object Repository/Login/input_password'

2019-07-08 15:32:42 - [MESSAGE][PASSED] - Delayed 3 second(s)

2019-07-08 15:32:42 - [MESSAGE][PASSED] - Scroll to object 'Object Repository/Login/span_End User License Agreement' successfully

2019-07-08 15:32:42 - [MESSAGE][PASSED] - Object 'Object Repository/Login/span_End User License Agreement' is visible

2019-07-08 15:32:42 - [MESSAGE][PASSED] - Object 'Object Repository/Login/span_End User License Agreement' is checked

2019-07-08 15:32:43 - [MESSAGE][PASSED] - Delayed 1 second(s)

2019-07-08 15:32:43 - [MESSAGE][PASSED] - Object: 'Object Repository/Login/button_Log In' is clicked on

2019-07-08 15:32:48 - [MESSAGE][PASSED] - Object: '' is clicked on

2019-07-08 15:32:49 - [MESSAGE][PASSED] - Object: 'Object Repository/Login/a_Credits' is clicked on

2019-07-08 15:32:49 - [MESSAGE][PASSED] - Run with 'common.Runner_Login' was passed

2019-07-08 15:32:49 - [MESSAGE][PASSED] - Call Test Case 'Test Cases/Login/TC_Login' successfully

2019-07-08 15:32:49 - [MESSAGE][PASSED] - Scroll to object 'Object Repository/EnhancedRefrigerantManagement/ERM_Navigation/div_Enhanced Refrigerant Management' successfully

2019-07-08 15:32:49 - [MESSAGE][PASSED] - Object 'Object Repository/EnhancedRefrigerantManagement/ERM_Navigation/div_Enhanced Refrigerant Management' is present

2019-07-08 15:32:50 - [MESSAGE][PASSED] - Text of object 'Object Repository/EnhancedRefrigerantManagement/ERM_Navigation/h3_Status' is: 'ATTEMPTED'

2019-07-08 15:32:50 - [MESSAGE][PASSED] - Text of object 'Object Repository/EnhancedRefrigerantManagement/ERM_Navigation/divval' is: 'ATTEMPTED'

2019-07-08 15:32:50 - [MESSAGE][PASSED] - Text of object 'Object Repository/EnhancedRefrigerantManagement/ERM_Navigation/h3_Status' is: 'ATTEMPTED'

2019-07-08 15:32:50 - [MESSAGE][PASSED] - Object: 'Object Repository/EnhancedRefrigerantManagement/ERM_Navigation/div_Enhanced Refrigerant Management' is clicked on

2019-07-08 15:32:53 - [MESSAGE][PASSED] - Delayed 3 second(s)

2019-07-08 15:32:57 - [MESSAGE][PASSED] - Object: 'Object Repository/EnhancedRefrigerantManagement/ERM_Navigation/span_(V01)' is clicked on

2019-07-08 15:32:57 - [MESSAGE][PASSED] - Object 'Object Repository/EnhancedRefrigerantManagement/ERM_Navigation/div_EnhancedRefrigerantManagement_Credit' is present

2019-07-08 15:32:57 - [MESSAGE][PASSED] - Run with 'enhancedRefrigerantManagement.Runner_ERM_Navigation' was passed

2019-07-08 15:32:57 - [MESSAGE][PASSED] - Call Test Case 'Test Cases/EnhancedRefrigerantManagement/TC_ERM_Navigation' successfully

2019-07-08 15:32:57 - [MESSAGE][PASSED] - Scroll to object 'Object Repository/EnhancedRefrigerantManagement/Calc_Refrigerant_Impact_Opt2/AddFile_refrigerant_equi/Table_refrigerant_equi' successfully

2019-07-08 15:32:57 - [MESSAGE][PASSED] - Object 'Object Repository/EnhancedRefrigerantManagement/Calc_Refrigerant_Impact_Opt2/AddFile_refrigerant_equi/Table_refrigerant_equi' is present

2019-07-08 15:32:57 - [MESSAGE][PASSED] - Scroll to object 'Object Repository/EnhancedRefrigerantManagement/Calc_Refrigerant_Impact_Opt2/AddFile_refrigerant_equi/p_refrigerant_equi' successfully

2019-07-08 15:32:58 - [MESSAGE][PASSED] - Delayed 1 second(s)

2019-07-08 15:32:58 - [MESSAGE][PASSED] - Object: '' is clicked on

2019-07-08 15:33:00 - [MESSAGE][PASSED] - Delayed 2 second(s)

2019-07-08 15:33:01 - [MESSAGE][PASSED] - Object: 'Object Repository/LightPollutionReduction/FixtureShielding/button_Yes' is clicked on

2019-07-08 15:33:02 - [MESSAGE][PASSED] - Delayed 1 second(s)

2019-07-08 15:33:02 - [MESSAGE][PASSED] - Object: '' is clicked on

2019-07-08 15:33:04 - [MESSAGE][PASSED] - Delayed 2 second(s)

2019-07-08 15:33:04 - [MESSAGE][PASSED] - Object: 'Object Repository/LightPollutionReduction/FixtureShielding/button_Yes' is clicked on

2019-07-08 15:33:05 - [MESSAGE][PASSED] - Delayed 1 second(s)

2019-07-08 15:33:05 - [MESSAGE][PASSED] - Object: '' is clicked on

2019-07-08 15:33:07 - [MESSAGE][PASSED] - Delayed 2 second(s)

2019-07-08 15:33:07 - [MESSAGE][PASSED] - Object: 'Object Repository/LightPollutionReduction/FixtureShielding/button_Yes' is clicked on

2019-07-08 15:33:09 - [MESSAGE][PASSED] - Delayed 2 second(s)

2019-07-08 15:33:09 - [MESSAGE][PASSED] - Web element with id: 'Object Repository/EnhancedRefrigerantManagement/Calc_Refrigerant_Impact_Opt2/AddFile_refrigerant_equi/Table_refrigerant_equi' located by 'By.xpath: //*[@id="commercialRefrigUpload_files"]/table' is not present after '30' second(s)

2019-07-08 15:33:09 - [MESSAGE][PASSED] - Scroll to object 'Object Repository/EnhancedRefrigerantManagement/Special Circumstances/AddFile_additionalDoc/Table_additionalDoc' successfully

2019-07-08 15:33:09 - [MESSAGE][PASSED] - Object 'Object Repository/EnhancedRefrigerantManagement/Special Circumstances/AddFile_additionalDoc/Table_additionalDoc' is present

2019-07-08 15:33:09 - [MESSAGE][PASSED] - Scroll to object 'Object Repository/EnhancedRefrigerantManagement/Special Circumstances/AddFile_additionalDoc/p_Upload any additional documentation' successfully

2019-07-08 15:33:10 - [MESSAGE][PASSED] - Delayed 1 second(s)

2019-07-08 15:33:11 - [MESSAGE][PASSED] - Object: '' is clicked on

2019-07-08 15:33:13 - [MESSAGE][PASSED] - Delayed 2 second(s)

2019-07-08 15:33:13 - [MESSAGE][PASSED] - Object: 'Object Repository/LightPollutionReduction/FixtureShielding/button_Yes' is clicked on

2019-07-08 15:33:14 - [MESSAGE][PASSED] - Delayed 1 second(s)

2019-07-08 15:33:14 - [MESSAGE][PASSED] - Object: '' is clicked on

2019-07-08 15:33:16 - [MESSAGE][PASSED] - Delayed 2 second(s)

2019-07-08 15:33:16 - [MESSAGE][PASSED] - Object: 'Object Repository/LightPollutionReduction/FixtureShielding/button_Yes' is clicked on

2019-07-08 15:33:17 - [MESSAGE][PASSED] - Delayed 1 second(s)

2019-07-08 15:33:17 - [MESSAGE][PASSED] - Object: '' is clicked on

2019-07-08 15:33:19 - [MESSAGE][PASSED] - Delayed 2 second(s)

2019-07-08 15:33:19 - [MESSAGE][PASSED] - Object: 'Object Repository/LightPollutionReduction/FixtureShielding/button_Yes' is clicked on

2019-07-08 15:33:21 - [MESSAGE][PASSED] - Delayed 2 second(s)

2019-07-08 15:33:21 - [MESSAGE][PASSED] - Web element with id: 'Object Repository/EnhancedRefrigerantManagement/Special Circumstances/AddFile_additionalDoc/Table_additionalDoc' located by 'By.xpath: //div[@id='splCircumstancesDocs_files']/table' is not present after '30' second(s)

2019-07-08 15:33:21 - [MESSAGE][PASSED] - Run with 'enhancedRefrigerantManagement.Runner_ERM_DeleteUploadedFiles' was passed

2019-07-08 15:33:21 - [TEST_STEP][PASSED] - Start listener action : sampleAfterTestCase: Browser is closed

2019-07-08 15:33:21 - [TEST_STEP][PASSED] - closeBrowser(): Browser is closed

2019-07-08 15:33:22 - [MESSAGE][PASSED] - Browser is closed]]></system-out>
         <system-err><![CDATA[]]></system-err>
      </testcase>
      <testcase name="Test Cases/EnhancedRefrigerantManagement/TC_ERM_NegativeCases" classname="Test Cases/EnhancedRefrigerantManagement/TC_ERM_NegativeCases" status="FAILED">
         <failure type="FAILED" message="Test Cases/EnhancedRefrigerantManagement/TC_ERM_NegativeCases FAILED.
Reason:
com.kms.katalon.core.exception.StepFailedException: These following reason:
 [Unable to verify text 'Please fix the highlighted errors.' is present , Unable to verify text 'Please wait running actions to complete.' is present ]
	at com.kms.katalon.core.keyword.internal.KeywordMain.stepFailed(KeywordMain.groovy:48)
	at com.kms.katalon.core.keyword.internal.KeywordMain.stepFailed(KeywordMain.groovy)
	at com.kms.katalon.core.keyword.internal.KeywordMain.stepFailed(KeywordMain.groovy:21)
	at com.kms.katalon.core.keyword.internal.KeywordMain$stepFailed$0.call(Unknown Source)
	at com.kms.katalon.core.cucumber.keyword.CucumberBuiltinKeywords$_runWithCucumberRunner_closure3.doCall(CucumberBuiltinKeywords.groovy:272)
	at com.kms.katalon.core.cucumber.keyword.CucumberBuiltinKeywords$_runWithCucumberRunner_closure3.doCall(CucumberBuiltinKeywords.groovy)
	at com.kms.katalon.core.keyword.internal.KeywordMain.runKeyword(KeywordMain.groovy:66)
	at com.kms.katalon.core.keyword.internal.KeywordMain$runKeyword.call(Unknown Source)
	at com.kms.katalon.core.cucumber.keyword.CucumberBuiltinKeywords.runWithCucumberRunner(CucumberBuiltinKeywords.groovy:257)
	at com.kms.katalon.core.cucumber.keyword.CucumberBuiltinKeywords$runWithCucumberRunner$0.callStatic(Unknown Source)
	at com.kms.katalon.core.cucumber.keyword.CucumberBuiltinKeywords.runWithCucumberRunner(CucumberBuiltinKeywords.groovy:357)
	at com.kms.katalon.core.cucumber.keyword.CucumberBuiltinKeywords$runWithCucumberRunner.call(Unknown Source)
	at TC_ERM_NegativeCases.run(TC_ERM_NegativeCases:18)
	at com.kms.katalon.core.main.ScriptEngine.run(ScriptEngine.java:194)
	at com.kms.katalon.core.main.ScriptEngine.runScriptAsRawText(ScriptEngine.java:119)
	at com.kms.katalon.core.main.TestCaseExecutor.runScript(TestCaseExecutor.java:336)
	at com.kms.katalon.core.main.TestCaseExecutor.doExecute(TestCaseExecutor.java:327)
	at com.kms.katalon.core.main.TestCaseExecutor.processExecutionPhase(TestCaseExecutor.java:306)
	at com.kms.katalon.core.main.TestCaseExecutor.accessMainPhase(TestCaseExecutor.java:298)
	at com.kms.katalon.core.main.TestCaseExecutor.execute(TestCaseExecutor.java:232)
	at com.kms.katalon.core.main.TestSuiteExecutor.accessTestCaseMainPhase(TestSuiteExecutor.java:129)
	at com.kms.katalon.core.main.TestSuiteExecutor.accessTestSuiteMainPhase(TestSuiteExecutor.java:112)
	at com.kms.katalon.core.main.TestSuiteExecutor.execute(TestSuiteExecutor.java:81)
	at com.kms.katalon.core.main.TestCaseMain.startTestSuite(TestCaseMain.java:157)
	at com.kms.katalon.core.main.TestCaseMain$startTestSuite$0.call(Unknown Source)
	at TempTestSuite1562579292882.run(TempTestSuite1562579292882.groovy:35)
"/>
         <system-out><![CDATA[2019-07-08 15:33:22 - [TEST_CASE][FAILED] - Test Cases/EnhancedRefrigerantManagement/TC_ERM_NegativeCases: Test Cases/EnhancedRefrigerantManagement/TC_ERM_NegativeCases FAILED.
Reason:
com.kms.katalon.core.exception.StepFailedException: These following reason:
 [Unable to verify text 'Please fix the highlighted errors.' is present , Unable to verify text 'Please wait running actions to complete.' is present ]
	at com.kms.katalon.core.keyword.internal.KeywordMain.stepFailed(KeywordMain.groovy:48)
	at com.kms.katalon.core.keyword.internal.KeywordMain.stepFailed(KeywordMain.groovy)
	at com.kms.katalon.core.keyword.internal.KeywordMain.stepFailed(KeywordMain.groovy:21)
	at com.kms.katalon.core.keyword.internal.KeywordMain$stepFailed$0.call(Unknown Source)
	at com.kms.katalon.core.cucumber.keyword.CucumberBuiltinKeywords$_runWithCucumberRunner_closure3.doCall(CucumberBuiltinKeywords.groovy:272)
	at com.kms.katalon.core.cucumber.keyword.CucumberBuiltinKeywords$_runWithCucumberRunner_closure3.doCall(CucumberBuiltinKeywords.groovy)
	at com.kms.katalon.core.keyword.internal.KeywordMain.runKeyword(KeywordMain.groovy:66)
	at com.kms.katalon.core.keyword.internal.KeywordMain$runKeyword.call(Unknown Source)
	at com.kms.katalon.core.cucumber.keyword.CucumberBuiltinKeywords.runWithCucumberRunner(CucumberBuiltinKeywords.groovy:257)
	at com.kms.katalon.core.cucumber.keyword.CucumberBuiltinKeywords$runWithCucumberRunner$0.callStatic(Unknown Source)
	at com.kms.katalon.core.cucumber.keyword.CucumberBuiltinKeywords.runWithCucumberRunner(CucumberBuiltinKeywords.groovy:357)
	at com.kms.katalon.core.cucumber.keyword.CucumberBuiltinKeywords$runWithCucumberRunner.call(Unknown Source)
	at TC_ERM_NegativeCases.run(TC_ERM_NegativeCases:18)
	at com.kms.katalon.core.main.ScriptEngine.run(ScriptEngine.java:194)
	at com.kms.katalon.core.main.ScriptEngine.runScriptAsRawText(ScriptEngine.java:119)
	at com.kms.katalon.core.main.TestCaseExecutor.runScript(TestCaseExecutor.java:336)
	at com.kms.katalon.core.main.TestCaseExecutor.doExecute(TestCaseExecutor.java:327)
	at com.kms.katalon.core.main.TestCaseExecutor.processExecutionPhase(TestCaseExecutor.java:306)
	at com.kms.katalon.core.main.TestCaseExecutor.accessMainPhase(TestCaseExecutor.java:298)
	at com.kms.katalon.core.main.TestCaseExecutor.execute(TestCaseExecutor.java:232)
	at com.kms.katalon.core.main.TestSuiteExecutor.accessTestCaseMainPhase(TestSuiteExecutor.java:129)
	at com.kms.katalon.core.main.TestSuiteExecutor.accessTestSuiteMainPhase(TestSuiteExecutor.java:112)
	at com.kms.katalon.core.main.TestSuiteExecutor.execute(TestSuiteExecutor.java:81)
	at com.kms.katalon.core.main.TestCaseMain.startTestSuite(TestCaseMain.java:157)
	at com.kms.katalon.core.main.TestCaseMain$startTestSuite$0.call(Unknown Source)
	at TempTestSuite1562579292882.run(TempTestSuite1562579292882.groovy:35)


2019-07-08 15:33:22 - [TEST_STEP][PASSED] - Start listener action : sampleBeforeTestCase: null

2019-07-08 15:33:22 - [TEST_STEP][PASSED] - openBrowser(""): Browser is opened with url: ''

2019-07-08 15:33:22 - [MESSAGE][INFO] - Starting 'Chrome (headless)' driver

2019-07-08 15:33:22 - [MESSAGE][INFO] - User set preference: ['args', '[--window-size=1920,1080]']

2019-07-08 15:33:24 - [MESSAGE][PASSED] - Browser is opened with url: ''

2019-07-08 15:33:24 - [TEST_STEP][PASSED] - driver = getWebDriver(): null

2019-07-08 15:33:24 - [TEST_STEP][PASSED] - println("The driver is ########### " + driver): null

2019-07-08 15:33:24 - [TEST_STEP][PASSED] - downloadPath = "H:\Git Projects\Usgbc_LeedOnline_ScoreCard\Usgbc_LeedOnline_ScoreCard\Include\TestData\DownloadedFiles": null

2019-07-08 15:33:24 - [TEST_STEP][PASSED] - projectKeywords().sendCommandForDownloadChromeHeadLess(driver.getCommandExecutor(), driver.getSessionId(), downloadPath): null

2019-07-08 15:33:24 - [TEST_STEP][FAILED] - runWithCucumberRunner(enhancedRefrigerantManagement.Runner_ERM_NegativeCases): Keyword runWithCucumberRunner was failed (Root cause: com.kms.katalon.core.exception.StepFailedException: These following reason:
 [Unable to verify text 'Please fix the highlighted errors.' is present , Unable to verify text 'Please wait running actions to complete.' is present ]
	at com.kms.katalon.core.keyword.internal.KeywordMain.stepFailed(KeywordMain.groovy:48)
	at com.kms.katalon.core.keyword.internal.KeywordMain.stepFailed(KeywordMain.groovy)
	at com.kms.katalon.core.keyword.internal.KeywordMain.stepFailed(KeywordMain.groovy:21)
	at com.kms.katalon.core.keyword.internal.KeywordMain$stepFailed$0.call(Unknown Source)
	at com.kms.katalon.core.cucumber.keyword.CucumberBuiltinKeywords$_runWithCucumberRunner_closure3.doCall(CucumberBuiltinKeywords.groovy:272)
	at com.kms.katalon.core.cucumber.keyword.CucumberBuiltinKeywords$_runWithCucumberRunner_closure3.doCall(CucumberBuiltinKeywords.groovy)
	at com.kms.katalon.core.keyword.internal.KeywordMain.runKeyword(KeywordMain.groovy:66)
	at com.kms.katalon.core.keyword.internal.KeywordMain$runKeyword.call(Unknown Source)
	at com.kms.katalon.core.cucumber.keyword.CucumberBuiltinKeywords.runWithCucumberRunner(CucumberBuiltinKeywords.groovy:257)
	at com.kms.katalon.core.cucumber.keyword.CucumberBuiltinKeywords$runWithCucumberRunner$0.callStatic(Unknown Source)
	at com.kms.katalon.core.cucumber.keyword.CucumberBuiltinKeywords.runWithCucumberRunner(CucumberBuiltinKeywords.groovy:357)
	at com.kms.katalon.core.cucumber.keyword.CucumberBuiltinKeywords$runWithCucumberRunner.call(Unknown Source)
	at TC_ERM_NegativeCases.run(TC_ERM_NegativeCases:18)
	at com.kms.katalon.core.main.ScriptEngine.run(ScriptEngine.java:194)
	at com.kms.katalon.core.main.ScriptEngine.runScriptAsRawText(ScriptEngine.java:119)
	at com.kms.katalon.core.main.TestCaseExecutor.runScript(TestCaseExecutor.java:336)
	at com.kms.katalon.core.main.TestCaseExecutor.doExecute(TestCaseExecutor.java:327)
	at com.kms.katalon.core.main.TestCaseExecutor.processExecutionPhase(TestCaseExecutor.java:306)
	at com.kms.katalon.core.main.TestCaseExecutor.accessMainPhase(TestCaseExecutor.java:298)
	at com.kms.katalon.core.main.TestCaseExecutor.execute(TestCaseExecutor.java:232)
	at com.kms.katalon.core.main.TestSuiteExecutor.accessTestCaseMainPhase(TestSuiteExecutor.java:129)
	at com.kms.katalon.core.main.TestSuiteExecutor.accessTestSuiteMainPhase(TestSuiteExecutor.java:112)
	at com.kms.katalon.core.main.TestSuiteExecutor.execute(TestSuiteExecutor.java:81)
	at com.kms.katalon.core.main.TestCaseMain.startTestSuite(TestCaseMain.java:157)
	at com.kms.katalon.core.main.TestCaseMain$startTestSuite$0.call(Unknown Source)
	at TempTestSuite1562579292882.run(TempTestSuite1562579292882.groovy:35)
)

2019-07-08 15:33:25 - [TEST_CASE][PASSED] - Test Cases/EnhancedRefrigerantManagement/TC_ERM_Navigation: Test Cases/EnhancedRefrigerantManagement/TC_ERM_Navigation

2019-07-08 15:33:25 - [TEST_STEP][PASSED] - runWithCucumberRunner(enhancedRefrigerantManagement.Runner_ERM_Navigation): Run with 'enhancedRefrigerantManagement.Runner_ERM_Navigation' was passed

2019-07-08 15:33:26 - [TEST_CASE][PASSED] - Test Cases/Login/TC_Login: Test Cases/Login/TC_Login

2019-07-08 15:33:26 - [TEST_STEP][PASSED] - runWithCucumberRunner(common.Runner_Login): Run with 'common.Runner_Login' was passed

2019-07-08 15:33:29 - [MESSAGE][PASSED] - Navigate to 'https://leedonline-stg.usgbc.org' successfully

2019-07-08 15:33:31 - [MESSAGE][PASSED] - Delayed 2 second(s)

2019-07-08 15:33:31 - [MESSAGE][PASSED] - Text 'automationbdd1@gmail.com' is set on object 'Object Repository/Login/input_username'

2019-07-08 15:33:32 - [MESSAGE][PASSED] - Text 'initpass' is set on object 'Object Repository/Login/input_password'

2019-07-08 15:33:35 - [MESSAGE][PASSED] - Delayed 3 second(s)

2019-07-08 15:33:35 - [MESSAGE][PASSED] - Scroll to object 'Object Repository/Login/span_End User License Agreement' successfully

2019-07-08 15:33:35 - [MESSAGE][PASSED] - Object 'Object Repository/Login/span_End User License Agreement' is visible

2019-07-08 15:33:35 - [MESSAGE][PASSED] - Object 'Object Repository/Login/span_End User License Agreement' is checked

2019-07-08 15:33:36 - [MESSAGE][PASSED] - Delayed 1 second(s)

2019-07-08 15:33:36 - [MESSAGE][PASSED] - Object: 'Object Repository/Login/button_Log In' is clicked on

2019-07-08 15:34:08 - [MESSAGE][PASSED] - Object: '' is clicked on

2019-07-08 15:34:11 - [MESSAGE][PASSED] - Object: 'Object Repository/Login/a_Credits' is clicked on

2019-07-08 15:34:11 - [MESSAGE][PASSED] - Run with 'common.Runner_Login' was passed

2019-07-08 15:34:11 - [MESSAGE][PASSED] - Call Test Case 'Test Cases/Login/TC_Login' successfully

2019-07-08 15:34:11 - [MESSAGE][PASSED] - Scroll to object 'Object Repository/EnhancedRefrigerantManagement/ERM_Navigation/div_Enhanced Refrigerant Management' successfully

2019-07-08 15:34:11 - [MESSAGE][PASSED] - Object 'Object Repository/EnhancedRefrigerantManagement/ERM_Navigation/div_Enhanced Refrigerant Management' is present

2019-07-08 15:34:11 - [MESSAGE][PASSED] - Text of object 'Object Repository/EnhancedRefrigerantManagement/ERM_Navigation/h3_Status' is: 'ATTEMPTED'

2019-07-08 15:34:11 - [MESSAGE][PASSED] - Text of object 'Object Repository/EnhancedRefrigerantManagement/ERM_Navigation/divval' is: 'ATTEMPTED'

2019-07-08 15:34:11 - [MESSAGE][PASSED] - Text of object 'Object Repository/EnhancedRefrigerantManagement/ERM_Navigation/h3_Status' is: 'ATTEMPTED'

2019-07-08 15:34:11 - [MESSAGE][PASSED] - Object: 'Object Repository/EnhancedRefrigerantManagement/ERM_Navigation/div_Enhanced Refrigerant Management' is clicked on

2019-07-08 15:34:14 - [MESSAGE][PASSED] - Delayed 3 second(s)

2019-07-08 15:34:17 - [MESSAGE][PASSED] - Object: 'Object Repository/EnhancedRefrigerantManagement/ERM_Navigation/span_(V01)' is clicked on

2019-07-08 15:34:17 - [MESSAGE][PASSED] - Object 'Object Repository/EnhancedRefrigerantManagement/ERM_Navigation/div_EnhancedRefrigerantManagement_Credit' is present

2019-07-08 15:34:17 - [MESSAGE][PASSED] - Run with 'enhancedRefrigerantManagement.Runner_ERM_Navigation' was passed

2019-07-08 15:34:17 - [MESSAGE][PASSED] - Call Test Case 'Test Cases/EnhancedRefrigerantManagement/TC_ERM_Navigation' successfully

2019-07-08 15:34:17 - [MESSAGE][PASSED] - Scroll to object 'Object Repository/EnhancedRefrigerantManagement/button_Save' successfully

2019-07-08 15:34:17 - [MESSAGE][PASSED] - Object 'Object Repository/EnhancedRefrigerantManagement/button_Save' is visible

2019-07-08 15:34:19 - [MESSAGE][PASSED] - Delayed 2 second(s)

2019-07-08 15:34:20 - [MESSAGE][FAILED] - Text 'Please fix the highlighted errors.' is not present on page  (Root cause: com.kms.katalon.core.exception.StepFailedException: Text 'Please fix the highlighted errors.' is not present on page 
	at com.kms.katalon.core.webui.keyword.internal.WebUIKeywordMain.stepFailed(WebUIKeywordMain.groovy:64)
	at com.kms.katalon.core.webui.keyword.builtin.VerifyTextPresentKeyword$_verifyTextPresent_closure1.doCall(VerifyTextPresentKeyword.groovy:79)
	at com.kms.katalon.core.webui.keyword.builtin.VerifyTextPresentKeyword$_verifyTextPresent_closure1.call(VerifyTextPresentKeyword.groovy)
	at com.kms.katalon.core.webui.keyword.internal.WebUIKeywordMain.runKeyword(WebUIKeywordMain.groovy:20)
	at com.kms.katalon.core.webui.keyword.builtin.VerifyTextPresentKeyword.verifyTextPresent(VerifyTextPresentKeyword.groovy:83)
	at com.kms.katalon.core.webui.keyword.builtin.VerifyTextPresentKeyword.execute(VerifyTextPresentKeyword.groovy:68)
	at com.kms.katalon.core.keyword.internal.KeywordExecutor.executeKeywordForPlatform(KeywordExecutor.groovy:56)
	at com.kms.katalon.core.webui.keyword.WebUiBuiltInKeywords.verifyTextPresent(WebUiBuiltInKeywords.groovy:1693)
	at com.kms.katalon.core.webui.keyword.WebUiBuiltInKeywords$verifyTextPresent$9.call(Unknown Source)
	at lightPollutionReductionForm.NegativeCasesLPR.an_error_message_saying_please_fix_the_highlighted_errors_will_be_displayed(NegativeCasesLPR.groovy:77)
	at cucumber.runtime.Utils$1.call(Utils.java:26)
	at cucumber.runtime.Timeout.timeout(Timeout.java:16)
	at cucumber.runtime.Utils.invoke(Utils.java:20)
	at cucumber.runtime.java.JavaStepDefinition.execute(JavaStepDefinition.java:48)
	at cucumber.runtime.PickleStepDefinitionMatch.runStep(PickleStepDefinitionMatch.java:50)
	at cucumber.runner.TestStep.executeStep(TestStep.java:55)
	at cucumber.runner.TestStep.run(TestStep.java:42)
	at cucumber.runner.PickleStepTestStep.run(PickleStepTestStep.java:53)
	at cucumber.runner.TestCase.run(TestCase.java:47)
	at cucumber.runner.Runner.runPickle(Runner.java:44)
	at cucumber.runtime.junit.PickleRunners$NoStepDescriptions.run(PickleRunners.java:140)
	at cucumber.runtime.junit.FeatureRunner.runChild(FeatureRunner.java:68)
	at cucumber.runtime.junit.FeatureRunner.runChild(FeatureRunner.java:23)
	at org.junit.runners.ParentRunner$3.run(ParentRunner.java:290)
	at org.junit.runners.ParentRunner$1.schedule(ParentRunner.java:71)
	at org.junit.runners.ParentRunner.runChildren(ParentRunner.java:288)
	at org.junit.runners.ParentRunner.access$000(ParentRunner.java:58)
	at org.junit.runners.ParentRunner$2.evaluate(ParentRunner.java:268)
	at org.junit.runners.ParentRunner.run(ParentRunner.java:363)
	at cucumber.runtime.junit.FeatureRunner.run(FeatureRunner.java:73)
	at cucumber.api.junit.Cucumber.runChild(Cucumber.java:98)
	at cucumber.api.junit.Cucumber.runChild(Cucumber.java:55)
	at org.junit.runners.ParentRunner$3.run(ParentRunner.java:290)
	at org.junit.runners.ParentRunner$1.schedule(ParentRunner.java:71)
	at org.junit.runners.ParentRunner.runChildren(ParentRunner.java:288)
	at org.junit.runners.ParentRunner.access$000(ParentRunner.java:58)
	at org.junit.runners.ParentRunner$2.evaluate(ParentRunner.java:268)
	at cucumber.api.junit.Cucumber$1.evaluate(Cucumber.java:107)
	at org.junit.runners.ParentRunner.run(ParentRunner.java:363)
	at org.junit.runners.Suite.runChild(Suite.java:128)
	at org.junit.runners.Suite.runChild(Suite.java:27)
	at org.junit.runners.ParentRunner$3.run(ParentRunner.java:290)
	at org.junit.runners.ParentRunner$1.schedule(ParentRunner.java:71)
	at org.junit.runners.ParentRunner.runChildren(ParentRunner.java:288)
	at org.junit.runners.ParentRunner.access$000(ParentRunner.java:58)
	at org.junit.runners.ParentRunner$2.evaluate(ParentRunner.java:268)
	at org.junit.runners.ParentRunner.run(ParentRunner.java:363)
	at org.junit.runner.JUnitCore.run(JUnitCore.java:137)
	at org.junit.runner.JUnitCore.run(JUnitCore.java:115)
	at org.junit.runner.JUnitCore.run(JUnitCore.java:105)
	at com.kms.katalon.core.cucumber.keyword.CucumberBuiltinKeywords$_runWithCucumberRunner_closure3.doCall(CucumberBuiltinKeywords.groovy:260)
	at com.kms.katalon.core.cucumber.keyword.CucumberBuiltinKeywords$_runWithCucumberRunner_closure3.doCall(CucumberBuiltinKeywords.groovy)
	at com.kms.katalon.core.keyword.internal.KeywordMain.runKeyword(KeywordMain.groovy:66)
	at com.kms.katalon.core.keyword.internal.KeywordMain$runKeyword.call(Unknown Source)
	at com.kms.katalon.core.cucumber.keyword.CucumberBuiltinKeywords.runWithCucumberRunner(CucumberBuiltinKeywords.groovy:257)
	at com.kms.katalon.core.cucumber.keyword.CucumberBuiltinKeywords$runWithCucumberRunner$0.callStatic(Unknown Source)
	at com.kms.katalon.core.cucumber.keyword.CucumberBuiltinKeywords.runWithCucumberRunner(CucumberBuiltinKeywords.groovy:357)
	at com.kms.katalon.core.cucumber.keyword.CucumberBuiltinKeywords$runWithCucumberRunner.call(Unknown Source)
	at TC_ERM_NegativeCases.run(TC_ERM_NegativeCases:18)
	at com.kms.katalon.core.main.ScriptEngine.run(ScriptEngine.java:194)
	at com.kms.katalon.core.main.ScriptEngine.runScriptAsRawText(ScriptEngine.java:119)
	at com.kms.katalon.core.main.TestCaseExecutor.runScript(TestCaseExecutor.java:336)
	at com.kms.katalon.core.main.TestCaseExecutor.doExecute(TestCaseExecutor.java:327)
	at com.kms.katalon.core.main.TestCaseExecutor.processExecutionPhase(TestCaseExecutor.java:306)
	at com.kms.katalon.core.main.TestCaseExecutor.accessMainPhase(TestCaseExecutor.java:298)
	at com.kms.katalon.core.main.TestCaseExecutor.execute(TestCaseExecutor.java:232)
	at com.kms.katalon.core.main.TestSuiteExecutor.accessTestCaseMainPhase(TestSuiteExecutor.java:129)
	at com.kms.katalon.core.main.TestSuiteExecutor.accessTestSuiteMainPhase(TestSuiteExecutor.java:112)
	at com.kms.katalon.core.main.TestSuiteExecutor.execute(TestSuiteExecutor.java:81)
	at com.kms.katalon.core.main.TestCaseMain.startTestSuite(TestCaseMain.java:157)
	at com.kms.katalon.core.main.TestCaseMain$startTestSuite$0.call(Unknown Source)
	at TempTestSuite1562579292882.run(TempTestSuite1562579292882.groovy:35)
)

2019-07-08 15:34:20 - [MESSAGE][FAILED] - Unable to verify text 'Please fix the highlighted errors.' is present  (Root cause: com.kms.katalon.core.exception.StepFailedException: Unable to verify text 'Please fix the highlighted errors.' is present 
	at com.kms.katalon.core.webui.keyword.internal.WebUIKeywordMain.stepFailed(WebUIKeywordMain.groovy:64)
	at com.kms.katalon.core.webui.keyword.internal.WebUIKeywordMain.runKeyword(WebUIKeywordMain.groovy:26)
	at com.kms.katalon.core.webui.keyword.builtin.VerifyTextPresentKeyword.verifyTextPresent(VerifyTextPresentKeyword.groovy:83)
	at com.kms.katalon.core.webui.keyword.builtin.VerifyTextPresentKeyword.execute(VerifyTextPresentKeyword.groovy:68)
	at com.kms.katalon.core.keyword.internal.KeywordExecutor.executeKeywordForPlatform(KeywordExecutor.groovy:56)
	at com.kms.katalon.core.webui.keyword.WebUiBuiltInKeywords.verifyTextPresent(WebUiBuiltInKeywords.groovy:1693)
	at com.kms.katalon.core.webui.keyword.WebUiBuiltInKeywords$verifyTextPresent$9.call(Unknown Source)
	at lightPollutionReductionForm.NegativeCasesLPR.an_error_message_saying_please_fix_the_highlighted_errors_will_be_displayed(NegativeCasesLPR.groovy:77)
	at cucumber.runtime.Utils$1.call(Utils.java:26)
	at cucumber.runtime.Timeout.timeout(Timeout.java:16)
	at cucumber.runtime.Utils.invoke(Utils.java:20)
	at cucumber.runtime.java.JavaStepDefinition.execute(JavaStepDefinition.java:48)
	at cucumber.runtime.PickleStepDefinitionMatch.runStep(PickleStepDefinitionMatch.java:50)
	at cucumber.runner.TestStep.executeStep(TestStep.java:55)
	at cucumber.runner.TestStep.run(TestStep.java:42)
	at cucumber.runner.PickleStepTestStep.run(PickleStepTestStep.java:53)
	at cucumber.runner.TestCase.run(TestCase.java:47)
	at cucumber.runner.Runner.runPickle(Runner.java:44)
	at cucumber.runtime.junit.PickleRunners$NoStepDescriptions.run(PickleRunners.java:140)
	at cucumber.runtime.junit.FeatureRunner.runChild(FeatureRunner.java:68)
	at cucumber.runtime.junit.FeatureRunner.runChild(FeatureRunner.java:23)
	at org.junit.runners.ParentRunner$3.run(ParentRunner.java:290)
	at org.junit.runners.ParentRunner$1.schedule(ParentRunner.java:71)
	at org.junit.runners.ParentRunner.runChildren(ParentRunner.java:288)
	at org.junit.runners.ParentRunner.access$000(ParentRunner.java:58)
	at org.junit.runners.ParentRunner$2.evaluate(ParentRunner.java:268)
	at org.junit.runners.ParentRunner.run(ParentRunner.java:363)
	at cucumber.runtime.junit.FeatureRunner.run(FeatureRunner.java:73)
	at cucumber.api.junit.Cucumber.runChild(Cucumber.java:98)
	at cucumber.api.junit.Cucumber.runChild(Cucumber.java:55)
	at org.junit.runners.ParentRunner$3.run(ParentRunner.java:290)
	at org.junit.runners.ParentRunner$1.schedule(ParentRunner.java:71)
	at org.junit.runners.ParentRunner.runChildren(ParentRunner.java:288)
	at org.junit.runners.ParentRunner.access$000(ParentRunner.java:58)
	at org.junit.runners.ParentRunner$2.evaluate(ParentRunner.java:268)
	at cucumber.api.junit.Cucumber$1.evaluate(Cucumber.java:107)
	at org.junit.runners.ParentRunner.run(ParentRunner.java:363)
	at org.junit.runners.Suite.runChild(Suite.java:128)
	at org.junit.runners.Suite.runChild(Suite.java:27)
	at org.junit.runners.ParentRunner$3.run(ParentRunner.java:290)
	at org.junit.runners.ParentRunner$1.schedule(ParentRunner.java:71)
	at org.junit.runners.ParentRunner.runChildren(ParentRunner.java:288)
	at org.junit.runners.ParentRunner.access$000(ParentRunner.java:58)
	at org.junit.runners.ParentRunner$2.evaluate(ParentRunner.java:268)
	at org.junit.runners.ParentRunner.run(ParentRunner.java:363)
	at org.junit.runner.JUnitCore.run(JUnitCore.java:137)
	at org.junit.runner.JUnitCore.run(JUnitCore.java:115)
	at org.junit.runner.JUnitCore.run(JUnitCore.java:105)
	at com.kms.katalon.core.cucumber.keyword.CucumberBuiltinKeywords$_runWithCucumberRunner_closure3.doCall(CucumberBuiltinKeywords.groovy:260)
	at com.kms.katalon.core.cucumber.keyword.CucumberBuiltinKeywords$_runWithCucumberRunner_closure3.doCall(CucumberBuiltinKeywords.groovy)
	at com.kms.katalon.core.keyword.internal.KeywordMain.runKeyword(KeywordMain.groovy:66)
	at com.kms.katalon.core.keyword.internal.KeywordMain$runKeyword.call(Unknown Source)
	at com.kms.katalon.core.cucumber.keyword.CucumberBuiltinKeywords.runWithCucumberRunner(CucumberBuiltinKeywords.groovy:257)
	at com.kms.katalon.core.cucumber.keyword.CucumberBuiltinKeywords$runWithCucumberRunner$0.callStatic(Unknown Source)
	at com.kms.katalon.core.cucumber.keyword.CucumberBuiltinKeywords.runWithCucumberRunner(CucumberBuiltinKeywords.groovy:357)
	at com.kms.katalon.core.cucumber.keyword.CucumberBuiltinKeywords$runWithCucumberRunner.call(Unknown Source)
	at TC_ERM_NegativeCases.run(TC_ERM_NegativeCases:18)
	at com.kms.katalon.core.main.ScriptEngine.run(ScriptEngine.java:194)
	at com.kms.katalon.core.main.ScriptEngine.runScriptAsRawText(ScriptEngine.java:119)
	at com.kms.katalon.core.main.TestCaseExecutor.runScript(TestCaseExecutor.java:336)
	at com.kms.katalon.core.main.TestCaseExecutor.doExecute(TestCaseExecutor.java:327)
	at com.kms.katalon.core.main.TestCaseExecutor.processExecutionPhase(TestCaseExecutor.java:306)
	at com.kms.katalon.core.main.TestCaseExecutor.accessMainPhase(TestCaseExecutor.java:298)
	at com.kms.katalon.core.main.TestCaseExecutor.execute(TestCaseExecutor.java:232)
	at com.kms.katalon.core.main.TestSuiteExecutor.accessTestCaseMainPhase(TestSuiteExecutor.java:129)
	at com.kms.katalon.core.main.TestSuiteExecutor.accessTestSuiteMainPhase(TestSuiteExecutor.java:112)
	at com.kms.katalon.core.main.TestSuiteExecutor.execute(TestSuiteExecutor.java:81)
	at com.kms.katalon.core.main.TestCaseMain.startTestSuite(TestCaseMain.java:157)
	at com.kms.katalon.core.main.TestCaseMain$startTestSuite$0.call(Unknown Source)
	at TempTestSuite1562579292882.run(TempTestSuite1562579292882.groovy:35)
Caused by: com.kms.katalon.core.exception.StepFailedException: Text 'Please fix the highlighted errors.' is not present on page 
	at com.kms.katalon.core.webui.keyword.internal.WebUIKeywordMain.stepFailed(WebUIKeywordMain.groovy:64)
	at com.kms.katalon.core.webui.keyword.builtin.VerifyTextPresentKeyword$_verifyTextPresent_closure1.doCall(VerifyTextPresentKeyword.groovy:79)
	at com.kms.katalon.core.webui.keyword.builtin.VerifyTextPresentKeyword$_verifyTextPresent_closure1.call(VerifyTextPresentKeyword.groovy)
	at com.kms.katalon.core.webui.keyword.internal.WebUIKeywordMain.runKeyword(WebUIKeywordMain.groovy:20)
	... 68 more
)
[[ATTACHMENT|H:\\Git Projects\\Usgbc_LeedOnline_ScoreCard\\Usgbc_LeedOnline_ScoreCard\\Reports\\ERM_SmokeTest\\20190708_151808\\1562580260022.png]]

2019-07-08 15:34:20 - [MESSAGE][WARNING] - Timeout '0' is invalid. Using default page load timeout: '30'

2019-07-08 15:34:20 - [MESSAGE][PASSED] - Scroll to object 'Object Repository/EnhancedRefrigerantManagement/Calc_Refrigerant_Impact_Opt2/AddFile_refrigerant_equi/p_refrigerant_equi' successfully

2019-07-08 15:34:20 - [MESSAGE][PASSED] - Object 'Object Repository/EnhancedRefrigerantManagement/Calc_Refrigerant_Impact_Opt2/AddFile_refrigerant_equi/p_refrigerant_equi' is present

2019-07-08 15:34:20 - [MESSAGE][PASSED] - Scroll to object 'Object Repository/EnhancedRefrigerantManagement/Calc_Refrigerant_Impact_Opt2/AddFile_refrigerant_equi/p_refrigerant_equi' successfully

2019-07-08 15:34:20 - [MESSAGE][PASSED] - File 'H:/Git Projects/Usgbc_LeedOnline_ScoreCard/Usgbc_LeedOnline_ScoreCard/Include/TestData/NegativeTestFiles/102MBfile.pdf' sent to object: 'Object Repository/EnhancedRefrigerantManagement/Calc_Refrigerant_Impact_Opt2/AddFile_refrigerant_equi/input_refrigerant_equi'

2019-07-08 15:34:22 - [MESSAGE][PASSED] - Delayed 2 second(s)

2019-07-08 15:34:22 - [MESSAGE][PASSED] - Text 'Maximum allowed file size is 100 MB only.' is present on page 

2019-07-08 15:34:22 - [MESSAGE][WARNING] - Timeout '0' is invalid. Using default page load timeout: '30'

2019-07-08 15:34:22 - [MESSAGE][PASSED] - Scroll to object 'Object Repository/EnhancedRefrigerantManagement/Calc_Refrigerant_Impact_Opt2/AddFile_refrigerant_equi/p_refrigerant_equi' successfully

2019-07-08 15:34:22 - [MESSAGE][PASSED] - Object 'Object Repository/EnhancedRefrigerantManagement/Calc_Refrigerant_Impact_Opt2/AddFile_refrigerant_equi/p_refrigerant_equi' is present

2019-07-08 15:34:22 - [MESSAGE][PASSED] - Scroll to object 'Object Repository/EnhancedRefrigerantManagement/Calc_Refrigerant_Impact_Opt2/AddFile_refrigerant_equi/p_refrigerant_equi' successfully

2019-07-08 15:34:23 - [MESSAGE][PASSED] - File 'H:/Git Projects/Usgbc_LeedOnline_ScoreCard/Usgbc_LeedOnline_ScoreCard/Include/TestData/NegativeTestFiles/24MBfile.doc' sent to object: 'Object Repository/EnhancedRefrigerantManagement/Calc_Refrigerant_Impact_Opt2/AddFile_refrigerant_equi/input_refrigerant_equi'

2019-07-08 15:34:23 - [MESSAGE][PASSED] - Scroll to object 'Object Repository/EnhancedRefrigerantManagement/button_Save' successfully

2019-07-08 15:34:23 - [MESSAGE][PASSED] - Object 'Object Repository/EnhancedRefrigerantManagement/button_Save' is visible

2019-07-08 15:34:26 - [MESSAGE][PASSED] - Delayed 3 second(s)

2019-07-08 15:34:26 - [MESSAGE][FAILED] - Text 'Please wait running actions to complete.' is not present on page  (Root cause: com.kms.katalon.core.exception.StepFailedException: Text 'Please wait running actions to complete.' is not present on page 
	at com.kms.katalon.core.webui.keyword.internal.WebUIKeywordMain.stepFailed(WebUIKeywordMain.groovy:64)
	at com.kms.katalon.core.webui.keyword.builtin.VerifyTextPresentKeyword$_verifyTextPresent_closure1.doCall(VerifyTextPresentKeyword.groovy:79)
	at com.kms.katalon.core.webui.keyword.builtin.VerifyTextPresentKeyword$_verifyTextPresent_closure1.call(VerifyTextPresentKeyword.groovy)
	at com.kms.katalon.core.webui.keyword.internal.WebUIKeywordMain.runKeyword(WebUIKeywordMain.groovy:20)
	at com.kms.katalon.core.webui.keyword.builtin.VerifyTextPresentKeyword.verifyTextPresent(VerifyTextPresentKeyword.groovy:83)
	at com.kms.katalon.core.webui.keyword.builtin.VerifyTextPresentKeyword.execute(VerifyTextPresentKeyword.groovy:68)
	at com.kms.katalon.core.keyword.internal.KeywordExecutor.executeKeywordForPlatform(KeywordExecutor.groovy:56)
	at com.kms.katalon.core.webui.keyword.WebUiBuiltInKeywords.verifyTextPresent(WebUiBuiltInKeywords.groovy:1693)
	at com.kms.katalon.core.webui.keyword.WebUiBuiltInKeywords$verifyTextPresent$9.call(Unknown Source)
	at lightPollutionReductionForm.NegativeCasesLPR.an_error_message_saying_Please_wait_running_actions_to_complete_will_be_displayed(NegativeCasesLPR.groovy:125)
	at cucumber.runtime.Utils$1.call(Utils.java:26)
	at cucumber.runtime.Timeout.timeout(Timeout.java:16)
	at cucumber.runtime.Utils.invoke(Utils.java:20)
	at cucumber.runtime.java.JavaStepDefinition.execute(JavaStepDefinition.java:48)
	at cucumber.runtime.PickleStepDefinitionMatch.runStep(PickleStepDefinitionMatch.java:50)
	at cucumber.runner.TestStep.executeStep(TestStep.java:55)
	at cucumber.runner.TestStep.run(TestStep.java:42)
	at cucumber.runner.PickleStepTestStep.run(PickleStepTestStep.java:53)
	at cucumber.runner.TestCase.run(TestCase.java:47)
	at cucumber.runner.Runner.runPickle(Runner.java:44)
	at cucumber.runtime.junit.PickleRunners$NoStepDescriptions.run(PickleRunners.java:140)
	at cucumber.runtime.junit.FeatureRunner.runChild(FeatureRunner.java:68)
	at cucumber.runtime.junit.FeatureRunner.runChild(FeatureRunner.java:23)
	at org.junit.runners.ParentRunner$3.run(ParentRunner.java:290)
	at org.junit.runners.ParentRunner$1.schedule(ParentRunner.java:71)
	at org.junit.runners.ParentRunner.runChildren(ParentRunner.java:288)
	at org.junit.runners.ParentRunner.access$000(ParentRunner.java:58)
	at org.junit.runners.ParentRunner$2.evaluate(ParentRunner.java:268)
	at org.junit.runners.ParentRunner.run(ParentRunner.java:363)
	at cucumber.runtime.junit.FeatureRunner.run(FeatureRunner.java:73)
	at cucumber.api.junit.Cucumber.runChild(Cucumber.java:98)
	at cucumber.api.junit.Cucumber.runChild(Cucumber.java:55)
	at org.junit.runners.ParentRunner$3.run(ParentRunner.java:290)
	at org.junit.runners.ParentRunner$1.schedule(ParentRunner.java:71)
	at org.junit.runners.ParentRunner.runChildren(ParentRunner.java:288)
	at org.junit.runners.ParentRunner.access$000(ParentRunner.java:58)
	at org.junit.runners.ParentRunner$2.evaluate(ParentRunner.java:268)
	at cucumber.api.junit.Cucumber$1.evaluate(Cucumber.java:107)
	at org.junit.runners.ParentRunner.run(ParentRunner.java:363)
	at org.junit.runners.Suite.runChild(Suite.java:128)
	at org.junit.runners.Suite.runChild(Suite.java:27)
	at org.junit.runners.ParentRunner$3.run(ParentRunner.java:290)
	at org.junit.runners.ParentRunner$1.schedule(ParentRunner.java:71)
	at org.junit.runners.ParentRunner.runChildren(ParentRunner.java:288)
	at org.junit.runners.ParentRunner.access$000(ParentRunner.java:58)
	at org.junit.runners.ParentRunner$2.evaluate(ParentRunner.java:268)
	at org.junit.runners.ParentRunner.run(ParentRunner.java:363)
	at org.junit.runner.JUnitCore.run(JUnitCore.java:137)
	at org.junit.runner.JUnitCore.run(JUnitCore.java:115)
	at org.junit.runner.JUnitCore.run(JUnitCore.java:105)
	at com.kms.katalon.core.cucumber.keyword.CucumberBuiltinKeywords$_runWithCucumberRunner_closure3.doCall(CucumberBuiltinKeywords.groovy:260)
	at com.kms.katalon.core.cucumber.keyword.CucumberBuiltinKeywords$_runWithCucumberRunner_closure3.doCall(CucumberBuiltinKeywords.groovy)
	at com.kms.katalon.core.keyword.internal.KeywordMain.runKeyword(KeywordMain.groovy:66)
	at com.kms.katalon.core.keyword.internal.KeywordMain$runKeyword.call(Unknown Source)
	at com.kms.katalon.core.cucumber.keyword.CucumberBuiltinKeywords.runWithCucumberRunner(CucumberBuiltinKeywords.groovy:257)
	at com.kms.katalon.core.cucumber.keyword.CucumberBuiltinKeywords$runWithCucumberRunner$0.callStatic(Unknown Source)
	at com.kms.katalon.core.cucumber.keyword.CucumberBuiltinKeywords.runWithCucumberRunner(CucumberBuiltinKeywords.groovy:357)
	at com.kms.katalon.core.cucumber.keyword.CucumberBuiltinKeywords$runWithCucumberRunner.call(Unknown Source)
	at TC_ERM_NegativeCases.run(TC_ERM_NegativeCases:18)
	at com.kms.katalon.core.main.ScriptEngine.run(ScriptEngine.java:194)
	at com.kms.katalon.core.main.ScriptEngine.runScriptAsRawText(ScriptEngine.java:119)
	at com.kms.katalon.core.main.TestCaseExecutor.runScript(TestCaseExecutor.java:336)
	at com.kms.katalon.core.main.TestCaseExecutor.doExecute(TestCaseExecutor.java:327)
	at com.kms.katalon.core.main.TestCaseExecutor.processExecutionPhase(TestCaseExecutor.java:306)
	at com.kms.katalon.core.main.TestCaseExecutor.accessMainPhase(TestCaseExecutor.java:298)
	at com.kms.katalon.core.main.TestCaseExecutor.execute(TestCaseExecutor.java:232)
	at com.kms.katalon.core.main.TestSuiteExecutor.accessTestCaseMainPhase(TestSuiteExecutor.java:129)
	at com.kms.katalon.core.main.TestSuiteExecutor.accessTestSuiteMainPhase(TestSuiteExecutor.java:112)
	at com.kms.katalon.core.main.TestSuiteExecutor.execute(TestSuiteExecutor.java:81)
	at com.kms.katalon.core.main.TestCaseMain.startTestSuite(TestCaseMain.java:157)
	at com.kms.katalon.core.main.TestCaseMain$startTestSuite$0.call(Unknown Source)
	at TempTestSuite1562579292882.run(TempTestSuite1562579292882.groovy:35)
)

2019-07-08 15:34:26 - [MESSAGE][FAILED] - Unable to verify text 'Please wait running actions to complete.' is present  (Root cause: com.kms.katalon.core.exception.StepFailedException: Unable to verify text 'Please wait running actions to complete.' is present 
	at com.kms.katalon.core.webui.keyword.internal.WebUIKeywordMain.stepFailed(WebUIKeywordMain.groovy:64)
	at com.kms.katalon.core.webui.keyword.internal.WebUIKeywordMain.runKeyword(WebUIKeywordMain.groovy:26)
	at com.kms.katalon.core.webui.keyword.builtin.VerifyTextPresentKeyword.verifyTextPresent(VerifyTextPresentKeyword.groovy:83)
	at com.kms.katalon.core.webui.keyword.builtin.VerifyTextPresentKeyword.execute(VerifyTextPresentKeyword.groovy:68)
	at com.kms.katalon.core.keyword.internal.KeywordExecutor.executeKeywordForPlatform(KeywordExecutor.groovy:56)
	at com.kms.katalon.core.webui.keyword.WebUiBuiltInKeywords.verifyTextPresent(WebUiBuiltInKeywords.groovy:1693)
	at com.kms.katalon.core.webui.keyword.WebUiBuiltInKeywords$verifyTextPresent$9.call(Unknown Source)
	at lightPollutionReductionForm.NegativeCasesLPR.an_error_message_saying_Please_wait_running_actions_to_complete_will_be_displayed(NegativeCasesLPR.groovy:125)
	at cucumber.runtime.Utils$1.call(Utils.java:26)
	at cucumber.runtime.Timeout.timeout(Timeout.java:16)
	at cucumber.runtime.Utils.invoke(Utils.java:20)
	at cucumber.runtime.java.JavaStepDefinition.execute(JavaStepDefinition.java:48)
	at cucumber.runtime.PickleStepDefinitionMatch.runStep(PickleStepDefinitionMatch.java:50)
	at cucumber.runner.TestStep.executeStep(TestStep.java:55)
	at cucumber.runner.TestStep.run(TestStep.java:42)
	at cucumber.runner.PickleStepTestStep.run(PickleStepTestStep.java:53)
	at cucumber.runner.TestCase.run(TestCase.java:47)
	at cucumber.runner.Runner.runPickle(Runner.java:44)
	at cucumber.runtime.junit.PickleRunners$NoStepDescriptions.run(PickleRunners.java:140)
	at cucumber.runtime.junit.FeatureRunner.runChild(FeatureRunner.java:68)
	at cucumber.runtime.junit.FeatureRunner.runChild(FeatureRunner.java:23)
	at org.junit.runners.ParentRunner$3.run(ParentRunner.java:290)
	at org.junit.runners.ParentRunner$1.schedule(ParentRunner.java:71)
	at org.junit.runners.ParentRunner.runChildren(ParentRunner.java:288)
	at org.junit.runners.ParentRunner.access$000(ParentRunner.java:58)
	at org.junit.runners.ParentRunner$2.evaluate(ParentRunner.java:268)
	at org.junit.runners.ParentRunner.run(ParentRunner.java:363)
	at cucumber.runtime.junit.FeatureRunner.run(FeatureRunner.java:73)
	at cucumber.api.junit.Cucumber.runChild(Cucumber.java:98)
	at cucumber.api.junit.Cucumber.runChild(Cucumber.java:55)
	at org.junit.runners.ParentRunner$3.run(ParentRunner.java:290)
	at org.junit.runners.ParentRunner$1.schedule(ParentRunner.java:71)
	at org.junit.runners.ParentRunner.runChildren(ParentRunner.java:288)
	at org.junit.runners.ParentRunner.access$000(ParentRunner.java:58)
	at org.junit.runners.ParentRunner$2.evaluate(ParentRunner.java:268)
	at cucumber.api.junit.Cucumber$1.evaluate(Cucumber.java:107)
	at org.junit.runners.ParentRunner.run(ParentRunner.java:363)
	at org.junit.runners.Suite.runChild(Suite.java:128)
	at org.junit.runners.Suite.runChild(Suite.java:27)
	at org.junit.runners.ParentRunner$3.run(ParentRunner.java:290)
	at org.junit.runners.ParentRunner$1.schedule(ParentRunner.java:71)
	at org.junit.runners.ParentRunner.runChildren(ParentRunner.java:288)
	at org.junit.runners.ParentRunner.access$000(ParentRunner.java:58)
	at org.junit.runners.ParentRunner$2.evaluate(ParentRunner.java:268)
	at org.junit.runners.ParentRunner.run(ParentRunner.java:363)
	at org.junit.runner.JUnitCore.run(JUnitCore.java:137)
	at org.junit.runner.JUnitCore.run(JUnitCore.java:115)
	at org.junit.runner.JUnitCore.run(JUnitCore.java:105)
	at com.kms.katalon.core.cucumber.keyword.CucumberBuiltinKeywords$_runWithCucumberRunner_closure3.doCall(CucumberBuiltinKeywords.groovy:260)
	at com.kms.katalon.core.cucumber.keyword.CucumberBuiltinKeywords$_runWithCucumberRunner_closure3.doCall(CucumberBuiltinKeywords.groovy)
	at com.kms.katalon.core.keyword.internal.KeywordMain.runKeyword(KeywordMain.groovy:66)
	at com.kms.katalon.core.keyword.internal.KeywordMain$runKeyword.call(Unknown Source)
	at com.kms.katalon.core.cucumber.keyword.CucumberBuiltinKeywords.runWithCucumberRunner(CucumberBuiltinKeywords.groovy:257)
	at com.kms.katalon.core.cucumber.keyword.CucumberBuiltinKeywords$runWithCucumberRunner$0.callStatic(Unknown Source)
	at com.kms.katalon.core.cucumber.keyword.CucumberBuiltinKeywords.runWithCucumberRunner(CucumberBuiltinKeywords.groovy:357)
	at com.kms.katalon.core.cucumber.keyword.CucumberBuiltinKeywords$runWithCucumberRunner.call(Unknown Source)
	at TC_ERM_NegativeCases.run(TC_ERM_NegativeCases:18)
	at com.kms.katalon.core.main.ScriptEngine.run(ScriptEngine.java:194)
	at com.kms.katalon.core.main.ScriptEngine.runScriptAsRawText(ScriptEngine.java:119)
	at com.kms.katalon.core.main.TestCaseExecutor.runScript(TestCaseExecutor.java:336)
	at com.kms.katalon.core.main.TestCaseExecutor.doExecute(TestCaseExecutor.java:327)
	at com.kms.katalon.core.main.TestCaseExecutor.processExecutionPhase(TestCaseExecutor.java:306)
	at com.kms.katalon.core.main.TestCaseExecutor.accessMainPhase(TestCaseExecutor.java:298)
	at com.kms.katalon.core.main.TestCaseExecutor.execute(TestCaseExecutor.java:232)
	at com.kms.katalon.core.main.TestSuiteExecutor.accessTestCaseMainPhase(TestSuiteExecutor.java:129)
	at com.kms.katalon.core.main.TestSuiteExecutor.accessTestSuiteMainPhase(TestSuiteExecutor.java:112)
	at com.kms.katalon.core.main.TestSuiteExecutor.execute(TestSuiteExecutor.java:81)
	at com.kms.katalon.core.main.TestCaseMain.startTestSuite(TestCaseMain.java:157)
	at com.kms.katalon.core.main.TestCaseMain$startTestSuite$0.call(Unknown Source)
	at TempTestSuite1562579292882.run(TempTestSuite1562579292882.groovy:35)
Caused by: com.kms.katalon.core.exception.StepFailedException: Text 'Please wait running actions to complete.' is not present on page 
	at com.kms.katalon.core.webui.keyword.internal.WebUIKeywordMain.stepFailed(WebUIKeywordMain.groovy:64)
	at com.kms.katalon.core.webui.keyword.builtin.VerifyTextPresentKeyword$_verifyTextPresent_closure1.doCall(VerifyTextPresentKeyword.groovy:79)
	at com.kms.katalon.core.webui.keyword.builtin.VerifyTextPresentKeyword$_verifyTextPresent_closure1.call(VerifyTextPresentKeyword.groovy)
	at com.kms.katalon.core.webui.keyword.internal.WebUIKeywordMain.runKeyword(WebUIKeywordMain.groovy:20)
	... 68 more
)
[[ATTACHMENT|H:\\Git Projects\\Usgbc_LeedOnline_ScoreCard\\Usgbc_LeedOnline_ScoreCard\\Reports\\ERM_SmokeTest\\20190708_151808\\1562580266297.png]]

2019-07-08 15:34:26 - [MESSAGE][FAILED] - These following reason:
 [Unable to verify text 'Please fix the highlighted errors.' is present , Unable to verify text 'Please wait running actions to complete.' is present ]

2019-07-08 15:34:26 - [MESSAGE][FAILED] - Keyword runWithCucumberRunner was failed (Root cause: com.kms.katalon.core.exception.StepFailedException: These following reason:
 [Unable to verify text 'Please fix the highlighted errors.' is present , Unable to verify text 'Please wait running actions to complete.' is present ]
	at com.kms.katalon.core.keyword.internal.KeywordMain.stepFailed(KeywordMain.groovy:48)
	at com.kms.katalon.core.keyword.internal.KeywordMain.stepFailed(KeywordMain.groovy)
	at com.kms.katalon.core.keyword.internal.KeywordMain.stepFailed(KeywordMain.groovy:21)
	at com.kms.katalon.core.keyword.internal.KeywordMain$stepFailed$0.call(Unknown Source)
	at com.kms.katalon.core.cucumber.keyword.CucumberBuiltinKeywords$_runWithCucumberRunner_closure3.doCall(CucumberBuiltinKeywords.groovy:272)
	at com.kms.katalon.core.cucumber.keyword.CucumberBuiltinKeywords$_runWithCucumberRunner_closure3.doCall(CucumberBuiltinKeywords.groovy)
	at com.kms.katalon.core.keyword.internal.KeywordMain.runKeyword(KeywordMain.groovy:66)
	at com.kms.katalon.core.keyword.internal.KeywordMain$runKeyword.call(Unknown Source)
	at com.kms.katalon.core.cucumber.keyword.CucumberBuiltinKeywords.runWithCucumberRunner(CucumberBuiltinKeywords.groovy:257)
	at com.kms.katalon.core.cucumber.keyword.CucumberBuiltinKeywords$runWithCucumberRunner$0.callStatic(Unknown Source)
	at com.kms.katalon.core.cucumber.keyword.CucumberBuiltinKeywords.runWithCucumberRunner(CucumberBuiltinKeywords.groovy:357)
	at com.kms.katalon.core.cucumber.keyword.CucumberBuiltinKeywords$runWithCucumberRunner.call(Unknown Source)
	at TC_ERM_NegativeCases.run(TC_ERM_NegativeCases:18)
	at com.kms.katalon.core.main.ScriptEngine.run(ScriptEngine.java:194)
	at com.kms.katalon.core.main.ScriptEngine.runScriptAsRawText(ScriptEngine.java:119)
	at com.kms.katalon.core.main.TestCaseExecutor.runScript(TestCaseExecutor.java:336)
	at com.kms.katalon.core.main.TestCaseExecutor.doExecute(TestCaseExecutor.java:327)
	at com.kms.katalon.core.main.TestCaseExecutor.processExecutionPhase(TestCaseExecutor.java:306)
	at com.kms.katalon.core.main.TestCaseExecutor.accessMainPhase(TestCaseExecutor.java:298)
	at com.kms.katalon.core.main.TestCaseExecutor.execute(TestCaseExecutor.java:232)
	at com.kms.katalon.core.main.TestSuiteExecutor.accessTestCaseMainPhase(TestSuiteExecutor.java:129)
	at com.kms.katalon.core.main.TestSuiteExecutor.accessTestSuiteMainPhase(TestSuiteExecutor.java:112)
	at com.kms.katalon.core.main.TestSuiteExecutor.execute(TestSuiteExecutor.java:81)
	at com.kms.katalon.core.main.TestCaseMain.startTestSuite(TestCaseMain.java:157)
	at com.kms.katalon.core.main.TestCaseMain$startTestSuite$0.call(Unknown Source)
	at TempTestSuite1562579292882.run(TempTestSuite1562579292882.groovy:35)
)

2019-07-08 15:34:26 - [TEST_STEP][PASSED] - Start listener action : sampleAfterTestCase: Browser is closed

2019-07-08 15:34:26 - [TEST_STEP][PASSED] - closeBrowser(): Browser is closed

2019-07-08 15:34:27 - [MESSAGE][PASSED] - Browser is closed]]></system-out>
         <system-err><![CDATA[2019-07-08 15:33:22 - [TEST_CASE][FAILED] - Test Cases/EnhancedRefrigerantManagement/TC_ERM_NegativeCases: Test Cases/EnhancedRefrigerantManagement/TC_ERM_NegativeCases FAILED.
Reason:
com.kms.katalon.core.exception.StepFailedException: These following reason:
 [Unable to verify text 'Please fix the highlighted errors.' is present , Unable to verify text 'Please wait running actions to complete.' is present ]
	at com.kms.katalon.core.keyword.internal.KeywordMain.stepFailed(KeywordMain.groovy:48)
	at com.kms.katalon.core.keyword.internal.KeywordMain.stepFailed(KeywordMain.groovy)
	at com.kms.katalon.core.keyword.internal.KeywordMain.stepFailed(KeywordMain.groovy:21)
	at com.kms.katalon.core.keyword.internal.KeywordMain$stepFailed$0.call(Unknown Source)
	at com.kms.katalon.core.cucumber.keyword.CucumberBuiltinKeywords$_runWithCucumberRunner_closure3.doCall(CucumberBuiltinKeywords.groovy:272)
	at com.kms.katalon.core.cucumber.keyword.CucumberBuiltinKeywords$_runWithCucumberRunner_closure3.doCall(CucumberBuiltinKeywords.groovy)
	at com.kms.katalon.core.keyword.internal.KeywordMain.runKeyword(KeywordMain.groovy:66)
	at com.kms.katalon.core.keyword.internal.KeywordMain$runKeyword.call(Unknown Source)
	at com.kms.katalon.core.cucumber.keyword.CucumberBuiltinKeywords.runWithCucumberRunner(CucumberBuiltinKeywords.groovy:257)
	at com.kms.katalon.core.cucumber.keyword.CucumberBuiltinKeywords$runWithCucumberRunner$0.callStatic(Unknown Source)
	at com.kms.katalon.core.cucumber.keyword.CucumberBuiltinKeywords.runWithCucumberRunner(CucumberBuiltinKeywords.groovy:357)
	at com.kms.katalon.core.cucumber.keyword.CucumberBuiltinKeywords$runWithCucumberRunner.call(Unknown Source)
	at TC_ERM_NegativeCases.run(TC_ERM_NegativeCases:18)
	at com.kms.katalon.core.main.ScriptEngine.run(ScriptEngine.java:194)
	at com.kms.katalon.core.main.ScriptEngine.runScriptAsRawText(ScriptEngine.java:119)
	at com.kms.katalon.core.main.TestCaseExecutor.runScript(TestCaseExecutor.java:336)
	at com.kms.katalon.core.main.TestCaseExecutor.doExecute(TestCaseExecutor.java:327)
	at com.kms.katalon.core.main.TestCaseExecutor.processExecutionPhase(TestCaseExecutor.java:306)
	at com.kms.katalon.core.main.TestCaseExecutor.accessMainPhase(TestCaseExecutor.java:298)
	at com.kms.katalon.core.main.TestCaseExecutor.execute(TestCaseExecutor.java:232)
	at com.kms.katalon.core.main.TestSuiteExecutor.accessTestCaseMainPhase(TestSuiteExecutor.java:129)
	at com.kms.katalon.core.main.TestSuiteExecutor.accessTestSuiteMainPhase(TestSuiteExecutor.java:112)
	at com.kms.katalon.core.main.TestSuiteExecutor.execute(TestSuiteExecutor.java:81)
	at com.kms.katalon.core.main.TestCaseMain.startTestSuite(TestCaseMain.java:157)
	at com.kms.katalon.core.main.TestCaseMain$startTestSuite$0.call(Unknown Source)
	at TempTestSuite1562579292882.run(TempTestSuite1562579292882.groovy:35)]]></system-err>
      </testcase>
      <testcase name="Test Cases/EnhancedRefrigerantManagement/TC_ERM_AutoSaveAsDraft" classname="Test Cases/EnhancedRefrigerantManagement/TC_ERM_AutoSaveAsDraft" status="PASSED">
         <system-out><![CDATA[2019-07-08 15:34:27 - [TEST_CASE][PASSED] - Test Cases/EnhancedRefrigerantManagement/TC_ERM_AutoSaveAsDraft: Test Cases/EnhancedRefrigerantManagement/TC_ERM_AutoSaveAsDraft

2019-07-08 15:34:27 - [TEST_STEP][PASSED] - Start listener action : sampleBeforeTestCase: null

2019-07-08 15:34:27 - [TEST_STEP][PASSED] - openBrowser(""): Browser is opened with url: ''

2019-07-08 15:34:27 - [MESSAGE][INFO] - Starting 'Chrome (headless)' driver

2019-07-08 15:34:27 - [MESSAGE][INFO] - User set preference: ['args', '[--window-size=1920,1080]']

2019-07-08 15:34:29 - [MESSAGE][PASSED] - Browser is opened with url: ''

2019-07-08 15:34:29 - [TEST_STEP][PASSED] - driver = getWebDriver(): null

2019-07-08 15:34:29 - [TEST_STEP][PASSED] - println("The driver is ########### " + driver): null

2019-07-08 15:34:29 - [TEST_STEP][PASSED] - downloadPath = "H:\Git Projects\Usgbc_LeedOnline_ScoreCard\Usgbc_LeedOnline_ScoreCard\Include\TestData\DownloadedFiles": null

2019-07-08 15:34:29 - [TEST_STEP][PASSED] - projectKeywords().sendCommandForDownloadChromeHeadLess(driver.getCommandExecutor(), driver.getSessionId(), downloadPath): null

2019-07-08 15:34:29 - [TEST_STEP][PASSED] - runWithCucumberRunner(enhancedRefrigerantManagement.Runner_ERM_AutoSaveAsDraft): Run with 'enhancedRefrigerantManagement.Runner_ERM_AutoSaveAsDraft' was passed

2019-07-08 15:34:30 - [TEST_CASE][PASSED] - Test Cases/EnhancedRefrigerantManagement/TC_ERM_Navigation: Test Cases/EnhancedRefrigerantManagement/TC_ERM_Navigation

2019-07-08 15:34:30 - [TEST_STEP][PASSED] - runWithCucumberRunner(enhancedRefrigerantManagement.Runner_ERM_Navigation): Run with 'enhancedRefrigerantManagement.Runner_ERM_Navigation' was passed

2019-07-08 15:34:31 - [TEST_CASE][PASSED] - Test Cases/Login/TC_Login: Test Cases/Login/TC_Login

2019-07-08 15:34:31 - [TEST_STEP][PASSED] - runWithCucumberRunner(common.Runner_Login): Run with 'common.Runner_Login' was passed

2019-07-08 15:34:35 - [MESSAGE][PASSED] - Navigate to 'https://leedonline-stg.usgbc.org' successfully

2019-07-08 15:34:37 - [MESSAGE][PASSED] - Delayed 2 second(s)

2019-07-08 15:34:37 - [MESSAGE][PASSED] - Text 'automationbdd1@gmail.com' is set on object 'Object Repository/Login/input_username'

2019-07-08 15:34:38 - [MESSAGE][PASSED] - Text 'initpass' is set on object 'Object Repository/Login/input_password'

2019-07-08 15:34:41 - [MESSAGE][PASSED] - Delayed 3 second(s)

2019-07-08 15:34:41 - [MESSAGE][PASSED] - Scroll to object 'Object Repository/Login/span_End User License Agreement' successfully

2019-07-08 15:34:41 - [MESSAGE][PASSED] - Object 'Object Repository/Login/span_End User License Agreement' is visible

2019-07-08 15:34:41 - [MESSAGE][PASSED] - Object 'Object Repository/Login/span_End User License Agreement' is checked

2019-07-08 15:34:42 - [MESSAGE][PASSED] - Delayed 1 second(s)

2019-07-08 15:34:42 - [MESSAGE][PASSED] - Object: 'Object Repository/Login/button_Log In' is clicked on

2019-07-08 15:34:51 - [MESSAGE][PASSED] - Object: '' is clicked on

2019-07-08 15:34:52 - [MESSAGE][PASSED] - Object: 'Object Repository/Login/a_Credits' is clicked on

2019-07-08 15:34:52 - [MESSAGE][PASSED] - Run with 'common.Runner_Login' was passed

2019-07-08 15:34:52 - [MESSAGE][PASSED] - Call Test Case 'Test Cases/Login/TC_Login' successfully

2019-07-08 15:34:52 - [MESSAGE][PASSED] - Scroll to object 'Object Repository/EnhancedRefrigerantManagement/ERM_Navigation/div_Enhanced Refrigerant Management' successfully

2019-07-08 15:34:52 - [MESSAGE][PASSED] - Object 'Object Repository/EnhancedRefrigerantManagement/ERM_Navigation/div_Enhanced Refrigerant Management' is present

2019-07-08 15:34:52 - [MESSAGE][PASSED] - Text of object 'Object Repository/EnhancedRefrigerantManagement/ERM_Navigation/h3_Status' is: 'ATTEMPTED'

2019-07-08 15:34:52 - [MESSAGE][PASSED] - Text of object 'Object Repository/EnhancedRefrigerantManagement/ERM_Navigation/divval' is: 'ATTEMPTED'

2019-07-08 15:34:53 - [MESSAGE][PASSED] - Text of object 'Object Repository/EnhancedRefrigerantManagement/ERM_Navigation/h3_Status' is: 'ATTEMPTED'

2019-07-08 15:34:53 - [MESSAGE][PASSED] - Object: 'Object Repository/EnhancedRefrigerantManagement/ERM_Navigation/div_Enhanced Refrigerant Management' is clicked on

2019-07-08 15:34:56 - [MESSAGE][PASSED] - Delayed 3 second(s)

2019-07-08 15:34:59 - [MESSAGE][PASSED] - Object: 'Object Repository/EnhancedRefrigerantManagement/ERM_Navigation/span_(V01)' is clicked on

2019-07-08 15:34:59 - [MESSAGE][PASSED] - Object 'Object Repository/EnhancedRefrigerantManagement/ERM_Navigation/div_EnhancedRefrigerantManagement_Credit' is present

2019-07-08 15:34:59 - [MESSAGE][PASSED] - Run with 'enhancedRefrigerantManagement.Runner_ERM_Navigation' was passed

2019-07-08 15:34:59 - [MESSAGE][PASSED] - Call Test Case 'Test Cases/EnhancedRefrigerantManagement/TC_ERM_Navigation' successfully

2019-07-08 15:35:09 - [MESSAGE][PASSED] - Delayed 10 second(s)

2019-07-08 15:35:09 - [MESSAGE][PASSED] - Web element with id: 'Object Repository/EnhancedRefrigerantManagement/Autosave/span_Last draft saved on' located by 'By.xpath: //*[@id="credit-form"]/div[5]/div/span/span' is not present after '2' second(s)

2019-07-08 15:35:19 - [MESSAGE][PASSED] - Delayed 10 second(s)

2019-07-08 15:35:19 - [MESSAGE][WARNING] - Timeout '0' is invalid. Using default page load timeout: '30'

2019-07-08 15:35:19 - [MESSAGE][PASSED] - Scroll to object 'Object Repository/EnhancedRefrigerantManagement/Calc_Refrigerant_Impact_Opt2/AddFile_refrigerant_equi/input_refrigerant_equi' successfully

2019-07-08 15:35:19 - [MESSAGE][PASSED] - File 'H:/Git Projects/Usgbc_LeedOnline_ScoreCard/Usgbc_LeedOnline_ScoreCard/Include/TestData/MultipleFileDiffExt/ZZ.pdf' sent to object: 'Object Repository/EnhancedRefrigerantManagement/Calc_Refrigerant_Impact_Opt2/AddFile_refrigerant_equi/input_refrigerant_equi'

2019-07-08 15:35:34 - [MESSAGE][PASSED] - Delayed 15 second(s)

2019-07-08 15:35:34 - [MESSAGE][PASSED] - Web element with id: 'Object Repository/EnhancedRefrigerantManagement/Autosave/span_Last draft saved on' located by 'By.xpath: //*[@id="credit-form"]/div[5]/div/span/span' is not present after '2' second(s)

2019-07-08 15:35:34 - [MESSAGE][PASSED] - Scroll to object 'Object Repository/EnhancedRefrigerantManagement/Calc_Refrigerant_Impact_Opt2/select_one_radio/GreenChills_silver_level' successfully

2019-07-08 15:35:34 - [MESSAGE][PASSED] - Object 'Object Repository/EnhancedRefrigerantManagement/Calc_Refrigerant_Impact_Opt2/select_one_radio/GreenChills_silver_level' is present

2019-07-08 15:35:34 - [MESSAGE][PASSED] - Object 'Object Repository/EnhancedRefrigerantManagement/Calc_Refrigerant_Impact_Opt2/select_one_radio/GreenChills_silver_level' is checked

2019-07-08 15:35:44 - [MESSAGE][PASSED] - Delayed 10 second(s)

2019-07-08 15:35:44 - [MESSAGE][PASSED] - Text of object 'Object Repository/EnhancedRefrigerantManagement/Autosave/span_Last draft saved on' is: 'Last draft saved on: 08 Jul 2019 03:35:39 PM  Clear draft'

2019-07-08 15:35:45 - [MESSAGE][PASSED] - Scroll to object 'Object Repository/EnhancedRefrigerantManagement/Special Circumstances/EditorBox_splCircum/p_EditorBox' successfully

2019-07-08 15:35:45 - [MESSAGE][PASSED] - Object 'Object Repository/EnhancedRefrigerantManagement/Special Circumstances/EditorBox_splCircum/p_EditorBox' is present

2019-07-08 15:35:49 - [MESSAGE][PASSED] - Text 'Known that everybody have the personal aim. It is defferent . For example, there are some people think that the most important thing in them life is career. While there are other people think that is family. me too. The most important thing with my life is my small and big family. Because I see the mind is the most important. Let think that if you are verry rich while you alway are worry and sad, you will feel not happy. So I think we should spend many time for looking after our family. When we have a happy family, we will have power to try. At that time we will work better. How do you think. Anna and Henry go to the doctor. Anna has an ultrasound scan. YI2PD' is set on object 'Object Repository/EnhancedRefrigerantManagement/Special Circumstances/EditorBox_splCircum/body_splCircum'

2019-07-08 15:35:59 - [MESSAGE][PASSED] - Delayed 10 second(s)

2019-07-08 15:35:59 - [MESSAGE][PASSED] - Object 'Object Repository/EnhancedRefrigerantManagement/Autosave/span_Last draft saved on' is present

2019-07-08 15:35:59 - [MESSAGE][PASSED] - Text of object 'Object Repository/EnhancedRefrigerantManagement/Autosave/span_Last draft saved on' is: 'Last draft saved on: 08 Jul 2019 03:35:59 PM  Clear draft'

2019-07-08 15:35:59 - [MESSAGE][PASSED] - Actual text 'null' and expected text 'Last draft saved on: 08 Jul 2019 03:35:59 PM  Clear draft' are not matched 

2019-07-08 15:35:59 - [MESSAGE][PASSED] - Object 'Object Repository/EnhancedRefrigerantManagement/No_Refrigerants_Opt1/input_No_Refrigerants' is present

2019-07-08 15:36:02 - [MESSAGE][PASSED] - Delayed 3 second(s)

2019-07-08 15:36:02 - [MESSAGE][PASSED] - Object 'Object Repository/EnhancedRefrigerantManagement/No_Refrigerants_Opt1/input_No_Refrigerants' is checked

2019-07-08 15:36:05 - [MESSAGE][PASSED] - Delayed 3 second(s)

2019-07-08 15:36:15 - [MESSAGE][PASSED] - Delayed 10 second(s)

2019-07-08 15:36:15 - [MESSAGE][PASSED] - Object 'Object Repository/EnhancedRefrigerantManagement/Autosave/span_Last draft saved on' is present

2019-07-08 15:36:15 - [MESSAGE][PASSED] - Text of object 'Object Repository/EnhancedRefrigerantManagement/Autosave/span_Last draft saved on' is: 'Last draft saved on: 08 Jul 2019 03:36:09 PM  Clear draft'

2019-07-08 15:36:15 - [MESSAGE][PASSED] - Actual text 'null' and expected text 'Last draft saved on: 08 Jul 2019 03:36:09 PM  Clear draft' are not matched 

2019-07-08 15:36:16 - [MESSAGE][PASSED] - Object: 'Object Repository/EnhancedRefrigerantManagement/Autosave/a_Clear draft' is clicked on

2019-07-08 15:36:16 - [MESSAGE][PASSED] - Object: 'Object Repository/EnhancedRefrigerantManagement/Autosave/button_Yes' is clicked on

2019-07-08 15:36:16 - [MESSAGE][PASSED] - Object 'Object Repository/EnhancedRefrigerantManagement/Autosave/span_Last draft saved on' is present

2019-07-08 15:36:26 - [MESSAGE][PASSED] - Delayed 10 second(s)

2019-07-08 15:36:26 - [MESSAGE][PASSED] - Scroll to object 'Object Repository/EnhancedRefrigerantManagement/button_Save' successfully

2019-07-08 15:36:26 - [MESSAGE][PASSED] - Object 'Object Repository/EnhancedRefrigerantManagement/button_Save' is visible

2019-07-08 15:36:26 - [MESSAGE][PASSED] - Object: 'Object Repository/EnhancedRefrigerantManagement/button_Save' is clicked on

2019-07-08 15:36:26 - [MESSAGE][PASSED] - Web element with id: 'Object Repository/EnhancedRefrigerantManagement/Autosave/div_Form drafted and not yet saved' located by 'By.xpath: //div[@id='draftDataWarning']' is not present after '2' second(s)

2019-07-08 15:36:26 - [MESSAGE][PASSED] - Scroll to object 'Object Repository/EnhancedRefrigerantManagement/Calc_Refrigerant_Impact_Opt2/AddFile_refrigerant_equi/p_refrigerant_equi' successfully

2019-07-08 15:36:27 - [MESSAGE][PASSED] - Delayed 1 second(s)

2019-07-08 15:36:27 - [MESSAGE][PASSED] - Object: '' is clicked on

2019-07-08 15:36:29 - [MESSAGE][PASSED] - Delayed 2 second(s)

2019-07-08 15:36:30 - [MESSAGE][PASSED] - Object: 'Object Repository/LightPollutionReduction/FixtureShielding/button_Yes' is clicked on

2019-07-08 15:36:30 - [MESSAGE][WARNING] - Timeout '0' is invalid. Using default page load timeout: '30'

2019-07-08 15:36:30 - [MESSAGE][WARNING] - Timeout '0' is invalid. Using default page load timeout: '30'

2019-07-08 15:36:30 - [MESSAGE][WARNING] - Timeout '0' is invalid. Using default page load timeout: '30'

2019-07-08 15:36:30 - [MESSAGE][PASSED] - Object 'Object Repository/EnhancedRefrigerantManagement/Special Circumstances/EditorBox_splCircum/body_splCircum' is present

2019-07-08 15:36:30 - [MESSAGE][PASSED] - Text 'Testing Narrative' is set on object 'Object Repository/EnhancedRefrigerantManagement/Special Circumstances/EditorBox_splCircum/body_splCircum'

2019-07-08 15:36:40 - [MESSAGE][PASSED] - Delayed 10 second(s)

2019-07-08 15:36:40 - [MESSAGE][PASSED] - Text of object 'Object Repository/EnhancedRefrigerantManagement/Autosave/span_Last draft saved on' is: 'Last draft saved on: 08 Jul 2019 03:36:37 PM  Clear draft'

2019-07-08 15:36:40 - [MESSAGE][PASSED] - Object 'Object Repository/EnhancedRefrigerantManagement/Autosave/a_Clear draft' is present

2019-07-08 15:36:40 - [MESSAGE][PASSED] - Object: 'Object Repository/EnhancedRefrigerantManagement/Autosave/a_Clear draft' is clicked on

2019-07-08 15:36:40 - [MESSAGE][PASSED] - Object: 'Object Repository/EnhancedRefrigerantManagement/Autosave/button_Yes' is clicked on

2019-07-08 15:36:40 - [MESSAGE][WARNING] - Timeout '0' is invalid. Using default page load timeout: '30'

2019-07-08 15:36:46 - [MESSAGE][PASSED] - Web element with id: 'Object Repository/EnhancedRefrigerantManagement/Autosave/a_Clear draft' located by 'By.xpath: //a[@id='clearDraft']' is not present after '30' second(s)

2019-07-08 15:36:47 - [MESSAGE][WARNING] - Timeout '0' is invalid. Using default page load timeout: '30'

2019-07-08 15:36:47 - [MESSAGE][WARNING] - Timeout '0' is invalid. Using default page load timeout: '30'

2019-07-08 15:36:47 - [MESSAGE][WARNING] - Timeout '0' is invalid. Using default page load timeout: '30'

2019-07-08 15:36:47 - [MESSAGE][PASSED] - Object 'Object Repository/EnhancedRefrigerantManagement/Special Circumstances/EditorBox_splCircum/body_splCircum' is present

2019-07-08 15:36:47 - [MESSAGE][PASSED] - Text 'Test Logout and Login' is set on object 'Object Repository/EnhancedRefrigerantManagement/Special Circumstances/EditorBox_splCircum/body_splCircum'

2019-07-08 15:36:57 - [MESSAGE][PASSED] - Delayed 10 second(s)

2019-07-08 15:36:57 - [MESSAGE][PASSED] - Text of object 'Object Repository/EnhancedRefrigerantManagement/Autosave/span_Last draft saved on' is: 'Last draft saved on: 08 Jul 2019 03:36:57 PM  Clear draft'

2019-07-08 15:36:57 - [MESSAGE][PASSED] - Object: 'Object Repository/EnhancedRefrigerantManagement/Autosave/div_Signout' is clicked on

2019-07-08 15:36:58 - [MESSAGE][PASSED] - Object: 'Object Repository/EnhancedRefrigerantManagement/Autosave/a_Sign out' is clicked on

2019-07-08 15:37:00 - [MESSAGE][PASSED] - Delayed 2 second(s)

2019-07-08 15:37:00 - [MESSAGE][WARNING] - A browser is already opened. Closing browser and opening a new one

2019-07-08 15:37:01 - [MESSAGE][INFO] - Starting 'Chrome (headless)' driver

2019-07-08 15:37:01 - [MESSAGE][INFO] - User set preference: ['args', '[--window-size=1920,1080]']

2019-07-08 15:37:03 - [MESSAGE][PASSED] - Browser is opened with url: ''

2019-07-08 15:37:10 - [MESSAGE][PASSED] - Navigate to 'https://leedonline-stg.usgbc.org' successfully

2019-07-08 15:37:12 - [MESSAGE][PASSED] - Delayed 2 second(s)

2019-07-08 15:37:12 - [MESSAGE][PASSED] - Text 'automationbdd1@gmail.com' is set on object 'Object Repository/Login/input_username'

2019-07-08 15:37:12 - [MESSAGE][PASSED] - Text 'initpass' is set on object 'Object Repository/Login/input_password'

2019-07-08 15:37:15 - [MESSAGE][PASSED] - Delayed 3 second(s)

2019-07-08 15:37:15 - [MESSAGE][PASSED] - Scroll to object 'Object Repository/Login/span_End User License Agreement' successfully

2019-07-08 15:37:15 - [MESSAGE][PASSED] - Object 'Object Repository/Login/span_End User License Agreement' is visible

2019-07-08 15:37:15 - [MESSAGE][PASSED] - Object 'Object Repository/Login/span_End User License Agreement' is checked

2019-07-08 15:37:16 - [MESSAGE][PASSED] - Delayed 1 second(s)

2019-07-08 15:37:16 - [MESSAGE][PASSED] - Object: 'Object Repository/Login/button_Log In' is clicked on

2019-07-08 15:37:27 - [MESSAGE][PASSED] - Object: '' is clicked on

2019-07-08 15:37:30 - [MESSAGE][PASSED] - Object: 'Object Repository/Login/a_Credits' is clicked on

2019-07-08 15:37:32 - [MESSAGE][PASSED] - Delayed 2 second(s)

2019-07-08 15:37:32 - [MESSAGE][PASSED] - Object: 'Object Repository/EnhancedRefrigerantManagement/ERM_Navigation/div_Enhanced Refrigerant Management' is clicked on

2019-07-08 15:37:34 - [MESSAGE][PASSED] - Delayed 2 second(s)

2019-07-08 15:37:49 - [MESSAGE][PASSED] - Object: 'Object Repository/EnhancedRefrigerantManagement/ERM_Navigation/span_(V01)' is clicked on

2019-07-08 15:37:49 - [MESSAGE][PASSED] - Object 'Object Repository/EnhancedRefrigerantManagement/Autosave/div_Form drafted and not yet saved' is present

2019-07-08 15:37:49 - [MESSAGE][PASSED] - Object 'Object Repository/EnhancedRefrigerantManagement/Autosave/Last draft saved dateTime_warningDiv' is present

2019-07-08 15:37:50 - [MESSAGE][PASSED] - Text of object 'Object Repository/EnhancedRefrigerantManagement/Autosave/Last draft saved dateTime_warningDiv' is: 'Last draft saved on: 08 Jul 2019 03:36:57 PM  Clear draft'

2019-07-08 15:37:50 - [MESSAGE][PASSED] - Actual text 'Last draft saved on: 08 Jul 2019 03:36:57 PM  Clear draft' and expected text 'Last draft saved on: 08 Jul 2019 03:36:57 PM  Clear draft' are matched 

2019-07-08 15:37:52 - [MESSAGE][PASSED] - Delayed 2 second(s)

2019-07-08 15:37:52 - [MESSAGE][PASSED] - Object: 'Object Repository/EnhancedRefrigerantManagement/Autosave/a_Clear draft' is clicked on

2019-07-08 15:37:52 - [MESSAGE][PASSED] - Object: 'Object Repository/EnhancedRefrigerantManagement/Autosave/button_Yes' is clicked on

2019-07-08 15:37:52 - [MESSAGE][PASSED] - Run with 'enhancedRefrigerantManagement.Runner_ERM_AutoSaveAsDraft' was passed

2019-07-08 15:37:52 - [TEST_STEP][PASSED] - Start listener action : sampleAfterTestCase: Browser is closed

2019-07-08 15:37:52 - [TEST_STEP][PASSED] - closeBrowser(): Browser is closed

2019-07-08 15:37:52 - [MESSAGE][PASSED] - Browser is closed]]></system-out>
         <system-err><![CDATA[]]></system-err>
      </testcase>
      <system-out><![CDATA[2019-07-08 15:18:15 - [TEST_SUITE][FAILED] - ERM_SmokeTest: Test Cases/EnhancedRefrigerantManagement/TC_ERM_No_Refrigerants FAILED.
Reason:
com.kms.katalon.core.exception.StepFailedException: These following reason:
 [H:\Git Projects\Usgbc_LeedOnline_ScoreCard\Usgbc_LeedOnline_ScoreCard\Include\TestData\DownloadedFiles\creditForm.pdf (The system cannot find the file specified)]
	at com.kms.katalon.core.keyword.internal.KeywordMain.stepFailed(KeywordMain.groovy:48)
	at com.kms.katalon.core.keyword.internal.KeywordMain.stepFailed(KeywordMain.groovy)
	at com.kms.katalon.core.keyword.internal.KeywordMain.stepFailed(KeywordMain.groovy:21)
	at com.kms.katalon.core.keyword.internal.KeywordMain$stepFailed$0.call(Unknown Source)
	at com.kms.katalon.core.cucumber.keyword.CucumberBuiltinKeywords$_runWithCucumberRunner_closure3.doCall(CucumberBuiltinKeywords.groovy:272)
	at com.kms.katalon.core.cucumber.keyword.CucumberBuiltinKeywords$_runWithCucumberRunner_closure3.doCall(CucumberBuiltinKeywords.groovy)
	at com.kms.katalon.core.keyword.internal.KeywordMain.runKeyword(KeywordMain.groovy:66)
	at com.kms.katalon.core.keyword.internal.KeywordMain$runKeyword.call(Unknown Source)
	at com.kms.katalon.core.cucumber.keyword.CucumberBuiltinKeywords.runWithCucumberRunner(CucumberBuiltinKeywords.groovy:257)
	at com.kms.katalon.core.cucumber.keyword.CucumberBuiltinKeywords$runWithCucumberRunner$0.callStatic(Unknown Source)
	at com.kms.katalon.core.cucumber.keyword.CucumberBuiltinKeywords.runWithCucumberRunner(CucumberBuiltinKeywords.groovy:357)
	at com.kms.katalon.core.cucumber.keyword.CucumberBuiltinKeywords$runWithCucumberRunner.call(Unknown Source)
	at TC_ERM_No_Refrigerants.run(TC_ERM_No_Refrigerants:18)
	at com.kms.katalon.core.main.ScriptEngine.run(ScriptEngine.java:194)
	at com.kms.katalon.core.main.ScriptEngine.runScriptAsRawText(ScriptEngine.java:119)
	at com.kms.katalon.core.main.TestCaseExecutor.runScript(TestCaseExecutor.java:336)
	at com.kms.katalon.core.main.TestCaseExecutor.doExecute(TestCaseExecutor.java:327)
	at com.kms.katalon.core.main.TestCaseExecutor.processExecutionPhase(TestCaseExecutor.java:306)
	at com.kms.katalon.core.main.TestCaseExecutor.accessMainPhase(TestCaseExecutor.java:298)
	at com.kms.katalon.core.main.TestCaseExecutor.execute(TestCaseExecutor.java:232)
	at com.kms.katalon.core.main.TestSuiteExecutor.accessTestCaseMainPhase(TestSuiteExecutor.java:129)
	at com.kms.katalon.core.main.TestSuiteExecutor.accessTestSuiteMainPhase(TestSuiteExecutor.java:112)
	at com.kms.katalon.core.main.TestSuiteExecutor.execute(TestSuiteExecutor.java:81)
	at com.kms.katalon.core.main.TestCaseMain.startTestSuite(TestCaseMain.java:157)
	at com.kms.katalon.core.main.TestCaseMain$startTestSuite$0.call(Unknown Source)
	at TempTestSuite1562579292882.run(TempTestSuite1562579292882.groovy:35)]]></system-out>
      <system-err><![CDATA[2019-07-08 15:18:15 - [TEST_SUITE][FAILED] - ERM_SmokeTest: Test Cases/EnhancedRefrigerantManagement/TC_ERM_No_Refrigerants FAILED.
Reason:
com.kms.katalon.core.exception.StepFailedException: These following reason:
 [H:\Git Projects\Usgbc_LeedOnline_ScoreCard\Usgbc_LeedOnline_ScoreCard\Include\TestData\DownloadedFiles\creditForm.pdf (The system cannot find the file specified)]
	at com.kms.katalon.core.keyword.internal.KeywordMain.stepFailed(KeywordMain.groovy:48)
	at com.kms.katalon.core.keyword.internal.KeywordMain.stepFailed(KeywordMain.groovy)
	at com.kms.katalon.core.keyword.internal.KeywordMain.stepFailed(KeywordMain.groovy:21)
	at com.kms.katalon.core.keyword.internal.KeywordMain$stepFailed$0.call(Unknown Source)
	at com.kms.katalon.core.cucumber.keyword.CucumberBuiltinKeywords$_runWithCucumberRunner_closure3.doCall(CucumberBuiltinKeywords.groovy:272)
	at com.kms.katalon.core.cucumber.keyword.CucumberBuiltinKeywords$_runWithCucumberRunner_closure3.doCall(CucumberBuiltinKeywords.groovy)
	at com.kms.katalon.core.keyword.internal.KeywordMain.runKeyword(KeywordMain.groovy:66)
	at com.kms.katalon.core.keyword.internal.KeywordMain$runKeyword.call(Unknown Source)
	at com.kms.katalon.core.cucumber.keyword.CucumberBuiltinKeywords.runWithCucumberRunner(CucumberBuiltinKeywords.groovy:257)
	at com.kms.katalon.core.cucumber.keyword.CucumberBuiltinKeywords$runWithCucumberRunner$0.callStatic(Unknown Source)
	at com.kms.katalon.core.cucumber.keyword.CucumberBuiltinKeywords.runWithCucumberRunner(CucumberBuiltinKeywords.groovy:357)
	at com.kms.katalon.core.cucumber.keyword.CucumberBuiltinKeywords$runWithCucumberRunner.call(Unknown Source)
	at TC_ERM_No_Refrigerants.run(TC_ERM_No_Refrigerants:18)
	at com.kms.katalon.core.main.ScriptEngine.run(ScriptEngine.java:194)
	at com.kms.katalon.core.main.ScriptEngine.runScriptAsRawText(ScriptEngine.java:119)
	at com.kms.katalon.core.main.TestCaseExecutor.runScript(TestCaseExecutor.java:336)
	at com.kms.katalon.core.main.TestCaseExecutor.doExecute(TestCaseExecutor.java:327)
	at com.kms.katalon.core.main.TestCaseExecutor.processExecutionPhase(TestCaseExecutor.java:306)
	at com.kms.katalon.core.main.TestCaseExecutor.accessMainPhase(TestCaseExecutor.java:298)
	at com.kms.katalon.core.main.TestCaseExecutor.execute(TestCaseExecutor.java:232)
	at com.kms.katalon.core.main.TestSuiteExecutor.accessTestCaseMainPhase(TestSuiteExecutor.java:129)
	at com.kms.katalon.core.main.TestSuiteExecutor.accessTestSuiteMainPhase(TestSuiteExecutor.java:112)
	at com.kms.katalon.core.main.TestSuiteExecutor.execute(TestSuiteExecutor.java:81)
	at com.kms.katalon.core.main.TestCaseMain.startTestSuite(TestCaseMain.java:157)
	at com.kms.katalon.core.main.TestCaseMain$startTestSuite$0.call(Unknown Source)
	at TempTestSuite1562579292882.run(TempTestSuite1562579292882.groovy:35)]]></system-err>
   </testsuite>
</testsuites>
