<?xml version="1.0" encoding="UTF-8"?>
<testsuites name="ERM_SmokeTest" time="961" tests="3" failures="4" errors="0">
   <testsuite name="ERM_SmokeTest" tests="3" failures="4" errors="0" time="961" timestamp="2019-07-10 15:08:20" hostname="promantus inc - G10PROLT025" id="Test Suites/ERM_SmokeTest">
      <properties>
         <property name="deviceName" value=""/>
         <property name="devicePlatform" value=""/>
         <property name="logFolder" value="H:\\Git Projects\\Usgbc_LeedOnline_ScoreCard\\Usgbc_LeedOnline_ScoreCard\\Reports\\ERM_SmokeTest\\20190710_150812"/>
         <property name="logFiles" value="H:\\Git Projects\\Usgbc_LeedOnline_ScoreCard\\Usgbc_LeedOnline_ScoreCard\\Reports\\ERM_SmokeTest\\20190710_150812\\execution0.log"/>
         <property name="attachments" value="H:\\Git Projects\\Usgbc_LeedOnline_ScoreCard\\Usgbc_LeedOnline_ScoreCard\\Reports\\ERM_SmokeTest\\20190710_150812\\1562751694951.png, H:\\Git Projects\\Usgbc_LeedOnline_ScoreCard\\Usgbc_LeedOnline_ScoreCard\\Reports\\ERM_SmokeTest\\20190710_150812\\1562752168627.png, H:\\Git Projects\\Usgbc_LeedOnline_ScoreCard\\Usgbc_LeedOnline_ScoreCard\\Reports\\ERM_SmokeTest\\20190710_150812\\1562752428617.png, H:\\Git Projects\\Usgbc_LeedOnline_ScoreCard\\Usgbc_LeedOnline_ScoreCard\\Reports\\ERM_SmokeTest\\20190710_150812\\1562752429052.png, H:\\Git Projects\\Usgbc_LeedOnline_ScoreCard\\Usgbc_LeedOnline_ScoreCard\\Reports\\ERM_SmokeTest\\20190710_150812\\1562752460741.png, H:\\Git Projects\\Usgbc_LeedOnline_ScoreCard\\Usgbc_LeedOnline_ScoreCard\\Reports\\ERM_SmokeTest\\20190710_150812\\1562752461147.png"/>
         <property name="hostName" value="promantus inc - G10PROLT025"/>
         <property name="os" value="Windows 10 64bit"/>
         <property name="katalonVersion" value="6.1.3.3"/>
         <property name="browser" value="Chrome 75.0.3770.100"/>
         <property name="hostAddress" value="192.168.232.1"/>
         <property name="sessionId" value="3ff1fc169c6114e12c628daf053eec16"/>
         <property name="seleniumVersion" value="3.7.1"/>
         <property name="proxyInformation" value="ProxyInformation{proxyOption=NO_PROXY, proxyServerType=HTTP, password=, proxyServerAddress=, proxyServerPort=0}"/>
         <property name="platform" value="Windows 10"/>
      </properties>
      <testcase name="Test Cases/EnhancedRefrigerantManagement/TC_ERM_No_Refrigerants" classname="Test Cases/EnhancedRefrigerantManagement/TC_ERM_No_Refrigerants" status="PASSED">
         <system-out><![CDATA[2019-07-10 15:08:21 - [TEST_CASE][PASSED] - Test Cases/EnhancedRefrigerantManagement/TC_ERM_No_Refrigerants: Test Cases/EnhancedRefrigerantManagement/TC_ERM_No_Refrigerants

2019-07-10 15:08:21 - [TEST_STEP][PASSED] - Start listener action : sampleBeforeTestCase: null

2019-07-10 15:08:21 - [TEST_STEP][PASSED] - openBrowser(""): Browser is opened with url: ''

2019-07-10 15:08:21 - [MESSAGE][INFO] - Starting 'Chrome (headless)' driver

2019-07-10 15:08:21 - [MESSAGE][INFO] - User set preference: ['args', '[--window-size=1920,1080]']

2019-07-10 15:08:21 - [MESSAGE][INFO] - Action delay is set to 0 seconds

2019-07-10 15:08:24 - [MESSAGE][PASSED] - Browser is opened with url: ''

2019-07-10 15:08:24 - [TEST_STEP][PASSED] - driver = getWebDriver(): null

2019-07-10 15:08:24 - [TEST_STEP][PASSED] - println("The driver is ########### " + driver): null

2019-07-10 15:08:24 - [TEST_STEP][PASSED] - downloadPath = "H:\Git Projects\Usgbc_LeedOnline_ScoreCard\Usgbc_LeedOnline_ScoreCard\Include\TestData\DownloadedFiles": null

2019-07-10 15:08:24 - [TEST_STEP][PASSED] - projectKeywords().sendCommandForDownloadChromeHeadLess(driver.getCommandExecutor(), driver.getSessionId(), downloadPath): null

2019-07-10 15:08:25 - [TEST_STEP][PASSED] - runWithCucumberRunner(enhancedRefrigerantManagement.Runner_ERM_No_Refrigerants): Run with 'enhancedRefrigerantManagement.Runner_ERM_No_Refrigerants' was passed

2019-07-10 15:08:27 - [TEST_CASE][PASSED] - Test Cases/EnhancedRefrigerantManagement/TC_ERM_Navigation: Test Cases/EnhancedRefrigerantManagement/TC_ERM_Navigation

2019-07-10 15:08:27 - [TEST_STEP][PASSED] - runWithCucumberRunner(enhancedRefrigerantManagement.Runner_ERM_Navigation): Run with 'enhancedRefrigerantManagement.Runner_ERM_Navigation' was passed

2019-07-10 15:08:29 - [TEST_CASE][PASSED] - Test Cases/Login/TC_Login: Test Cases/Login/TC_Login

2019-07-10 15:08:29 - [TEST_STEP][PASSED] - runWithCucumberRunner(common.Runner_Login): Run with 'common.Runner_Login' was passed

2019-07-10 15:08:33 - [MESSAGE][PASSED] - Navigate to 'https://leedonline-stg.usgbc.org' successfully

2019-07-10 15:08:35 - [MESSAGE][PASSED] - Delayed 2 second(s)

2019-07-10 15:08:35 - [MESSAGE][PASSED] - Text 'automationbdd1@gmail.com' is set on object 'Object Repository/Login/input_username'

2019-07-10 15:08:35 - [MESSAGE][PASSED] - Text 'initpass' is set on object 'Object Repository/Login/input_password'

2019-07-10 15:08:38 - [MESSAGE][PASSED] - Delayed 3 second(s)

2019-07-10 15:08:38 - [MESSAGE][PASSED] - Scroll to object 'Object Repository/Login/span_End User License Agreement' successfully

2019-07-10 15:08:38 - [MESSAGE][PASSED] - Object 'Object Repository/Login/span_End User License Agreement' is visible

2019-07-10 15:08:38 - [MESSAGE][PASSED] - Object 'Object Repository/Login/span_End User License Agreement' is checked

2019-07-10 15:08:39 - [MESSAGE][PASSED] - Delayed 1 second(s)

2019-07-10 15:08:40 - [MESSAGE][PASSED] - Object: 'Object Repository/Login/button_Log In' is clicked on

2019-07-10 15:08:45 - [MESSAGE][PASSED] - Object: '' is clicked on

2019-07-10 15:08:47 - [MESSAGE][PASSED] - Object: 'Object Repository/Login/a_Credits' is clicked on

2019-07-10 15:08:47 - [MESSAGE][PASSED] - Run with 'common.Runner_Login' was passed

2019-07-10 15:08:47 - [MESSAGE][PASSED] - Call Test Case 'Test Cases/Login/TC_Login' successfully

2019-07-10 15:08:47 - [MESSAGE][PASSED] - Scroll to object 'Object Repository/EnhancedRefrigerantManagement/ERM_Navigation/div_Enhanced Refrigerant Management' successfully

2019-07-10 15:08:47 - [MESSAGE][PASSED] - Object 'Object Repository/EnhancedRefrigerantManagement/ERM_Navigation/div_Enhanced Refrigerant Management' is present

2019-07-10 15:08:47 - [MESSAGE][PASSED] - Text of object 'Object Repository/EnhancedRefrigerantManagement/ERM_Navigation/h3_Status' is: 'READY FOR REVIEW'

2019-07-10 15:08:47 - [MESSAGE][PASSED] - Text of object 'Object Repository/EnhancedRefrigerantManagement/ERM_Navigation/divval' is: 'READY FOR REVIEW'

2019-07-10 15:08:47 - [MESSAGE][PASSED] - Object: 'Object Repository/EnhancedRefrigerantManagement/ERM_Navigation/a_MarkReadyForReview' is clicked on

2019-07-10 15:08:52 - [MESSAGE][PASSED] - Delayed 5 second(s)

2019-07-10 15:08:52 - [MESSAGE][PASSED] - Text of object 'Object Repository/EnhancedRefrigerantManagement/ERM_Navigation/h3_Status' is: 'ATTEMPTED'

2019-07-10 15:08:52 - [MESSAGE][PASSED] - Object: 'Object Repository/EnhancedRefrigerantManagement/ERM_Navigation/div_Enhanced Refrigerant Management' is clicked on

2019-07-10 15:08:55 - [MESSAGE][PASSED] - Delayed 3 second(s)

2019-07-10 15:08:59 - [MESSAGE][PASSED] - Object: 'Object Repository/EnhancedRefrigerantManagement/ERM_Navigation/span_(V01)' is clicked on

2019-07-10 15:08:59 - [MESSAGE][PASSED] - Object 'Object Repository/EnhancedRefrigerantManagement/ERM_Navigation/div_EnhancedRefrigerantManagement_Credit' is present

2019-07-10 15:08:59 - [MESSAGE][PASSED] - Run with 'enhancedRefrigerantManagement.Runner_ERM_Navigation' was passed

2019-07-10 15:08:59 - [MESSAGE][PASSED] - Call Test Case 'Test Cases/EnhancedRefrigerantManagement/TC_ERM_Navigation' successfully

2019-07-10 15:08:59 - [MESSAGE][PASSED] - Object 'Object Repository/EnhancedRefrigerantManagement/No_Refrigerants_Opt1/input_No_Refrigerants' is present

2019-07-10 15:09:02 - [MESSAGE][PASSED] - Delayed 3 second(s)

2019-07-10 15:09:02 - [MESSAGE][PASSED] - Object 'Object Repository/EnhancedRefrigerantManagement/No_Refrigerants_Opt1/input_No_Refrigerants' is checked

2019-07-10 15:09:05 - [MESSAGE][PASSED] - Delayed 3 second(s)

2019-07-10 15:09:05 - [MESSAGE][PASSED] - Text 'Option 1. No Refrigerants or Low-Impact Refrigerants.' is present on page 

2019-07-10 15:09:06 - [MESSAGE][PASSED] - Scroll to object 'Object Repository/EnhancedRefrigerantManagement/No_Refrigerants_Opt1/Editor_low_impact_refrigerants/p_low_impact_refrigerants' successfully

2019-07-10 15:09:06 - [MESSAGE][PASSED] - Object 'Object Repository/EnhancedRefrigerantManagement/No_Refrigerants_Opt1/Editor_low_impact_refrigerants/p_low_impact_refrigerants' is present

2019-07-10 15:09:10 - [MESSAGE][PASSED] - Text 'Known that everybody have the personal aim. It is defferent . For example, there are some people think that the most important thing in them life is career. While there are other people think that is family. me too. The most important thing with my life is my small and big family. Because I see the mind is the most important. Let think that if you are verry rich while you alway are worry and sad, you will feel not happy. So I think we should spend many time for looking after our family. When we have a happy family, we will have power to try. At that time we will work better. How do you think. Anna and Henry go to the doctor. Anna has an ultrasound scan. HYTHW' is set on object 'Object Repository/EnhancedRefrigerantManagement/No_Refrigerants_Opt1/Editor_low_impact_refrigerants/body_low_impact'

2019-07-10 15:09:13 - [MESSAGE][PASSED] - Delayed 3 second(s)

2019-07-10 15:09:13 - [MESSAGE][PASSED] - Text of object 'Object Repository/EnhancedRefrigerantManagement/No_Refrigerants_Opt1/Editor_low_impact_refrigerants/body_low_impact' is: 'Known that everybody have the personal aim. It is defferent . For example, there are some people think that the most important thing in them life is career. While there are other people think that is family. me too. The most important thing with my life is my small and big family. Because I see the mind is the most important. Let think that if you are verry rich while you alway are worry and sad, you will feel not happy. So I think we should spend many time for looking after our family. When we have a happy family, we will have power to try. At that time we will work better. How do you think. Anna and Henry go to the doctor. Anna has an ultrasound scan. HYTHW'

2019-07-10 15:09:13 - [MESSAGE][PASSED] - Actual text 'Known that everybody have the personal aim. It is defferent . For example, there are some people think that the most important thing in them life is career. While there are other people think that is family. me too. The most important thing with my life is my small and big family. Because I see the mind is the most important. Let think that if you are verry rich while you alway are worry and sad, you will feel not happy. So I think we should spend many time for looking after our family. When we have a happy family, we will have power to try. At that time we will work better. How do you think. Anna and Henry go to the doctor. Anna has an ultrasound scan. HYTHW' and expected text 'Known that everybody have the personal aim. It is defferent . For example, there are some people think that the most important thing in them life is career. While there are other people think that is family. me too. The most important thing with my life is my small and big family. Because I see the mind is the most important. Let think that if you are verry rich while you alway are worry and sad, you will feel not happy. So I think we should spend many time for looking after our family. When we have a happy family, we will have power to try. At that time we will work better. How do you think. Anna and Henry go to the doctor. Anna has an ultrasound scan. HYTHW' are matched 

2019-07-10 15:09:13 - [MESSAGE][WARNING] - Timeout '0' is invalid. Using default page load timeout: '30'

2019-07-10 15:09:13 - [MESSAGE][PASSED] - Scroll to object 'Object Repository/EnhancedRefrigerantManagement/Special Circumstances/AddFile_additionalDoc/p_Upload any additional documentation' successfully

2019-07-10 15:09:13 - [MESSAGE][PASSED] - Object 'Object Repository/EnhancedRefrigerantManagement/Special Circumstances/AddFile_additionalDoc/p_Upload any additional documentation' is present

2019-07-10 15:09:13 - [MESSAGE][PASSED] - Object 'Object Repository/EnhancedRefrigerantManagement/Special Circumstances/AddFile_additionalDoc/Button_additionalDoc' has attribute 'class' with value 'tiny ui button'

2019-07-10 15:09:13 - [MESSAGE][PASSED] - File 'H:\Git Projects\Usgbc_LeedOnline_ScoreCard\Usgbc_LeedOnline_ScoreCard\Include\TestData\MultipleFileDiffExt\SampleGIFImage_350kbmb.gif' sent to object: 'Object Repository/EnhancedRefrigerantManagement/Special Circumstances/AddFile_additionalDoc/input_additionalDoc'

2019-07-10 15:09:14 - [MESSAGE][PASSED] - Delayed 1 second(s)

2019-07-10 15:09:15 - [MESSAGE][PASSED] - Object 'Object Repository/EnhancedRefrigerantManagement/Special Circumstances/AddFile_additionalDoc/Button_additionalDoc' has attribute 'class' with value 'tiny ui button'

2019-07-10 15:09:15 - [MESSAGE][PASSED] - File 'H:\Git Projects\Usgbc_LeedOnline_ScoreCard\Usgbc_LeedOnline_ScoreCard\Include\TestData\MultipleFileDiffExt\SamplePPTFile_1000kb.ppt' sent to object: 'Object Repository/EnhancedRefrigerantManagement/Special Circumstances/AddFile_additionalDoc/input_additionalDoc'

2019-07-10 15:09:16 - [MESSAGE][PASSED] - Delayed 1 second(s)

2019-07-10 15:09:18 - [MESSAGE][PASSED] - Object 'Object Repository/EnhancedRefrigerantManagement/Special Circumstances/AddFile_additionalDoc/Button_additionalDoc' has attribute 'class' with value 'tiny ui button'

2019-07-10 15:09:18 - [MESSAGE][PASSED] - File 'H:\Git Projects\Usgbc_LeedOnline_ScoreCard\Usgbc_LeedOnline_ScoreCard\Include\TestData\MultipleFileDiffExt\ZZ.pdf' sent to object: 'Object Repository/EnhancedRefrigerantManagement/Special Circumstances/AddFile_additionalDoc/input_additionalDoc'

2019-07-10 15:09:19 - [MESSAGE][PASSED] - Delayed 1 second(s)

2019-07-10 15:09:19 - [MESSAGE][PASSED] - Scroll to object 'Object Repository/EnhancedRefrigerantManagement/Special Circumstances/EditorBox_splCircum/p_EditorBox' successfully

2019-07-10 15:09:19 - [MESSAGE][PASSED] - Object 'Object Repository/EnhancedRefrigerantManagement/Special Circumstances/EditorBox_splCircum/p_EditorBox' is present

2019-07-10 15:09:22 - [MESSAGE][PASSED] - Text 'Known that everybody have the personal aim. It is defferent . For example, there are some people think that the most important thing in them life is career. While there are other people think that is family. me too. The most important thing with my life is my small and big family. Because I see the mind is the most important. Let think that if you are verry rich while you alway are worry and sad, you will feel not happy. So I think we should spend many time for looking after our family. When we have a happy family, we will have power to try. At that time we will work better. How do you think. Anna and Henry go to the doctor. Anna has an ultrasound scan. HYTHW' is set on object 'Object Repository/EnhancedRefrigerantManagement/Special Circumstances/EditorBox_splCircum/body_splCircum'

2019-07-10 15:09:25 - [MESSAGE][PASSED] - Delayed 3 second(s)

2019-07-10 15:09:26 - [MESSAGE][PASSED] - Text of object 'Object Repository/EnhancedRefrigerantManagement/Special Circumstances/EditorBox_splCircum/body_splCircum' is: 'Known that everybody have the personal aim. It is defferent . For example, there are some people think that the most important thing in them life is career. While there are other people think that is family. me too. The most important thing with my life is my small and big family. Because I see the mind is the most important. Let think that if you are verry rich while you alway are worry and sad, you will feel not happy. So I think we should spend many time for looking after our family. When we have a happy family, we will have power to try. At that time we will work better. How do you think. Anna and Henry go to the doctor. Anna has an ultrasound scan. HYTHW'

2019-07-10 15:09:26 - [MESSAGE][PASSED] - Actual text 'Known that everybody have the personal aim. It is defferent . For example, there are some people think that the most important thing in them life is career. While there are other people think that is family. me too. The most important thing with my life is my small and big family. Because I see the mind is the most important. Let think that if you are verry rich while you alway are worry and sad, you will feel not happy. So I think we should spend many time for looking after our family. When we have a happy family, we will have power to try. At that time we will work better. How do you think. Anna and Henry go to the doctor. Anna has an ultrasound scan. HYTHW' and expected text 'Known that everybody have the personal aim. It is defferent . For example, there are some people think that the most important thing in them life is career. While there are other people think that is family. me too. The most important thing with my life is my small and big family. Because I see the mind is the most important. Let think that if you are verry rich while you alway are worry and sad, you will feel not happy. So I think we should spend many time for looking after our family. When we have a happy family, we will have power to try. At that time we will work better. How do you think. Anna and Henry go to the doctor. Anna has an ultrasound scan. HYTHW' are matched 

2019-07-10 15:09:36 - [MESSAGE][PASSED] - Delayed 10 second(s)

2019-07-10 15:09:36 - [MESSAGE][PASSED] - Scroll to object 'Object Repository/EnhancedRefrigerantManagement/button_Save' successfully

2019-07-10 15:09:36 - [MESSAGE][PASSED] - Object 'Object Repository/EnhancedRefrigerantManagement/button_Save' is visible

2019-07-10 15:09:36 - [MESSAGE][PASSED] - Object: 'Object Repository/EnhancedRefrigerantManagement/button_Save' is clicked on

2019-07-10 15:09:38 - [MESSAGE][PASSED] - Delayed 2 second(s)

2019-07-10 15:09:38 - [MESSAGE][PASSED] - Text 'Form data saved successfully.' is present on page 

2019-07-10 15:09:38 - [MESSAGE][PASSED] - Scroll to object 'Object Repository/EnhancedRefrigerantManagement/icon_pdf' successfully

2019-07-10 15:09:38 - [MESSAGE][PASSED] - Object 'Object Repository/EnhancedRefrigerantManagement/icon_pdf' is present

2019-07-10 15:09:43 - [MESSAGE][PASSED] - Delayed 5 second(s)

2019-07-10 15:09:44 - [MESSAGE][PASSED] - Object: 'Object Repository/EnhancedRefrigerantManagement/icon_pdf' is clicked on

2019-07-10 15:09:54 - [MESSAGE][PASSED] - Delayed 10 second(s)

2019-07-10 15:09:59 - [MESSAGE][PASSED] - Delayed 5 second(s)

2019-07-10 15:09:59 - [MESSAGE][PASSED] - Scroll to object 'Object Repository/EnhancedRefrigerantManagement/No_Refrigerants_Opt1/Editor_low_impact_refrigerants/p_low_impact_refrigerants' successfully

2019-07-10 15:09:59 - [MESSAGE][PASSED] - Text of object 'Object Repository/EnhancedRefrigerantManagement/No_Refrigerants_Opt1/Editor_low_impact_refrigerants/body_low_impact' is: 'Known that everybody have the personal aim. It is defferent . For example, there are some people think that the most important thing in them life is career. While there are other people think that is family. me too. The most important thing with my life is my small and big family. Because I see the mind is the most important. Let think that if you are verry rich while you alway are worry and sad, you will feel not happy. So I think we should spend many time for looking after our family. When we have a happy family, we will have power to try. At that time we will work better. How do you think. Anna and Henry go to the doctor. Anna has an ultrasound scan. HYTHW'

2019-07-10 15:10:01 - [MESSAGE][PASSED] - Delayed 2 second(s)

2019-07-10 15:10:07 - [MESSAGE][PASSED] - Delayed 5 second(s)

2019-07-10 15:10:07 - [MESSAGE][PASSED] - Scroll to object 'Object Repository/EnhancedRefrigerantManagement/Special Circumstances/EditorBox_splCircum/p_EditorBox' successfully

2019-07-10 15:10:07 - [MESSAGE][PASSED] - Text of object 'Object Repository/EnhancedRefrigerantManagement/Special Circumstances/EditorBox_splCircum/body_splCircum' is: 'Known that everybody have the personal aim. It is defferent . For example, there are some people think that the most important thing in them life is career. While there are other people think that is family. me too. The most important thing with my life is my small and big family. Because I see the mind is the most important. Let think that if you are verry rich while you alway are worry and sad, you will feel not happy. So I think we should spend many time for looking after our family. When we have a happy family, we will have power to try. At that time we will work better. How do you think. Anna and Henry go to the doctor. Anna has an ultrasound scan. HYTHW'

2019-07-10 15:10:09 - [MESSAGE][PASSED] - Delayed 2 second(s)

2019-07-10 15:10:14 - [MESSAGE][PASSED] - Delayed 5 second(s)

2019-07-10 15:10:14 - [MESSAGE][PASSED] - Scroll to object 'Object Repository/EnhancedRefrigerantManagement/Special Circumstances/AddFile_additionalDoc/p_Upload any additional documentation' successfully

2019-07-10 15:10:16 - [MESSAGE][PASSED] - Delayed 2 second(s)

2019-07-10 15:10:18 - [MESSAGE][PASSED] - Refresh successfully

2019-07-10 15:10:18 - [MESSAGE][PASSED] - Text of object 'Object Repository/EnhancedRefrigerantManagement/No_Refrigerants_Opt1/Editor_low_impact_refrigerants/body_low_impact' is: 'Known that everybody have the personal aim. It is defferent . For example, there are some people think that the most important thing in them life is career. While there are other people think that is family. me too. The most important thing with my life is my small and big family. Because I see the mind is the most important. Let think that if you are verry rich while you alway are worry and sad, you will feel not happy. So I think we should spend many time for looking after our family. When we have a happy family, we will have power to try. At that time we will work better. How do you think. Anna and Henry go to the doctor. Anna has an ultrasound scan. HYTHW'

2019-07-10 15:10:18 - [MESSAGE][PASSED] - Actual text 'Known that everybody have the personal aim. It is defferent . For example, there are some people think that the most important thing in them life is career. While there are other people think that is family. me too. The most important thing with my life is my small and big family. Because I see the mind is the most important. Let think that if you are verry rich while you alway are worry and sad, you will feel not happy. So I think we should spend many time for looking after our family. When we have a happy family, we will have power to try. At that time we will work better. How do you think. Anna and Henry go to the doctor. Anna has an ultrasound scan. HYTHW' and expected text 'Known that everybody have the personal aim. It is defferent . For example, there are some people think that the most important thing in them life is career. While there are other people think that is family. me too. The most important thing with my life is my small and big family. Because I see the mind is the most important. Let think that if you are verry rich while you alway are worry and sad, you will feel not happy. So I think we should spend many time for looking after our family. When we have a happy family, we will have power to try. At that time we will work better. How do you think. Anna and Henry go to the doctor. Anna has an ultrasound scan. HYTHW' are matched 

2019-07-10 15:10:18 - [MESSAGE][PASSED] - Text of object 'Object Repository/EnhancedRefrigerantManagement/Special Circumstances/EditorBox_splCircum/body_splCircum' is: 'Known that everybody have the personal aim. It is defferent . For example, there are some people think that the most important thing in them life is career. While there are other people think that is family. me too. The most important thing with my life is my small and big family. Because I see the mind is the most important. Let think that if you are verry rich while you alway are worry and sad, you will feel not happy. So I think we should spend many time for looking after our family. When we have a happy family, we will have power to try. At that time we will work better. How do you think. Anna and Henry go to the doctor. Anna has an ultrasound scan. HYTHW'

2019-07-10 15:10:18 - [MESSAGE][PASSED] - Actual text 'Known that everybody have the personal aim. It is defferent . For example, there are some people think that the most important thing in them life is career. While there are other people think that is family. me too. The most important thing with my life is my small and big family. Because I see the mind is the most important. Let think that if you are verry rich while you alway are worry and sad, you will feel not happy. So I think we should spend many time for looking after our family. When we have a happy family, we will have power to try. At that time we will work better. How do you think. Anna and Henry go to the doctor. Anna has an ultrasound scan. HYTHW' and expected text 'Known that everybody have the personal aim. It is defferent . For example, there are some people think that the most important thing in them life is career. While there are other people think that is family. me too. The most important thing with my life is my small and big family. Because I see the mind is the most important. Let think that if you are verry rich while you alway are worry and sad, you will feel not happy. So I think we should spend many time for looking after our family. When we have a happy family, we will have power to try. At that time we will work better. How do you think. Anna and Henry go to the doctor. Anna has an ultrasound scan. HYTHW' are matched 

2019-07-10 15:10:18 - [MESSAGE][PASSED] - Run with 'enhancedRefrigerantManagement.Runner_ERM_No_Refrigerants' was passed

2019-07-10 15:10:18 - [TEST_STEP][PASSED] - Start listener action : sampleAfterTestCase: Browser is closed

2019-07-10 15:10:18 - [TEST_STEP][PASSED] - closeBrowser(): Browser is closed

2019-07-10 15:10:19 - [MESSAGE][PASSED] - Browser is closed]]></system-out>
         <system-err><![CDATA[]]></system-err>
      </testcase>
      <testcase name="Test Cases/EnhancedRefrigerantManagement/TC_ERM_CalculationofRefrigerantImpact" classname="Test Cases/EnhancedRefrigerantManagement/TC_ERM_CalculationofRefrigerantImpact" status="FAILED">
         <failure type="FAILED" message="Test Cases/EnhancedRefrigerantManagement/TC_ERM_CalculationofRefrigerantImpact FAILED.
Reason:
com.kms.katalon.core.exception.StepFailedException: These following reason:
 [Unable to verify text 'Form data saved successfully.' is present , Actual text '45' and expected text '' are not matched]
	at com.kms.katalon.core.keyword.internal.KeywordMain.stepFailed(KeywordMain.groovy:48)
	at com.kms.katalon.core.keyword.internal.KeywordMain.stepFailed(KeywordMain.groovy)
	at com.kms.katalon.core.keyword.internal.KeywordMain.stepFailed(KeywordMain.groovy:21)
	at com.kms.katalon.core.keyword.internal.KeywordMain$stepFailed$0.call(Unknown Source)
	at com.kms.katalon.core.cucumber.keyword.CucumberBuiltinKeywords$_runWithCucumberRunner_closure3.doCall(CucumberBuiltinKeywords.groovy:272)
	at com.kms.katalon.core.cucumber.keyword.CucumberBuiltinKeywords$_runWithCucumberRunner_closure3.doCall(CucumberBuiltinKeywords.groovy)
	at com.kms.katalon.core.keyword.internal.KeywordMain.runKeyword(KeywordMain.groovy:66)
	at com.kms.katalon.core.keyword.internal.KeywordMain$runKeyword.call(Unknown Source)
	at com.kms.katalon.core.cucumber.keyword.CucumberBuiltinKeywords.runWithCucumberRunner(CucumberBuiltinKeywords.groovy:257)
	at com.kms.katalon.core.cucumber.keyword.CucumberBuiltinKeywords$runWithCucumberRunner$0.callStatic(Unknown Source)
	at com.kms.katalon.core.cucumber.keyword.CucumberBuiltinKeywords.runWithCucumberRunner(CucumberBuiltinKeywords.groovy:357)
	at com.kms.katalon.core.cucumber.keyword.CucumberBuiltinKeywords$runWithCucumberRunner.call(Unknown Source)
	at TC_ERM_CalculationofRefrigerantImpact.run(TC_ERM_CalculationofRefrigerantImpact:18)
	at com.kms.katalon.core.main.ScriptEngine.run(ScriptEngine.java:194)
	at com.kms.katalon.core.main.ScriptEngine.runScriptAsRawText(ScriptEngine.java:119)
	at com.kms.katalon.core.main.TestCaseExecutor.runScript(TestCaseExecutor.java:336)
	at com.kms.katalon.core.main.TestCaseExecutor.doExecute(TestCaseExecutor.java:327)
	at com.kms.katalon.core.main.TestCaseExecutor.processExecutionPhase(TestCaseExecutor.java:306)
	at com.kms.katalon.core.main.TestCaseExecutor.accessMainPhase(TestCaseExecutor.java:298)
	at com.kms.katalon.core.main.TestCaseExecutor.execute(TestCaseExecutor.java:232)
	at com.kms.katalon.core.main.TestSuiteExecutor.accessTestCaseMainPhase(TestSuiteExecutor.java:129)
	at com.kms.katalon.core.main.TestSuiteExecutor.accessTestSuiteMainPhase(TestSuiteExecutor.java:112)
	at com.kms.katalon.core.main.TestSuiteExecutor.execute(TestSuiteExecutor.java:81)
	at com.kms.katalon.core.main.TestCaseMain.startTestSuite(TestCaseMain.java:157)
	at com.kms.katalon.core.main.TestCaseMain$startTestSuite$0.call(Unknown Source)
	at TempTestSuite1562751497427.run(TempTestSuite1562751497427.groovy:35)
"/>
         <system-out><![CDATA[2019-07-10 15:10:19 - [TEST_CASE][FAILED] - Test Cases/EnhancedRefrigerantManagement/TC_ERM_CalculationofRefrigerantImpact: Test Cases/EnhancedRefrigerantManagement/TC_ERM_CalculationofRefrigerantImpact FAILED.
Reason:
com.kms.katalon.core.exception.StepFailedException: These following reason:
 [Unable to verify text 'Form data saved successfully.' is present , Actual text '45' and expected text '' are not matched]
	at com.kms.katalon.core.keyword.internal.KeywordMain.stepFailed(KeywordMain.groovy:48)
	at com.kms.katalon.core.keyword.internal.KeywordMain.stepFailed(KeywordMain.groovy)
	at com.kms.katalon.core.keyword.internal.KeywordMain.stepFailed(KeywordMain.groovy:21)
	at com.kms.katalon.core.keyword.internal.KeywordMain$stepFailed$0.call(Unknown Source)
	at com.kms.katalon.core.cucumber.keyword.CucumberBuiltinKeywords$_runWithCucumberRunner_closure3.doCall(CucumberBuiltinKeywords.groovy:272)
	at com.kms.katalon.core.cucumber.keyword.CucumberBuiltinKeywords$_runWithCucumberRunner_closure3.doCall(CucumberBuiltinKeywords.groovy)
	at com.kms.katalon.core.keyword.internal.KeywordMain.runKeyword(KeywordMain.groovy:66)
	at com.kms.katalon.core.keyword.internal.KeywordMain$runKeyword.call(Unknown Source)
	at com.kms.katalon.core.cucumber.keyword.CucumberBuiltinKeywords.runWithCucumberRunner(CucumberBuiltinKeywords.groovy:257)
	at com.kms.katalon.core.cucumber.keyword.CucumberBuiltinKeywords$runWithCucumberRunner$0.callStatic(Unknown Source)
	at com.kms.katalon.core.cucumber.keyword.CucumberBuiltinKeywords.runWithCucumberRunner(CucumberBuiltinKeywords.groovy:357)
	at com.kms.katalon.core.cucumber.keyword.CucumberBuiltinKeywords$runWithCucumberRunner.call(Unknown Source)
	at TC_ERM_CalculationofRefrigerantImpact.run(TC_ERM_CalculationofRefrigerantImpact:18)
	at com.kms.katalon.core.main.ScriptEngine.run(ScriptEngine.java:194)
	at com.kms.katalon.core.main.ScriptEngine.runScriptAsRawText(ScriptEngine.java:119)
	at com.kms.katalon.core.main.TestCaseExecutor.runScript(TestCaseExecutor.java:336)
	at com.kms.katalon.core.main.TestCaseExecutor.doExecute(TestCaseExecutor.java:327)
	at com.kms.katalon.core.main.TestCaseExecutor.processExecutionPhase(TestCaseExecutor.java:306)
	at com.kms.katalon.core.main.TestCaseExecutor.accessMainPhase(TestCaseExecutor.java:298)
	at com.kms.katalon.core.main.TestCaseExecutor.execute(TestCaseExecutor.java:232)
	at com.kms.katalon.core.main.TestSuiteExecutor.accessTestCaseMainPhase(TestSuiteExecutor.java:129)
	at com.kms.katalon.core.main.TestSuiteExecutor.accessTestSuiteMainPhase(TestSuiteExecutor.java:112)
	at com.kms.katalon.core.main.TestSuiteExecutor.execute(TestSuiteExecutor.java:81)
	at com.kms.katalon.core.main.TestCaseMain.startTestSuite(TestCaseMain.java:157)
	at com.kms.katalon.core.main.TestCaseMain$startTestSuite$0.call(Unknown Source)
	at TempTestSuite1562751497427.run(TempTestSuite1562751497427.groovy:35)


2019-07-10 15:10:19 - [TEST_STEP][PASSED] - Start listener action : sampleBeforeTestCase: null

2019-07-10 15:10:19 - [TEST_STEP][PASSED] - openBrowser(""): Browser is opened with url: ''

2019-07-10 15:10:19 - [MESSAGE][INFO] - Starting 'Chrome (headless)' driver

2019-07-10 15:10:19 - [MESSAGE][INFO] - User set preference: ['args', '[--window-size=1920,1080]']

2019-07-10 15:10:21 - [MESSAGE][PASSED] - Browser is opened with url: ''

2019-07-10 15:10:21 - [TEST_STEP][PASSED] - driver = getWebDriver(): null

2019-07-10 15:10:21 - [TEST_STEP][PASSED] - println("The driver is ########### " + driver): null

2019-07-10 15:10:21 - [TEST_STEP][PASSED] - downloadPath = "H:\Git Projects\Usgbc_LeedOnline_ScoreCard\Usgbc_LeedOnline_ScoreCard\Include\TestData\DownloadedFiles": null

2019-07-10 15:10:21 - [TEST_STEP][PASSED] - projectKeywords().sendCommandForDownloadChromeHeadLess(driver.getCommandExecutor(), driver.getSessionId(), downloadPath): null

2019-07-10 15:10:21 - [TEST_STEP][FAILED] - runWithCucumberRunner(enhancedRefrigerantManagement.Runner_ERM_CalculationofRefrigerantImpact): Keyword runWithCucumberRunner was failed (Root cause: com.kms.katalon.core.exception.StepFailedException: These following reason:
 [Unable to verify text 'Form data saved successfully.' is present , Actual text '45' and expected text '' are not matched]
	at com.kms.katalon.core.keyword.internal.KeywordMain.stepFailed(KeywordMain.groovy:48)
	at com.kms.katalon.core.keyword.internal.KeywordMain.stepFailed(KeywordMain.groovy)
	at com.kms.katalon.core.keyword.internal.KeywordMain.stepFailed(KeywordMain.groovy:21)
	at com.kms.katalon.core.keyword.internal.KeywordMain$stepFailed$0.call(Unknown Source)
	at com.kms.katalon.core.cucumber.keyword.CucumberBuiltinKeywords$_runWithCucumberRunner_closure3.doCall(CucumberBuiltinKeywords.groovy:272)
	at com.kms.katalon.core.cucumber.keyword.CucumberBuiltinKeywords$_runWithCucumberRunner_closure3.doCall(CucumberBuiltinKeywords.groovy)
	at com.kms.katalon.core.keyword.internal.KeywordMain.runKeyword(KeywordMain.groovy:66)
	at com.kms.katalon.core.keyword.internal.KeywordMain$runKeyword.call(Unknown Source)
	at com.kms.katalon.core.cucumber.keyword.CucumberBuiltinKeywords.runWithCucumberRunner(CucumberBuiltinKeywords.groovy:257)
	at com.kms.katalon.core.cucumber.keyword.CucumberBuiltinKeywords$runWithCucumberRunner$0.callStatic(Unknown Source)
	at com.kms.katalon.core.cucumber.keyword.CucumberBuiltinKeywords.runWithCucumberRunner(CucumberBuiltinKeywords.groovy:357)
	at com.kms.katalon.core.cucumber.keyword.CucumberBuiltinKeywords$runWithCucumberRunner.call(Unknown Source)
	at TC_ERM_CalculationofRefrigerantImpact.run(TC_ERM_CalculationofRefrigerantImpact:18)
	at com.kms.katalon.core.main.ScriptEngine.run(ScriptEngine.java:194)
	at com.kms.katalon.core.main.ScriptEngine.runScriptAsRawText(ScriptEngine.java:119)
	at com.kms.katalon.core.main.TestCaseExecutor.runScript(TestCaseExecutor.java:336)
	at com.kms.katalon.core.main.TestCaseExecutor.doExecute(TestCaseExecutor.java:327)
	at com.kms.katalon.core.main.TestCaseExecutor.processExecutionPhase(TestCaseExecutor.java:306)
	at com.kms.katalon.core.main.TestCaseExecutor.accessMainPhase(TestCaseExecutor.java:298)
	at com.kms.katalon.core.main.TestCaseExecutor.execute(TestCaseExecutor.java:232)
	at com.kms.katalon.core.main.TestSuiteExecutor.accessTestCaseMainPhase(TestSuiteExecutor.java:129)
	at com.kms.katalon.core.main.TestSuiteExecutor.accessTestSuiteMainPhase(TestSuiteExecutor.java:112)
	at com.kms.katalon.core.main.TestSuiteExecutor.execute(TestSuiteExecutor.java:81)
	at com.kms.katalon.core.main.TestCaseMain.startTestSuite(TestCaseMain.java:157)
	at com.kms.katalon.core.main.TestCaseMain$startTestSuite$0.call(Unknown Source)
	at TempTestSuite1562751497427.run(TempTestSuite1562751497427.groovy:35)
)

2019-07-10 15:10:23 - [TEST_CASE][PASSED] - Test Cases/EnhancedRefrigerantManagement/TC_ERM_Navigation: Test Cases/EnhancedRefrigerantManagement/TC_ERM_Navigation

2019-07-10 15:10:23 - [TEST_STEP][PASSED] - runWithCucumberRunner(enhancedRefrigerantManagement.Runner_ERM_Navigation): Run with 'enhancedRefrigerantManagement.Runner_ERM_Navigation' was passed

2019-07-10 15:10:24 - [TEST_CASE][PASSED] - Test Cases/Login/TC_Login: Test Cases/Login/TC_Login

2019-07-10 15:10:24 - [TEST_STEP][PASSED] - runWithCucumberRunner(common.Runner_Login): Run with 'common.Runner_Login' was passed

2019-07-10 15:10:27 - [MESSAGE][PASSED] - Navigate to 'https://leedonline-stg.usgbc.org' successfully

2019-07-10 15:10:29 - [MESSAGE][PASSED] - Delayed 2 second(s)

2019-07-10 15:10:29 - [MESSAGE][PASSED] - Text 'automationbdd1@gmail.com' is set on object 'Object Repository/Login/input_username'

2019-07-10 15:10:29 - [MESSAGE][PASSED] - Text 'initpass' is set on object 'Object Repository/Login/input_password'

2019-07-10 15:10:32 - [MESSAGE][PASSED] - Delayed 3 second(s)

2019-07-10 15:10:32 - [MESSAGE][PASSED] - Scroll to object 'Object Repository/Login/span_End User License Agreement' successfully

2019-07-10 15:10:32 - [MESSAGE][PASSED] - Object 'Object Repository/Login/span_End User License Agreement' is visible

2019-07-10 15:10:32 - [MESSAGE][PASSED] - Object 'Object Repository/Login/span_End User License Agreement' is checked

2019-07-10 15:10:33 - [MESSAGE][PASSED] - Delayed 1 second(s)

2019-07-10 15:10:34 - [MESSAGE][PASSED] - Object: 'Object Repository/Login/button_Log In' is clicked on

2019-07-10 15:10:39 - [MESSAGE][PASSED] - Object: '' is clicked on

2019-07-10 15:10:41 - [MESSAGE][PASSED] - Object: 'Object Repository/Login/a_Credits' is clicked on

2019-07-10 15:10:41 - [MESSAGE][PASSED] - Run with 'common.Runner_Login' was passed

2019-07-10 15:10:41 - [MESSAGE][PASSED] - Call Test Case 'Test Cases/Login/TC_Login' successfully

2019-07-10 15:10:41 - [MESSAGE][PASSED] - Scroll to object 'Object Repository/EnhancedRefrigerantManagement/ERM_Navigation/div_Enhanced Refrigerant Management' successfully

2019-07-10 15:10:41 - [MESSAGE][PASSED] - Object 'Object Repository/EnhancedRefrigerantManagement/ERM_Navigation/div_Enhanced Refrigerant Management' is present

2019-07-10 15:10:41 - [MESSAGE][PASSED] - Text of object 'Object Repository/EnhancedRefrigerantManagement/ERM_Navigation/h3_Status' is: 'ATTEMPTED'

2019-07-10 15:10:41 - [MESSAGE][PASSED] - Text of object 'Object Repository/EnhancedRefrigerantManagement/ERM_Navigation/divval' is: 'ATTEMPTED'

2019-07-10 15:10:41 - [MESSAGE][PASSED] - Text of object 'Object Repository/EnhancedRefrigerantManagement/ERM_Navigation/h3_Status' is: 'ATTEMPTED'

2019-07-10 15:10:41 - [MESSAGE][PASSED] - Object: 'Object Repository/EnhancedRefrigerantManagement/ERM_Navigation/div_Enhanced Refrigerant Management' is clicked on

2019-07-10 15:10:44 - [MESSAGE][PASSED] - Delayed 3 second(s)

2019-07-10 15:10:48 - [MESSAGE][PASSED] - Object: 'Object Repository/EnhancedRefrigerantManagement/ERM_Navigation/span_(V01)' is clicked on

2019-07-10 15:10:48 - [MESSAGE][PASSED] - Object 'Object Repository/EnhancedRefrigerantManagement/ERM_Navigation/div_EnhancedRefrigerantManagement_Credit' is present

2019-07-10 15:10:48 - [MESSAGE][PASSED] - Run with 'enhancedRefrigerantManagement.Runner_ERM_Navigation' was passed

2019-07-10 15:10:48 - [MESSAGE][PASSED] - Call Test Case 'Test Cases/EnhancedRefrigerantManagement/TC_ERM_Navigation' successfully

2019-07-10 15:10:48 - [MESSAGE][PASSED] - Object 'Object Repository/EnhancedRefrigerantManagement/Calc_Refrigerant_Impact_Opt2/input_Calc_Refrigerant_Impact' is present

2019-07-10 15:10:51 - [MESSAGE][PASSED] - Delayed 3 second(s)

2019-07-10 15:10:51 - [MESSAGE][PASSED] - Object 'Object Repository/EnhancedRefrigerantManagement/Calc_Refrigerant_Impact_Opt2/input_Calc_Refrigerant_Impact' is checked

2019-07-10 15:10:54 - [MESSAGE][PASSED] - Delayed 3 second(s)

2019-07-10 15:10:54 - [MESSAGE][PASSED] - Text 'Option 2. Calculation of Refrigerant Impact.' is present on page 

2019-07-10 15:10:54 - [MESSAGE][PASSED] - Scroll to object 'Object Repository/EnhancedRefrigerantManagement/Calc_Refrigerant_Impact_Opt2/Table_MechanicalCooling/Table_MechanicalCooling' successfully

2019-07-10 15:10:54 - [MESSAGE][PASSED] - Object 'Object Repository/EnhancedRefrigerantManagement/Calc_Refrigerant_Impact_Opt2/Table_MechanicalCooling/Table_MechanicalCooling' is present

2019-07-10 15:10:54 - [MESSAGE][PASSED] - All options with value 'Split AC or heat pump' are selected in object 'Object Repository/EnhancedRefrigerantManagement/Calc_Refrigerant_Impact_Opt2/Table_MechanicalCooling/select_EquipmentType' 

2019-07-10 15:10:55 - [MESSAGE][PASSED] - Text of object 'Object Repository/EnhancedRefrigerantManagement/Calc_Refrigerant_Impact_Opt2/Table_MechanicalCooling/Units' is cleared

2019-07-10 15:10:55 - [MESSAGE][PASSED] - Text '55' is set on object 'Object Repository/EnhancedRefrigerantManagement/Calc_Refrigerant_Impact_Opt2/Table_MechanicalCooling/Units'

2019-07-10 15:10:55 - [MESSAGE][PASSED] - Text of object 'Object Repository/EnhancedRefrigerantManagement/Calc_Refrigerant_Impact_Opt2/Table_MechanicalCooling/Qunit' is cleared

2019-07-10 15:10:55 - [MESSAGE][PASSED] - Text '56' is set on object 'Object Repository/EnhancedRefrigerantManagement/Calc_Refrigerant_Impact_Opt2/Table_MechanicalCooling/Qunit'

2019-07-10 15:10:55 - [MESSAGE][PASSED] - All options with value 'R-12' are selected in object 'Object Repository/EnhancedRefrigerantManagement/Calc_Refrigerant_Impact_Opt2/Table_MechanicalCooling/select_Refrigerant' 

2019-07-10 15:10:57 - [MESSAGE][PASSED] - Delayed 2 second(s)

2019-07-10 15:10:57 - [MESSAGE][PASSED] - Text of object 'Object Repository/EnhancedRefrigerantManagement/Calc_Refrigerant_Impact_Opt2/Table_MechanicalCooling/RC' is cleared

2019-07-10 15:10:57 - [MESSAGE][PASSED] - Text '57' is set on object 'Object Repository/EnhancedRefrigerantManagement/Calc_Refrigerant_Impact_Opt2/Table_MechanicalCooling/RC'

2019-07-10 15:10:57 - [MESSAGE][PASSED] - Text of object 'Object Repository/EnhancedRefrigerantManagement/Calc_Refrigerant_Impact_Opt2/Table_MechanicalCooling/Life' is cleared

2019-07-10 15:10:57 - [MESSAGE][PASSED] - Text '57' is set on object 'Object Repository/EnhancedRefrigerantManagement/Calc_Refrigerant_Impact_Opt2/Table_MechanicalCooling/Life'

2019-07-10 15:10:58 - [MESSAGE][PASSED] - Object: 'Object Repository/EnhancedRefrigerantManagement/Calc_Refrigerant_Impact_Opt2/Table_MechanicalCooling/i_plus_Button' is clicked on

2019-07-10 15:10:58 - [MESSAGE][PASSED] - All options with value 'Split AC or heat pump' are selected in object ''  using regular expression

2019-07-10 15:10:58 - [MESSAGE][PASSED] - Text '50' is set on object ''

2019-07-10 15:10:58 - [MESSAGE][PASSED] - Text '25' is set on object ''

2019-07-10 15:10:59 - [MESSAGE][PASSED] - All options with value 'R-114' are selected in object ''  using regular expression

2019-07-10 15:11:02 - [MESSAGE][PASSED] - Delayed 3 second(s)

2019-07-10 15:11:02 - [MESSAGE][PASSED] - Text '55' is set on object ''

2019-07-10 15:11:02 - [MESSAGE][PASSED] - Text '35' is set on object ''

2019-07-10 15:11:03 - [MESSAGE][PASSED] - Delayed 1 second(s)

2019-07-10 15:11:03 - [MESSAGE][PASSED] - Object: '' is clicked on

2019-07-10 15:11:04 - [MESSAGE][PASSED] - All options with value 'Reciprocating compressor' are selected in object ''  using regular expression

2019-07-10 15:11:04 - [MESSAGE][PASSED] - Text '40' is set on object ''

2019-07-10 15:11:04 - [MESSAGE][PASSED] - Text '20' is set on object ''

2019-07-10 15:11:04 - [MESSAGE][PASSED] - All options with value 'R-500' are selected in object ''  using regular expression

2019-07-10 15:11:07 - [MESSAGE][PASSED] - Delayed 3 second(s)

2019-07-10 15:11:07 - [MESSAGE][PASSED] - Text '45' is set on object ''

2019-07-10 15:11:08 - [MESSAGE][PASSED] - Text '25' is set on object ''

2019-07-10 15:11:09 - [MESSAGE][PASSED] - Delayed 1 second(s)

2019-07-10 15:11:09 - [MESSAGE][PASSED] - Text of object 'Object Repository/EnhancedRefrigerantManagement/Calc_Refrigerant_Impact_Opt2/Table_MechanicalCooling/GWPr' is: '10,720'

2019-07-10 15:11:09 - [MESSAGE][PASSED] - Text of object 'Object Repository/EnhancedRefrigerantManagement/Calc_Refrigerant_Impact_Opt2/Table_MechanicalCooling/ODPr' is: '1'

2019-07-10 15:11:09 - [MESSAGE][PASSED] - Text of object 'Object Repository/EnhancedRefrigerantManagement/Calc_Refrigerant_Impact_Opt2/Table_MechanicalCooling/Lr' is: '2'

2019-07-10 15:11:09 - [MESSAGE][PASSED] - Text of object 'Object Repository/EnhancedRefrigerantManagement/Calc_Refrigerant_Impact_Opt2/Table_MechanicalCooling/Mr' is: '10'

2019-07-10 15:11:09 - [MESSAGE][PASSED] - Text of object 'Object Repository/EnhancedRefrigerantManagement/Calc_Refrigerant_Impact_Opt2/Table_MechanicalCooling/LCGWP' is: '13,292.8'

2019-07-10 15:11:09 - [MESSAGE][PASSED] - Text of object 'Object Repository/EnhancedRefrigerantManagement/Calc_Refrigerant_Impact_Opt2/Table_MechanicalCooling/LCODP' is: '124,000'

2019-07-10 15:11:09 - [MESSAGE][PASSED] - Text of object 'Object Repository/EnhancedRefrigerantManagement/Calc_Refrigerant_Impact_Opt2/Table_MechanicalCooling/Impact' is: '137,292.8'

2019-07-10 15:11:09 - [MESSAGE][PASSED] - Text of object 'Object Repository/EnhancedRefrigerantManagement/Calc_Refrigerant_Impact_Opt2/Table_MechanicalCooling/ImpactTotal' is: '422,861,824'

2019-07-10 15:11:09 - [MESSAGE][PASSED] - Scroll to object 'Object Repository/EnhancedRefrigerantManagement/Calc_Refrigerant_Impact_Opt2/select_one_radio/GreenChills_silver_level' successfully

2019-07-10 15:11:09 - [MESSAGE][PASSED] - Object 'Object Repository/EnhancedRefrigerantManagement/Calc_Refrigerant_Impact_Opt2/select_one_radio/GreenChills_silver_level' is present

2019-07-10 15:11:10 - [MESSAGE][PASSED] - Object 'Object Repository/EnhancedRefrigerantManagement/Calc_Refrigerant_Impact_Opt2/select_one_radio/GreenChills_silver_level' is checked

2019-07-10 15:11:10 - [MESSAGE][PASSED] - Scroll to object 'Object Repository/EnhancedRefrigerantManagement/Calc_Refrigerant_Impact_Opt2/select_one_radio/Project_requirements' successfully

2019-07-10 15:11:10 - [MESSAGE][PASSED] - Object 'Object Repository/EnhancedRefrigerantManagement/Calc_Refrigerant_Impact_Opt2/select_one_radio/Project_requirements' is present

2019-07-10 15:11:10 - [MESSAGE][PASSED] - Object 'Object Repository/EnhancedRefrigerantManagement/Calc_Refrigerant_Impact_Opt2/select_one_radio/Project_requirements' is checked

2019-07-10 15:11:10 - [MESSAGE][WARNING] - Timeout '0' is invalid. Using default page load timeout: '30'

2019-07-10 15:11:10 - [MESSAGE][PASSED] - Scroll to object 'Object Repository/EnhancedRefrigerantManagement/Calc_Refrigerant_Impact_Opt2/AddFile_refrigerant_equi/p_refrigerant_equi' successfully

2019-07-10 15:11:10 - [MESSAGE][PASSED] - Object 'Object Repository/EnhancedRefrigerantManagement/Calc_Refrigerant_Impact_Opt2/AddFile_refrigerant_equi/p_refrigerant_equi' is present

2019-07-10 15:11:10 - [MESSAGE][PASSED] - Object 'Object Repository/EnhancedRefrigerantManagement/Calc_Refrigerant_Impact_Opt2/AddFile_refrigerant_equi/Button_refrigerant_equi' has attribute 'class' with value 'tiny ui button'

2019-07-10 15:11:10 - [MESSAGE][PASSED] - File 'H:\Git Projects\Usgbc_LeedOnline_ScoreCard\Usgbc_LeedOnline_ScoreCard\Include\TestData\MultipleFileDiffExt\SampleGIFImage_350kbmb.gif' sent to object: 'Object Repository/EnhancedRefrigerantManagement/Calc_Refrigerant_Impact_Opt2/AddFile_refrigerant_equi/input_refrigerant_equi'

2019-07-10 15:11:11 - [MESSAGE][PASSED] - Delayed 1 second(s)

2019-07-10 15:11:12 - [MESSAGE][PASSED] - Object 'Object Repository/EnhancedRefrigerantManagement/Calc_Refrigerant_Impact_Opt2/AddFile_refrigerant_equi/Button_refrigerant_equi' has attribute 'class' with value 'tiny ui button'

2019-07-10 15:11:13 - [MESSAGE][PASSED] - File 'H:\Git Projects\Usgbc_LeedOnline_ScoreCard\Usgbc_LeedOnline_ScoreCard\Include\TestData\MultipleFileDiffExt\SamplePPTFile_1000kb.ppt' sent to object: 'Object Repository/EnhancedRefrigerantManagement/Calc_Refrigerant_Impact_Opt2/AddFile_refrigerant_equi/input_refrigerant_equi'

2019-07-10 15:11:14 - [MESSAGE][PASSED] - Delayed 1 second(s)

2019-07-10 15:11:21 - [MESSAGE][PASSED] - Object 'Object Repository/EnhancedRefrigerantManagement/Calc_Refrigerant_Impact_Opt2/AddFile_refrigerant_equi/Button_refrigerant_equi' has attribute 'class' with value 'tiny ui button'

2019-07-10 15:11:21 - [MESSAGE][PASSED] - File 'H:\Git Projects\Usgbc_LeedOnline_ScoreCard\Usgbc_LeedOnline_ScoreCard\Include\TestData\MultipleFileDiffExt\ZZ.pdf' sent to object: 'Object Repository/EnhancedRefrigerantManagement/Calc_Refrigerant_Impact_Opt2/AddFile_refrigerant_equi/input_refrigerant_equi'

2019-07-10 15:11:22 - [MESSAGE][PASSED] - Delayed 1 second(s)

2019-07-10 15:11:32 - [MESSAGE][PASSED] - Delayed 10 second(s)

2019-07-10 15:11:32 - [MESSAGE][PASSED] - Scroll to object 'Object Repository/EnhancedRefrigerantManagement/button_Save' successfully

2019-07-10 15:11:32 - [MESSAGE][PASSED] - Object 'Object Repository/EnhancedRefrigerantManagement/button_Save' is visible

2019-07-10 15:11:32 - [MESSAGE][PASSED] - Object: 'Object Repository/EnhancedRefrigerantManagement/button_Save' is clicked on

2019-07-10 15:11:34 - [MESSAGE][PASSED] - Delayed 2 second(s)

2019-07-10 15:11:34 - [MESSAGE][FAILED] - Text 'Form data saved successfully.' is not present on page  (Root cause: com.kms.katalon.core.exception.StepFailedException: Text 'Form data saved successfully.' is not present on page 
	at com.kms.katalon.core.webui.keyword.internal.WebUIKeywordMain.stepFailed(WebUIKeywordMain.groovy:64)
	at com.kms.katalon.core.webui.keyword.builtin.VerifyTextPresentKeyword$_verifyTextPresent_closure1.doCall(VerifyTextPresentKeyword.groovy:79)
	at com.kms.katalon.core.webui.keyword.builtin.VerifyTextPresentKeyword$_verifyTextPresent_closure1.call(VerifyTextPresentKeyword.groovy)
	at com.kms.katalon.core.webui.keyword.internal.WebUIKeywordMain.runKeyword(WebUIKeywordMain.groovy:20)
	at com.kms.katalon.core.webui.keyword.builtin.VerifyTextPresentKeyword.verifyTextPresent(VerifyTextPresentKeyword.groovy:83)
	at com.kms.katalon.core.webui.keyword.builtin.VerifyTextPresentKeyword.execute(VerifyTextPresentKeyword.groovy:68)
	at com.kms.katalon.core.keyword.internal.KeywordExecutor.executeKeywordForPlatform(KeywordExecutor.groovy:56)
	at com.kms.katalon.core.webui.keyword.WebUiBuiltInKeywords.verifyTextPresent(WebUiBuiltInKeywords.groovy:1693)
	at com.kms.katalon.core.webui.keyword.WebUiBuiltInKeywords$verifyTextPresent$9.call(Unknown Source)
	at enhancedRefrigerantManagement.EnhancedRefrigerantManagement_Form.user_should_see_Form_data_saved_successfully_message_in_ERM_Form(EnhancedRefrigerantManagement_Form.groovy:230)
	at cucumber.runtime.Utils$1.call(Utils.java:26)
	at cucumber.runtime.Timeout.timeout(Timeout.java:16)
	at cucumber.runtime.Utils.invoke(Utils.java:20)
	at cucumber.runtime.java.JavaStepDefinition.execute(JavaStepDefinition.java:48)
	at cucumber.runtime.PickleStepDefinitionMatch.runStep(PickleStepDefinitionMatch.java:50)
	at cucumber.runner.TestStep.executeStep(TestStep.java:55)
	at cucumber.runner.TestStep.run(TestStep.java:42)
	at cucumber.runner.PickleStepTestStep.run(PickleStepTestStep.java:53)
	at cucumber.runner.TestCase.run(TestCase.java:47)
	at cucumber.runner.Runner.runPickle(Runner.java:44)
	at cucumber.runtime.junit.PickleRunners$NoStepDescriptions.run(PickleRunners.java:140)
	at cucumber.runtime.junit.FeatureRunner.runChild(FeatureRunner.java:68)
	at cucumber.runtime.junit.FeatureRunner.runChild(FeatureRunner.java:23)
	at org.junit.runners.ParentRunner$3.run(ParentRunner.java:290)
	at org.junit.runners.ParentRunner$1.schedule(ParentRunner.java:71)
	at org.junit.runners.ParentRunner.runChildren(ParentRunner.java:288)
	at org.junit.runners.ParentRunner.access$000(ParentRunner.java:58)
	at org.junit.runners.ParentRunner$2.evaluate(ParentRunner.java:268)
	at org.junit.runners.ParentRunner.run(ParentRunner.java:363)
	at cucumber.runtime.junit.FeatureRunner.run(FeatureRunner.java:73)
	at cucumber.api.junit.Cucumber.runChild(Cucumber.java:98)
	at cucumber.api.junit.Cucumber.runChild(Cucumber.java:55)
	at org.junit.runners.ParentRunner$3.run(ParentRunner.java:290)
	at org.junit.runners.ParentRunner$1.schedule(ParentRunner.java:71)
	at org.junit.runners.ParentRunner.runChildren(ParentRunner.java:288)
	at org.junit.runners.ParentRunner.access$000(ParentRunner.java:58)
	at org.junit.runners.ParentRunner$2.evaluate(ParentRunner.java:268)
	at cucumber.api.junit.Cucumber$1.evaluate(Cucumber.java:107)
	at org.junit.runners.ParentRunner.run(ParentRunner.java:363)
	at org.junit.runners.Suite.runChild(Suite.java:128)
	at org.junit.runners.Suite.runChild(Suite.java:27)
	at org.junit.runners.ParentRunner$3.run(ParentRunner.java:290)
	at org.junit.runners.ParentRunner$1.schedule(ParentRunner.java:71)
	at org.junit.runners.ParentRunner.runChildren(ParentRunner.java:288)
	at org.junit.runners.ParentRunner.access$000(ParentRunner.java:58)
	at org.junit.runners.ParentRunner$2.evaluate(ParentRunner.java:268)
	at org.junit.runners.ParentRunner.run(ParentRunner.java:363)
	at org.junit.runner.JUnitCore.run(JUnitCore.java:137)
	at org.junit.runner.JUnitCore.run(JUnitCore.java:115)
	at org.junit.runner.JUnitCore.run(JUnitCore.java:105)
	at com.kms.katalon.core.cucumber.keyword.CucumberBuiltinKeywords$_runWithCucumberRunner_closure3.doCall(CucumberBuiltinKeywords.groovy:260)
	at com.kms.katalon.core.cucumber.keyword.CucumberBuiltinKeywords$_runWithCucumberRunner_closure3.doCall(CucumberBuiltinKeywords.groovy)
	at com.kms.katalon.core.keyword.internal.KeywordMain.runKeyword(KeywordMain.groovy:66)
	at com.kms.katalon.core.keyword.internal.KeywordMain$runKeyword.call(Unknown Source)
	at com.kms.katalon.core.cucumber.keyword.CucumberBuiltinKeywords.runWithCucumberRunner(CucumberBuiltinKeywords.groovy:257)
	at com.kms.katalon.core.cucumber.keyword.CucumberBuiltinKeywords$runWithCucumberRunner$0.callStatic(Unknown Source)
	at com.kms.katalon.core.cucumber.keyword.CucumberBuiltinKeywords.runWithCucumberRunner(CucumberBuiltinKeywords.groovy:357)
	at com.kms.katalon.core.cucumber.keyword.CucumberBuiltinKeywords$runWithCucumberRunner.call(Unknown Source)
	at TC_ERM_CalculationofRefrigerantImpact.run(TC_ERM_CalculationofRefrigerantImpact:18)
	at com.kms.katalon.core.main.ScriptEngine.run(ScriptEngine.java:194)
	at com.kms.katalon.core.main.ScriptEngine.runScriptAsRawText(ScriptEngine.java:119)
	at com.kms.katalon.core.main.TestCaseExecutor.runScript(TestCaseExecutor.java:336)
	at com.kms.katalon.core.main.TestCaseExecutor.doExecute(TestCaseExecutor.java:327)
	at com.kms.katalon.core.main.TestCaseExecutor.processExecutionPhase(TestCaseExecutor.java:306)
	at com.kms.katalon.core.main.TestCaseExecutor.accessMainPhase(TestCaseExecutor.java:298)
	at com.kms.katalon.core.main.TestCaseExecutor.execute(TestCaseExecutor.java:232)
	at com.kms.katalon.core.main.TestSuiteExecutor.accessTestCaseMainPhase(TestSuiteExecutor.java:129)
	at com.kms.katalon.core.main.TestSuiteExecutor.accessTestSuiteMainPhase(TestSuiteExecutor.java:112)
	at com.kms.katalon.core.main.TestSuiteExecutor.execute(TestSuiteExecutor.java:81)
	at com.kms.katalon.core.main.TestCaseMain.startTestSuite(TestCaseMain.java:157)
	at com.kms.katalon.core.main.TestCaseMain$startTestSuite$0.call(Unknown Source)
	at TempTestSuite1562751497427.run(TempTestSuite1562751497427.groovy:35)
)

2019-07-10 15:11:35 - [MESSAGE][FAILED] - Unable to verify text 'Form data saved successfully.' is present  (Root cause: com.kms.katalon.core.exception.StepFailedException: Unable to verify text 'Form data saved successfully.' is present 
	at com.kms.katalon.core.webui.keyword.internal.WebUIKeywordMain.stepFailed(WebUIKeywordMain.groovy:64)
	at com.kms.katalon.core.webui.keyword.internal.WebUIKeywordMain.runKeyword(WebUIKeywordMain.groovy:26)
	at com.kms.katalon.core.webui.keyword.builtin.VerifyTextPresentKeyword.verifyTextPresent(VerifyTextPresentKeyword.groovy:83)
	at com.kms.katalon.core.webui.keyword.builtin.VerifyTextPresentKeyword.execute(VerifyTextPresentKeyword.groovy:68)
	at com.kms.katalon.core.keyword.internal.KeywordExecutor.executeKeywordForPlatform(KeywordExecutor.groovy:56)
	at com.kms.katalon.core.webui.keyword.WebUiBuiltInKeywords.verifyTextPresent(WebUiBuiltInKeywords.groovy:1693)
	at com.kms.katalon.core.webui.keyword.WebUiBuiltInKeywords$verifyTextPresent$9.call(Unknown Source)
	at enhancedRefrigerantManagement.EnhancedRefrigerantManagement_Form.user_should_see_Form_data_saved_successfully_message_in_ERM_Form(EnhancedRefrigerantManagement_Form.groovy:230)
	at cucumber.runtime.Utils$1.call(Utils.java:26)
	at cucumber.runtime.Timeout.timeout(Timeout.java:16)
	at cucumber.runtime.Utils.invoke(Utils.java:20)
	at cucumber.runtime.java.JavaStepDefinition.execute(JavaStepDefinition.java:48)
	at cucumber.runtime.PickleStepDefinitionMatch.runStep(PickleStepDefinitionMatch.java:50)
	at cucumber.runner.TestStep.executeStep(TestStep.java:55)
	at cucumber.runner.TestStep.run(TestStep.java:42)
	at cucumber.runner.PickleStepTestStep.run(PickleStepTestStep.java:53)
	at cucumber.runner.TestCase.run(TestCase.java:47)
	at cucumber.runner.Runner.runPickle(Runner.java:44)
	at cucumber.runtime.junit.PickleRunners$NoStepDescriptions.run(PickleRunners.java:140)
	at cucumber.runtime.junit.FeatureRunner.runChild(FeatureRunner.java:68)
	at cucumber.runtime.junit.FeatureRunner.runChild(FeatureRunner.java:23)
	at org.junit.runners.ParentRunner$3.run(ParentRunner.java:290)
	at org.junit.runners.ParentRunner$1.schedule(ParentRunner.java:71)
	at org.junit.runners.ParentRunner.runChildren(ParentRunner.java:288)
	at org.junit.runners.ParentRunner.access$000(ParentRunner.java:58)
	at org.junit.runners.ParentRunner$2.evaluate(ParentRunner.java:268)
	at org.junit.runners.ParentRunner.run(ParentRunner.java:363)
	at cucumber.runtime.junit.FeatureRunner.run(FeatureRunner.java:73)
	at cucumber.api.junit.Cucumber.runChild(Cucumber.java:98)
	at cucumber.api.junit.Cucumber.runChild(Cucumber.java:55)
	at org.junit.runners.ParentRunner$3.run(ParentRunner.java:290)
	at org.junit.runners.ParentRunner$1.schedule(ParentRunner.java:71)
	at org.junit.runners.ParentRunner.runChildren(ParentRunner.java:288)
	at org.junit.runners.ParentRunner.access$000(ParentRunner.java:58)
	at org.junit.runners.ParentRunner$2.evaluate(ParentRunner.java:268)
	at cucumber.api.junit.Cucumber$1.evaluate(Cucumber.java:107)
	at org.junit.runners.ParentRunner.run(ParentRunner.java:363)
	at org.junit.runners.Suite.runChild(Suite.java:128)
	at org.junit.runners.Suite.runChild(Suite.java:27)
	at org.junit.runners.ParentRunner$3.run(ParentRunner.java:290)
	at org.junit.runners.ParentRunner$1.schedule(ParentRunner.java:71)
	at org.junit.runners.ParentRunner.runChildren(ParentRunner.java:288)
	at org.junit.runners.ParentRunner.access$000(ParentRunner.java:58)
	at org.junit.runners.ParentRunner$2.evaluate(ParentRunner.java:268)
	at org.junit.runners.ParentRunner.run(ParentRunner.java:363)
	at org.junit.runner.JUnitCore.run(JUnitCore.java:137)
	at org.junit.runner.JUnitCore.run(JUnitCore.java:115)
	at org.junit.runner.JUnitCore.run(JUnitCore.java:105)
	at com.kms.katalon.core.cucumber.keyword.CucumberBuiltinKeywords$_runWithCucumberRunner_closure3.doCall(CucumberBuiltinKeywords.groovy:260)
	at com.kms.katalon.core.cucumber.keyword.CucumberBuiltinKeywords$_runWithCucumberRunner_closure3.doCall(CucumberBuiltinKeywords.groovy)
	at com.kms.katalon.core.keyword.internal.KeywordMain.runKeyword(KeywordMain.groovy:66)
	at com.kms.katalon.core.keyword.internal.KeywordMain$runKeyword.call(Unknown Source)
	at com.kms.katalon.core.cucumber.keyword.CucumberBuiltinKeywords.runWithCucumberRunner(CucumberBuiltinKeywords.groovy:257)
	at com.kms.katalon.core.cucumber.keyword.CucumberBuiltinKeywords$runWithCucumberRunner$0.callStatic(Unknown Source)
	at com.kms.katalon.core.cucumber.keyword.CucumberBuiltinKeywords.runWithCucumberRunner(CucumberBuiltinKeywords.groovy:357)
	at com.kms.katalon.core.cucumber.keyword.CucumberBuiltinKeywords$runWithCucumberRunner.call(Unknown Source)
	at TC_ERM_CalculationofRefrigerantImpact.run(TC_ERM_CalculationofRefrigerantImpact:18)
	at com.kms.katalon.core.main.ScriptEngine.run(ScriptEngine.java:194)
	at com.kms.katalon.core.main.ScriptEngine.runScriptAsRawText(ScriptEngine.java:119)
	at com.kms.katalon.core.main.TestCaseExecutor.runScript(TestCaseExecutor.java:336)
	at com.kms.katalon.core.main.TestCaseExecutor.doExecute(TestCaseExecutor.java:327)
	at com.kms.katalon.core.main.TestCaseExecutor.processExecutionPhase(TestCaseExecutor.java:306)
	at com.kms.katalon.core.main.TestCaseExecutor.accessMainPhase(TestCaseExecutor.java:298)
	at com.kms.katalon.core.main.TestCaseExecutor.execute(TestCaseExecutor.java:232)
	at com.kms.katalon.core.main.TestSuiteExecutor.accessTestCaseMainPhase(TestSuiteExecutor.java:129)
	at com.kms.katalon.core.main.TestSuiteExecutor.accessTestSuiteMainPhase(TestSuiteExecutor.java:112)
	at com.kms.katalon.core.main.TestSuiteExecutor.execute(TestSuiteExecutor.java:81)
	at com.kms.katalon.core.main.TestCaseMain.startTestSuite(TestCaseMain.java:157)
	at com.kms.katalon.core.main.TestCaseMain$startTestSuite$0.call(Unknown Source)
	at TempTestSuite1562751497427.run(TempTestSuite1562751497427.groovy:35)
Caused by: com.kms.katalon.core.exception.StepFailedException: Text 'Form data saved successfully.' is not present on page 
	at com.kms.katalon.core.webui.keyword.internal.WebUIKeywordMain.stepFailed(WebUIKeywordMain.groovy:64)
	at com.kms.katalon.core.webui.keyword.builtin.VerifyTextPresentKeyword$_verifyTextPresent_closure1.doCall(VerifyTextPresentKeyword.groovy:79)
	at com.kms.katalon.core.webui.keyword.builtin.VerifyTextPresentKeyword$_verifyTextPresent_closure1.call(VerifyTextPresentKeyword.groovy)
	at com.kms.katalon.core.webui.keyword.internal.WebUIKeywordMain.runKeyword(WebUIKeywordMain.groovy:20)
	... 68 more
)
[[ATTACHMENT|H:\\Git Projects\\Usgbc_LeedOnline_ScoreCard\\Usgbc_LeedOnline_ScoreCard\\Reports\\ERM_SmokeTest\\20190710_150812\\1562751694951.png]]

2019-07-10 15:11:35 - [MESSAGE][PASSED] - Text of object 'Object Repository/EnhancedRefrigerantManagement/Calc_Refrigerant_Impact_Opt2/Table_MechanicalCooling/Qunit(tr)' is: 'Qunit
(tons)'

2019-07-10 15:11:37 - [MESSAGE][PASSED] - Delayed 2 second(s)

2019-07-10 15:11:37 - [MESSAGE][PASSED] - Text of object 'Object Repository/EnhancedRefrigerantManagement/Calc_Refrigerant_Impact_Opt2/Table_MechanicalCooling/Rc(tr)' is: 'Rc
(lb/ton)'

2019-07-10 15:11:38 - [MESSAGE][PASSED] - Navigate back successfully

2019-07-10 15:11:40 - [MESSAGE][PASSED] - Delayed 2 second(s)

2019-07-10 15:11:41 - [MESSAGE][PASSED] - Object: 'Object Repository/Common/UnitTypes/a_Details' is clicked on

2019-07-10 15:11:43 - [MESSAGE][PASSED] - Delayed 2 second(s)

2019-07-10 15:11:43 - [MESSAGE][PASSED] - Object: 'Object Repository/Common/UnitTypes/Edit_Btn' is clicked on

2019-07-10 15:11:48 - [MESSAGE][PASSED] - Delayed 5 second(s)

2019-07-10 15:11:48 - [MESSAGE][PASSED] - Object: 'Object Repository/Common/UnitTypes/input_SI' is clicked on

2019-07-10 15:11:50 - [MESSAGE][PASSED] - Delayed 2 second(s)

2019-07-10 15:11:50 - [MESSAGE][PASSED] - Object: 'Object Repository/Common/UnitTypes/update_Btn' is clicked on

2019-07-10 15:11:55 - [MESSAGE][PASSED] - Delayed 5 second(s)

2019-07-10 15:11:57 - [MESSAGE][PASSED] - Object: 'Object Repository/Common/UnitTypes/a_Credits' is clicked on

2019-07-10 15:12:00 - [MESSAGE][PASSED] - Delayed 3 second(s)

2019-07-10 15:12:00 - [MESSAGE][PASSED] - Object: 'Object Repository/EnhancedRefrigerantManagement/ERM_Navigation/div_Enhanced Refrigerant Management' is clicked on

2019-07-10 15:12:03 - [MESSAGE][PASSED] - Delayed 3 second(s)

2019-07-10 15:12:05 - [MESSAGE][PASSED] - Object: 'Object Repository/EnhancedRefrigerantManagement/ERM_Navigation/span_(V01)' is clicked on

2019-07-10 15:12:08 - [MESSAGE][PASSED] - Delayed 3 second(s)

2019-07-10 15:12:08 - [MESSAGE][PASSED] - Text of object 'Object Repository/EnhancedRefrigerantManagement/Calc_Refrigerant_Impact_Opt2/Table_MechanicalCooling/Qunit(tr)' is: 'Qunit
(kW)'

2019-07-10 15:12:10 - [MESSAGE][PASSED] - Delayed 2 second(s)

2019-07-10 15:12:10 - [MESSAGE][PASSED] - Text of object 'Object Repository/EnhancedRefrigerantManagement/Calc_Refrigerant_Impact_Opt2/Table_MechanicalCooling/Rc(tr)' is: 'Rc
(kg/kW)'

2019-07-10 15:12:10 - [MESSAGE][PASSED] - Actual text 'Qunit
(tons)' and expected text 'Qunit
(kW)' are not matched 

2019-07-10 15:12:10 - [MESSAGE][PASSED] - Actual text 'Rc
(lb/ton)' and expected text 'Rc
(kg/kW)' are not matched 

2019-07-10 15:12:11 - [MESSAGE][PASSED] - Navigate back successfully

2019-07-10 15:12:13 - [MESSAGE][PASSED] - Delayed 2 second(s)

2019-07-10 15:12:14 - [MESSAGE][PASSED] - Object: 'Object Repository/Common/UnitTypes/a_Details' is clicked on

2019-07-10 15:12:16 - [MESSAGE][PASSED] - Delayed 2 second(s)

2019-07-10 15:12:16 - [MESSAGE][PASSED] - Object: 'Object Repository/Common/UnitTypes/Edit_Btn' is clicked on

2019-07-10 15:12:21 - [MESSAGE][PASSED] - Delayed 5 second(s)

2019-07-10 15:12:21 - [MESSAGE][PASSED] - Object: 'Object Repository/Common/UnitTypes/input_IP' is clicked on

2019-07-10 15:12:23 - [MESSAGE][PASSED] - Delayed 2 second(s)

2019-07-10 15:12:24 - [MESSAGE][PASSED] - Object: 'Object Repository/Common/UnitTypes/update_Btn' is clicked on

2019-07-10 15:12:29 - [MESSAGE][PASSED] - Delayed 5 second(s)

2019-07-10 15:12:30 - [MESSAGE][PASSED] - Object: 'Object Repository/Common/UnitTypes/a_Credits' is clicked on

2019-07-10 15:12:33 - [MESSAGE][PASSED] - Delayed 3 second(s)

2019-07-10 15:12:33 - [MESSAGE][PASSED] - Object: 'Object Repository/EnhancedRefrigerantManagement/ERM_Navigation/div_Enhanced Refrigerant Management' is clicked on

2019-07-10 15:12:36 - [MESSAGE][PASSED] - Delayed 3 second(s)

2019-07-10 15:12:38 - [MESSAGE][PASSED] - Object: 'Object Repository/EnhancedRefrigerantManagement/ERM_Navigation/span_(V01)' is clicked on

2019-07-10 15:12:41 - [MESSAGE][PASSED] - Delayed 3 second(s)

2019-07-10 15:12:42 - [MESSAGE][PASSED] - Refresh successfully

2019-07-10 15:12:42 - [MESSAGE][PASSED] - Attribute 'value' of object '' is: 'Split AC or heat pump'

2019-07-10 15:12:42 - [MESSAGE][PASSED] - Attribute 'value' of object '' is: '50'

2019-07-10 15:12:42 - [MESSAGE][PASSED] - Attribute 'value' of object '' is: '25'

2019-07-10 15:12:42 - [MESSAGE][PASSED] - Attribute 'value' of object '' is: 'R-114'

2019-07-10 15:12:42 - [MESSAGE][PASSED] - Attribute 'value' of object '' is: '55'

2019-07-10 15:12:42 - [MESSAGE][PASSED] - Attribute 'value' of object '' is: '35'

2019-07-10 15:12:42 - [MESSAGE][PASSED] - Actual text 'Split AC or heat pump' and expected text 'Split AC or heat pump' are matched 

2019-07-10 15:12:42 - [MESSAGE][PASSED] - Actual text '50' and expected text '50' are matched 

2019-07-10 15:12:42 - [MESSAGE][PASSED] - Actual text '25' and expected text '25' are matched 

2019-07-10 15:12:42 - [MESSAGE][PASSED] - Actual text 'R-114' and expected text 'R-114' are matched 

2019-07-10 15:12:42 - [MESSAGE][PASSED] - Actual text '55' and expected text '55' are matched 

2019-07-10 15:12:42 - [MESSAGE][PASSED] - Actual text '35' and expected text '35' are matched 

2019-07-10 15:12:43 - [MESSAGE][PASSED] - Attribute 'value' of object '' is: 'Reciprocating compressor'

2019-07-10 15:12:43 - [MESSAGE][PASSED] - Attribute 'value' of object '' is: '40'

2019-07-10 15:12:43 - [MESSAGE][PASSED] - Attribute 'value' of object '' is: '20'

2019-07-10 15:12:43 - [MESSAGE][PASSED] - Attribute 'value' of object '' is: 'R-500'

2019-07-10 15:12:43 - [MESSAGE][PASSED] - Attribute 'value' of object '' is: ''

2019-07-10 15:12:43 - [MESSAGE][PASSED] - Attribute 'value' of object '' is: ''

2019-07-10 15:12:43 - [MESSAGE][PASSED] - Actual text 'Reciprocating compressor' and expected text 'Reciprocating compressor' are matched 

2019-07-10 15:12:43 - [MESSAGE][PASSED] - Actual text '40' and expected text '40' are matched 

2019-07-10 15:12:43 - [MESSAGE][PASSED] - Actual text '20' and expected text '20' are matched 

2019-07-10 15:12:43 - [MESSAGE][PASSED] - Actual text 'R-500' and expected text 'R-500' are matched 

2019-07-10 15:12:43 - [MESSAGE][FAILED] - Unable to verify match between actual text '45' and expected text '' (Root cause: com.kms.katalon.core.exception.StepFailedException: Actual text '45' and expected text '' are not matched
	at com.kms.katalon.core.keyword.builtin.VerifyMatchKeyword$_verifyMatch_closure1.doCall(VerifyMatchKeyword.groovy:57)
	at com.kms.katalon.core.keyword.builtin.VerifyMatchKeyword$_verifyMatch_closure1.call(VerifyMatchKeyword.groovy)
	at com.kms.katalon.core.keyword.internal.KeywordMain.runKeyword(KeywordMain.groovy:66)
	at com.kms.katalon.core.keyword.builtin.VerifyMatchKeyword.verifyMatch(VerifyMatchKeyword.groovy:60)
	at com.kms.katalon.core.keyword.builtin.VerifyMatchKeyword.execute(VerifyMatchKeyword.groovy:45)
	at com.kms.katalon.core.keyword.internal.KeywordExecutor.executeKeywordForPlatform(KeywordExecutor.groovy:56)
	at com.kms.katalon.core.keyword.BuiltinKeywords.verifyMatch(BuiltinKeywords.groovy:73)
	at enhancedRefrigerantManagement.EnhancedRefrigerantManagement_Form.user_verifies_the_data_present_in_the_table_Mechanical_Cooling_and_Refrigeration_Equipment_with_the_entered_data(EnhancedRefrigerantManagement_Form.groovy:565)
	at cucumber.runtime.Utils$1.call(Utils.java:26)
	at cucumber.runtime.Timeout.timeout(Timeout.java:16)
	at cucumber.runtime.Utils.invoke(Utils.java:20)
	at cucumber.runtime.java.JavaStepDefinition.execute(JavaStepDefinition.java:48)
	at cucumber.runtime.PickleStepDefinitionMatch.runStep(PickleStepDefinitionMatch.java:50)
	at cucumber.runner.TestStep.executeStep(TestStep.java:55)
	at cucumber.runner.TestStep.run(TestStep.java:42)
	at cucumber.runner.PickleStepTestStep.run(PickleStepTestStep.java:53)
	at cucumber.runner.TestCase.run(TestCase.java:47)
	at cucumber.runner.Runner.runPickle(Runner.java:44)
	at cucumber.runtime.junit.PickleRunners$NoStepDescriptions.run(PickleRunners.java:140)
	at cucumber.runtime.junit.FeatureRunner.runChild(FeatureRunner.java:68)
	at cucumber.runtime.junit.FeatureRunner.runChild(FeatureRunner.java:23)
	at org.junit.runners.ParentRunner$3.run(ParentRunner.java:290)
	at org.junit.runners.ParentRunner$1.schedule(ParentRunner.java:71)
	at org.junit.runners.ParentRunner.runChildren(ParentRunner.java:288)
	at org.junit.runners.ParentRunner.access$000(ParentRunner.java:58)
	at org.junit.runners.ParentRunner$2.evaluate(ParentRunner.java:268)
	at org.junit.runners.ParentRunner.run(ParentRunner.java:363)
	at cucumber.runtime.junit.FeatureRunner.run(FeatureRunner.java:73)
	at cucumber.api.junit.Cucumber.runChild(Cucumber.java:98)
	at cucumber.api.junit.Cucumber.runChild(Cucumber.java:55)
	at org.junit.runners.ParentRunner$3.run(ParentRunner.java:290)
	at org.junit.runners.ParentRunner$1.schedule(ParentRunner.java:71)
	at org.junit.runners.ParentRunner.runChildren(ParentRunner.java:288)
	at org.junit.runners.ParentRunner.access$000(ParentRunner.java:58)
	at org.junit.runners.ParentRunner$2.evaluate(ParentRunner.java:268)
	at cucumber.api.junit.Cucumber$1.evaluate(Cucumber.java:107)
	at org.junit.runners.ParentRunner.run(ParentRunner.java:363)
	at org.junit.runners.Suite.runChild(Suite.java:128)
	at org.junit.runners.Suite.runChild(Suite.java:27)
	at org.junit.runners.ParentRunner$3.run(ParentRunner.java:290)
	at org.junit.runners.ParentRunner$1.schedule(ParentRunner.java:71)
	at org.junit.runners.ParentRunner.runChildren(ParentRunner.java:288)
	at org.junit.runners.ParentRunner.access$000(ParentRunner.java:58)
	at org.junit.runners.ParentRunner$2.evaluate(ParentRunner.java:268)
	at org.junit.runners.ParentRunner.run(ParentRunner.java:363)
	at org.junit.runner.JUnitCore.run(JUnitCore.java:137)
	at org.junit.runner.JUnitCore.run(JUnitCore.java:115)
	at org.junit.runner.JUnitCore.run(JUnitCore.java:105)
	at com.kms.katalon.core.cucumber.keyword.CucumberBuiltinKeywords$_runWithCucumberRunner_closure3.doCall(CucumberBuiltinKeywords.groovy:260)
	at com.kms.katalon.core.cucumber.keyword.CucumberBuiltinKeywords$_runWithCucumberRunner_closure3.doCall(CucumberBuiltinKeywords.groovy)
	at com.kms.katalon.core.keyword.internal.KeywordMain.runKeyword(KeywordMain.groovy:66)
	at com.kms.katalon.core.keyword.internal.KeywordMain$runKeyword.call(Unknown Source)
	at com.kms.katalon.core.cucumber.keyword.CucumberBuiltinKeywords.runWithCucumberRunner(CucumberBuiltinKeywords.groovy:257)
	at com.kms.katalon.core.cucumber.keyword.CucumberBuiltinKeywords$runWithCucumberRunner$0.callStatic(Unknown Source)
	at com.kms.katalon.core.cucumber.keyword.CucumberBuiltinKeywords.runWithCucumberRunner(CucumberBuiltinKeywords.groovy:357)
	at com.kms.katalon.core.cucumber.keyword.CucumberBuiltinKeywords$runWithCucumberRunner.call(Unknown Source)
	at TC_ERM_CalculationofRefrigerantImpact.run(TC_ERM_CalculationofRefrigerantImpact:18)
	at com.kms.katalon.core.main.ScriptEngine.run(ScriptEngine.java:194)
	at com.kms.katalon.core.main.ScriptEngine.runScriptAsRawText(ScriptEngine.java:119)
	at com.kms.katalon.core.main.TestCaseExecutor.runScript(TestCaseExecutor.java:336)
	at com.kms.katalon.core.main.TestCaseExecutor.doExecute(TestCaseExecutor.java:327)
	at com.kms.katalon.core.main.TestCaseExecutor.processExecutionPhase(TestCaseExecutor.java:306)
	at com.kms.katalon.core.main.TestCaseExecutor.accessMainPhase(TestCaseExecutor.java:298)
	at com.kms.katalon.core.main.TestCaseExecutor.execute(TestCaseExecutor.java:232)
	at com.kms.katalon.core.main.TestSuiteExecutor.accessTestCaseMainPhase(TestSuiteExecutor.java:129)
	at com.kms.katalon.core.main.TestSuiteExecutor.accessTestSuiteMainPhase(TestSuiteExecutor.java:112)
	at com.kms.katalon.core.main.TestSuiteExecutor.execute(TestSuiteExecutor.java:81)
	at com.kms.katalon.core.main.TestCaseMain.startTestSuite(TestCaseMain.java:157)
	at com.kms.katalon.core.main.TestCaseMain$startTestSuite$0.call(Unknown Source)
	at TempTestSuite1562751497427.run(TempTestSuite1562751497427.groovy:35)
)

2019-07-10 15:12:43 - [MESSAGE][PASSED] - Scroll to object 'Object Repository/EnhancedRefrigerantManagement/icon_pdf' successfully

2019-07-10 15:12:43 - [MESSAGE][PASSED] - Object 'Object Repository/EnhancedRefrigerantManagement/icon_pdf' is present

2019-07-10 15:12:48 - [MESSAGE][PASSED] - Delayed 5 second(s)

2019-07-10 15:12:48 - [MESSAGE][PASSED] - Object: 'Object Repository/EnhancedRefrigerantManagement/icon_pdf' is clicked on

2019-07-10 15:12:58 - [MESSAGE][PASSED] - Delayed 10 second(s)

2019-07-10 15:12:58 - [MESSAGE][PASSED] - Scroll to object 'Object Repository/EnhancedRefrigerantManagement/iframe' successfully

2019-07-10 15:12:58 - [MESSAGE][PASSED] - Attribute 'value' of object 'Object Repository/EnhancedRefrigerantManagement/Calc_Refrigerant_Impact_Opt2/Table_MechanicalCooling/select_EquipmentType' is: 'Split AC or heat pump'

2019-07-10 15:12:59 - [MESSAGE][PASSED] - Attribute 'value' of object 'Object Repository/EnhancedRefrigerantManagement/Calc_Refrigerant_Impact_Opt2/Table_MechanicalCooling/Units' is: '55'

2019-07-10 15:12:59 - [MESSAGE][PASSED] - Attribute 'value' of object 'Object Repository/EnhancedRefrigerantManagement/Calc_Refrigerant_Impact_Opt2/Table_MechanicalCooling/Qunit' is: '56'

2019-07-10 15:12:59 - [MESSAGE][PASSED] - Text of object 'Object Repository/EnhancedRefrigerantManagement/Calc_Refrigerant_Impact_Opt2/Table_MechanicalCooling/select_Refrigerant' is: 'R-11
R-12
R-22
R-23
R-114
R-123
R-134a
R-245fa
R-404A
R-407C
R-410A
R-500
R-502
R-507A
Carbon dioxide
Ammonia (NH3)
Propane
None'

2019-07-10 15:12:59 - [MESSAGE][PASSED] - Attribute 'value' of object 'Object Repository/EnhancedRefrigerantManagement/Calc_Refrigerant_Impact_Opt2/Table_MechanicalCooling/RC' is: '57'

2019-07-10 15:12:59 - [MESSAGE][PASSED] - Text of object 'Object Repository/EnhancedRefrigerantManagement/Calc_Refrigerant_Impact_Opt2/Table_MechanicalCooling/Life' is: ''

2019-07-10 15:12:59 - [MESSAGE][PASSED] - Text of object 'Object Repository/EnhancedRefrigerantManagement/Calc_Refrigerant_Impact_Opt2/Table_MechanicalCooling/ImpactTotal' is: '422,861,824'

2019-07-10 15:13:01 - [MESSAGE][PASSED] - Delayed 2 second(s)

2019-07-10 15:13:06 - [MESSAGE][PASSED] - Delayed 5 second(s)

2019-07-10 15:13:06 - [MESSAGE][PASSED] - Scroll to object 'Object Repository/EnhancedRefrigerantManagement/Calc_Refrigerant_Impact_Opt2/AddFile_refrigerant_equi/p_refrigerant_equi' successfully

2019-07-10 15:13:08 - [MESSAGE][PASSED] - Delayed 2 second(s)

2019-07-10 15:13:10 - [MESSAGE][PASSED] - Delayed 2 second(s)

2019-07-10 15:13:11 - [MESSAGE][PASSED] - Navigate back successfully

2019-07-10 15:13:13 - [MESSAGE][PASSED] - Delayed 2 second(s)

2019-07-10 15:13:14 - [MESSAGE][PASSED] - Text of object 'Object Repository/EnhancedRefrigerantManagement/ERM_Navigation/h3_Status' is: 'ATTEMPTED'

2019-07-10 15:13:14 - [MESSAGE][PASSED] - Object: 'Object Repository/EnhancedRefrigerantManagement/ERM_Navigation/a_MarkReadyForReview' is clicked on

2019-07-10 15:13:19 - [MESSAGE][PASSED] - Delayed 5 second(s)

2019-07-10 15:13:19 - [MESSAGE][PASSED] - Text of object 'Object Repository/EnhancedRefrigerantManagement/ERM_Navigation/h3_Status' is: 'READY FOR REVIEW'

2019-07-10 15:13:19 - [MESSAGE][FAILED] - These following reason:
 [Unable to verify text 'Form data saved successfully.' is present , Actual text '45' and expected text '' are not matched]

2019-07-10 15:13:19 - [MESSAGE][FAILED] - Keyword runWithCucumberRunner was failed (Root cause: com.kms.katalon.core.exception.StepFailedException: These following reason:
 [Unable to verify text 'Form data saved successfully.' is present , Actual text '45' and expected text '' are not matched]
	at com.kms.katalon.core.keyword.internal.KeywordMain.stepFailed(KeywordMain.groovy:48)
	at com.kms.katalon.core.keyword.internal.KeywordMain.stepFailed(KeywordMain.groovy)
	at com.kms.katalon.core.keyword.internal.KeywordMain.stepFailed(KeywordMain.groovy:21)
	at com.kms.katalon.core.keyword.internal.KeywordMain$stepFailed$0.call(Unknown Source)
	at com.kms.katalon.core.cucumber.keyword.CucumberBuiltinKeywords$_runWithCucumberRunner_closure3.doCall(CucumberBuiltinKeywords.groovy:272)
	at com.kms.katalon.core.cucumber.keyword.CucumberBuiltinKeywords$_runWithCucumberRunner_closure3.doCall(CucumberBuiltinKeywords.groovy)
	at com.kms.katalon.core.keyword.internal.KeywordMain.runKeyword(KeywordMain.groovy:66)
	at com.kms.katalon.core.keyword.internal.KeywordMain$runKeyword.call(Unknown Source)
	at com.kms.katalon.core.cucumber.keyword.CucumberBuiltinKeywords.runWithCucumberRunner(CucumberBuiltinKeywords.groovy:257)
	at com.kms.katalon.core.cucumber.keyword.CucumberBuiltinKeywords$runWithCucumberRunner$0.callStatic(Unknown Source)
	at com.kms.katalon.core.cucumber.keyword.CucumberBuiltinKeywords.runWithCucumberRunner(CucumberBuiltinKeywords.groovy:357)
	at com.kms.katalon.core.cucumber.keyword.CucumberBuiltinKeywords$runWithCucumberRunner.call(Unknown Source)
	at TC_ERM_CalculationofRefrigerantImpact.run(TC_ERM_CalculationofRefrigerantImpact:18)
	at com.kms.katalon.core.main.ScriptEngine.run(ScriptEngine.java:194)
	at com.kms.katalon.core.main.ScriptEngine.runScriptAsRawText(ScriptEngine.java:119)
	at com.kms.katalon.core.main.TestCaseExecutor.runScript(TestCaseExecutor.java:336)
	at com.kms.katalon.core.main.TestCaseExecutor.doExecute(TestCaseExecutor.java:327)
	at com.kms.katalon.core.main.TestCaseExecutor.processExecutionPhase(TestCaseExecutor.java:306)
	at com.kms.katalon.core.main.TestCaseExecutor.accessMainPhase(TestCaseExecutor.java:298)
	at com.kms.katalon.core.main.TestCaseExecutor.execute(TestCaseExecutor.java:232)
	at com.kms.katalon.core.main.TestSuiteExecutor.accessTestCaseMainPhase(TestSuiteExecutor.java:129)
	at com.kms.katalon.core.main.TestSuiteExecutor.accessTestSuiteMainPhase(TestSuiteExecutor.java:112)
	at com.kms.katalon.core.main.TestSuiteExecutor.execute(TestSuiteExecutor.java:81)
	at com.kms.katalon.core.main.TestCaseMain.startTestSuite(TestCaseMain.java:157)
	at com.kms.katalon.core.main.TestCaseMain$startTestSuite$0.call(Unknown Source)
	at TempTestSuite1562751497427.run(TempTestSuite1562751497427.groovy:35)
)

2019-07-10 15:13:19 - [TEST_STEP][PASSED] - Start listener action : sampleAfterTestCase: Browser is closed

2019-07-10 15:13:19 - [TEST_STEP][PASSED] - closeBrowser(): Browser is closed

2019-07-10 15:13:19 - [MESSAGE][PASSED] - Browser is closed]]></system-out>
         <system-err><![CDATA[2019-07-10 15:10:19 - [TEST_CASE][FAILED] - Test Cases/EnhancedRefrigerantManagement/TC_ERM_CalculationofRefrigerantImpact: Test Cases/EnhancedRefrigerantManagement/TC_ERM_CalculationofRefrigerantImpact FAILED.
Reason:
com.kms.katalon.core.exception.StepFailedException: These following reason:
 [Unable to verify text 'Form data saved successfully.' is present , Actual text '45' and expected text '' are not matched]
	at com.kms.katalon.core.keyword.internal.KeywordMain.stepFailed(KeywordMain.groovy:48)
	at com.kms.katalon.core.keyword.internal.KeywordMain.stepFailed(KeywordMain.groovy)
	at com.kms.katalon.core.keyword.internal.KeywordMain.stepFailed(KeywordMain.groovy:21)
	at com.kms.katalon.core.keyword.internal.KeywordMain$stepFailed$0.call(Unknown Source)
	at com.kms.katalon.core.cucumber.keyword.CucumberBuiltinKeywords$_runWithCucumberRunner_closure3.doCall(CucumberBuiltinKeywords.groovy:272)
	at com.kms.katalon.core.cucumber.keyword.CucumberBuiltinKeywords$_runWithCucumberRunner_closure3.doCall(CucumberBuiltinKeywords.groovy)
	at com.kms.katalon.core.keyword.internal.KeywordMain.runKeyword(KeywordMain.groovy:66)
	at com.kms.katalon.core.keyword.internal.KeywordMain$runKeyword.call(Unknown Source)
	at com.kms.katalon.core.cucumber.keyword.CucumberBuiltinKeywords.runWithCucumberRunner(CucumberBuiltinKeywords.groovy:257)
	at com.kms.katalon.core.cucumber.keyword.CucumberBuiltinKeywords$runWithCucumberRunner$0.callStatic(Unknown Source)
	at com.kms.katalon.core.cucumber.keyword.CucumberBuiltinKeywords.runWithCucumberRunner(CucumberBuiltinKeywords.groovy:357)
	at com.kms.katalon.core.cucumber.keyword.CucumberBuiltinKeywords$runWithCucumberRunner.call(Unknown Source)
	at TC_ERM_CalculationofRefrigerantImpact.run(TC_ERM_CalculationofRefrigerantImpact:18)
	at com.kms.katalon.core.main.ScriptEngine.run(ScriptEngine.java:194)
	at com.kms.katalon.core.main.ScriptEngine.runScriptAsRawText(ScriptEngine.java:119)
	at com.kms.katalon.core.main.TestCaseExecutor.runScript(TestCaseExecutor.java:336)
	at com.kms.katalon.core.main.TestCaseExecutor.doExecute(TestCaseExecutor.java:327)
	at com.kms.katalon.core.main.TestCaseExecutor.processExecutionPhase(TestCaseExecutor.java:306)
	at com.kms.katalon.core.main.TestCaseExecutor.accessMainPhase(TestCaseExecutor.java:298)
	at com.kms.katalon.core.main.TestCaseExecutor.execute(TestCaseExecutor.java:232)
	at com.kms.katalon.core.main.TestSuiteExecutor.accessTestCaseMainPhase(TestSuiteExecutor.java:129)
	at com.kms.katalon.core.main.TestSuiteExecutor.accessTestSuiteMainPhase(TestSuiteExecutor.java:112)
	at com.kms.katalon.core.main.TestSuiteExecutor.execute(TestSuiteExecutor.java:81)
	at com.kms.katalon.core.main.TestCaseMain.startTestSuite(TestCaseMain.java:157)
	at com.kms.katalon.core.main.TestCaseMain$startTestSuite$0.call(Unknown Source)
	at TempTestSuite1562751497427.run(TempTestSuite1562751497427.groovy:35)]]></system-err>
      </testcase>
      <testcase name="Test Cases/EnhancedRefrigerantManagement/TC_ERM_VerifyUploadedFiles" classname="Test Cases/EnhancedRefrigerantManagement/TC_ERM_VerifyUploadedFiles" status="PASSED">
         <system-out><![CDATA[2019-07-10 15:13:19 - [TEST_CASE][PASSED] - Test Cases/EnhancedRefrigerantManagement/TC_ERM_VerifyUploadedFiles: Test Cases/EnhancedRefrigerantManagement/TC_ERM_VerifyUploadedFiles

2019-07-10 15:13:19 - [TEST_STEP][PASSED] - Start listener action : sampleBeforeTestCase: null

2019-07-10 15:13:19 - [TEST_STEP][PASSED] - openBrowser(""): Browser is opened with url: ''

2019-07-10 15:13:19 - [MESSAGE][INFO] - Starting 'Chrome (headless)' driver

2019-07-10 15:13:19 - [MESSAGE][INFO] - User set preference: ['args', '[--window-size=1920,1080]']

2019-07-10 15:13:22 - [MESSAGE][PASSED] - Browser is opened with url: ''

2019-07-10 15:13:22 - [TEST_STEP][PASSED] - driver = getWebDriver(): null

2019-07-10 15:13:22 - [TEST_STEP][PASSED] - println("The driver is ########### " + driver): null

2019-07-10 15:13:22 - [TEST_STEP][PASSED] - downloadPath = "H:\Git Projects\Usgbc_LeedOnline_ScoreCard\Usgbc_LeedOnline_ScoreCard\Include\TestData\DownloadedFiles": null

2019-07-10 15:13:22 - [TEST_STEP][PASSED] - projectKeywords().sendCommandForDownloadChromeHeadLess(driver.getCommandExecutor(), driver.getSessionId(), downloadPath): null

2019-07-10 15:13:22 - [TEST_STEP][PASSED] - runWithCucumberRunner(enhancedRefrigerantManagement.Runner_ERM_VerifyUploadedFiles): Run with 'enhancedRefrigerantManagement.Runner_ERM_VerifyUploadedFiles' was passed

2019-07-10 15:13:23 - [TEST_CASE][PASSED] - Test Cases/EnhancedRefrigerantManagement/TC_ERM_Navigation: Test Cases/EnhancedRefrigerantManagement/TC_ERM_Navigation

2019-07-10 15:13:23 - [TEST_STEP][PASSED] - runWithCucumberRunner(enhancedRefrigerantManagement.Runner_ERM_Navigation): Run with 'enhancedRefrigerantManagement.Runner_ERM_Navigation' was passed

2019-07-10 15:13:23 - [TEST_CASE][PASSED] - Test Cases/Login/TC_Login: Test Cases/Login/TC_Login

2019-07-10 15:13:23 - [TEST_STEP][PASSED] - runWithCucumberRunner(common.Runner_Login): Run with 'common.Runner_Login' was passed

2019-07-10 15:13:27 - [MESSAGE][PASSED] - Navigate to 'https://leedonline-stg.usgbc.org' successfully

2019-07-10 15:13:29 - [MESSAGE][PASSED] - Delayed 2 second(s)

2019-07-10 15:13:29 - [MESSAGE][PASSED] - Text 'automationbdd1@gmail.com' is set on object 'Object Repository/Login/input_username'

2019-07-10 15:13:30 - [MESSAGE][PASSED] - Text 'initpass' is set on object 'Object Repository/Login/input_password'

2019-07-10 15:13:33 - [MESSAGE][PASSED] - Delayed 3 second(s)

2019-07-10 15:13:33 - [MESSAGE][PASSED] - Scroll to object 'Object Repository/Login/span_End User License Agreement' successfully

2019-07-10 15:13:33 - [MESSAGE][PASSED] - Object 'Object Repository/Login/span_End User License Agreement' is visible

2019-07-10 15:13:33 - [MESSAGE][PASSED] - Object 'Object Repository/Login/span_End User License Agreement' is checked

2019-07-10 15:13:34 - [MESSAGE][PASSED] - Delayed 1 second(s)

2019-07-10 15:13:34 - [MESSAGE][PASSED] - Object: 'Object Repository/Login/button_Log In' is clicked on

2019-07-10 15:13:40 - [MESSAGE][PASSED] - Object: '' is clicked on

2019-07-10 15:13:42 - [MESSAGE][PASSED] - Object: 'Object Repository/Login/a_Credits' is clicked on

2019-07-10 15:13:42 - [MESSAGE][PASSED] - Run with 'common.Runner_Login' was passed

2019-07-10 15:13:42 - [MESSAGE][PASSED] - Call Test Case 'Test Cases/Login/TC_Login' successfully

2019-07-10 15:13:43 - [MESSAGE][PASSED] - Scroll to object 'Object Repository/EnhancedRefrigerantManagement/ERM_Navigation/div_Enhanced Refrigerant Management' successfully

2019-07-10 15:13:43 - [MESSAGE][PASSED] - Object 'Object Repository/EnhancedRefrigerantManagement/ERM_Navigation/div_Enhanced Refrigerant Management' is present

2019-07-10 15:13:43 - [MESSAGE][PASSED] - Text of object 'Object Repository/EnhancedRefrigerantManagement/ERM_Navigation/h3_Status' is: 'READY FOR REVIEW'

2019-07-10 15:13:43 - [MESSAGE][PASSED] - Text of object 'Object Repository/EnhancedRefrigerantManagement/ERM_Navigation/divval' is: 'READY FOR REVIEW'

2019-07-10 15:13:43 - [MESSAGE][PASSED] - Object: 'Object Repository/EnhancedRefrigerantManagement/ERM_Navigation/a_MarkReadyForReview' is clicked on

2019-07-10 15:13:48 - [MESSAGE][PASSED] - Delayed 5 second(s)

2019-07-10 15:13:48 - [MESSAGE][PASSED] - Text of object 'Object Repository/EnhancedRefrigerantManagement/ERM_Navigation/h3_Status' is: 'ATTEMPTED'

2019-07-10 15:13:48 - [MESSAGE][PASSED] - Object: 'Object Repository/EnhancedRefrigerantManagement/ERM_Navigation/div_Enhanced Refrigerant Management' is clicked on

2019-07-10 15:13:51 - [MESSAGE][PASSED] - Delayed 3 second(s)

2019-07-10 15:13:54 - [MESSAGE][PASSED] - Object: 'Object Repository/EnhancedRefrigerantManagement/ERM_Navigation/span_(V01)' is clicked on

2019-07-10 15:13:54 - [MESSAGE][PASSED] - Object 'Object Repository/EnhancedRefrigerantManagement/ERM_Navigation/div_EnhancedRefrigerantManagement_Credit' is present

2019-07-10 15:13:54 - [MESSAGE][PASSED] - Run with 'enhancedRefrigerantManagement.Runner_ERM_Navigation' was passed

2019-07-10 15:13:54 - [MESSAGE][PASSED] - Call Test Case 'Test Cases/EnhancedRefrigerantManagement/TC_ERM_Navigation' successfully

2019-07-10 15:13:54 - [MESSAGE][PASSED] - Scroll to object 'Object Repository/EnhancedRefrigerantManagement/Calc_Refrigerant_Impact_Opt2/AddFile_refrigerant_equi/Table_refrigerant_equi' successfully

2019-07-10 15:13:54 - [MESSAGE][PASSED] - Object 'Object Repository/EnhancedRefrigerantManagement/Calc_Refrigerant_Impact_Opt2/AddFile_refrigerant_equi/Table_refrigerant_equi' is present

2019-07-10 15:13:55 - [MESSAGE][PASSED] - Text of object '' is: 'ZZ.pdf'

2019-07-10 15:13:55 - [MESSAGE][PASSED] - ZZ.pdf is equal to ZZ.pdf

2019-07-10 15:13:55 - [MESSAGE][PASSED] - Actual text 'ZZ.pdf' and expected text 'ZZ.pdf' are matched 

2019-07-10 15:13:55 - [MESSAGE][PASSED] - Scroll to object 'Object Repository/EnhancedRefrigerantManagement/Special Circumstances/AddFile_additionalDoc/Table_additionalDoc' successfully

2019-07-10 15:13:55 - [MESSAGE][PASSED] - Object 'Object Repository/EnhancedRefrigerantManagement/Special Circumstances/AddFile_additionalDoc/Table_additionalDoc' is present

2019-07-10 15:13:55 - [MESSAGE][PASSED] - Text of object '' is: 'SampleGIFImage_350kbmb.gif'

2019-07-10 15:13:55 - [MESSAGE][PASSED] - SampleGIFImage_350kbmb.gif is equal to SampleGIFImage_350kbmb.gif

2019-07-10 15:13:55 - [MESSAGE][PASSED] - Actual text 'SampleGIFImage_350kbmb.gif' and expected text 'SampleGIFImage_350kbmb.gif' are matched 

2019-07-10 15:13:55 - [MESSAGE][PASSED] - Text of object '' is: 'SamplePPTFile_1000kb.ppt'

2019-07-10 15:13:55 - [MESSAGE][PASSED] - SamplePPTFile_1000kb.ppt is equal to SamplePPTFile_1000kb.ppt

2019-07-10 15:13:55 - [MESSAGE][PASSED] - Actual text 'SamplePPTFile_1000kb.ppt' and expected text 'SamplePPTFile_1000kb.ppt' are matched 

2019-07-10 15:13:55 - [MESSAGE][PASSED] - Text of object '' is: 'ZZ.pdf'

2019-07-10 15:13:55 - [MESSAGE][PASSED] - ZZ.pdf is equal to ZZ.pdf

2019-07-10 15:13:55 - [MESSAGE][PASSED] - Actual text 'ZZ.pdf' and expected text 'ZZ.pdf' are matched 

2019-07-10 15:13:55 - [MESSAGE][PASSED] - Run with 'enhancedRefrigerantManagement.Runner_ERM_VerifyUploadedFiles' was passed

2019-07-10 15:13:55 - [TEST_STEP][PASSED] - Start listener action : sampleAfterTestCase: Browser is closed

2019-07-10 15:13:55 - [TEST_STEP][PASSED] - closeBrowser(): Browser is closed

2019-07-10 15:13:56 - [MESSAGE][PASSED] - Browser is closed]]></system-out>
         <system-err><![CDATA[]]></system-err>
      </testcase>
      <testcase name="Test Cases/EnhancedRefrigerantManagement/TC_ERM_DownloadedFiles" classname="Test Cases/EnhancedRefrigerantManagement/TC_ERM_DownloadedFiles" status="FAILED">
         <failure type="FAILED" message="Test Cases/EnhancedRefrigerantManagement/TC_ERM_DownloadedFiles FAILED.
Reason:
com.kms.katalon.core.exception.StepFailedException: SampleGIFImage_350kbmb.gif does not exist in H:/Git Projects/Usgbc_LeedOnline_ScoreCard/Usgbc_LeedOnline_ScoreCard/Include/TestData/DownloadedFiles
	at com.kms.katalon.core.util.KeywordUtil.markFailed(KeywordUtil.java:19)
	at com.kms.katalon.core.util.KeywordUtil$markFailed$0.call(Unknown Source)
	at leedOnlineKeywords.projectKeywords.isFiledownloaded(projectKeywords.groovy:165)
	at leedOnlineKeywords.projectKeywords$isFiledownloaded$10.call(Unknown Source)
	at leedOnlineKeywords.projectKeywords.verifyDownloadedFiles(projectKeywords.groovy:872)
	at leedOnlineKeywords.projectKeywords$verifyDownloadedFiles$9.call(Unknown Source)
	at enhancedRefrigerantManagement.ERM_DownloadedFiles.user_can_see_the_downloaded_file_of_refrigerant_equipment_schedule_in_ERM_Form_successfully(ERM_DownloadedFiles.groovy:69)
	at cucumber.runtime.Utils$1.call(Utils.java:26)
	at cucumber.runtime.Timeout.timeout(Timeout.java:16)
	at cucumber.runtime.Utils.invoke(Utils.java:20)
	at cucumber.runtime.java.JavaStepDefinition.execute(JavaStepDefinition.java:48)
	at cucumber.runtime.PickleStepDefinitionMatch.runStep(PickleStepDefinitionMatch.java:50)
	at cucumber.runner.TestStep.executeStep(TestStep.java:55)
	at cucumber.runner.TestStep.run(TestStep.java:42)
	at cucumber.runner.PickleStepTestStep.run(PickleStepTestStep.java:53)
	at cucumber.runner.TestCase.run(TestCase.java:47)
	at cucumber.runner.Runner.runPickle(Runner.java:44)
	at cucumber.runtime.junit.PickleRunners$NoStepDescriptions.run(PickleRunners.java:140)
	at cucumber.runtime.junit.FeatureRunner.runChild(FeatureRunner.java:68)
	at cucumber.runtime.junit.FeatureRunner.runChild(FeatureRunner.java:23)
	at org.junit.runners.ParentRunner$3.run(ParentRunner.java:290)
	at org.junit.runners.ParentRunner$1.schedule(ParentRunner.java:71)
	at org.junit.runners.ParentRunner.runChildren(ParentRunner.java:288)
	at org.junit.runners.ParentRunner.access$000(ParentRunner.java:58)
	at org.junit.runners.ParentRunner$2.evaluate(ParentRunner.java:268)
	at org.junit.runners.ParentRunner.run(ParentRunner.java:363)
	at cucumber.runtime.junit.FeatureRunner.run(FeatureRunner.java:73)
	at cucumber.api.junit.Cucumber.runChild(Cucumber.java:98)
	at cucumber.api.junit.Cucumber.runChild(Cucumber.java:55)
	at org.junit.runners.ParentRunner$3.run(ParentRunner.java:290)
	at org.junit.runners.ParentRunner$1.schedule(ParentRunner.java:71)
	at org.junit.runners.ParentRunner.runChildren(ParentRunner.java:288)
	at org.junit.runners.ParentRunner.access$000(ParentRunner.java:58)
	at org.junit.runners.ParentRunner$2.evaluate(ParentRunner.java:268)
	at cucumber.api.junit.Cucumber$1.evaluate(Cucumber.java:107)
	at org.junit.runners.ParentRunner.run(ParentRunner.java:363)
	at org.junit.runners.Suite.runChild(Suite.java:128)
	at org.junit.runners.Suite.runChild(Suite.java:27)
	at org.junit.runners.ParentRunner$3.run(ParentRunner.java:290)
	at org.junit.runners.ParentRunner$1.schedule(ParentRunner.java:71)
	at org.junit.runners.ParentRunner.runChildren(ParentRunner.java:288)
	at org.junit.runners.ParentRunner.access$000(ParentRunner.java:58)
	at org.junit.runners.ParentRunner$2.evaluate(ParentRunner.java:268)
	at org.junit.runners.ParentRunner.run(ParentRunner.java:363)
	at org.junit.runner.JUnitCore.run(JUnitCore.java:137)
	at org.junit.runner.JUnitCore.run(JUnitCore.java:115)
	at org.junit.runner.JUnitCore.run(JUnitCore.java:105)
	at com.kms.katalon.core.cucumber.keyword.CucumberBuiltinKeywords$_runWithCucumberRunner_closure3.doCall(CucumberBuiltinKeywords.groovy:260)
	at com.kms.katalon.core.cucumber.keyword.CucumberBuiltinKeywords$_runWithCucumberRunner_closure3.doCall(CucumberBuiltinKeywords.groovy)
	at com.kms.katalon.core.keyword.internal.KeywordMain.runKeyword(KeywordMain.groovy:66)
	at com.kms.katalon.core.keyword.internal.KeywordMain$runKeyword.call(Unknown Source)
	at com.kms.katalon.core.cucumber.keyword.CucumberBuiltinKeywords.runWithCucumberRunner(CucumberBuiltinKeywords.groovy:257)
	at com.kms.katalon.core.cucumber.keyword.CucumberBuiltinKeywords$runWithCucumberRunner$0.callStatic(Unknown Source)
	at com.kms.katalon.core.cucumber.keyword.CucumberBuiltinKeywords.runWithCucumberRunner(CucumberBuiltinKeywords.groovy:357)
	at com.kms.katalon.core.cucumber.keyword.CucumberBuiltinKeywords$runWithCucumberRunner.call(Unknown Source)
	at TC_ERM_DownloadedFiles.run(TC_ERM_DownloadedFiles:18)
	at com.kms.katalon.core.main.ScriptEngine.run(ScriptEngine.java:194)
	at com.kms.katalon.core.main.ScriptEngine.runScriptAsRawText(ScriptEngine.java:119)
	at com.kms.katalon.core.main.TestCaseExecutor.runScript(TestCaseExecutor.java:336)
	at com.kms.katalon.core.main.TestCaseExecutor.doExecute(TestCaseExecutor.java:327)
	at com.kms.katalon.core.main.TestCaseExecutor.processExecutionPhase(TestCaseExecutor.java:306)
	at com.kms.katalon.core.main.TestCaseExecutor.accessMainPhase(TestCaseExecutor.java:298)
	at com.kms.katalon.core.main.TestCaseExecutor.execute(TestCaseExecutor.java:232)
	at com.kms.katalon.core.main.TestSuiteExecutor.accessTestCaseMainPhase(TestSuiteExecutor.java:129)
	at com.kms.katalon.core.main.TestSuiteExecutor.accessTestSuiteMainPhase(TestSuiteExecutor.java:112)
	at com.kms.katalon.core.main.TestSuiteExecutor.execute(TestSuiteExecutor.java:81)
	at com.kms.katalon.core.main.TestCaseMain.startTestSuite(TestCaseMain.java:157)
	at com.kms.katalon.core.main.TestCaseMain$startTestSuite$0.call(Unknown Source)
	at TempTestSuite1562751497427.run(TempTestSuite1562751497427.groovy:35)
"/>
         <system-out><![CDATA[2019-07-10 15:13:56 - [TEST_CASE][FAILED] - Test Cases/EnhancedRefrigerantManagement/TC_ERM_DownloadedFiles: Test Cases/EnhancedRefrigerantManagement/TC_ERM_DownloadedFiles FAILED.
Reason:
com.kms.katalon.core.exception.StepFailedException: SampleGIFImage_350kbmb.gif does not exist in H:/Git Projects/Usgbc_LeedOnline_ScoreCard/Usgbc_LeedOnline_ScoreCard/Include/TestData/DownloadedFiles
	at com.kms.katalon.core.util.KeywordUtil.markFailed(KeywordUtil.java:19)
	at com.kms.katalon.core.util.KeywordUtil$markFailed$0.call(Unknown Source)
	at leedOnlineKeywords.projectKeywords.isFiledownloaded(projectKeywords.groovy:165)
	at leedOnlineKeywords.projectKeywords$isFiledownloaded$10.call(Unknown Source)
	at leedOnlineKeywords.projectKeywords.verifyDownloadedFiles(projectKeywords.groovy:872)
	at leedOnlineKeywords.projectKeywords$verifyDownloadedFiles$9.call(Unknown Source)
	at enhancedRefrigerantManagement.ERM_DownloadedFiles.user_can_see_the_downloaded_file_of_refrigerant_equipment_schedule_in_ERM_Form_successfully(ERM_DownloadedFiles.groovy:69)
	at cucumber.runtime.Utils$1.call(Utils.java:26)
	at cucumber.runtime.Timeout.timeout(Timeout.java:16)
	at cucumber.runtime.Utils.invoke(Utils.java:20)
	at cucumber.runtime.java.JavaStepDefinition.execute(JavaStepDefinition.java:48)
	at cucumber.runtime.PickleStepDefinitionMatch.runStep(PickleStepDefinitionMatch.java:50)
	at cucumber.runner.TestStep.executeStep(TestStep.java:55)
	at cucumber.runner.TestStep.run(TestStep.java:42)
	at cucumber.runner.PickleStepTestStep.run(PickleStepTestStep.java:53)
	at cucumber.runner.TestCase.run(TestCase.java:47)
	at cucumber.runner.Runner.runPickle(Runner.java:44)
	at cucumber.runtime.junit.PickleRunners$NoStepDescriptions.run(PickleRunners.java:140)
	at cucumber.runtime.junit.FeatureRunner.runChild(FeatureRunner.java:68)
	at cucumber.runtime.junit.FeatureRunner.runChild(FeatureRunner.java:23)
	at org.junit.runners.ParentRunner$3.run(ParentRunner.java:290)
	at org.junit.runners.ParentRunner$1.schedule(ParentRunner.java:71)
	at org.junit.runners.ParentRunner.runChildren(ParentRunner.java:288)
	at org.junit.runners.ParentRunner.access$000(ParentRunner.java:58)
	at org.junit.runners.ParentRunner$2.evaluate(ParentRunner.java:268)
	at org.junit.runners.ParentRunner.run(ParentRunner.java:363)
	at cucumber.runtime.junit.FeatureRunner.run(FeatureRunner.java:73)
	at cucumber.api.junit.Cucumber.runChild(Cucumber.java:98)
	at cucumber.api.junit.Cucumber.runChild(Cucumber.java:55)
	at org.junit.runners.ParentRunner$3.run(ParentRunner.java:290)
	at org.junit.runners.ParentRunner$1.schedule(ParentRunner.java:71)
	at org.junit.runners.ParentRunner.runChildren(ParentRunner.java:288)
	at org.junit.runners.ParentRunner.access$000(ParentRunner.java:58)
	at org.junit.runners.ParentRunner$2.evaluate(ParentRunner.java:268)
	at cucumber.api.junit.Cucumber$1.evaluate(Cucumber.java:107)
	at org.junit.runners.ParentRunner.run(ParentRunner.java:363)
	at org.junit.runners.Suite.runChild(Suite.java:128)
	at org.junit.runners.Suite.runChild(Suite.java:27)
	at org.junit.runners.ParentRunner$3.run(ParentRunner.java:290)
	at org.junit.runners.ParentRunner$1.schedule(ParentRunner.java:71)
	at org.junit.runners.ParentRunner.runChildren(ParentRunner.java:288)
	at org.junit.runners.ParentRunner.access$000(ParentRunner.java:58)
	at org.junit.runners.ParentRunner$2.evaluate(ParentRunner.java:268)
	at org.junit.runners.ParentRunner.run(ParentRunner.java:363)
	at org.junit.runner.JUnitCore.run(JUnitCore.java:137)
	at org.junit.runner.JUnitCore.run(JUnitCore.java:115)
	at org.junit.runner.JUnitCore.run(JUnitCore.java:105)
	at com.kms.katalon.core.cucumber.keyword.CucumberBuiltinKeywords$_runWithCucumberRunner_closure3.doCall(CucumberBuiltinKeywords.groovy:260)
	at com.kms.katalon.core.cucumber.keyword.CucumberBuiltinKeywords$_runWithCucumberRunner_closure3.doCall(CucumberBuiltinKeywords.groovy)
	at com.kms.katalon.core.keyword.internal.KeywordMain.runKeyword(KeywordMain.groovy:66)
	at com.kms.katalon.core.keyword.internal.KeywordMain$runKeyword.call(Unknown Source)
	at com.kms.katalon.core.cucumber.keyword.CucumberBuiltinKeywords.runWithCucumberRunner(CucumberBuiltinKeywords.groovy:257)
	at com.kms.katalon.core.cucumber.keyword.CucumberBuiltinKeywords$runWithCucumberRunner$0.callStatic(Unknown Source)
	at com.kms.katalon.core.cucumber.keyword.CucumberBuiltinKeywords.runWithCucumberRunner(CucumberBuiltinKeywords.groovy:357)
	at com.kms.katalon.core.cucumber.keyword.CucumberBuiltinKeywords$runWithCucumberRunner.call(Unknown Source)
	at TC_ERM_DownloadedFiles.run(TC_ERM_DownloadedFiles:18)
	at com.kms.katalon.core.main.ScriptEngine.run(ScriptEngine.java:194)
	at com.kms.katalon.core.main.ScriptEngine.runScriptAsRawText(ScriptEngine.java:119)
	at com.kms.katalon.core.main.TestCaseExecutor.runScript(TestCaseExecutor.java:336)
	at com.kms.katalon.core.main.TestCaseExecutor.doExecute(TestCaseExecutor.java:327)
	at com.kms.katalon.core.main.TestCaseExecutor.processExecutionPhase(TestCaseExecutor.java:306)
	at com.kms.katalon.core.main.TestCaseExecutor.accessMainPhase(TestCaseExecutor.java:298)
	at com.kms.katalon.core.main.TestCaseExecutor.execute(TestCaseExecutor.java:232)
	at com.kms.katalon.core.main.TestSuiteExecutor.accessTestCaseMainPhase(TestSuiteExecutor.java:129)
	at com.kms.katalon.core.main.TestSuiteExecutor.accessTestSuiteMainPhase(TestSuiteExecutor.java:112)
	at com.kms.katalon.core.main.TestSuiteExecutor.execute(TestSuiteExecutor.java:81)
	at com.kms.katalon.core.main.TestCaseMain.startTestSuite(TestCaseMain.java:157)
	at com.kms.katalon.core.main.TestCaseMain$startTestSuite$0.call(Unknown Source)
	at TempTestSuite1562751497427.run(TempTestSuite1562751497427.groovy:35)


2019-07-10 15:13:56 - [TEST_STEP][PASSED] - Start listener action : sampleBeforeTestCase: null

2019-07-10 15:13:56 - [TEST_STEP][PASSED] - openBrowser(""): Browser is opened with url: ''

2019-07-10 15:13:56 - [MESSAGE][INFO] - Starting 'Chrome (headless)' driver

2019-07-10 15:13:56 - [MESSAGE][INFO] - User set preference: ['args', '[--window-size=1920,1080]']

2019-07-10 15:13:58 - [MESSAGE][PASSED] - Browser is opened with url: ''

2019-07-10 15:13:58 - [TEST_STEP][PASSED] - driver = getWebDriver(): null

2019-07-10 15:13:58 - [TEST_STEP][PASSED] - println("The driver is ########### " + driver): null

2019-07-10 15:13:58 - [TEST_STEP][PASSED] - downloadPath = "H:\Git Projects\Usgbc_LeedOnline_ScoreCard\Usgbc_LeedOnline_ScoreCard\Include\TestData\DownloadedFiles": null

2019-07-10 15:13:58 - [TEST_STEP][PASSED] - projectKeywords().sendCommandForDownloadChromeHeadLess(driver.getCommandExecutor(), driver.getSessionId(), downloadPath): null

2019-07-10 15:13:58 - [TEST_STEP][FAILED] - runWithCucumberRunner(enhancedRefrigerantManagement.Runner_ERM_DownloadedFiles): Keyword runWithCucumberRunner was failed (Root cause: com.kms.katalon.core.exception.StepFailedException: These following reason:
 [Actual text 'ZZ.pdf' and expected text 'SampleGIFImage_350kbmb.gif' are not matched]
	at com.kms.katalon.core.keyword.internal.KeywordMain.stepFailed(KeywordMain.groovy:48)
	at com.kms.katalon.core.keyword.internal.KeywordMain.stepFailed(KeywordMain.groovy)
	at com.kms.katalon.core.keyword.internal.KeywordMain.stepFailed(KeywordMain.groovy:21)
	at com.kms.katalon.core.keyword.internal.KeywordMain$stepFailed$0.call(Unknown Source)
	at com.kms.katalon.core.cucumber.keyword.CucumberBuiltinKeywords$_runWithCucumberRunner_closure3.doCall(CucumberBuiltinKeywords.groovy:272)
	at com.kms.katalon.core.cucumber.keyword.CucumberBuiltinKeywords$_runWithCucumberRunner_closure3.doCall(CucumberBuiltinKeywords.groovy)
	at com.kms.katalon.core.keyword.internal.KeywordMain.runKeyword(KeywordMain.groovy:66)
	at com.kms.katalon.core.keyword.internal.KeywordMain$runKeyword.call(Unknown Source)
	at com.kms.katalon.core.cucumber.keyword.CucumberBuiltinKeywords.runWithCucumberRunner(CucumberBuiltinKeywords.groovy:257)
	at com.kms.katalon.core.cucumber.keyword.CucumberBuiltinKeywords$runWithCucumberRunner$0.callStatic(Unknown Source)
	at com.kms.katalon.core.cucumber.keyword.CucumberBuiltinKeywords.runWithCucumberRunner(CucumberBuiltinKeywords.groovy:357)
	at com.kms.katalon.core.cucumber.keyword.CucumberBuiltinKeywords$runWithCucumberRunner.call(Unknown Source)
	at TC_ERM_DownloadedFiles.run(TC_ERM_DownloadedFiles:18)
	at com.kms.katalon.core.main.ScriptEngine.run(ScriptEngine.java:194)
	at com.kms.katalon.core.main.ScriptEngine.runScriptAsRawText(ScriptEngine.java:119)
	at com.kms.katalon.core.main.TestCaseExecutor.runScript(TestCaseExecutor.java:336)
	at com.kms.katalon.core.main.TestCaseExecutor.doExecute(TestCaseExecutor.java:327)
	at com.kms.katalon.core.main.TestCaseExecutor.processExecutionPhase(TestCaseExecutor.java:306)
	at com.kms.katalon.core.main.TestCaseExecutor.accessMainPhase(TestCaseExecutor.java:298)
	at com.kms.katalon.core.main.TestCaseExecutor.execute(TestCaseExecutor.java:232)
	at com.kms.katalon.core.main.TestSuiteExecutor.accessTestCaseMainPhase(TestSuiteExecutor.java:129)
	at com.kms.katalon.core.main.TestSuiteExecutor.accessTestSuiteMainPhase(TestSuiteExecutor.java:112)
	at com.kms.katalon.core.main.TestSuiteExecutor.execute(TestSuiteExecutor.java:81)
	at com.kms.katalon.core.main.TestCaseMain.startTestSuite(TestCaseMain.java:157)
	at com.kms.katalon.core.main.TestCaseMain$startTestSuite$0.call(Unknown Source)
	at TempTestSuite1562751497427.run(TempTestSuite1562751497427.groovy:35)
)

2019-07-10 15:13:59 - [TEST_CASE][PASSED] - Test Cases/EnhancedRefrigerantManagement/TC_ERM_Navigation: Test Cases/EnhancedRefrigerantManagement/TC_ERM_Navigation

2019-07-10 15:13:59 - [TEST_STEP][PASSED] - runWithCucumberRunner(enhancedRefrigerantManagement.Runner_ERM_Navigation): Run with 'enhancedRefrigerantManagement.Runner_ERM_Navigation' was passed

2019-07-10 15:14:00 - [TEST_CASE][PASSED] - Test Cases/Login/TC_Login: Test Cases/Login/TC_Login

2019-07-10 15:14:00 - [TEST_STEP][PASSED] - runWithCucumberRunner(common.Runner_Login): Run with 'common.Runner_Login' was passed

2019-07-10 15:14:04 - [MESSAGE][PASSED] - Navigate to 'https://leedonline-stg.usgbc.org' successfully

2019-07-10 15:14:06 - [MESSAGE][PASSED] - Delayed 2 second(s)

2019-07-10 15:14:06 - [MESSAGE][PASSED] - Text 'automationbdd1@gmail.com' is set on object 'Object Repository/Login/input_username'

2019-07-10 15:14:06 - [MESSAGE][PASSED] - Text 'initpass' is set on object 'Object Repository/Login/input_password'

2019-07-10 15:14:09 - [MESSAGE][PASSED] - Delayed 3 second(s)

2019-07-10 15:14:09 - [MESSAGE][PASSED] - Scroll to object 'Object Repository/Login/span_End User License Agreement' successfully

2019-07-10 15:14:10 - [MESSAGE][PASSED] - Object 'Object Repository/Login/span_End User License Agreement' is visible

2019-07-10 15:14:10 - [MESSAGE][PASSED] - Object 'Object Repository/Login/span_End User License Agreement' is checked

2019-07-10 15:14:11 - [MESSAGE][PASSED] - Delayed 1 second(s)

2019-07-10 15:14:11 - [MESSAGE][PASSED] - Object: 'Object Repository/Login/button_Log In' is clicked on

2019-07-10 15:14:16 - [MESSAGE][PASSED] - Object: '' is clicked on

2019-07-10 15:14:21 - [MESSAGE][PASSED] - Object: 'Object Repository/Login/a_Credits' is clicked on

2019-07-10 15:14:21 - [MESSAGE][PASSED] - Run with 'common.Runner_Login' was passed

2019-07-10 15:14:21 - [MESSAGE][PASSED] - Call Test Case 'Test Cases/Login/TC_Login' successfully

2019-07-10 15:14:21 - [MESSAGE][PASSED] - Scroll to object 'Object Repository/EnhancedRefrigerantManagement/ERM_Navigation/div_Enhanced Refrigerant Management' successfully

2019-07-10 15:14:21 - [MESSAGE][PASSED] - Object 'Object Repository/EnhancedRefrigerantManagement/ERM_Navigation/div_Enhanced Refrigerant Management' is present

2019-07-10 15:14:21 - [MESSAGE][PASSED] - Text of object 'Object Repository/EnhancedRefrigerantManagement/ERM_Navigation/h3_Status' is: 'ATTEMPTED'

2019-07-10 15:14:21 - [MESSAGE][PASSED] - Text of object 'Object Repository/EnhancedRefrigerantManagement/ERM_Navigation/divval' is: 'ATTEMPTED'

2019-07-10 15:14:21 - [MESSAGE][PASSED] - Text of object 'Object Repository/EnhancedRefrigerantManagement/ERM_Navigation/h3_Status' is: 'ATTEMPTED'

2019-07-10 15:14:22 - [MESSAGE][PASSED] - Object: 'Object Repository/EnhancedRefrigerantManagement/ERM_Navigation/div_Enhanced Refrigerant Management' is clicked on

2019-07-10 15:14:25 - [MESSAGE][PASSED] - Delayed 3 second(s)

2019-07-10 15:14:28 - [MESSAGE][PASSED] - Object: 'Object Repository/EnhancedRefrigerantManagement/ERM_Navigation/span_(V01)' is clicked on

2019-07-10 15:14:28 - [MESSAGE][PASSED] - Object 'Object Repository/EnhancedRefrigerantManagement/ERM_Navigation/div_EnhancedRefrigerantManagement_Credit' is present

2019-07-10 15:14:28 - [MESSAGE][PASSED] - Run with 'enhancedRefrigerantManagement.Runner_ERM_Navigation' was passed

2019-07-10 15:14:28 - [MESSAGE][PASSED] - Call Test Case 'Test Cases/EnhancedRefrigerantManagement/TC_ERM_Navigation' successfully

2019-07-10 15:14:28 - [MESSAGE][PASSED] - Scroll to object 'Object Repository/EnhancedRefrigerantManagement/Calc_Refrigerant_Impact_Opt2/AddFile_refrigerant_equi/Table_refrigerant_equi' successfully

2019-07-10 15:14:28 - [MESSAGE][PASSED] - Object 'Object Repository/EnhancedRefrigerantManagement/Calc_Refrigerant_Impact_Opt2/AddFile_refrigerant_equi/Table_refrigerant_equi' is present

2019-07-10 15:14:29 - [MESSAGE][PASSED] - Scroll to object 'Object Repository/EnhancedRefrigerantManagement/Calc_Refrigerant_Impact_Opt2/AddFile_refrigerant_equi/p_refrigerant_equi' successfully

2019-07-10 15:14:31 - [MESSAGE][PASSED] - Delayed 2 second(s)

2019-07-10 15:14:31 - [MESSAGE][PASSED] - Object: 'Object Repository/EnhancedRefrigerantManagement/Calc_Refrigerant_Impact_Opt2/AddFile_refrigerant_equi/p_refrigerant_equi' is hovered

2019-07-10 15:14:31 - [MESSAGE][PASSED] - Object: '' is clicked on

2019-07-10 15:14:31 - [MESSAGE][PASSED] - Text of object '' is: 'ZZ.pdf'

2019-07-10 15:14:41 - [MESSAGE][PASSED] - Delayed 10 second(s)

2019-07-10 15:14:41 - [MESSAGE][PASSED] - Object: 'Object Repository/EnhancedRefrigerantManagement/Calc_Refrigerant_Impact_Opt2/AddFile_refrigerant_equi/p_refrigerant_equi' is hovered

2019-07-10 15:14:43 - [MESSAGE][PASSED] - Delayed 2 second(s)

2019-07-10 15:14:46 - [MESSAGE][PASSED] - Delayed 3 second(s)

2019-07-10 15:14:48 - [MESSAGE][PASSED] - Delayed 2 second(s)

2019-07-10 15:14:49 - [MESSAGE][PASSED] - Delayed 1 second(s)

2019-07-10 15:14:49 - [MESSAGE][FAILED] - SampleGIFImage_350kbmb.gif does not exist in H:/Git Projects/Usgbc_LeedOnline_ScoreCard/Usgbc_LeedOnline_ScoreCard/Include/TestData/DownloadedFiles

2019-07-10 15:14:49 - [MESSAGE][FAILED] - Unable to verify match between actual text 'ZZ.pdf' and expected text 'SampleGIFImage_350kbmb.gif' (Root cause: com.kms.katalon.core.exception.StepFailedException: Actual text 'ZZ.pdf' and expected text 'SampleGIFImage_350kbmb.gif' are not matched
	at com.kms.katalon.core.keyword.builtin.VerifyMatchKeyword$_verifyMatch_closure1.doCall(VerifyMatchKeyword.groovy:57)
	at com.kms.katalon.core.keyword.builtin.VerifyMatchKeyword$_verifyMatch_closure1.call(VerifyMatchKeyword.groovy)
	at com.kms.katalon.core.keyword.internal.KeywordMain.runKeyword(KeywordMain.groovy:66)
	at com.kms.katalon.core.keyword.builtin.VerifyMatchKeyword.verifyMatch(VerifyMatchKeyword.groovy:60)
	at com.kms.katalon.core.keyword.builtin.VerifyMatchKeyword.execute(VerifyMatchKeyword.groovy:45)
	at com.kms.katalon.core.keyword.internal.KeywordExecutor.executeKeywordForPlatform(KeywordExecutor.groovy:56)
	at com.kms.katalon.core.keyword.BuiltinKeywords.verifyMatch(BuiltinKeywords.groovy:73)
	at leedOnlineKeywords.projectKeywords.verifyDownloadedFiles(projectKeywords.groovy:873)
	at leedOnlineKeywords.projectKeywords$verifyDownloadedFiles$9.call(Unknown Source)
	at enhancedRefrigerantManagement.ERM_DownloadedFiles.user_can_see_the_downloaded_file_of_refrigerant_equipment_schedule_in_ERM_Form_successfully(ERM_DownloadedFiles.groovy:69)
	at cucumber.runtime.Utils$1.call(Utils.java:26)
	at cucumber.runtime.Timeout.timeout(Timeout.java:16)
	at cucumber.runtime.Utils.invoke(Utils.java:20)
	at cucumber.runtime.java.JavaStepDefinition.execute(JavaStepDefinition.java:48)
	at cucumber.runtime.PickleStepDefinitionMatch.runStep(PickleStepDefinitionMatch.java:50)
	at cucumber.runner.TestStep.executeStep(TestStep.java:55)
	at cucumber.runner.TestStep.run(TestStep.java:42)
	at cucumber.runner.PickleStepTestStep.run(PickleStepTestStep.java:53)
	at cucumber.runner.TestCase.run(TestCase.java:47)
	at cucumber.runner.Runner.runPickle(Runner.java:44)
	at cucumber.runtime.junit.PickleRunners$NoStepDescriptions.run(PickleRunners.java:140)
	at cucumber.runtime.junit.FeatureRunner.runChild(FeatureRunner.java:68)
	at cucumber.runtime.junit.FeatureRunner.runChild(FeatureRunner.java:23)
	at org.junit.runners.ParentRunner$3.run(ParentRunner.java:290)
	at org.junit.runners.ParentRunner$1.schedule(ParentRunner.java:71)
	at org.junit.runners.ParentRunner.runChildren(ParentRunner.java:288)
	at org.junit.runners.ParentRunner.access$000(ParentRunner.java:58)
	at org.junit.runners.ParentRunner$2.evaluate(ParentRunner.java:268)
	at org.junit.runners.ParentRunner.run(ParentRunner.java:363)
	at cucumber.runtime.junit.FeatureRunner.run(FeatureRunner.java:73)
	at cucumber.api.junit.Cucumber.runChild(Cucumber.java:98)
	at cucumber.api.junit.Cucumber.runChild(Cucumber.java:55)
	at org.junit.runners.ParentRunner$3.run(ParentRunner.java:290)
	at org.junit.runners.ParentRunner$1.schedule(ParentRunner.java:71)
	at org.junit.runners.ParentRunner.runChildren(ParentRunner.java:288)
	at org.junit.runners.ParentRunner.access$000(ParentRunner.java:58)
	at org.junit.runners.ParentRunner$2.evaluate(ParentRunner.java:268)
	at cucumber.api.junit.Cucumber$1.evaluate(Cucumber.java:107)
	at org.junit.runners.ParentRunner.run(ParentRunner.java:363)
	at org.junit.runners.Suite.runChild(Suite.java:128)
	at org.junit.runners.Suite.runChild(Suite.java:27)
	at org.junit.runners.ParentRunner$3.run(ParentRunner.java:290)
	at org.junit.runners.ParentRunner$1.schedule(ParentRunner.java:71)
	at org.junit.runners.ParentRunner.runChildren(ParentRunner.java:288)
	at org.junit.runners.ParentRunner.access$000(ParentRunner.java:58)
	at org.junit.runners.ParentRunner$2.evaluate(ParentRunner.java:268)
	at org.junit.runners.ParentRunner.run(ParentRunner.java:363)
	at org.junit.runner.JUnitCore.run(JUnitCore.java:137)
	at org.junit.runner.JUnitCore.run(JUnitCore.java:115)
	at org.junit.runner.JUnitCore.run(JUnitCore.java:105)
	at com.kms.katalon.core.cucumber.keyword.CucumberBuiltinKeywords$_runWithCucumberRunner_closure3.doCall(CucumberBuiltinKeywords.groovy:260)
	at com.kms.katalon.core.cucumber.keyword.CucumberBuiltinKeywords$_runWithCucumberRunner_closure3.doCall(CucumberBuiltinKeywords.groovy)
	at com.kms.katalon.core.keyword.internal.KeywordMain.runKeyword(KeywordMain.groovy:66)
	at com.kms.katalon.core.keyword.internal.KeywordMain$runKeyword.call(Unknown Source)
	at com.kms.katalon.core.cucumber.keyword.CucumberBuiltinKeywords.runWithCucumberRunner(CucumberBuiltinKeywords.groovy:257)
	at com.kms.katalon.core.cucumber.keyword.CucumberBuiltinKeywords$runWithCucumberRunner$0.callStatic(Unknown Source)
	at com.kms.katalon.core.cucumber.keyword.CucumberBuiltinKeywords.runWithCucumberRunner(CucumberBuiltinKeywords.groovy:357)
	at com.kms.katalon.core.cucumber.keyword.CucumberBuiltinKeywords$runWithCucumberRunner.call(Unknown Source)
	at TC_ERM_DownloadedFiles.run(TC_ERM_DownloadedFiles:18)
	at com.kms.katalon.core.main.ScriptEngine.run(ScriptEngine.java:194)
	at com.kms.katalon.core.main.ScriptEngine.runScriptAsRawText(ScriptEngine.java:119)
	at com.kms.katalon.core.main.TestCaseExecutor.runScript(TestCaseExecutor.java:336)
	at com.kms.katalon.core.main.TestCaseExecutor.doExecute(TestCaseExecutor.java:327)
	at com.kms.katalon.core.main.TestCaseExecutor.processExecutionPhase(TestCaseExecutor.java:306)
	at com.kms.katalon.core.main.TestCaseExecutor.accessMainPhase(TestCaseExecutor.java:298)
	at com.kms.katalon.core.main.TestCaseExecutor.execute(TestCaseExecutor.java:232)
	at com.kms.katalon.core.main.TestSuiteExecutor.accessTestCaseMainPhase(TestSuiteExecutor.java:129)
	at com.kms.katalon.core.main.TestSuiteExecutor.accessTestSuiteMainPhase(TestSuiteExecutor.java:112)
	at com.kms.katalon.core.main.TestSuiteExecutor.execute(TestSuiteExecutor.java:81)
	at com.kms.katalon.core.main.TestCaseMain.startTestSuite(TestCaseMain.java:157)
	at com.kms.katalon.core.main.TestCaseMain$startTestSuite$0.call(Unknown Source)
	at TempTestSuite1562751497427.run(TempTestSuite1562751497427.groovy:35)
)

2019-07-10 15:14:49 - [MESSAGE][PASSED] - Scroll to object 'Object Repository/EnhancedRefrigerantManagement/Special Circumstances/AddFile_additionalDoc/Table_additionalDoc' successfully

2019-07-10 15:14:50 - [MESSAGE][PASSED] - Object 'Object Repository/EnhancedRefrigerantManagement/Special Circumstances/AddFile_additionalDoc/Table_additionalDoc' is present

2019-07-10 15:14:50 - [MESSAGE][PASSED] - Scroll to object 'Object Repository/EnhancedRefrigerantManagement/Special Circumstances/AddFile_additionalDoc/p_Upload any additional documentation' successfully

2019-07-10 15:14:52 - [MESSAGE][PASSED] - Delayed 2 second(s)

2019-07-10 15:14:52 - [MESSAGE][PASSED] - Object: 'Object Repository/EnhancedRefrigerantManagement/Special Circumstances/AddFile_additionalDoc/p_Upload any additional documentation' is hovered

2019-07-10 15:14:52 - [MESSAGE][PASSED] - Object: '' is clicked on

2019-07-10 15:14:52 - [MESSAGE][PASSED] - Text of object '' is: 'ZZ.pdf'

2019-07-10 15:14:52 - [MESSAGE][PASSED] - Object: 'Object Repository/EnhancedRefrigerantManagement/Special Circumstances/AddFile_additionalDoc/p_Upload any additional documentation' is hovered

2019-07-10 15:14:54 - [MESSAGE][PASSED] - Delayed 2 second(s)

2019-07-10 15:14:56 - [MESSAGE][PASSED] - Delayed 2 second(s)

2019-07-10 15:14:56 - [MESSAGE][PASSED] - Object: 'Object Repository/EnhancedRefrigerantManagement/Special Circumstances/AddFile_additionalDoc/p_Upload any additional documentation' is hovered

2019-07-10 15:14:56 - [MESSAGE][PASSED] - Object: '' is clicked on

2019-07-10 15:14:56 - [MESSAGE][PASSED] - Text of object '' is: 'SamplePPTFile_1000kb.ppt'

2019-07-10 15:15:06 - [MESSAGE][PASSED] - Delayed 10 second(s)

2019-07-10 15:15:16 - [MESSAGE][PASSED] - Delayed 10 second(s)

2019-07-10 15:15:26 - [MESSAGE][PASSED] - Delayed 10 second(s)

2019-07-10 15:15:36 - [MESSAGE][PASSED] - Delayed 10 second(s)

2019-07-10 15:15:46 - [MESSAGE][PASSED] - Delayed 10 second(s)

2019-07-10 15:15:56 - [MESSAGE][PASSED] - Delayed 10 second(s)

2019-07-10 15:16:06 - [MESSAGE][PASSED] - Delayed 10 second(s)

2019-07-10 15:16:16 - [MESSAGE][PASSED] - Delayed 10 second(s)

2019-07-10 15:16:26 - [MESSAGE][PASSED] - Delayed 10 second(s)

2019-07-10 15:16:36 - [MESSAGE][PASSED] - Delayed 10 second(s)

2019-07-10 15:16:46 - [MESSAGE][PASSED] - Delayed 10 second(s)

2019-07-10 15:16:56 - [MESSAGE][PASSED] - Delayed 10 second(s)

2019-07-10 15:17:06 - [MESSAGE][PASSED] - Delayed 10 second(s)

2019-07-10 15:17:16 - [MESSAGE][PASSED] - Delayed 10 second(s)

2019-07-10 15:17:17 - [MESSAGE][PASSED] - Object: 'Object Repository/EnhancedRefrigerantManagement/Special Circumstances/AddFile_additionalDoc/p_Upload any additional documentation' is hovered

2019-07-10 15:17:19 - [MESSAGE][PASSED] - Delayed 2 second(s)

2019-07-10 15:17:21 - [MESSAGE][PASSED] - Delayed 2 second(s)

2019-07-10 15:17:21 - [MESSAGE][PASSED] - Object: 'Object Repository/EnhancedRefrigerantManagement/Special Circumstances/AddFile_additionalDoc/p_Upload any additional documentation' is hovered

2019-07-10 15:17:21 - [MESSAGE][PASSED] - Object: '' is clicked on

2019-07-10 15:17:21 - [MESSAGE][PASSED] - Text of object '' is: 'SampleGIFImage_350kbmb.gif'

2019-07-10 15:17:31 - [MESSAGE][PASSED] - Delayed 10 second(s)

2019-07-10 15:17:41 - [MESSAGE][PASSED] - Delayed 10 second(s)

2019-07-10 15:17:51 - [MESSAGE][PASSED] - Delayed 10 second(s)

2019-07-10 15:17:51 - [MESSAGE][PASSED] - Object: 'Object Repository/EnhancedRefrigerantManagement/Special Circumstances/AddFile_additionalDoc/p_Upload any additional documentation' is hovered

2019-07-10 15:17:53 - [MESSAGE][PASSED] - Delayed 2 second(s)

2019-07-10 15:17:56 - [MESSAGE][PASSED] - Delayed 3 second(s)

2019-07-10 15:17:58 - [MESSAGE][PASSED] - Delayed 2 second(s)

2019-07-10 15:17:59 - [MESSAGE][PASSED] - Delayed 1 second(s)

2019-07-10 15:17:59 - [MESSAGE][PASSED] - SampleGIFImage_350kbmb.gif exist in H:/Git Projects/Usgbc_LeedOnline_ScoreCard/Usgbc_LeedOnline_ScoreCard/Include/TestData/DownloadedFiles and was deleted

2019-07-10 15:17:59 - [MESSAGE][PASSED] - 

2019-07-10 15:17:59 - [MESSAGE][PASSED] - Actual text 'SampleGIFImage_350kbmb.gif' and expected text 'SampleGIFImage_350kbmb.gif' are matched 

2019-07-10 15:18:01 - [MESSAGE][PASSED] - Delayed 2 second(s)

2019-07-10 15:18:02 - [MESSAGE][PASSED] - Delayed 1 second(s)

2019-07-10 15:18:02 - [MESSAGE][PASSED] - SamplePPTFile_1000kb.ppt exist in H:/Git Projects/Usgbc_LeedOnline_ScoreCard/Usgbc_LeedOnline_ScoreCard/Include/TestData/DownloadedFiles and was deleted

2019-07-10 15:18:02 - [MESSAGE][PASSED] - 

2019-07-10 15:18:02 - [MESSAGE][PASSED] - Actual text 'SamplePPTFile_1000kb.ppt' and expected text 'SamplePPTFile_1000kb.ppt' are matched 

2019-07-10 15:18:04 - [MESSAGE][PASSED] - Delayed 2 second(s)

2019-07-10 15:18:05 - [MESSAGE][PASSED] - Delayed 1 second(s)

2019-07-10 15:18:05 - [MESSAGE][PASSED] - ZZ.pdf exist in H:/Git Projects/Usgbc_LeedOnline_ScoreCard/Usgbc_LeedOnline_ScoreCard/Include/TestData/DownloadedFiles and was deleted

2019-07-10 15:18:05 - [MESSAGE][PASSED] - 

2019-07-10 15:18:05 - [MESSAGE][PASSED] - Actual text 'ZZ.pdf' and expected text 'ZZ.pdf' are matched 

2019-07-10 15:18:05 - [MESSAGE][FAILED] - These following reason:
 [Actual text 'ZZ.pdf' and expected text 'SampleGIFImage_350kbmb.gif' are not matched]

2019-07-10 15:18:05 - [MESSAGE][FAILED] - Keyword runWithCucumberRunner was failed (Root cause: com.kms.katalon.core.exception.StepFailedException: These following reason:
 [Actual text 'ZZ.pdf' and expected text 'SampleGIFImage_350kbmb.gif' are not matched]
	at com.kms.katalon.core.keyword.internal.KeywordMain.stepFailed(KeywordMain.groovy:48)
	at com.kms.katalon.core.keyword.internal.KeywordMain.stepFailed(KeywordMain.groovy)
	at com.kms.katalon.core.keyword.internal.KeywordMain.stepFailed(KeywordMain.groovy:21)
	at com.kms.katalon.core.keyword.internal.KeywordMain$stepFailed$0.call(Unknown Source)
	at com.kms.katalon.core.cucumber.keyword.CucumberBuiltinKeywords$_runWithCucumberRunner_closure3.doCall(CucumberBuiltinKeywords.groovy:272)
	at com.kms.katalon.core.cucumber.keyword.CucumberBuiltinKeywords$_runWithCucumberRunner_closure3.doCall(CucumberBuiltinKeywords.groovy)
	at com.kms.katalon.core.keyword.internal.KeywordMain.runKeyword(KeywordMain.groovy:66)
	at com.kms.katalon.core.keyword.internal.KeywordMain$runKeyword.call(Unknown Source)
	at com.kms.katalon.core.cucumber.keyword.CucumberBuiltinKeywords.runWithCucumberRunner(CucumberBuiltinKeywords.groovy:257)
	at com.kms.katalon.core.cucumber.keyword.CucumberBuiltinKeywords$runWithCucumberRunner$0.callStatic(Unknown Source)
	at com.kms.katalon.core.cucumber.keyword.CucumberBuiltinKeywords.runWithCucumberRunner(CucumberBuiltinKeywords.groovy:357)
	at com.kms.katalon.core.cucumber.keyword.CucumberBuiltinKeywords$runWithCucumberRunner.call(Unknown Source)
	at TC_ERM_DownloadedFiles.run(TC_ERM_DownloadedFiles:18)
	at com.kms.katalon.core.main.ScriptEngine.run(ScriptEngine.java:194)
	at com.kms.katalon.core.main.ScriptEngine.runScriptAsRawText(ScriptEngine.java:119)
	at com.kms.katalon.core.main.TestCaseExecutor.runScript(TestCaseExecutor.java:336)
	at com.kms.katalon.core.main.TestCaseExecutor.doExecute(TestCaseExecutor.java:327)
	at com.kms.katalon.core.main.TestCaseExecutor.processExecutionPhase(TestCaseExecutor.java:306)
	at com.kms.katalon.core.main.TestCaseExecutor.accessMainPhase(TestCaseExecutor.java:298)
	at com.kms.katalon.core.main.TestCaseExecutor.execute(TestCaseExecutor.java:232)
	at com.kms.katalon.core.main.TestSuiteExecutor.accessTestCaseMainPhase(TestSuiteExecutor.java:129)
	at com.kms.katalon.core.main.TestSuiteExecutor.accessTestSuiteMainPhase(TestSuiteExecutor.java:112)
	at com.kms.katalon.core.main.TestSuiteExecutor.execute(TestSuiteExecutor.java:81)
	at com.kms.katalon.core.main.TestCaseMain.startTestSuite(TestCaseMain.java:157)
	at com.kms.katalon.core.main.TestCaseMain$startTestSuite$0.call(Unknown Source)
	at TempTestSuite1562751497427.run(TempTestSuite1562751497427.groovy:35)
)

2019-07-10 15:18:05 - [TEST_STEP][PASSED] - Start listener action : sampleAfterTestCase: Browser is closed

2019-07-10 15:18:05 - [TEST_STEP][PASSED] - closeBrowser(): Browser is closed

2019-07-10 15:18:06 - [MESSAGE][PASSED] - Browser is closed]]></system-out>
         <system-err><![CDATA[2019-07-10 15:13:56 - [TEST_CASE][FAILED] - Test Cases/EnhancedRefrigerantManagement/TC_ERM_DownloadedFiles: Test Cases/EnhancedRefrigerantManagement/TC_ERM_DownloadedFiles FAILED.
Reason:
com.kms.katalon.core.exception.StepFailedException: SampleGIFImage_350kbmb.gif does not exist in H:/Git Projects/Usgbc_LeedOnline_ScoreCard/Usgbc_LeedOnline_ScoreCard/Include/TestData/DownloadedFiles
	at com.kms.katalon.core.util.KeywordUtil.markFailed(KeywordUtil.java:19)
	at com.kms.katalon.core.util.KeywordUtil$markFailed$0.call(Unknown Source)
	at leedOnlineKeywords.projectKeywords.isFiledownloaded(projectKeywords.groovy:165)
	at leedOnlineKeywords.projectKeywords$isFiledownloaded$10.call(Unknown Source)
	at leedOnlineKeywords.projectKeywords.verifyDownloadedFiles(projectKeywords.groovy:872)
	at leedOnlineKeywords.projectKeywords$verifyDownloadedFiles$9.call(Unknown Source)
	at enhancedRefrigerantManagement.ERM_DownloadedFiles.user_can_see_the_downloaded_file_of_refrigerant_equipment_schedule_in_ERM_Form_successfully(ERM_DownloadedFiles.groovy:69)
	at cucumber.runtime.Utils$1.call(Utils.java:26)
	at cucumber.runtime.Timeout.timeout(Timeout.java:16)
	at cucumber.runtime.Utils.invoke(Utils.java:20)
	at cucumber.runtime.java.JavaStepDefinition.execute(JavaStepDefinition.java:48)
	at cucumber.runtime.PickleStepDefinitionMatch.runStep(PickleStepDefinitionMatch.java:50)
	at cucumber.runner.TestStep.executeStep(TestStep.java:55)
	at cucumber.runner.TestStep.run(TestStep.java:42)
	at cucumber.runner.PickleStepTestStep.run(PickleStepTestStep.java:53)
	at cucumber.runner.TestCase.run(TestCase.java:47)
	at cucumber.runner.Runner.runPickle(Runner.java:44)
	at cucumber.runtime.junit.PickleRunners$NoStepDescriptions.run(PickleRunners.java:140)
	at cucumber.runtime.junit.FeatureRunner.runChild(FeatureRunner.java:68)
	at cucumber.runtime.junit.FeatureRunner.runChild(FeatureRunner.java:23)
	at org.junit.runners.ParentRunner$3.run(ParentRunner.java:290)
	at org.junit.runners.ParentRunner$1.schedule(ParentRunner.java:71)
	at org.junit.runners.ParentRunner.runChildren(ParentRunner.java:288)
	at org.junit.runners.ParentRunner.access$000(ParentRunner.java:58)
	at org.junit.runners.ParentRunner$2.evaluate(ParentRunner.java:268)
	at org.junit.runners.ParentRunner.run(ParentRunner.java:363)
	at cucumber.runtime.junit.FeatureRunner.run(FeatureRunner.java:73)
	at cucumber.api.junit.Cucumber.runChild(Cucumber.java:98)
	at cucumber.api.junit.Cucumber.runChild(Cucumber.java:55)
	at org.junit.runners.ParentRunner$3.run(ParentRunner.java:290)
	at org.junit.runners.ParentRunner$1.schedule(ParentRunner.java:71)
	at org.junit.runners.ParentRunner.runChildren(ParentRunner.java:288)
	at org.junit.runners.ParentRunner.access$000(ParentRunner.java:58)
	at org.junit.runners.ParentRunner$2.evaluate(ParentRunner.java:268)
	at cucumber.api.junit.Cucumber$1.evaluate(Cucumber.java:107)
	at org.junit.runners.ParentRunner.run(ParentRunner.java:363)
	at org.junit.runners.Suite.runChild(Suite.java:128)
	at org.junit.runners.Suite.runChild(Suite.java:27)
	at org.junit.runners.ParentRunner$3.run(ParentRunner.java:290)
	at org.junit.runners.ParentRunner$1.schedule(ParentRunner.java:71)
	at org.junit.runners.ParentRunner.runChildren(ParentRunner.java:288)
	at org.junit.runners.ParentRunner.access$000(ParentRunner.java:58)
	at org.junit.runners.ParentRunner$2.evaluate(ParentRunner.java:268)
	at org.junit.runners.ParentRunner.run(ParentRunner.java:363)
	at org.junit.runner.JUnitCore.run(JUnitCore.java:137)
	at org.junit.runner.JUnitCore.run(JUnitCore.java:115)
	at org.junit.runner.JUnitCore.run(JUnitCore.java:105)
	at com.kms.katalon.core.cucumber.keyword.CucumberBuiltinKeywords$_runWithCucumberRunner_closure3.doCall(CucumberBuiltinKeywords.groovy:260)
	at com.kms.katalon.core.cucumber.keyword.CucumberBuiltinKeywords$_runWithCucumberRunner_closure3.doCall(CucumberBuiltinKeywords.groovy)
	at com.kms.katalon.core.keyword.internal.KeywordMain.runKeyword(KeywordMain.groovy:66)
	at com.kms.katalon.core.keyword.internal.KeywordMain$runKeyword.call(Unknown Source)
	at com.kms.katalon.core.cucumber.keyword.CucumberBuiltinKeywords.runWithCucumberRunner(CucumberBuiltinKeywords.groovy:257)
	at com.kms.katalon.core.cucumber.keyword.CucumberBuiltinKeywords$runWithCucumberRunner$0.callStatic(Unknown Source)
	at com.kms.katalon.core.cucumber.keyword.CucumberBuiltinKeywords.runWithCucumberRunner(CucumberBuiltinKeywords.groovy:357)
	at com.kms.katalon.core.cucumber.keyword.CucumberBuiltinKeywords$runWithCucumberRunner.call(Unknown Source)
	at TC_ERM_DownloadedFiles.run(TC_ERM_DownloadedFiles:18)
	at com.kms.katalon.core.main.ScriptEngine.run(ScriptEngine.java:194)
	at com.kms.katalon.core.main.ScriptEngine.runScriptAsRawText(ScriptEngine.java:119)
	at com.kms.katalon.core.main.TestCaseExecutor.runScript(TestCaseExecutor.java:336)
	at com.kms.katalon.core.main.TestCaseExecutor.doExecute(TestCaseExecutor.java:327)
	at com.kms.katalon.core.main.TestCaseExecutor.processExecutionPhase(TestCaseExecutor.java:306)
	at com.kms.katalon.core.main.TestCaseExecutor.accessMainPhase(TestCaseExecutor.java:298)
	at com.kms.katalon.core.main.TestCaseExecutor.execute(TestCaseExecutor.java:232)
	at com.kms.katalon.core.main.TestSuiteExecutor.accessTestCaseMainPhase(TestSuiteExecutor.java:129)
	at com.kms.katalon.core.main.TestSuiteExecutor.accessTestSuiteMainPhase(TestSuiteExecutor.java:112)
	at com.kms.katalon.core.main.TestSuiteExecutor.execute(TestSuiteExecutor.java:81)
	at com.kms.katalon.core.main.TestCaseMain.startTestSuite(TestCaseMain.java:157)
	at com.kms.katalon.core.main.TestCaseMain$startTestSuite$0.call(Unknown Source)
	at TempTestSuite1562751497427.run(TempTestSuite1562751497427.groovy:35)]]></system-err>
      </testcase>
      <testcase name="Test Cases/EnhancedRefrigerantManagement/TC_ERM_DeleteTableData" classname="Test Cases/EnhancedRefrigerantManagement/TC_ERM_DeleteTableData" status="FAILED">
         <failure type="FAILED" message="Test Cases/EnhancedRefrigerantManagement/TC_ERM_DeleteTableData FAILED.
Reason:
com.kms.katalon.core.exception.StepFailedException: These following reason:
 [Unable to click on object 'Object Repository/EnhancedRefrigerantManagement/Calc_Refrigerant_Impact_Opt2/input_Calc_Refrigerant_Impact']
	at com.kms.katalon.core.keyword.internal.KeywordMain.stepFailed(KeywordMain.groovy:48)
	at com.kms.katalon.core.keyword.internal.KeywordMain.stepFailed(KeywordMain.groovy)
	at com.kms.katalon.core.keyword.internal.KeywordMain.stepFailed(KeywordMain.groovy:21)
	at com.kms.katalon.core.keyword.internal.KeywordMain$stepFailed$0.call(Unknown Source)
	at com.kms.katalon.core.cucumber.keyword.CucumberBuiltinKeywords$_runWithCucumberRunner_closure3.doCall(CucumberBuiltinKeywords.groovy:272)
	at com.kms.katalon.core.cucumber.keyword.CucumberBuiltinKeywords$_runWithCucumberRunner_closure3.doCall(CucumberBuiltinKeywords.groovy)
	at com.kms.katalon.core.keyword.internal.KeywordMain.runKeyword(KeywordMain.groovy:66)
	at com.kms.katalon.core.keyword.internal.KeywordMain$runKeyword.call(Unknown Source)
	at com.kms.katalon.core.cucumber.keyword.CucumberBuiltinKeywords.runWithCucumberRunner(CucumberBuiltinKeywords.groovy:257)
	at com.kms.katalon.core.cucumber.keyword.CucumberBuiltinKeywords$runWithCucumberRunner$0.callStatic(Unknown Source)
	at com.kms.katalon.core.cucumber.keyword.CucumberBuiltinKeywords.runWithCucumberRunner(CucumberBuiltinKeywords.groovy:357)
	at com.kms.katalon.core.cucumber.keyword.CucumberBuiltinKeywords$runWithCucumberRunner.call(Unknown Source)
	at TC_ERM_DeleteTableData.run(TC_ERM_DeleteTableData:18)
	at com.kms.katalon.core.main.ScriptEngine.run(ScriptEngine.java:194)
	at com.kms.katalon.core.main.ScriptEngine.runScriptAsRawText(ScriptEngine.java:119)
	at com.kms.katalon.core.main.TestCaseExecutor.runScript(TestCaseExecutor.java:336)
	at com.kms.katalon.core.main.TestCaseExecutor.doExecute(TestCaseExecutor.java:327)
	at com.kms.katalon.core.main.TestCaseExecutor.processExecutionPhase(TestCaseExecutor.java:306)
	at com.kms.katalon.core.main.TestCaseExecutor.accessMainPhase(TestCaseExecutor.java:298)
	at com.kms.katalon.core.main.TestCaseExecutor.execute(TestCaseExecutor.java:232)
	at com.kms.katalon.core.main.TestSuiteExecutor.accessTestCaseMainPhase(TestSuiteExecutor.java:129)
	at com.kms.katalon.core.main.TestSuiteExecutor.accessTestSuiteMainPhase(TestSuiteExecutor.java:112)
	at com.kms.katalon.core.main.TestSuiteExecutor.execute(TestSuiteExecutor.java:81)
	at com.kms.katalon.core.main.TestCaseMain.startTestSuite(TestCaseMain.java:157)
	at com.kms.katalon.core.main.TestCaseMain$startTestSuite$0.call(Unknown Source)
	at TempTestSuite1562751497427.run(TempTestSuite1562751497427.groovy:35)
"/>
         <system-out><![CDATA[2019-07-10 15:18:06 - [TEST_CASE][FAILED] - Test Cases/EnhancedRefrigerantManagement/TC_ERM_DeleteTableData: Test Cases/EnhancedRefrigerantManagement/TC_ERM_DeleteTableData FAILED.
Reason:
com.kms.katalon.core.exception.StepFailedException: These following reason:
 [Unable to click on object 'Object Repository/EnhancedRefrigerantManagement/Calc_Refrigerant_Impact_Opt2/input_Calc_Refrigerant_Impact']
	at com.kms.katalon.core.keyword.internal.KeywordMain.stepFailed(KeywordMain.groovy:48)
	at com.kms.katalon.core.keyword.internal.KeywordMain.stepFailed(KeywordMain.groovy)
	at com.kms.katalon.core.keyword.internal.KeywordMain.stepFailed(KeywordMain.groovy:21)
	at com.kms.katalon.core.keyword.internal.KeywordMain$stepFailed$0.call(Unknown Source)
	at com.kms.katalon.core.cucumber.keyword.CucumberBuiltinKeywords$_runWithCucumberRunner_closure3.doCall(CucumberBuiltinKeywords.groovy:272)
	at com.kms.katalon.core.cucumber.keyword.CucumberBuiltinKeywords$_runWithCucumberRunner_closure3.doCall(CucumberBuiltinKeywords.groovy)
	at com.kms.katalon.core.keyword.internal.KeywordMain.runKeyword(KeywordMain.groovy:66)
	at com.kms.katalon.core.keyword.internal.KeywordMain$runKeyword.call(Unknown Source)
	at com.kms.katalon.core.cucumber.keyword.CucumberBuiltinKeywords.runWithCucumberRunner(CucumberBuiltinKeywords.groovy:257)
	at com.kms.katalon.core.cucumber.keyword.CucumberBuiltinKeywords$runWithCucumberRunner$0.callStatic(Unknown Source)
	at com.kms.katalon.core.cucumber.keyword.CucumberBuiltinKeywords.runWithCucumberRunner(CucumberBuiltinKeywords.groovy:357)
	at com.kms.katalon.core.cucumber.keyword.CucumberBuiltinKeywords$runWithCucumberRunner.call(Unknown Source)
	at TC_ERM_DeleteTableData.run(TC_ERM_DeleteTableData:18)
	at com.kms.katalon.core.main.ScriptEngine.run(ScriptEngine.java:194)
	at com.kms.katalon.core.main.ScriptEngine.runScriptAsRawText(ScriptEngine.java:119)
	at com.kms.katalon.core.main.TestCaseExecutor.runScript(TestCaseExecutor.java:336)
	at com.kms.katalon.core.main.TestCaseExecutor.doExecute(TestCaseExecutor.java:327)
	at com.kms.katalon.core.main.TestCaseExecutor.processExecutionPhase(TestCaseExecutor.java:306)
	at com.kms.katalon.core.main.TestCaseExecutor.accessMainPhase(TestCaseExecutor.java:298)
	at com.kms.katalon.core.main.TestCaseExecutor.execute(TestCaseExecutor.java:232)
	at com.kms.katalon.core.main.TestSuiteExecutor.accessTestCaseMainPhase(TestSuiteExecutor.java:129)
	at com.kms.katalon.core.main.TestSuiteExecutor.accessTestSuiteMainPhase(TestSuiteExecutor.java:112)
	at com.kms.katalon.core.main.TestSuiteExecutor.execute(TestSuiteExecutor.java:81)
	at com.kms.katalon.core.main.TestCaseMain.startTestSuite(TestCaseMain.java:157)
	at com.kms.katalon.core.main.TestCaseMain$startTestSuite$0.call(Unknown Source)
	at TempTestSuite1562751497427.run(TempTestSuite1562751497427.groovy:35)


2019-07-10 15:18:06 - [TEST_STEP][PASSED] - Start listener action : sampleBeforeTestCase: null

2019-07-10 15:18:06 - [TEST_STEP][PASSED] - openBrowser(""): Browser is opened with url: ''

2019-07-10 15:18:06 - [MESSAGE][INFO] - Starting 'Chrome (headless)' driver

2019-07-10 15:18:06 - [MESSAGE][INFO] - User set preference: ['args', '[--window-size=1920,1080]']

2019-07-10 15:18:08 - [MESSAGE][PASSED] - Browser is opened with url: ''

2019-07-10 15:18:08 - [TEST_STEP][PASSED] - driver = getWebDriver(): null

2019-07-10 15:18:08 - [TEST_STEP][PASSED] - println("The driver is ########### " + driver): null

2019-07-10 15:18:08 - [TEST_STEP][PASSED] - downloadPath = "H:\Git Projects\Usgbc_LeedOnline_ScoreCard\Usgbc_LeedOnline_ScoreCard\Include\TestData\DownloadedFiles": null

2019-07-10 15:18:08 - [TEST_STEP][PASSED] - projectKeywords().sendCommandForDownloadChromeHeadLess(driver.getCommandExecutor(), driver.getSessionId(), downloadPath): null

2019-07-10 15:18:09 - [TEST_STEP][FAILED] - runWithCucumberRunner(enhancedRefrigerantManagement.Runner_ERM_DeleteTableData): Keyword runWithCucumberRunner was failed (Root cause: com.kms.katalon.core.exception.StepFailedException: These following reason:
 [Unable to click on object 'Object Repository/EnhancedRefrigerantManagement/Calc_Refrigerant_Impact_Opt2/input_Calc_Refrigerant_Impact']
	at com.kms.katalon.core.keyword.internal.KeywordMain.stepFailed(KeywordMain.groovy:48)
	at com.kms.katalon.core.keyword.internal.KeywordMain.stepFailed(KeywordMain.groovy)
	at com.kms.katalon.core.keyword.internal.KeywordMain.stepFailed(KeywordMain.groovy:21)
	at com.kms.katalon.core.keyword.internal.KeywordMain$stepFailed$0.call(Unknown Source)
	at com.kms.katalon.core.cucumber.keyword.CucumberBuiltinKeywords$_runWithCucumberRunner_closure3.doCall(CucumberBuiltinKeywords.groovy:272)
	at com.kms.katalon.core.cucumber.keyword.CucumberBuiltinKeywords$_runWithCucumberRunner_closure3.doCall(CucumberBuiltinKeywords.groovy)
	at com.kms.katalon.core.keyword.internal.KeywordMain.runKeyword(KeywordMain.groovy:66)
	at com.kms.katalon.core.keyword.internal.KeywordMain$runKeyword.call(Unknown Source)
	at com.kms.katalon.core.cucumber.keyword.CucumberBuiltinKeywords.runWithCucumberRunner(CucumberBuiltinKeywords.groovy:257)
	at com.kms.katalon.core.cucumber.keyword.CucumberBuiltinKeywords$runWithCucumberRunner$0.callStatic(Unknown Source)
	at com.kms.katalon.core.cucumber.keyword.CucumberBuiltinKeywords.runWithCucumberRunner(CucumberBuiltinKeywords.groovy:357)
	at com.kms.katalon.core.cucumber.keyword.CucumberBuiltinKeywords$runWithCucumberRunner.call(Unknown Source)
	at TC_ERM_DeleteTableData.run(TC_ERM_DeleteTableData:18)
	at com.kms.katalon.core.main.ScriptEngine.run(ScriptEngine.java:194)
	at com.kms.katalon.core.main.ScriptEngine.runScriptAsRawText(ScriptEngine.java:119)
	at com.kms.katalon.core.main.TestCaseExecutor.runScript(TestCaseExecutor.java:336)
	at com.kms.katalon.core.main.TestCaseExecutor.doExecute(TestCaseExecutor.java:327)
	at com.kms.katalon.core.main.TestCaseExecutor.processExecutionPhase(TestCaseExecutor.java:306)
	at com.kms.katalon.core.main.TestCaseExecutor.accessMainPhase(TestCaseExecutor.java:298)
	at com.kms.katalon.core.main.TestCaseExecutor.execute(TestCaseExecutor.java:232)
	at com.kms.katalon.core.main.TestSuiteExecutor.accessTestCaseMainPhase(TestSuiteExecutor.java:129)
	at com.kms.katalon.core.main.TestSuiteExecutor.accessTestSuiteMainPhase(TestSuiteExecutor.java:112)
	at com.kms.katalon.core.main.TestSuiteExecutor.execute(TestSuiteExecutor.java:81)
	at com.kms.katalon.core.main.TestCaseMain.startTestSuite(TestCaseMain.java:157)
	at com.kms.katalon.core.main.TestCaseMain$startTestSuite$0.call(Unknown Source)
	at TempTestSuite1562751497427.run(TempTestSuite1562751497427.groovy:35)
)

2019-07-10 15:18:09 - [TEST_CASE][PASSED] - Test Cases/EnhancedRefrigerantManagement/TC_ERM_Navigation: Test Cases/EnhancedRefrigerantManagement/TC_ERM_Navigation

2019-07-10 15:18:09 - [TEST_STEP][PASSED] - runWithCucumberRunner(enhancedRefrigerantManagement.Runner_ERM_Navigation): Run with 'enhancedRefrigerantManagement.Runner_ERM_Navigation' was passed

2019-07-10 15:18:10 - [TEST_CASE][PASSED] - Test Cases/Login/TC_Login: Test Cases/Login/TC_Login

2019-07-10 15:18:10 - [TEST_STEP][PASSED] - runWithCucumberRunner(common.Runner_Login): Run with 'common.Runner_Login' was passed

2019-07-10 15:18:18 - [MESSAGE][PASSED] - Navigate to 'https://leedonline-stg.usgbc.org' successfully

2019-07-10 15:18:20 - [MESSAGE][PASSED] - Delayed 2 second(s)

2019-07-10 15:18:20 - [MESSAGE][PASSED] - Text 'automationbdd1@gmail.com' is set on object 'Object Repository/Login/input_username'

2019-07-10 15:18:20 - [MESSAGE][PASSED] - Text 'initpass' is set on object 'Object Repository/Login/input_password'

2019-07-10 15:18:23 - [MESSAGE][PASSED] - Delayed 3 second(s)

2019-07-10 15:18:23 - [MESSAGE][PASSED] - Scroll to object 'Object Repository/Login/span_End User License Agreement' successfully

2019-07-10 15:18:23 - [MESSAGE][PASSED] - Object 'Object Repository/Login/span_End User License Agreement' is visible

2019-07-10 15:18:23 - [MESSAGE][PASSED] - Object 'Object Repository/Login/span_End User License Agreement' is checked

2019-07-10 15:18:24 - [MESSAGE][PASSED] - Delayed 1 second(s)

2019-07-10 15:18:24 - [MESSAGE][PASSED] - Object: 'Object Repository/Login/button_Log In' is clicked on

2019-07-10 15:18:33 - [MESSAGE][PASSED] - Object: '' is clicked on

2019-07-10 15:18:41 - [MESSAGE][PASSED] - Object: 'Object Repository/Login/a_Credits' is clicked on

2019-07-10 15:18:41 - [MESSAGE][PASSED] - Run with 'common.Runner_Login' was passed

2019-07-10 15:18:41 - [MESSAGE][PASSED] - Call Test Case 'Test Cases/Login/TC_Login' successfully

2019-07-10 15:18:41 - [MESSAGE][PASSED] - Scroll to object 'Object Repository/EnhancedRefrigerantManagement/ERM_Navigation/div_Enhanced Refrigerant Management' successfully

2019-07-10 15:18:41 - [MESSAGE][PASSED] - Object 'Object Repository/EnhancedRefrigerantManagement/ERM_Navigation/div_Enhanced Refrigerant Management' is present

2019-07-10 15:18:41 - [MESSAGE][PASSED] - Text of object 'Object Repository/EnhancedRefrigerantManagement/ERM_Navigation/h3_Status' is: 'ATTEMPTED'

2019-07-10 15:18:41 - [MESSAGE][PASSED] - Text of object 'Object Repository/EnhancedRefrigerantManagement/ERM_Navigation/divval' is: 'ATTEMPTED'

2019-07-10 15:18:41 - [MESSAGE][PASSED] - Text of object 'Object Repository/EnhancedRefrigerantManagement/ERM_Navigation/h3_Status' is: 'ATTEMPTED'

2019-07-10 15:18:42 - [MESSAGE][PASSED] - Object: 'Object Repository/EnhancedRefrigerantManagement/ERM_Navigation/div_Enhanced Refrigerant Management' is clicked on

2019-07-10 15:18:45 - [MESSAGE][PASSED] - Delayed 3 second(s)

2019-07-10 15:18:56 - [MESSAGE][PASSED] - Object: 'Object Repository/EnhancedRefrigerantManagement/ERM_Navigation/span_(V01)' is clicked on

2019-07-10 15:18:56 - [MESSAGE][PASSED] - Object 'Object Repository/EnhancedRefrigerantManagement/ERM_Navigation/div_EnhancedRefrigerantManagement_Credit' is present

2019-07-10 15:18:56 - [MESSAGE][PASSED] - Run with 'enhancedRefrigerantManagement.Runner_ERM_Navigation' was passed

2019-07-10 15:18:56 - [MESSAGE][PASSED] - Call Test Case 'Test Cases/EnhancedRefrigerantManagement/TC_ERM_Navigation' successfully

2019-07-10 15:19:28 - [MESSAGE][INFO] - Unable to find the element located by 'By.xpath: //*[@id="credit-form"]/div[3]/div[1]/div/div[2]/div/input'. Please recheck the objects properties to make sure the desired element is located. 

2019-07-10 15:19:29 - [MESSAGE][FAILED] - Unable to click on object 'Object Repository/EnhancedRefrigerantManagement/Calc_Refrigerant_Impact_Opt2/input_Calc_Refrigerant_Impact' (Root cause: com.kms.katalon.core.exception.StepFailedException: Unable to click on object 'Object Repository/EnhancedRefrigerantManagement/Calc_Refrigerant_Impact_Opt2/input_Calc_Refrigerant_Impact'
	at com.kms.katalon.core.webui.keyword.internal.WebUIKeywordMain.stepFailed(WebUIKeywordMain.groovy:64)
	at com.kms.katalon.core.webui.keyword.internal.WebUIKeywordMain.runKeyword(WebUIKeywordMain.groovy:26)
	at com.kms.katalon.core.webui.keyword.builtin.ClickKeyword.click(ClickKeyword.groovy:86)
	at com.kms.katalon.core.webui.keyword.builtin.ClickKeyword.execute(ClickKeyword.groovy:67)
	at com.kms.katalon.core.keyword.internal.KeywordExecutor.executeKeywordForPlatform(KeywordExecutor.groovy:56)
	at com.kms.katalon.core.webui.keyword.WebUiBuiltInKeywords.click(WebUiBuiltInKeywords.groovy:616)
	at com.kms.katalon.core.webui.keyword.WebUiBuiltInKeywords$click$5.call(Unknown Source)
	at enhancedRefrigerantManagement.ERM_DeleteTableData.user_should_be_in_Calculation_of_Refrigerant_Impact(ERM_DeleteTableData.groovy:64)
	at cucumber.runtime.Utils$1.call(Utils.java:26)
	at cucumber.runtime.Timeout.timeout(Timeout.java:16)
	at cucumber.runtime.Utils.invoke(Utils.java:20)
	at cucumber.runtime.java.JavaStepDefinition.execute(JavaStepDefinition.java:48)
	at cucumber.runtime.PickleStepDefinitionMatch.runStep(PickleStepDefinitionMatch.java:50)
	at cucumber.runner.TestStep.executeStep(TestStep.java:55)
	at cucumber.runner.TestStep.run(TestStep.java:42)
	at cucumber.runner.PickleStepTestStep.run(PickleStepTestStep.java:53)
	at cucumber.runner.TestCase.run(TestCase.java:47)
	at cucumber.runner.Runner.runPickle(Runner.java:44)
	at cucumber.runtime.junit.PickleRunners$NoStepDescriptions.run(PickleRunners.java:140)
	at cucumber.runtime.junit.FeatureRunner.runChild(FeatureRunner.java:68)
	at cucumber.runtime.junit.FeatureRunner.runChild(FeatureRunner.java:23)
	at org.junit.runners.ParentRunner$3.run(ParentRunner.java:290)
	at org.junit.runners.ParentRunner$1.schedule(ParentRunner.java:71)
	at org.junit.runners.ParentRunner.runChildren(ParentRunner.java:288)
	at org.junit.runners.ParentRunner.access$000(ParentRunner.java:58)
	at org.junit.runners.ParentRunner$2.evaluate(ParentRunner.java:268)
	at org.junit.runners.ParentRunner.run(ParentRunner.java:363)
	at cucumber.runtime.junit.FeatureRunner.run(FeatureRunner.java:73)
	at cucumber.api.junit.Cucumber.runChild(Cucumber.java:98)
	at cucumber.api.junit.Cucumber.runChild(Cucumber.java:55)
	at org.junit.runners.ParentRunner$3.run(ParentRunner.java:290)
	at org.junit.runners.ParentRunner$1.schedule(ParentRunner.java:71)
	at org.junit.runners.ParentRunner.runChildren(ParentRunner.java:288)
	at org.junit.runners.ParentRunner.access$000(ParentRunner.java:58)
	at org.junit.runners.ParentRunner$2.evaluate(ParentRunner.java:268)
	at cucumber.api.junit.Cucumber$1.evaluate(Cucumber.java:107)
	at org.junit.runners.ParentRunner.run(ParentRunner.java:363)
	at org.junit.runners.Suite.runChild(Suite.java:128)
	at org.junit.runners.Suite.runChild(Suite.java:27)
	at org.junit.runners.ParentRunner$3.run(ParentRunner.java:290)
	at org.junit.runners.ParentRunner$1.schedule(ParentRunner.java:71)
	at org.junit.runners.ParentRunner.runChildren(ParentRunner.java:288)
	at org.junit.runners.ParentRunner.access$000(ParentRunner.java:58)
	at org.junit.runners.ParentRunner$2.evaluate(ParentRunner.java:268)
	at org.junit.runners.ParentRunner.run(ParentRunner.java:363)
	at org.junit.runner.JUnitCore.run(JUnitCore.java:137)
	at org.junit.runner.JUnitCore.run(JUnitCore.java:115)
	at org.junit.runner.JUnitCore.run(JUnitCore.java:105)
	at com.kms.katalon.core.cucumber.keyword.CucumberBuiltinKeywords$_runWithCucumberRunner_closure3.doCall(CucumberBuiltinKeywords.groovy:260)
	at com.kms.katalon.core.cucumber.keyword.CucumberBuiltinKeywords$_runWithCucumberRunner_closure3.doCall(CucumberBuiltinKeywords.groovy)
	at com.kms.katalon.core.keyword.internal.KeywordMain.runKeyword(KeywordMain.groovy:66)
	at com.kms.katalon.core.keyword.internal.KeywordMain$runKeyword.call(Unknown Source)
	at com.kms.katalon.core.cucumber.keyword.CucumberBuiltinKeywords.runWithCucumberRunner(CucumberBuiltinKeywords.groovy:257)
	at com.kms.katalon.core.cucumber.keyword.CucumberBuiltinKeywords$runWithCucumberRunner$0.callStatic(Unknown Source)
	at com.kms.katalon.core.cucumber.keyword.CucumberBuiltinKeywords.runWithCucumberRunner(CucumberBuiltinKeywords.groovy:357)
	at com.kms.katalon.core.cucumber.keyword.CucumberBuiltinKeywords$runWithCucumberRunner.call(Unknown Source)
	at TC_ERM_DeleteTableData.run(TC_ERM_DeleteTableData:18)
	at com.kms.katalon.core.main.ScriptEngine.run(ScriptEngine.java:194)
	at com.kms.katalon.core.main.ScriptEngine.runScriptAsRawText(ScriptEngine.java:119)
	at com.kms.katalon.core.main.TestCaseExecutor.runScript(TestCaseExecutor.java:336)
	at com.kms.katalon.core.main.TestCaseExecutor.doExecute(TestCaseExecutor.java:327)
	at com.kms.katalon.core.main.TestCaseExecutor.processExecutionPhase(TestCaseExecutor.java:306)
	at com.kms.katalon.core.main.TestCaseExecutor.accessMainPhase(TestCaseExecutor.java:298)
	at com.kms.katalon.core.main.TestCaseExecutor.execute(TestCaseExecutor.java:232)
	at com.kms.katalon.core.main.TestSuiteExecutor.accessTestCaseMainPhase(TestSuiteExecutor.java:129)
	at com.kms.katalon.core.main.TestSuiteExecutor.accessTestSuiteMainPhase(TestSuiteExecutor.java:112)
	at com.kms.katalon.core.main.TestSuiteExecutor.execute(TestSuiteExecutor.java:81)
	at com.kms.katalon.core.main.TestCaseMain.startTestSuite(TestCaseMain.java:157)
	at com.kms.katalon.core.main.TestCaseMain$startTestSuite$0.call(Unknown Source)
	at TempTestSuite1562751497427.run(TempTestSuite1562751497427.groovy:35)
Caused by: com.kms.katalon.core.webui.exception.WebElementNotFoundException: Web element with id: 'Object Repository/EnhancedRefrigerantManagement/Calc_Refrigerant_Impact_Opt2/input_Calc_Refrigerant_Impact' located by 'By.xpath: //*[@id="credit-form"]/div[3]/div[1]/div/div[2]/div/input' not found
	at com.kms.katalon.core.webui.common.WebUiCommonHelper.findWebElement(WebUiCommonHelper.java:1097)
	at com.kms.katalon.core.webui.keyword.internal.WebUIAbstractKeyword.findWebElement(WebUIAbstractKeyword.groovy:27)
	at com.kms.katalon.core.webui.keyword.internal.WebUIAbstractKeyword.findWebElement(WebUIAbstractKeyword.groovy:26)
	at com.kms.katalon.core.webui.keyword.builtin.ClickKeyword$_click_closure1.doCall(ClickKeyword.groovy:77)
	at com.kms.katalon.core.webui.keyword.builtin.ClickKeyword$_click_closure1.call(ClickKeyword.groovy)
	at com.kms.katalon.core.webui.keyword.internal.WebUIKeywordMain.runKeyword(WebUIKeywordMain.groovy:20)
	at com.kms.katalon.core.webui.keyword.builtin.ClickKeyword.click(ClickKeyword.groovy:86)
	at com.kms.katalon.core.webui.keyword.builtin.ClickKeyword.execute(ClickKeyword.groovy:67)
	at com.kms.katalon.core.keyword.internal.KeywordExecutor.executeKeywordForPlatform(KeywordExecutor.groovy:56)
	at com.kms.katalon.core.webui.keyword.WebUiBuiltInKeywords.click(WebUiBuiltInKeywords.groovy:616)
	at com.kms.katalon.core.webui.keyword.WebUiBuiltInKeywords$click$5.call(Unknown Source)
	at enhancedRefrigerantManagement.ERM_DeleteTableData.user_should_be_in_Calculation_of_Refrigerant_Impact(ERM_DeleteTableData.groovy:64)
	at cucumber.runtime.Utils$1.call(Utils.java:26)
	at cucumber.runtime.Timeout.timeout(Timeout.java:16)
	at cucumber.runtime.Utils.invoke(Utils.java:20)
	at cucumber.runtime.java.JavaStepDefinition.execute(JavaStepDefinition.java:48)
	at cucumber.runtime.PickleStepDefinitionMatch.runStep(PickleStepDefinitionMatch.java:50)
	at cucumber.runner.TestStep.executeStep(TestStep.java:55)
	at cucumber.runner.TestStep.run(TestStep.java:42)
	at cucumber.runner.PickleStepTestStep.run(PickleStepTestStep.java:53)
	at cucumber.runner.TestCase.run(TestCase.java:47)
	at cucumber.runner.Runner.runPickle(Runner.java:44)
	at cucumber.runtime.junit.PickleRunners$NoStepDescriptions.run(PickleRunners.java:140)
	at cucumber.runtime.junit.FeatureRunner.runChild(FeatureRunner.java:68)
	at cucumber.runtime.junit.FeatureRunner.runChild(FeatureRunner.java:23)
	at org.junit.runners.ParentRunner$3.run(ParentRunner.java:290)
	at org.junit.runners.ParentRunner$1.schedule(ParentRunner.java:71)
	at org.junit.runners.ParentRunner.runChildren(ParentRunner.java:288)
	at org.junit.runners.ParentRunner.access$000(ParentRunner.java:58)
	at org.junit.runners.ParentRunner$2.evaluate(ParentRunner.java:268)
	at org.junit.runners.ParentRunner.run(ParentRunner.java:363)
	at cucumber.runtime.junit.FeatureRunner.run(FeatureRunner.java:73)
	at cucumber.api.junit.Cucumber.runChild(Cucumber.java:98)
	at cucumber.api.junit.Cucumber.runChild(Cucumber.java:55)
	at org.junit.runners.ParentRunner$3.run(ParentRunner.java:290)
	at org.junit.runners.ParentRunner$1.schedule(ParentRunner.java:71)
	at org.junit.runners.ParentRunner.runChildren(ParentRunner.java:288)
	at org.junit.runners.ParentRunner.access$000(ParentRunner.java:58)
	at org.junit.runners.ParentRunner$2.evaluate(ParentRunner.java:268)
	at cucumber.api.junit.Cucumber$1.evaluate(Cucumber.java:107)
	at org.junit.runners.ParentRunner.run(ParentRunner.java:363)
	at org.junit.runners.Suite.runChild(Suite.java:128)
	at org.junit.runners.Suite.runChild(Suite.java:27)
	at org.junit.runners.ParentRunner$3.run(ParentRunner.java:290)
	at org.junit.runners.ParentRunner$1.schedule(ParentRunner.java:71)
	at org.junit.runners.ParentRunner.runChildren(ParentRunner.java:288)
	at org.junit.runners.ParentRunner.access$000(ParentRunner.java:58)
	at org.junit.runners.ParentRunner$2.evaluate(ParentRunner.java:268)
	at org.junit.runners.ParentRunner.run(ParentRunner.java:363)
	at org.junit.runner.JUnitCore.run(JUnitCore.java:137)
	at org.junit.runner.JUnitCore.run(JUnitCore.java:115)
	at org.junit.runner.JUnitCore.run(JUnitCore.java:105)
	at com.kms.katalon.core.cucumber.keyword.CucumberBuiltinKeywords$_runWithCucumberRunner_closure3.doCall(CucumberBuiltinKeywords.groovy:260)
	at com.kms.katalon.core.cucumber.keyword.CucumberBuiltinKeywords$_runWithCucumberRunner_closure3.doCall(CucumberBuiltinKeywords.groovy)
	at com.kms.katalon.core.keyword.internal.KeywordMain.runKeyword(KeywordMain.groovy:66)
	at com.kms.katalon.core.keyword.internal.KeywordMain$runKeyword.call(Unknown Source)
	at com.kms.katalon.core.cucumber.keyword.CucumberBuiltinKeywords.runWithCucumberRunner(CucumberBuiltinKeywords.groovy:257)
	at com.kms.katalon.core.cucumber.keyword.CucumberBuiltinKeywords$runWithCucumberRunner$0.callStatic(Unknown Source)
	at com.kms.katalon.core.cucumber.keyword.CucumberBuiltinKeywords.runWithCucumberRunner(CucumberBuiltinKeywords.groovy:357)
	at com.kms.katalon.core.cucumber.keyword.CucumberBuiltinKeywords$runWithCucumberRunner.call(Unknown Source)
	at Script1562590094670.run(Script1562590094670.groovy:18)
	... 13 more
)
[[ATTACHMENT|H:\\Git Projects\\Usgbc_LeedOnline_ScoreCard\\Usgbc_LeedOnline_ScoreCard\\Reports\\ERM_SmokeTest\\20190710_150812\\1562752168627.png]]

2019-07-10 15:19:29 - [MESSAGE][FAILED] - These following reason:
 [Unable to click on object 'Object Repository/EnhancedRefrigerantManagement/Calc_Refrigerant_Impact_Opt2/input_Calc_Refrigerant_Impact']

2019-07-10 15:19:29 - [MESSAGE][FAILED] - Keyword runWithCucumberRunner was failed (Root cause: com.kms.katalon.core.exception.StepFailedException: These following reason:
 [Unable to click on object 'Object Repository/EnhancedRefrigerantManagement/Calc_Refrigerant_Impact_Opt2/input_Calc_Refrigerant_Impact']
	at com.kms.katalon.core.keyword.internal.KeywordMain.stepFailed(KeywordMain.groovy:48)
	at com.kms.katalon.core.keyword.internal.KeywordMain.stepFailed(KeywordMain.groovy)
	at com.kms.katalon.core.keyword.internal.KeywordMain.stepFailed(KeywordMain.groovy:21)
	at com.kms.katalon.core.keyword.internal.KeywordMain$stepFailed$0.call(Unknown Source)
	at com.kms.katalon.core.cucumber.keyword.CucumberBuiltinKeywords$_runWithCucumberRunner_closure3.doCall(CucumberBuiltinKeywords.groovy:272)
	at com.kms.katalon.core.cucumber.keyword.CucumberBuiltinKeywords$_runWithCucumberRunner_closure3.doCall(CucumberBuiltinKeywords.groovy)
	at com.kms.katalon.core.keyword.internal.KeywordMain.runKeyword(KeywordMain.groovy:66)
	at com.kms.katalon.core.keyword.internal.KeywordMain$runKeyword.call(Unknown Source)
	at com.kms.katalon.core.cucumber.keyword.CucumberBuiltinKeywords.runWithCucumberRunner(CucumberBuiltinKeywords.groovy:257)
	at com.kms.katalon.core.cucumber.keyword.CucumberBuiltinKeywords$runWithCucumberRunner$0.callStatic(Unknown Source)
	at com.kms.katalon.core.cucumber.keyword.CucumberBuiltinKeywords.runWithCucumberRunner(CucumberBuiltinKeywords.groovy:357)
	at com.kms.katalon.core.cucumber.keyword.CucumberBuiltinKeywords$runWithCucumberRunner.call(Unknown Source)
	at TC_ERM_DeleteTableData.run(TC_ERM_DeleteTableData:18)
	at com.kms.katalon.core.main.ScriptEngine.run(ScriptEngine.java:194)
	at com.kms.katalon.core.main.ScriptEngine.runScriptAsRawText(ScriptEngine.java:119)
	at com.kms.katalon.core.main.TestCaseExecutor.runScript(TestCaseExecutor.java:336)
	at com.kms.katalon.core.main.TestCaseExecutor.doExecute(TestCaseExecutor.java:327)
	at com.kms.katalon.core.main.TestCaseExecutor.processExecutionPhase(TestCaseExecutor.java:306)
	at com.kms.katalon.core.main.TestCaseExecutor.accessMainPhase(TestCaseExecutor.java:298)
	at com.kms.katalon.core.main.TestCaseExecutor.execute(TestCaseExecutor.java:232)
	at com.kms.katalon.core.main.TestSuiteExecutor.accessTestCaseMainPhase(TestSuiteExecutor.java:129)
	at com.kms.katalon.core.main.TestSuiteExecutor.accessTestSuiteMainPhase(TestSuiteExecutor.java:112)
	at com.kms.katalon.core.main.TestSuiteExecutor.execute(TestSuiteExecutor.java:81)
	at com.kms.katalon.core.main.TestCaseMain.startTestSuite(TestCaseMain.java:157)
	at com.kms.katalon.core.main.TestCaseMain$startTestSuite$0.call(Unknown Source)
	at TempTestSuite1562751497427.run(TempTestSuite1562751497427.groovy:35)
)

2019-07-10 15:19:29 - [TEST_STEP][PASSED] - Start listener action : sampleAfterTestCase: Browser is closed

2019-07-10 15:19:29 - [TEST_STEP][PASSED] - closeBrowser(): Browser is closed

2019-07-10 15:19:29 - [MESSAGE][PASSED] - Browser is closed]]></system-out>
         <system-err><![CDATA[2019-07-10 15:18:06 - [TEST_CASE][FAILED] - Test Cases/EnhancedRefrigerantManagement/TC_ERM_DeleteTableData: Test Cases/EnhancedRefrigerantManagement/TC_ERM_DeleteTableData FAILED.
Reason:
com.kms.katalon.core.exception.StepFailedException: These following reason:
 [Unable to click on object 'Object Repository/EnhancedRefrigerantManagement/Calc_Refrigerant_Impact_Opt2/input_Calc_Refrigerant_Impact']
	at com.kms.katalon.core.keyword.internal.KeywordMain.stepFailed(KeywordMain.groovy:48)
	at com.kms.katalon.core.keyword.internal.KeywordMain.stepFailed(KeywordMain.groovy)
	at com.kms.katalon.core.keyword.internal.KeywordMain.stepFailed(KeywordMain.groovy:21)
	at com.kms.katalon.core.keyword.internal.KeywordMain$stepFailed$0.call(Unknown Source)
	at com.kms.katalon.core.cucumber.keyword.CucumberBuiltinKeywords$_runWithCucumberRunner_closure3.doCall(CucumberBuiltinKeywords.groovy:272)
	at com.kms.katalon.core.cucumber.keyword.CucumberBuiltinKeywords$_runWithCucumberRunner_closure3.doCall(CucumberBuiltinKeywords.groovy)
	at com.kms.katalon.core.keyword.internal.KeywordMain.runKeyword(KeywordMain.groovy:66)
	at com.kms.katalon.core.keyword.internal.KeywordMain$runKeyword.call(Unknown Source)
	at com.kms.katalon.core.cucumber.keyword.CucumberBuiltinKeywords.runWithCucumberRunner(CucumberBuiltinKeywords.groovy:257)
	at com.kms.katalon.core.cucumber.keyword.CucumberBuiltinKeywords$runWithCucumberRunner$0.callStatic(Unknown Source)
	at com.kms.katalon.core.cucumber.keyword.CucumberBuiltinKeywords.runWithCucumberRunner(CucumberBuiltinKeywords.groovy:357)
	at com.kms.katalon.core.cucumber.keyword.CucumberBuiltinKeywords$runWithCucumberRunner.call(Unknown Source)
	at TC_ERM_DeleteTableData.run(TC_ERM_DeleteTableData:18)
	at com.kms.katalon.core.main.ScriptEngine.run(ScriptEngine.java:194)
	at com.kms.katalon.core.main.ScriptEngine.runScriptAsRawText(ScriptEngine.java:119)
	at com.kms.katalon.core.main.TestCaseExecutor.runScript(TestCaseExecutor.java:336)
	at com.kms.katalon.core.main.TestCaseExecutor.doExecute(TestCaseExecutor.java:327)
	at com.kms.katalon.core.main.TestCaseExecutor.processExecutionPhase(TestCaseExecutor.java:306)
	at com.kms.katalon.core.main.TestCaseExecutor.accessMainPhase(TestCaseExecutor.java:298)
	at com.kms.katalon.core.main.TestCaseExecutor.execute(TestCaseExecutor.java:232)
	at com.kms.katalon.core.main.TestSuiteExecutor.accessTestCaseMainPhase(TestSuiteExecutor.java:129)
	at com.kms.katalon.core.main.TestSuiteExecutor.accessTestSuiteMainPhase(TestSuiteExecutor.java:112)
	at com.kms.katalon.core.main.TestSuiteExecutor.execute(TestSuiteExecutor.java:81)
	at com.kms.katalon.core.main.TestCaseMain.startTestSuite(TestCaseMain.java:157)
	at com.kms.katalon.core.main.TestCaseMain$startTestSuite$0.call(Unknown Source)
	at TempTestSuite1562751497427.run(TempTestSuite1562751497427.groovy:35)]]></system-err>
      </testcase>
      <testcase name="Test Cases/EnhancedRefrigerantManagement/TC_ERM_DeleteUploadedFiles" classname="Test Cases/EnhancedRefrigerantManagement/TC_ERM_DeleteUploadedFiles" status="PASSED">
         <system-out><![CDATA[2019-07-10 15:19:29 - [TEST_CASE][PASSED] - Test Cases/EnhancedRefrigerantManagement/TC_ERM_DeleteUploadedFiles: Test Cases/EnhancedRefrigerantManagement/TC_ERM_DeleteUploadedFiles

2019-07-10 15:19:29 - [TEST_STEP][PASSED] - Start listener action : sampleBeforeTestCase: null

2019-07-10 15:19:29 - [TEST_STEP][PASSED] - openBrowser(""): Browser is opened with url: ''

2019-07-10 15:19:29 - [MESSAGE][INFO] - Starting 'Chrome (headless)' driver

2019-07-10 15:19:29 - [MESSAGE][INFO] - User set preference: ['args', '[--window-size=1920,1080]']

2019-07-10 15:19:31 - [MESSAGE][PASSED] - Browser is opened with url: ''

2019-07-10 15:19:31 - [TEST_STEP][PASSED] - driver = getWebDriver(): null

2019-07-10 15:19:31 - [TEST_STEP][PASSED] - println("The driver is ########### " + driver): null

2019-07-10 15:19:31 - [TEST_STEP][PASSED] - downloadPath = "H:\Git Projects\Usgbc_LeedOnline_ScoreCard\Usgbc_LeedOnline_ScoreCard\Include\TestData\DownloadedFiles": null

2019-07-10 15:19:31 - [TEST_STEP][PASSED] - projectKeywords().sendCommandForDownloadChromeHeadLess(driver.getCommandExecutor(), driver.getSessionId(), downloadPath): null

2019-07-10 15:19:32 - [TEST_STEP][PASSED] - runWithCucumberRunner(enhancedRefrigerantManagement.Runner_ERM_DeleteUploadedFiles): Run with 'enhancedRefrigerantManagement.Runner_ERM_DeleteUploadedFiles' was passed

2019-07-10 15:19:32 - [TEST_CASE][PASSED] - Test Cases/EnhancedRefrigerantManagement/TC_ERM_Navigation: Test Cases/EnhancedRefrigerantManagement/TC_ERM_Navigation

2019-07-10 15:19:32 - [TEST_STEP][PASSED] - runWithCucumberRunner(enhancedRefrigerantManagement.Runner_ERM_Navigation): Run with 'enhancedRefrigerantManagement.Runner_ERM_Navigation' was passed

2019-07-10 15:19:33 - [TEST_CASE][PASSED] - Test Cases/Login/TC_Login: Test Cases/Login/TC_Login

2019-07-10 15:19:33 - [TEST_STEP][PASSED] - runWithCucumberRunner(common.Runner_Login): Run with 'common.Runner_Login' was passed

2019-07-10 15:19:54 - [MESSAGE][PASSED] - Navigate to 'https://leedonline-stg.usgbc.org' successfully

2019-07-10 15:19:56 - [MESSAGE][PASSED] - Delayed 2 second(s)

2019-07-10 15:19:56 - [MESSAGE][PASSED] - Text 'automationbdd1@gmail.com' is set on object 'Object Repository/Login/input_username'

2019-07-10 15:19:56 - [MESSAGE][PASSED] - Text 'initpass' is set on object 'Object Repository/Login/input_password'

2019-07-10 15:19:59 - [MESSAGE][PASSED] - Delayed 3 second(s)

2019-07-10 15:19:59 - [MESSAGE][PASSED] - Scroll to object 'Object Repository/Login/span_End User License Agreement' successfully

2019-07-10 15:19:59 - [MESSAGE][PASSED] - Object 'Object Repository/Login/span_End User License Agreement' is visible

2019-07-10 15:19:59 - [MESSAGE][PASSED] - Object 'Object Repository/Login/span_End User License Agreement' is checked

2019-07-10 15:20:00 - [MESSAGE][PASSED] - Delayed 1 second(s)

2019-07-10 15:20:00 - [MESSAGE][PASSED] - Object: 'Object Repository/Login/button_Log In' is clicked on

2019-07-10 15:20:26 - [MESSAGE][PASSED] - Object: '' is clicked on

2019-07-10 15:20:33 - [MESSAGE][PASSED] - Object: 'Object Repository/Login/a_Credits' is clicked on

2019-07-10 15:20:33 - [MESSAGE][PASSED] - Run with 'common.Runner_Login' was passed

2019-07-10 15:20:33 - [MESSAGE][PASSED] - Call Test Case 'Test Cases/Login/TC_Login' successfully

2019-07-10 15:20:33 - [MESSAGE][PASSED] - Scroll to object 'Object Repository/EnhancedRefrigerantManagement/ERM_Navigation/div_Enhanced Refrigerant Management' successfully

2019-07-10 15:20:33 - [MESSAGE][PASSED] - Object 'Object Repository/EnhancedRefrigerantManagement/ERM_Navigation/div_Enhanced Refrigerant Management' is present

2019-07-10 15:20:33 - [MESSAGE][PASSED] - Text of object 'Object Repository/EnhancedRefrigerantManagement/ERM_Navigation/h3_Status' is: 'ATTEMPTED'

2019-07-10 15:20:33 - [MESSAGE][PASSED] - Text of object 'Object Repository/EnhancedRefrigerantManagement/ERM_Navigation/divval' is: 'ATTEMPTED'

2019-07-10 15:20:33 - [MESSAGE][PASSED] - Text of object 'Object Repository/EnhancedRefrigerantManagement/ERM_Navigation/h3_Status' is: 'ATTEMPTED'

2019-07-10 15:20:33 - [MESSAGE][PASSED] - Object: 'Object Repository/EnhancedRefrigerantManagement/ERM_Navigation/div_Enhanced Refrigerant Management' is clicked on

2019-07-10 15:20:36 - [MESSAGE][PASSED] - Delayed 3 second(s)

2019-07-10 15:20:46 - [MESSAGE][PASSED] - Object: 'Object Repository/EnhancedRefrigerantManagement/ERM_Navigation/span_(V01)' is clicked on

2019-07-10 15:20:46 - [MESSAGE][PASSED] - Object 'Object Repository/EnhancedRefrigerantManagement/ERM_Navigation/div_EnhancedRefrigerantManagement_Credit' is present

2019-07-10 15:20:46 - [MESSAGE][PASSED] - Run with 'enhancedRefrigerantManagement.Runner_ERM_Navigation' was passed

2019-07-10 15:20:46 - [MESSAGE][PASSED] - Call Test Case 'Test Cases/EnhancedRefrigerantManagement/TC_ERM_Navigation' successfully

2019-07-10 15:20:47 - [MESSAGE][PASSED] - Scroll to object 'Object Repository/EnhancedRefrigerantManagement/Calc_Refrigerant_Impact_Opt2/AddFile_refrigerant_equi/Table_refrigerant_equi' successfully

2019-07-10 15:20:47 - [MESSAGE][PASSED] - Object 'Object Repository/EnhancedRefrigerantManagement/Calc_Refrigerant_Impact_Opt2/AddFile_refrigerant_equi/Table_refrigerant_equi' is present

2019-07-10 15:20:47 - [MESSAGE][PASSED] - Scroll to object 'Object Repository/EnhancedRefrigerantManagement/Calc_Refrigerant_Impact_Opt2/AddFile_refrigerant_equi/p_refrigerant_equi' successfully

2019-07-10 15:20:48 - [MESSAGE][PASSED] - Delayed 1 second(s)

2019-07-10 15:20:48 - [MESSAGE][PASSED] - Object: '' is clicked on

2019-07-10 15:20:50 - [MESSAGE][PASSED] - Delayed 2 second(s)

2019-07-10 15:20:51 - [MESSAGE][PASSED] - Object: 'Object Repository/LightPollutionReduction/FixtureShielding/button_Yes' is clicked on

2019-07-10 15:20:53 - [MESSAGE][PASSED] - Delayed 2 second(s)

2019-07-10 15:20:53 - [MESSAGE][PASSED] - Web element with id: 'Object Repository/EnhancedRefrigerantManagement/Calc_Refrigerant_Impact_Opt2/AddFile_refrigerant_equi/Table_refrigerant_equi' located by 'By.xpath: //*[@id="commercialRefrigUpload_files"]/table' is not present after '30' second(s)

2019-07-10 15:20:53 - [MESSAGE][PASSED] - Scroll to object 'Object Repository/EnhancedRefrigerantManagement/Special Circumstances/AddFile_additionalDoc/Table_additionalDoc' successfully

2019-07-10 15:20:53 - [MESSAGE][PASSED] - Object 'Object Repository/EnhancedRefrigerantManagement/Special Circumstances/AddFile_additionalDoc/Table_additionalDoc' is present

2019-07-10 15:20:53 - [MESSAGE][PASSED] - Scroll to object 'Object Repository/EnhancedRefrigerantManagement/Special Circumstances/AddFile_additionalDoc/p_Upload any additional documentation' successfully

2019-07-10 15:20:54 - [MESSAGE][PASSED] - Delayed 1 second(s)

2019-07-10 15:20:54 - [MESSAGE][PASSED] - Object: '' is clicked on

2019-07-10 15:20:56 - [MESSAGE][PASSED] - Delayed 2 second(s)

2019-07-10 15:20:56 - [MESSAGE][PASSED] - Object: 'Object Repository/LightPollutionReduction/FixtureShielding/button_Yes' is clicked on

2019-07-10 15:20:57 - [MESSAGE][PASSED] - Delayed 1 second(s)

2019-07-10 15:20:58 - [MESSAGE][PASSED] - Object: '' is clicked on

2019-07-10 15:21:00 - [MESSAGE][PASSED] - Delayed 2 second(s)

2019-07-10 15:21:00 - [MESSAGE][PASSED] - Object: 'Object Repository/LightPollutionReduction/FixtureShielding/button_Yes' is clicked on

2019-07-10 15:21:01 - [MESSAGE][PASSED] - Delayed 1 second(s)

2019-07-10 15:21:01 - [MESSAGE][PASSED] - Object: '' is clicked on

2019-07-10 15:21:03 - [MESSAGE][PASSED] - Delayed 2 second(s)

2019-07-10 15:21:03 - [MESSAGE][PASSED] - Object: 'Object Repository/LightPollutionReduction/FixtureShielding/button_Yes' is clicked on

2019-07-10 15:21:05 - [MESSAGE][PASSED] - Delayed 2 second(s)

2019-07-10 15:21:05 - [MESSAGE][PASSED] - Web element with id: 'Object Repository/EnhancedRefrigerantManagement/Special Circumstances/AddFile_additionalDoc/Table_additionalDoc' located by 'By.xpath: //div[@id='splCircumstancesDocs_files']/table' is not present after '30' second(s)

2019-07-10 15:21:05 - [MESSAGE][PASSED] - Run with 'enhancedRefrigerantManagement.Runner_ERM_DeleteUploadedFiles' was passed

2019-07-10 15:21:05 - [TEST_STEP][PASSED] - Start listener action : sampleAfterTestCase: Browser is closed

2019-07-10 15:21:05 - [TEST_STEP][PASSED] - closeBrowser(): Browser is closed

2019-07-10 15:21:06 - [MESSAGE][PASSED] - Browser is closed]]></system-out>
         <system-err><![CDATA[]]></system-err>
      </testcase>
      <testcase name="Test Cases/EnhancedRefrigerantManagement/TC_ERM_AutoSaveAsDraft" classname="Test Cases/EnhancedRefrigerantManagement/TC_ERM_AutoSaveAsDraft" status="FAILED">
         <failure type="FAILED" message="Test Cases/EnhancedRefrigerantManagement/TC_ERM_AutoSaveAsDraft FAILED.
Reason:
com.kms.katalon.core.exception.StepFailedException: These following reason:
 [Web element with id: 'Object Repository/EnhancedRefrigerantManagement/Calc_Refrigerant_Impact_Opt2/AddFile_refrigerant_equi/tbody_Table_refrigerant_equi' located by 'By.xpath: //*[@id=&quot;commercialRefrigUpload_files&quot;]/table/tbody' not found, Unable to verify object 'Object Repository/EnhancedRefrigerantManagement/Special Circumstances/EditorBox_splCircum/body_splCircum' is present, Unable to verify object 'Object Repository/EnhancedRefrigerantManagement/Special Circumstances/EditorBox_splCircum/body_splCircum' is present]
	at com.kms.katalon.core.keyword.internal.KeywordMain.stepFailed(KeywordMain.groovy:48)
	at com.kms.katalon.core.keyword.internal.KeywordMain.stepFailed(KeywordMain.groovy)
	at com.kms.katalon.core.keyword.internal.KeywordMain.stepFailed(KeywordMain.groovy:21)
	at com.kms.katalon.core.keyword.internal.KeywordMain$stepFailed$0.call(Unknown Source)
	at com.kms.katalon.core.cucumber.keyword.CucumberBuiltinKeywords$_runWithCucumberRunner_closure3.doCall(CucumberBuiltinKeywords.groovy:272)
	at com.kms.katalon.core.cucumber.keyword.CucumberBuiltinKeywords$_runWithCucumberRunner_closure3.doCall(CucumberBuiltinKeywords.groovy)
	at com.kms.katalon.core.keyword.internal.KeywordMain.runKeyword(KeywordMain.groovy:66)
	at com.kms.katalon.core.keyword.internal.KeywordMain$runKeyword.call(Unknown Source)
	at com.kms.katalon.core.cucumber.keyword.CucumberBuiltinKeywords.runWithCucumberRunner(CucumberBuiltinKeywords.groovy:257)
	at com.kms.katalon.core.cucumber.keyword.CucumberBuiltinKeywords$runWithCucumberRunner$0.callStatic(Unknown Source)
	at com.kms.katalon.core.cucumber.keyword.CucumberBuiltinKeywords.runWithCucumberRunner(CucumberBuiltinKeywords.groovy:357)
	at com.kms.katalon.core.cucumber.keyword.CucumberBuiltinKeywords$runWithCucumberRunner.call(Unknown Source)
	at TC_ERM_AutoSaveAsDraft.run(TC_ERM_AutoSaveAsDraft:18)
	at com.kms.katalon.core.main.ScriptEngine.run(ScriptEngine.java:194)
	at com.kms.katalon.core.main.ScriptEngine.runScriptAsRawText(ScriptEngine.java:119)
	at com.kms.katalon.core.main.TestCaseExecutor.runScript(TestCaseExecutor.java:336)
	at com.kms.katalon.core.main.TestCaseExecutor.doExecute(TestCaseExecutor.java:327)
	at com.kms.katalon.core.main.TestCaseExecutor.processExecutionPhase(TestCaseExecutor.java:306)
	at com.kms.katalon.core.main.TestCaseExecutor.accessMainPhase(TestCaseExecutor.java:298)
	at com.kms.katalon.core.main.TestCaseExecutor.execute(TestCaseExecutor.java:232)
	at com.kms.katalon.core.main.TestSuiteExecutor.accessTestCaseMainPhase(TestSuiteExecutor.java:129)
	at com.kms.katalon.core.main.TestSuiteExecutor.accessTestSuiteMainPhase(TestSuiteExecutor.java:112)
	at com.kms.katalon.core.main.TestSuiteExecutor.execute(TestSuiteExecutor.java:81)
	at com.kms.katalon.core.main.TestCaseMain.startTestSuite(TestCaseMain.java:157)
	at com.kms.katalon.core.main.TestCaseMain$startTestSuite$0.call(Unknown Source)
	at TempTestSuite1562751497427.run(TempTestSuite1562751497427.groovy:35)
"/>
         <system-out><![CDATA[2019-07-10 15:21:06 - [TEST_CASE][FAILED] - Test Cases/EnhancedRefrigerantManagement/TC_ERM_AutoSaveAsDraft: Test Cases/EnhancedRefrigerantManagement/TC_ERM_AutoSaveAsDraft FAILED.
Reason:
com.kms.katalon.core.exception.StepFailedException: These following reason:
 [Web element with id: 'Object Repository/EnhancedRefrigerantManagement/Calc_Refrigerant_Impact_Opt2/AddFile_refrigerant_equi/tbody_Table_refrigerant_equi' located by 'By.xpath: //*[@id="commercialRefrigUpload_files"]/table/tbody' not found, Unable to verify object 'Object Repository/EnhancedRefrigerantManagement/Special Circumstances/EditorBox_splCircum/body_splCircum' is present, Unable to verify object 'Object Repository/EnhancedRefrigerantManagement/Special Circumstances/EditorBox_splCircum/body_splCircum' is present]
	at com.kms.katalon.core.keyword.internal.KeywordMain.stepFailed(KeywordMain.groovy:48)
	at com.kms.katalon.core.keyword.internal.KeywordMain.stepFailed(KeywordMain.groovy)
	at com.kms.katalon.core.keyword.internal.KeywordMain.stepFailed(KeywordMain.groovy:21)
	at com.kms.katalon.core.keyword.internal.KeywordMain$stepFailed$0.call(Unknown Source)
	at com.kms.katalon.core.cucumber.keyword.CucumberBuiltinKeywords$_runWithCucumberRunner_closure3.doCall(CucumberBuiltinKeywords.groovy:272)
	at com.kms.katalon.core.cucumber.keyword.CucumberBuiltinKeywords$_runWithCucumberRunner_closure3.doCall(CucumberBuiltinKeywords.groovy)
	at com.kms.katalon.core.keyword.internal.KeywordMain.runKeyword(KeywordMain.groovy:66)
	at com.kms.katalon.core.keyword.internal.KeywordMain$runKeyword.call(Unknown Source)
	at com.kms.katalon.core.cucumber.keyword.CucumberBuiltinKeywords.runWithCucumberRunner(CucumberBuiltinKeywords.groovy:257)
	at com.kms.katalon.core.cucumber.keyword.CucumberBuiltinKeywords$runWithCucumberRunner$0.callStatic(Unknown Source)
	at com.kms.katalon.core.cucumber.keyword.CucumberBuiltinKeywords.runWithCucumberRunner(CucumberBuiltinKeywords.groovy:357)
	at com.kms.katalon.core.cucumber.keyword.CucumberBuiltinKeywords$runWithCucumberRunner.call(Unknown Source)
	at TC_ERM_AutoSaveAsDraft.run(TC_ERM_AutoSaveAsDraft:18)
	at com.kms.katalon.core.main.ScriptEngine.run(ScriptEngine.java:194)
	at com.kms.katalon.core.main.ScriptEngine.runScriptAsRawText(ScriptEngine.java:119)
	at com.kms.katalon.core.main.TestCaseExecutor.runScript(TestCaseExecutor.java:336)
	at com.kms.katalon.core.main.TestCaseExecutor.doExecute(TestCaseExecutor.java:327)
	at com.kms.katalon.core.main.TestCaseExecutor.processExecutionPhase(TestCaseExecutor.java:306)
	at com.kms.katalon.core.main.TestCaseExecutor.accessMainPhase(TestCaseExecutor.java:298)
	at com.kms.katalon.core.main.TestCaseExecutor.execute(TestCaseExecutor.java:232)
	at com.kms.katalon.core.main.TestSuiteExecutor.accessTestCaseMainPhase(TestSuiteExecutor.java:129)
	at com.kms.katalon.core.main.TestSuiteExecutor.accessTestSuiteMainPhase(TestSuiteExecutor.java:112)
	at com.kms.katalon.core.main.TestSuiteExecutor.execute(TestSuiteExecutor.java:81)
	at com.kms.katalon.core.main.TestCaseMain.startTestSuite(TestCaseMain.java:157)
	at com.kms.katalon.core.main.TestCaseMain$startTestSuite$0.call(Unknown Source)
	at TempTestSuite1562751497427.run(TempTestSuite1562751497427.groovy:35)


2019-07-10 15:21:06 - [TEST_STEP][PASSED] - Start listener action : sampleBeforeTestCase: null

2019-07-10 15:21:06 - [TEST_STEP][PASSED] - openBrowser(""): Browser is opened with url: ''

2019-07-10 15:21:06 - [MESSAGE][INFO] - Starting 'Chrome (headless)' driver

2019-07-10 15:21:06 - [MESSAGE][INFO] - User set preference: ['args', '[--window-size=1920,1080]']

2019-07-10 15:21:08 - [MESSAGE][PASSED] - Browser is opened with url: ''

2019-07-10 15:21:08 - [TEST_STEP][PASSED] - driver = getWebDriver(): null

2019-07-10 15:21:08 - [TEST_STEP][PASSED] - println("The driver is ########### " + driver): null

2019-07-10 15:21:08 - [TEST_STEP][PASSED] - downloadPath = "H:\Git Projects\Usgbc_LeedOnline_ScoreCard\Usgbc_LeedOnline_ScoreCard\Include\TestData\DownloadedFiles": null

2019-07-10 15:21:08 - [TEST_STEP][PASSED] - projectKeywords().sendCommandForDownloadChromeHeadLess(driver.getCommandExecutor(), driver.getSessionId(), downloadPath): null

2019-07-10 15:21:08 - [TEST_STEP][FAILED] - runWithCucumberRunner(enhancedRefrigerantManagement.Runner_ERM_AutoSaveAsDraft): Keyword runWithCucumberRunner was failed (Root cause: com.kms.katalon.core.exception.StepFailedException: These following reason:
 [Web element with id: 'Object Repository/EnhancedRefrigerantManagement/Calc_Refrigerant_Impact_Opt2/AddFile_refrigerant_equi/tbody_Table_refrigerant_equi' located by 'By.xpath: //*[@id="commercialRefrigUpload_files"]/table/tbody' not found, Unable to verify object 'Object Repository/EnhancedRefrigerantManagement/Special Circumstances/EditorBox_splCircum/body_splCircum' is present, Unable to verify object 'Object Repository/EnhancedRefrigerantManagement/Special Circumstances/EditorBox_splCircum/body_splCircum' is present]
	at com.kms.katalon.core.keyword.internal.KeywordMain.stepFailed(KeywordMain.groovy:48)
	at com.kms.katalon.core.keyword.internal.KeywordMain.stepFailed(KeywordMain.groovy)
	at com.kms.katalon.core.keyword.internal.KeywordMain.stepFailed(KeywordMain.groovy:21)
	at com.kms.katalon.core.keyword.internal.KeywordMain$stepFailed$0.call(Unknown Source)
	at com.kms.katalon.core.cucumber.keyword.CucumberBuiltinKeywords$_runWithCucumberRunner_closure3.doCall(CucumberBuiltinKeywords.groovy:272)
	at com.kms.katalon.core.cucumber.keyword.CucumberBuiltinKeywords$_runWithCucumberRunner_closure3.doCall(CucumberBuiltinKeywords.groovy)
	at com.kms.katalon.core.keyword.internal.KeywordMain.runKeyword(KeywordMain.groovy:66)
	at com.kms.katalon.core.keyword.internal.KeywordMain$runKeyword.call(Unknown Source)
	at com.kms.katalon.core.cucumber.keyword.CucumberBuiltinKeywords.runWithCucumberRunner(CucumberBuiltinKeywords.groovy:257)
	at com.kms.katalon.core.cucumber.keyword.CucumberBuiltinKeywords$runWithCucumberRunner$0.callStatic(Unknown Source)
	at com.kms.katalon.core.cucumber.keyword.CucumberBuiltinKeywords.runWithCucumberRunner(CucumberBuiltinKeywords.groovy:357)
	at com.kms.katalon.core.cucumber.keyword.CucumberBuiltinKeywords$runWithCucumberRunner.call(Unknown Source)
	at TC_ERM_AutoSaveAsDraft.run(TC_ERM_AutoSaveAsDraft:18)
	at com.kms.katalon.core.main.ScriptEngine.run(ScriptEngine.java:194)
	at com.kms.katalon.core.main.ScriptEngine.runScriptAsRawText(ScriptEngine.java:119)
	at com.kms.katalon.core.main.TestCaseExecutor.runScript(TestCaseExecutor.java:336)
	at com.kms.katalon.core.main.TestCaseExecutor.doExecute(TestCaseExecutor.java:327)
	at com.kms.katalon.core.main.TestCaseExecutor.processExecutionPhase(TestCaseExecutor.java:306)
	at com.kms.katalon.core.main.TestCaseExecutor.accessMainPhase(TestCaseExecutor.java:298)
	at com.kms.katalon.core.main.TestCaseExecutor.execute(TestCaseExecutor.java:232)
	at com.kms.katalon.core.main.TestSuiteExecutor.accessTestCaseMainPhase(TestSuiteExecutor.java:129)
	at com.kms.katalon.core.main.TestSuiteExecutor.accessTestSuiteMainPhase(TestSuiteExecutor.java:112)
	at com.kms.katalon.core.main.TestSuiteExecutor.execute(TestSuiteExecutor.java:81)
	at com.kms.katalon.core.main.TestCaseMain.startTestSuite(TestCaseMain.java:157)
	at com.kms.katalon.core.main.TestCaseMain$startTestSuite$0.call(Unknown Source)
	at TempTestSuite1562751497427.run(TempTestSuite1562751497427.groovy:35)
)

2019-07-10 15:21:09 - [TEST_CASE][PASSED] - Test Cases/EnhancedRefrigerantManagement/TC_ERM_Navigation: Test Cases/EnhancedRefrigerantManagement/TC_ERM_Navigation

2019-07-10 15:21:09 - [TEST_STEP][PASSED] - runWithCucumberRunner(enhancedRefrigerantManagement.Runner_ERM_Navigation): Run with 'enhancedRefrigerantManagement.Runner_ERM_Navigation' was passed

2019-07-10 15:21:10 - [TEST_CASE][PASSED] - Test Cases/Login/TC_Login: Test Cases/Login/TC_Login

2019-07-10 15:21:10 - [TEST_STEP][PASSED] - runWithCucumberRunner(common.Runner_Login): Run with 'common.Runner_Login' was passed

2019-07-10 15:21:14 - [MESSAGE][PASSED] - Navigate to 'https://leedonline-stg.usgbc.org' successfully

2019-07-10 15:21:16 - [MESSAGE][PASSED] - Delayed 2 second(s)

2019-07-10 15:21:16 - [MESSAGE][PASSED] - Text 'automationbdd1@gmail.com' is set on object 'Object Repository/Login/input_username'

2019-07-10 15:21:16 - [MESSAGE][PASSED] - Text 'initpass' is set on object 'Object Repository/Login/input_password'

2019-07-10 15:21:19 - [MESSAGE][PASSED] - Delayed 3 second(s)

2019-07-10 15:21:19 - [MESSAGE][PASSED] - Scroll to object 'Object Repository/Login/span_End User License Agreement' successfully

2019-07-10 15:21:19 - [MESSAGE][PASSED] - Object 'Object Repository/Login/span_End User License Agreement' is visible

2019-07-10 15:21:19 - [MESSAGE][PASSED] - Object 'Object Repository/Login/span_End User License Agreement' is checked

2019-07-10 15:21:20 - [MESSAGE][PASSED] - Delayed 1 second(s)

2019-07-10 15:21:21 - [MESSAGE][PASSED] - Object: 'Object Repository/Login/button_Log In' is clicked on

2019-07-10 15:21:27 - [MESSAGE][PASSED] - Object: '' is clicked on

2019-07-10 15:21:29 - [MESSAGE][PASSED] - Object: 'Object Repository/Login/a_Credits' is clicked on

2019-07-10 15:21:29 - [MESSAGE][PASSED] - Run with 'common.Runner_Login' was passed

2019-07-10 15:21:29 - [MESSAGE][PASSED] - Call Test Case 'Test Cases/Login/TC_Login' successfully

2019-07-10 15:21:29 - [MESSAGE][PASSED] - Scroll to object 'Object Repository/EnhancedRefrigerantManagement/ERM_Navigation/div_Enhanced Refrigerant Management' successfully

2019-07-10 15:21:29 - [MESSAGE][PASSED] - Object 'Object Repository/EnhancedRefrigerantManagement/ERM_Navigation/div_Enhanced Refrigerant Management' is present

2019-07-10 15:21:29 - [MESSAGE][PASSED] - Text of object 'Object Repository/EnhancedRefrigerantManagement/ERM_Navigation/h3_Status' is: 'ATTEMPTED'

2019-07-10 15:21:29 - [MESSAGE][PASSED] - Text of object 'Object Repository/EnhancedRefrigerantManagement/ERM_Navigation/divval' is: 'ATTEMPTED'

2019-07-10 15:21:29 - [MESSAGE][PASSED] - Text of object 'Object Repository/EnhancedRefrigerantManagement/ERM_Navigation/h3_Status' is: 'ATTEMPTED'

2019-07-10 15:21:29 - [MESSAGE][PASSED] - Object: 'Object Repository/EnhancedRefrigerantManagement/ERM_Navigation/div_Enhanced Refrigerant Management' is clicked on

2019-07-10 15:21:32 - [MESSAGE][PASSED] - Delayed 3 second(s)

2019-07-10 15:21:36 - [MESSAGE][PASSED] - Object: 'Object Repository/EnhancedRefrigerantManagement/ERM_Navigation/span_(V01)' is clicked on

2019-07-10 15:21:36 - [MESSAGE][PASSED] - Object 'Object Repository/EnhancedRefrigerantManagement/ERM_Navigation/div_EnhancedRefrigerantManagement_Credit' is present

2019-07-10 15:21:36 - [MESSAGE][PASSED] - Run with 'enhancedRefrigerantManagement.Runner_ERM_Navigation' was passed

2019-07-10 15:21:36 - [MESSAGE][PASSED] - Call Test Case 'Test Cases/EnhancedRefrigerantManagement/TC_ERM_Navigation' successfully

2019-07-10 15:21:46 - [MESSAGE][PASSED] - Delayed 10 second(s)

2019-07-10 15:21:46 - [MESSAGE][PASSED] - Web element with id: 'Object Repository/EnhancedRefrigerantManagement/Autosave/span_Last draft saved on' located by 'By.xpath: //*[@id="credit-form"]/div[5]/div/span/span' is not present after '2' second(s)

2019-07-10 15:21:56 - [MESSAGE][PASSED] - Delayed 10 second(s)

2019-07-10 15:21:56 - [MESSAGE][WARNING] - Timeout '0' is invalid. Using default page load timeout: '30'

2019-07-10 15:21:56 - [MESSAGE][PASSED] - Scroll to object 'Object Repository/EnhancedRefrigerantManagement/Calc_Refrigerant_Impact_Opt2/AddFile_refrigerant_equi/input_refrigerant_equi' successfully

2019-07-10 15:21:56 - [MESSAGE][PASSED] - File 'H:/Git Projects/Usgbc_LeedOnline_ScoreCard/Usgbc_LeedOnline_ScoreCard/Include/TestData/MultipleFileDiffExt/ZZ.pdf' sent to object: 'Object Repository/EnhancedRefrigerantManagement/Calc_Refrigerant_Impact_Opt2/AddFile_refrigerant_equi/input_refrigerant_equi'

2019-07-10 15:22:11 - [MESSAGE][PASSED] - Delayed 15 second(s)

2019-07-10 15:22:11 - [MESSAGE][PASSED] - Web element with id: 'Object Repository/EnhancedRefrigerantManagement/Autosave/span_Last draft saved on' located by 'By.xpath: //*[@id="credit-form"]/div[5]/div/span/span' is not present after '2' second(s)

2019-07-10 15:22:11 - [MESSAGE][PASSED] - Scroll to object 'Object Repository/EnhancedRefrigerantManagement/Calc_Refrigerant_Impact_Opt2/select_one_radio/GreenChills_silver_level' successfully

2019-07-10 15:22:12 - [MESSAGE][PASSED] - Object 'Object Repository/EnhancedRefrigerantManagement/Calc_Refrigerant_Impact_Opt2/select_one_radio/GreenChills_silver_level' is present

2019-07-10 15:22:12 - [MESSAGE][PASSED] - Object 'Object Repository/EnhancedRefrigerantManagement/Calc_Refrigerant_Impact_Opt2/select_one_radio/GreenChills_silver_level' is checked

2019-07-10 15:22:22 - [MESSAGE][PASSED] - Delayed 10 second(s)

2019-07-10 15:22:22 - [MESSAGE][PASSED] - Text of object 'Object Repository/EnhancedRefrigerantManagement/Autosave/span_Last draft saved on' is: 'Last draft saved on: 10 Jul 2019 03:22:15 PM  Clear draft'

2019-07-10 15:22:22 - [MESSAGE][PASSED] - Scroll to object 'Object Repository/EnhancedRefrigerantManagement/Special Circumstances/EditorBox_splCircum/p_EditorBox' successfully

2019-07-10 15:22:22 - [MESSAGE][PASSED] - Object 'Object Repository/EnhancedRefrigerantManagement/Special Circumstances/EditorBox_splCircum/p_EditorBox' is present

2019-07-10 15:22:27 - [MESSAGE][PASSED] - Text 'Known that everybody have the personal aim. It is defferent . For example, there are some people think that the most important thing in them life is career. While there are other people think that is family. me too. The most important thing with my life is my small and big family. Because I see the mind is the most important. Let think that if you are verry rich while you alway are worry and sad, you will feel not happy. So I think we should spend many time for looking after our family. When we have a happy family, we will have power to try. At that time we will work better. How do you think. Anna and Henry go to the doctor. Anna has an ultrasound scan. HYTHW' is set on object 'Object Repository/EnhancedRefrigerantManagement/Special Circumstances/EditorBox_splCircum/body_splCircum'

2019-07-10 15:22:37 - [MESSAGE][PASSED] - Delayed 10 second(s)

2019-07-10 15:22:37 - [MESSAGE][PASSED] - Object 'Object Repository/EnhancedRefrigerantManagement/Autosave/span_Last draft saved on' is present

2019-07-10 15:22:37 - [MESSAGE][PASSED] - Text of object 'Object Repository/EnhancedRefrigerantManagement/Autosave/span_Last draft saved on' is: 'Last draft saved on: 10 Jul 2019 03:22:35 PM  Clear draft'

2019-07-10 15:22:37 - [MESSAGE][PASSED] - Actual text 'null' and expected text 'Last draft saved on: 10 Jul 2019 03:22:35 PM  Clear draft' are not matched 

2019-07-10 15:22:37 - [MESSAGE][PASSED] - Object 'Object Repository/EnhancedRefrigerantManagement/No_Refrigerants_Opt1/input_No_Refrigerants' is present

2019-07-10 15:22:40 - [MESSAGE][PASSED] - Delayed 3 second(s)

2019-07-10 15:22:40 - [MESSAGE][PASSED] - Object 'Object Repository/EnhancedRefrigerantManagement/No_Refrigerants_Opt1/input_No_Refrigerants' is checked

2019-07-10 15:22:43 - [MESSAGE][PASSED] - Delayed 3 second(s)

2019-07-10 15:22:53 - [MESSAGE][PASSED] - Delayed 10 second(s)

2019-07-10 15:22:53 - [MESSAGE][PASSED] - Object 'Object Repository/EnhancedRefrigerantManagement/Autosave/span_Last draft saved on' is present

2019-07-10 15:22:53 - [MESSAGE][PASSED] - Text of object 'Object Repository/EnhancedRefrigerantManagement/Autosave/span_Last draft saved on' is: 'Last draft saved on: 10 Jul 2019 03:22:45 PM  Clear draft'

2019-07-10 15:22:54 - [MESSAGE][PASSED] - Actual text 'null' and expected text 'Last draft saved on: 10 Jul 2019 03:22:45 PM  Clear draft' are not matched 

2019-07-10 15:22:54 - [MESSAGE][PASSED] - Object: 'Object Repository/EnhancedRefrigerantManagement/Autosave/a_Clear draft' is clicked on

2019-07-10 15:22:56 - [MESSAGE][PASSED] - Delayed 2 second(s)

2019-07-10 15:22:56 - [MESSAGE][PASSED] - Object: 'Object Repository/EnhancedRefrigerantManagement/Autosave/button_Yes' is clicked on

2019-07-10 15:22:56 - [MESSAGE][PASSED] - Object 'Object Repository/EnhancedRefrigerantManagement/Autosave/span_Last draft saved on' is present

2019-07-10 15:23:06 - [MESSAGE][PASSED] - Delayed 10 second(s)

2019-07-10 15:23:06 - [MESSAGE][PASSED] - Scroll to object 'Object Repository/EnhancedRefrigerantManagement/button_Save' successfully

2019-07-10 15:23:06 - [MESSAGE][PASSED] - Object 'Object Repository/EnhancedRefrigerantManagement/button_Save' is visible

2019-07-10 15:23:06 - [MESSAGE][PASSED] - Object: 'Object Repository/EnhancedRefrigerantManagement/button_Save' is clicked on

2019-07-10 15:23:06 - [MESSAGE][PASSED] - Web element with id: 'Object Repository/EnhancedRefrigerantManagement/Autosave/div_Form drafted and not yet saved' located by 'By.xpath: //div[@id='draftDataWarning']' is not present after '2' second(s)

2019-07-10 15:23:17 - [MESSAGE][INFO] - Unable to find the element located by 'By.xpath: //*[@id="commercialRefrigUpload_files"]/table/tbody'. Please recheck the objects properties to make sure the desired element is located. 

2019-07-10 15:23:17 - [MESSAGE][WARNING] - Timeout '0' is invalid. Using default page load timeout: '30'

2019-07-10 15:23:48 - [MESSAGE][INFO] - Unable to find the element located by 'By.xpath: //div[@id='creditHtmlForm']/iframe'. Please recheck the objects properties to make sure the desired element is located. 

2019-07-10 15:23:49 - [MESSAGE][FAILED] - com.kms.katalon.core.webui.exception.WebElementNotFoundException: Web element with id: 'Object Repository/EnergyEfficiencyBestManagementpractices/iframe' located by 'By.xpath: //div[@id='creditHtmlForm']/iframe' not found (Root cause: com.kms.katalon.core.exception.StepFailedException: com.kms.katalon.core.webui.exception.WebElementNotFoundException: Web element with id: 'Object Repository/EnergyEfficiencyBestManagementpractices/iframe' located by 'By.xpath: //div[@id='creditHtmlForm']/iframe' not found
	at com.kms.katalon.core.webui.keyword.internal.WebUIKeywordMain.stepFailed(WebUIKeywordMain.groovy:64)
	at com.kms.katalon.core.webui.keyword.builtin.VerifyElementPresentKeyword$_verifyElementPresent_closure1.doCall(VerifyElementPresentKeyword.groovy:85)
	at com.kms.katalon.core.webui.keyword.builtin.VerifyElementPresentKeyword$_verifyElementPresent_closure1.call(VerifyElementPresentKeyword.groovy)
	at com.kms.katalon.core.webui.keyword.internal.WebUIKeywordMain.runKeyword(WebUIKeywordMain.groovy:20)
	at com.kms.katalon.core.webui.keyword.builtin.VerifyElementPresentKeyword.verifyElementPresent(VerifyElementPresentKeyword.groovy:92)
	at com.kms.katalon.core.webui.keyword.builtin.VerifyElementPresentKeyword.execute(VerifyElementPresentKeyword.groovy:68)
	at com.kms.katalon.core.keyword.internal.KeywordExecutor.executeKeywordForPlatform(KeywordExecutor.groovy:56)
	at com.kms.katalon.core.webui.keyword.WebUiBuiltInKeywords.verifyElementPresent(WebUiBuiltInKeywords.groovy:1434)
	at com.kms.katalon.core.webui.keyword.WebUiBuiltInKeywords$verifyElementPresent$6.call(Unknown Source)
	at enhancedRefrigerantManagement.ERM_AutoSaveAsDraft.user_can_see_the_narrative_in_ERM_Form(ERM_AutoSaveAsDraft.groovy:180)
	at cucumber.runtime.Utils$1.call(Utils.java:26)
	at cucumber.runtime.Timeout.timeout(Timeout.java:16)
	at cucumber.runtime.Utils.invoke(Utils.java:20)
	at cucumber.runtime.java.JavaStepDefinition.execute(JavaStepDefinition.java:48)
	at cucumber.runtime.PickleStepDefinitionMatch.runStep(PickleStepDefinitionMatch.java:50)
	at cucumber.runner.TestStep.executeStep(TestStep.java:55)
	at cucumber.runner.TestStep.run(TestStep.java:42)
	at cucumber.runner.PickleStepTestStep.run(PickleStepTestStep.java:53)
	at cucumber.runner.TestCase.run(TestCase.java:47)
	at cucumber.runner.Runner.runPickle(Runner.java:44)
	at cucumber.runtime.junit.PickleRunners$NoStepDescriptions.run(PickleRunners.java:140)
	at cucumber.runtime.junit.FeatureRunner.runChild(FeatureRunner.java:68)
	at cucumber.runtime.junit.FeatureRunner.runChild(FeatureRunner.java:23)
	at org.junit.runners.ParentRunner$3.run(ParentRunner.java:290)
	at org.junit.runners.ParentRunner$1.schedule(ParentRunner.java:71)
	at org.junit.runners.ParentRunner.runChildren(ParentRunner.java:288)
	at org.junit.runners.ParentRunner.access$000(ParentRunner.java:58)
	at org.junit.runners.ParentRunner$2.evaluate(ParentRunner.java:268)
	at org.junit.runners.ParentRunner.run(ParentRunner.java:363)
	at cucumber.runtime.junit.FeatureRunner.run(FeatureRunner.java:73)
	at cucumber.api.junit.Cucumber.runChild(Cucumber.java:98)
	at cucumber.api.junit.Cucumber.runChild(Cucumber.java:55)
	at org.junit.runners.ParentRunner$3.run(ParentRunner.java:290)
	at org.junit.runners.ParentRunner$1.schedule(ParentRunner.java:71)
	at org.junit.runners.ParentRunner.runChildren(ParentRunner.java:288)
	at org.junit.runners.ParentRunner.access$000(ParentRunner.java:58)
	at org.junit.runners.ParentRunner$2.evaluate(ParentRunner.java:268)
	at cucumber.api.junit.Cucumber$1.evaluate(Cucumber.java:107)
	at org.junit.runners.ParentRunner.run(ParentRunner.java:363)
	at org.junit.runners.Suite.runChild(Suite.java:128)
	at org.junit.runners.Suite.runChild(Suite.java:27)
	at org.junit.runners.ParentRunner$3.run(ParentRunner.java:290)
	at org.junit.runners.ParentRunner$1.schedule(ParentRunner.java:71)
	at org.junit.runners.ParentRunner.runChildren(ParentRunner.java:288)
	at org.junit.runners.ParentRunner.access$000(ParentRunner.java:58)
	at org.junit.runners.ParentRunner$2.evaluate(ParentRunner.java:268)
	at org.junit.runners.ParentRunner.run(ParentRunner.java:363)
	at org.junit.runner.JUnitCore.run(JUnitCore.java:137)
	at org.junit.runner.JUnitCore.run(JUnitCore.java:115)
	at org.junit.runner.JUnitCore.run(JUnitCore.java:105)
	at com.kms.katalon.core.cucumber.keyword.CucumberBuiltinKeywords$_runWithCucumberRunner_closure3.doCall(CucumberBuiltinKeywords.groovy:260)
	at com.kms.katalon.core.cucumber.keyword.CucumberBuiltinKeywords$_runWithCucumberRunner_closure3.doCall(CucumberBuiltinKeywords.groovy)
	at com.kms.katalon.core.keyword.internal.KeywordMain.runKeyword(KeywordMain.groovy:66)
	at com.kms.katalon.core.keyword.internal.KeywordMain$runKeyword.call(Unknown Source)
	at com.kms.katalon.core.cucumber.keyword.CucumberBuiltinKeywords.runWithCucumberRunner(CucumberBuiltinKeywords.groovy:257)
	at com.kms.katalon.core.cucumber.keyword.CucumberBuiltinKeywords$runWithCucumberRunner$0.callStatic(Unknown Source)
	at com.kms.katalon.core.cucumber.keyword.CucumberBuiltinKeywords.runWithCucumberRunner(CucumberBuiltinKeywords.groovy:357)
	at com.kms.katalon.core.cucumber.keyword.CucumberBuiltinKeywords$runWithCucumberRunner.call(Unknown Source)
	at TC_ERM_AutoSaveAsDraft.run(TC_ERM_AutoSaveAsDraft:18)
	at com.kms.katalon.core.main.ScriptEngine.run(ScriptEngine.java:194)
	at com.kms.katalon.core.main.ScriptEngine.runScriptAsRawText(ScriptEngine.java:119)
	at com.kms.katalon.core.main.TestCaseExecutor.runScript(TestCaseExecutor.java:336)
	at com.kms.katalon.core.main.TestCaseExecutor.doExecute(TestCaseExecutor.java:327)
	at com.kms.katalon.core.main.TestCaseExecutor.processExecutionPhase(TestCaseExecutor.java:306)
	at com.kms.katalon.core.main.TestCaseExecutor.accessMainPhase(TestCaseExecutor.java:298)
	at com.kms.katalon.core.main.TestCaseExecutor.execute(TestCaseExecutor.java:232)
	at com.kms.katalon.core.main.TestSuiteExecutor.accessTestCaseMainPhase(TestSuiteExecutor.java:129)
	at com.kms.katalon.core.main.TestSuiteExecutor.accessTestSuiteMainPhase(TestSuiteExecutor.java:112)
	at com.kms.katalon.core.main.TestSuiteExecutor.execute(TestSuiteExecutor.java:81)
	at com.kms.katalon.core.main.TestCaseMain.startTestSuite(TestCaseMain.java:157)
	at com.kms.katalon.core.main.TestCaseMain$startTestSuite$0.call(Unknown Source)
	at TempTestSuite1562751497427.run(TempTestSuite1562751497427.groovy:35)
)
[[ATTACHMENT|H:\\Git Projects\\Usgbc_LeedOnline_ScoreCard\\Usgbc_LeedOnline_ScoreCard\\Reports\\ERM_SmokeTest\\20190710_150812\\1562752428617.png]]

2019-07-10 15:23:49 - [MESSAGE][FAILED] - Unable to verify object 'Object Repository/EnhancedRefrigerantManagement/Special Circumstances/EditorBox_splCircum/body_splCircum' is present (Root cause: com.kms.katalon.core.exception.StepFailedException: Unable to verify object 'Object Repository/EnhancedRefrigerantManagement/Special Circumstances/EditorBox_splCircum/body_splCircum' is present
	at com.kms.katalon.core.webui.keyword.internal.WebUIKeywordMain.stepFailed(WebUIKeywordMain.groovy:64)
	at com.kms.katalon.core.webui.keyword.internal.WebUIKeywordMain.runKeyword(WebUIKeywordMain.groovy:26)
	at com.kms.katalon.core.webui.keyword.builtin.VerifyElementPresentKeyword.verifyElementPresent(VerifyElementPresentKeyword.groovy:92)
	at com.kms.katalon.core.webui.keyword.builtin.VerifyElementPresentKeyword.execute(VerifyElementPresentKeyword.groovy:68)
	at com.kms.katalon.core.keyword.internal.KeywordExecutor.executeKeywordForPlatform(KeywordExecutor.groovy:56)
	at com.kms.katalon.core.webui.keyword.WebUiBuiltInKeywords.verifyElementPresent(WebUiBuiltInKeywords.groovy:1434)
	at com.kms.katalon.core.webui.keyword.WebUiBuiltInKeywords$verifyElementPresent$6.call(Unknown Source)
	at enhancedRefrigerantManagement.ERM_AutoSaveAsDraft.user_can_see_the_narrative_in_ERM_Form(ERM_AutoSaveAsDraft.groovy:180)
	at cucumber.runtime.Utils$1.call(Utils.java:26)
	at cucumber.runtime.Timeout.timeout(Timeout.java:16)
	at cucumber.runtime.Utils.invoke(Utils.java:20)
	at cucumber.runtime.java.JavaStepDefinition.execute(JavaStepDefinition.java:48)
	at cucumber.runtime.PickleStepDefinitionMatch.runStep(PickleStepDefinitionMatch.java:50)
	at cucumber.runner.TestStep.executeStep(TestStep.java:55)
	at cucumber.runner.TestStep.run(TestStep.java:42)
	at cucumber.runner.PickleStepTestStep.run(PickleStepTestStep.java:53)
	at cucumber.runner.TestCase.run(TestCase.java:47)
	at cucumber.runner.Runner.runPickle(Runner.java:44)
	at cucumber.runtime.junit.PickleRunners$NoStepDescriptions.run(PickleRunners.java:140)
	at cucumber.runtime.junit.FeatureRunner.runChild(FeatureRunner.java:68)
	at cucumber.runtime.junit.FeatureRunner.runChild(FeatureRunner.java:23)
	at org.junit.runners.ParentRunner$3.run(ParentRunner.java:290)
	at org.junit.runners.ParentRunner$1.schedule(ParentRunner.java:71)
	at org.junit.runners.ParentRunner.runChildren(ParentRunner.java:288)
	at org.junit.runners.ParentRunner.access$000(ParentRunner.java:58)
	at org.junit.runners.ParentRunner$2.evaluate(ParentRunner.java:268)
	at org.junit.runners.ParentRunner.run(ParentRunner.java:363)
	at cucumber.runtime.junit.FeatureRunner.run(FeatureRunner.java:73)
	at cucumber.api.junit.Cucumber.runChild(Cucumber.java:98)
	at cucumber.api.junit.Cucumber.runChild(Cucumber.java:55)
	at org.junit.runners.ParentRunner$3.run(ParentRunner.java:290)
	at org.junit.runners.ParentRunner$1.schedule(ParentRunner.java:71)
	at org.junit.runners.ParentRunner.runChildren(ParentRunner.java:288)
	at org.junit.runners.ParentRunner.access$000(ParentRunner.java:58)
	at org.junit.runners.ParentRunner$2.evaluate(ParentRunner.java:268)
	at cucumber.api.junit.Cucumber$1.evaluate(Cucumber.java:107)
	at org.junit.runners.ParentRunner.run(ParentRunner.java:363)
	at org.junit.runners.Suite.runChild(Suite.java:128)
	at org.junit.runners.Suite.runChild(Suite.java:27)
	at org.junit.runners.ParentRunner$3.run(ParentRunner.java:290)
	at org.junit.runners.ParentRunner$1.schedule(ParentRunner.java:71)
	at org.junit.runners.ParentRunner.runChildren(ParentRunner.java:288)
	at org.junit.runners.ParentRunner.access$000(ParentRunner.java:58)
	at org.junit.runners.ParentRunner$2.evaluate(ParentRunner.java:268)
	at org.junit.runners.ParentRunner.run(ParentRunner.java:363)
	at org.junit.runner.JUnitCore.run(JUnitCore.java:137)
	at org.junit.runner.JUnitCore.run(JUnitCore.java:115)
	at org.junit.runner.JUnitCore.run(JUnitCore.java:105)
	at com.kms.katalon.core.cucumber.keyword.CucumberBuiltinKeywords$_runWithCucumberRunner_closure3.doCall(CucumberBuiltinKeywords.groovy:260)
	at com.kms.katalon.core.cucumber.keyword.CucumberBuiltinKeywords$_runWithCucumberRunner_closure3.doCall(CucumberBuiltinKeywords.groovy)
	at com.kms.katalon.core.keyword.internal.KeywordMain.runKeyword(KeywordMain.groovy:66)
	at com.kms.katalon.core.keyword.internal.KeywordMain$runKeyword.call(Unknown Source)
	at com.kms.katalon.core.cucumber.keyword.CucumberBuiltinKeywords.runWithCucumberRunner(CucumberBuiltinKeywords.groovy:257)
	at com.kms.katalon.core.cucumber.keyword.CucumberBuiltinKeywords$runWithCucumberRunner$0.callStatic(Unknown Source)
	at com.kms.katalon.core.cucumber.keyword.CucumberBuiltinKeywords.runWithCucumberRunner(CucumberBuiltinKeywords.groovy:357)
	at com.kms.katalon.core.cucumber.keyword.CucumberBuiltinKeywords$runWithCucumberRunner.call(Unknown Source)
	at TC_ERM_AutoSaveAsDraft.run(TC_ERM_AutoSaveAsDraft:18)
	at com.kms.katalon.core.main.ScriptEngine.run(ScriptEngine.java:194)
	at com.kms.katalon.core.main.ScriptEngine.runScriptAsRawText(ScriptEngine.java:119)
	at com.kms.katalon.core.main.TestCaseExecutor.runScript(TestCaseExecutor.java:336)
	at com.kms.katalon.core.main.TestCaseExecutor.doExecute(TestCaseExecutor.java:327)
	at com.kms.katalon.core.main.TestCaseExecutor.processExecutionPhase(TestCaseExecutor.java:306)
	at com.kms.katalon.core.main.TestCaseExecutor.accessMainPhase(TestCaseExecutor.java:298)
	at com.kms.katalon.core.main.TestCaseExecutor.execute(TestCaseExecutor.java:232)
	at com.kms.katalon.core.main.TestSuiteExecutor.accessTestCaseMainPhase(TestSuiteExecutor.java:129)
	at com.kms.katalon.core.main.TestSuiteExecutor.accessTestSuiteMainPhase(TestSuiteExecutor.java:112)
	at com.kms.katalon.core.main.TestSuiteExecutor.execute(TestSuiteExecutor.java:81)
	at com.kms.katalon.core.main.TestCaseMain.startTestSuite(TestCaseMain.java:157)
	at com.kms.katalon.core.main.TestCaseMain$startTestSuite$0.call(Unknown Source)
	at TempTestSuite1562751497427.run(TempTestSuite1562751497427.groovy:35)
Caused by: com.kms.katalon.core.exception.StepFailedException: com.kms.katalon.core.webui.exception.WebElementNotFoundException: Web element with id: 'Object Repository/EnergyEfficiencyBestManagementpractices/iframe' located by 'By.xpath: //div[@id='creditHtmlForm']/iframe' not found
	at com.kms.katalon.core.webui.keyword.internal.WebUIKeywordMain.stepFailed(WebUIKeywordMain.groovy:64)
	at com.kms.katalon.core.webui.keyword.builtin.VerifyElementPresentKeyword$_verifyElementPresent_closure1.doCall(VerifyElementPresentKeyword.groovy:85)
	at com.kms.katalon.core.webui.keyword.builtin.VerifyElementPresentKeyword$_verifyElementPresent_closure1.call(VerifyElementPresentKeyword.groovy)
	at com.kms.katalon.core.webui.keyword.internal.WebUIKeywordMain.runKeyword(WebUIKeywordMain.groovy:20)
	... 68 more
)
[[ATTACHMENT|H:\\Git Projects\\Usgbc_LeedOnline_ScoreCard\\Usgbc_LeedOnline_ScoreCard\\Reports\\ERM_SmokeTest\\20190710_150812\\1562752429052.png]]

2019-07-10 15:23:49 - [MESSAGE][WARNING] - Timeout '0' is invalid. Using default page load timeout: '30'

2019-07-10 15:24:20 - [MESSAGE][INFO] - Unable to find the element located by 'By.xpath: //div[@id='creditHtmlForm']/iframe'. Please recheck the objects properties to make sure the desired element is located. 

2019-07-10 15:24:21 - [MESSAGE][FAILED] - com.kms.katalon.core.webui.exception.WebElementNotFoundException: Web element with id: 'Object Repository/EnergyEfficiencyBestManagementpractices/iframe' located by 'By.xpath: //div[@id='creditHtmlForm']/iframe' not found (Root cause: com.kms.katalon.core.exception.StepFailedException: com.kms.katalon.core.webui.exception.WebElementNotFoundException: Web element with id: 'Object Repository/EnergyEfficiencyBestManagementpractices/iframe' located by 'By.xpath: //div[@id='creditHtmlForm']/iframe' not found
	at com.kms.katalon.core.webui.keyword.internal.WebUIKeywordMain.stepFailed(WebUIKeywordMain.groovy:64)
	at com.kms.katalon.core.webui.keyword.builtin.VerifyElementPresentKeyword$_verifyElementPresent_closure1.doCall(VerifyElementPresentKeyword.groovy:85)
	at com.kms.katalon.core.webui.keyword.builtin.VerifyElementPresentKeyword$_verifyElementPresent_closure1.call(VerifyElementPresentKeyword.groovy)
	at com.kms.katalon.core.webui.keyword.internal.WebUIKeywordMain.runKeyword(WebUIKeywordMain.groovy:20)
	at com.kms.katalon.core.webui.keyword.builtin.VerifyElementPresentKeyword.verifyElementPresent(VerifyElementPresentKeyword.groovy:92)
	at com.kms.katalon.core.webui.keyword.builtin.VerifyElementPresentKeyword.execute(VerifyElementPresentKeyword.groovy:68)
	at com.kms.katalon.core.keyword.internal.KeywordExecutor.executeKeywordForPlatform(KeywordExecutor.groovy:56)
	at com.kms.katalon.core.webui.keyword.WebUiBuiltInKeywords.verifyElementPresent(WebUiBuiltInKeywords.groovy:1434)
	at com.kms.katalon.core.webui.keyword.WebUiBuiltInKeywords$verifyElementPresent$6.call(Unknown Source)
	at enhancedRefrigerantManagement.ERM_AutoSaveAsDraft.user_can_see_the_narrative_in_ERM_Form(ERM_AutoSaveAsDraft.groovy:180)
	at cucumber.runtime.Utils$1.call(Utils.java:26)
	at cucumber.runtime.Timeout.timeout(Timeout.java:16)
	at cucumber.runtime.Utils.invoke(Utils.java:20)
	at cucumber.runtime.java.JavaStepDefinition.execute(JavaStepDefinition.java:48)
	at cucumber.runtime.PickleStepDefinitionMatch.runStep(PickleStepDefinitionMatch.java:50)
	at cucumber.runner.TestStep.executeStep(TestStep.java:55)
	at cucumber.runner.TestStep.run(TestStep.java:42)
	at cucumber.runner.PickleStepTestStep.run(PickleStepTestStep.java:53)
	at cucumber.runner.TestCase.run(TestCase.java:47)
	at cucumber.runner.Runner.runPickle(Runner.java:44)
	at cucumber.runtime.junit.PickleRunners$NoStepDescriptions.run(PickleRunners.java:140)
	at cucumber.runtime.junit.FeatureRunner.runChild(FeatureRunner.java:68)
	at cucumber.runtime.junit.FeatureRunner.runChild(FeatureRunner.java:23)
	at org.junit.runners.ParentRunner$3.run(ParentRunner.java:290)
	at org.junit.runners.ParentRunner$1.schedule(ParentRunner.java:71)
	at org.junit.runners.ParentRunner.runChildren(ParentRunner.java:288)
	at org.junit.runners.ParentRunner.access$000(ParentRunner.java:58)
	at org.junit.runners.ParentRunner$2.evaluate(ParentRunner.java:268)
	at org.junit.runners.ParentRunner.run(ParentRunner.java:363)
	at cucumber.runtime.junit.FeatureRunner.run(FeatureRunner.java:73)
	at cucumber.api.junit.Cucumber.runChild(Cucumber.java:98)
	at cucumber.api.junit.Cucumber.runChild(Cucumber.java:55)
	at org.junit.runners.ParentRunner$3.run(ParentRunner.java:290)
	at org.junit.runners.ParentRunner$1.schedule(ParentRunner.java:71)
	at org.junit.runners.ParentRunner.runChildren(ParentRunner.java:288)
	at org.junit.runners.ParentRunner.access$000(ParentRunner.java:58)
	at org.junit.runners.ParentRunner$2.evaluate(ParentRunner.java:268)
	at cucumber.api.junit.Cucumber$1.evaluate(Cucumber.java:107)
	at org.junit.runners.ParentRunner.run(ParentRunner.java:363)
	at org.junit.runners.Suite.runChild(Suite.java:128)
	at org.junit.runners.Suite.runChild(Suite.java:27)
	at org.junit.runners.ParentRunner$3.run(ParentRunner.java:290)
	at org.junit.runners.ParentRunner$1.schedule(ParentRunner.java:71)
	at org.junit.runners.ParentRunner.runChildren(ParentRunner.java:288)
	at org.junit.runners.ParentRunner.access$000(ParentRunner.java:58)
	at org.junit.runners.ParentRunner$2.evaluate(ParentRunner.java:268)
	at org.junit.runners.ParentRunner.run(ParentRunner.java:363)
	at org.junit.runner.JUnitCore.run(JUnitCore.java:137)
	at org.junit.runner.JUnitCore.run(JUnitCore.java:115)
	at org.junit.runner.JUnitCore.run(JUnitCore.java:105)
	at com.kms.katalon.core.cucumber.keyword.CucumberBuiltinKeywords$_runWithCucumberRunner_closure3.doCall(CucumberBuiltinKeywords.groovy:260)
	at com.kms.katalon.core.cucumber.keyword.CucumberBuiltinKeywords$_runWithCucumberRunner_closure3.doCall(CucumberBuiltinKeywords.groovy)
	at com.kms.katalon.core.keyword.internal.KeywordMain.runKeyword(KeywordMain.groovy:66)
	at com.kms.katalon.core.keyword.internal.KeywordMain$runKeyword.call(Unknown Source)
	at com.kms.katalon.core.cucumber.keyword.CucumberBuiltinKeywords.runWithCucumberRunner(CucumberBuiltinKeywords.groovy:257)
	at com.kms.katalon.core.cucumber.keyword.CucumberBuiltinKeywords$runWithCucumberRunner$0.callStatic(Unknown Source)
	at com.kms.katalon.core.cucumber.keyword.CucumberBuiltinKeywords.runWithCucumberRunner(CucumberBuiltinKeywords.groovy:357)
	at com.kms.katalon.core.cucumber.keyword.CucumberBuiltinKeywords$runWithCucumberRunner.call(Unknown Source)
	at TC_ERM_AutoSaveAsDraft.run(TC_ERM_AutoSaveAsDraft:18)
	at com.kms.katalon.core.main.ScriptEngine.run(ScriptEngine.java:194)
	at com.kms.katalon.core.main.ScriptEngine.runScriptAsRawText(ScriptEngine.java:119)
	at com.kms.katalon.core.main.TestCaseExecutor.runScript(TestCaseExecutor.java:336)
	at com.kms.katalon.core.main.TestCaseExecutor.doExecute(TestCaseExecutor.java:327)
	at com.kms.katalon.core.main.TestCaseExecutor.processExecutionPhase(TestCaseExecutor.java:306)
	at com.kms.katalon.core.main.TestCaseExecutor.accessMainPhase(TestCaseExecutor.java:298)
	at com.kms.katalon.core.main.TestCaseExecutor.execute(TestCaseExecutor.java:232)
	at com.kms.katalon.core.main.TestSuiteExecutor.accessTestCaseMainPhase(TestSuiteExecutor.java:129)
	at com.kms.katalon.core.main.TestSuiteExecutor.accessTestSuiteMainPhase(TestSuiteExecutor.java:112)
	at com.kms.katalon.core.main.TestSuiteExecutor.execute(TestSuiteExecutor.java:81)
	at com.kms.katalon.core.main.TestCaseMain.startTestSuite(TestCaseMain.java:157)
	at com.kms.katalon.core.main.TestCaseMain$startTestSuite$0.call(Unknown Source)
	at TempTestSuite1562751497427.run(TempTestSuite1562751497427.groovy:35)
)
[[ATTACHMENT|H:\\Git Projects\\Usgbc_LeedOnline_ScoreCard\\Usgbc_LeedOnline_ScoreCard\\Reports\\ERM_SmokeTest\\20190710_150812\\1562752460741.png]]

2019-07-10 15:24:21 - [MESSAGE][FAILED] - Unable to verify object 'Object Repository/EnhancedRefrigerantManagement/Special Circumstances/EditorBox_splCircum/body_splCircum' is present (Root cause: com.kms.katalon.core.exception.StepFailedException: Unable to verify object 'Object Repository/EnhancedRefrigerantManagement/Special Circumstances/EditorBox_splCircum/body_splCircum' is present
	at com.kms.katalon.core.webui.keyword.internal.WebUIKeywordMain.stepFailed(WebUIKeywordMain.groovy:64)
	at com.kms.katalon.core.webui.keyword.internal.WebUIKeywordMain.runKeyword(WebUIKeywordMain.groovy:26)
	at com.kms.katalon.core.webui.keyword.builtin.VerifyElementPresentKeyword.verifyElementPresent(VerifyElementPresentKeyword.groovy:92)
	at com.kms.katalon.core.webui.keyword.builtin.VerifyElementPresentKeyword.execute(VerifyElementPresentKeyword.groovy:68)
	at com.kms.katalon.core.keyword.internal.KeywordExecutor.executeKeywordForPlatform(KeywordExecutor.groovy:56)
	at com.kms.katalon.core.webui.keyword.WebUiBuiltInKeywords.verifyElementPresent(WebUiBuiltInKeywords.groovy:1434)
	at com.kms.katalon.core.webui.keyword.WebUiBuiltInKeywords$verifyElementPresent$6.call(Unknown Source)
	at enhancedRefrigerantManagement.ERM_AutoSaveAsDraft.user_can_see_the_narrative_in_ERM_Form(ERM_AutoSaveAsDraft.groovy:180)
	at cucumber.runtime.Utils$1.call(Utils.java:26)
	at cucumber.runtime.Timeout.timeout(Timeout.java:16)
	at cucumber.runtime.Utils.invoke(Utils.java:20)
	at cucumber.runtime.java.JavaStepDefinition.execute(JavaStepDefinition.java:48)
	at cucumber.runtime.PickleStepDefinitionMatch.runStep(PickleStepDefinitionMatch.java:50)
	at cucumber.runner.TestStep.executeStep(TestStep.java:55)
	at cucumber.runner.TestStep.run(TestStep.java:42)
	at cucumber.runner.PickleStepTestStep.run(PickleStepTestStep.java:53)
	at cucumber.runner.TestCase.run(TestCase.java:47)
	at cucumber.runner.Runner.runPickle(Runner.java:44)
	at cucumber.runtime.junit.PickleRunners$NoStepDescriptions.run(PickleRunners.java:140)
	at cucumber.runtime.junit.FeatureRunner.runChild(FeatureRunner.java:68)
	at cucumber.runtime.junit.FeatureRunner.runChild(FeatureRunner.java:23)
	at org.junit.runners.ParentRunner$3.run(ParentRunner.java:290)
	at org.junit.runners.ParentRunner$1.schedule(ParentRunner.java:71)
	at org.junit.runners.ParentRunner.runChildren(ParentRunner.java:288)
	at org.junit.runners.ParentRunner.access$000(ParentRunner.java:58)
	at org.junit.runners.ParentRunner$2.evaluate(ParentRunner.java:268)
	at org.junit.runners.ParentRunner.run(ParentRunner.java:363)
	at cucumber.runtime.junit.FeatureRunner.run(FeatureRunner.java:73)
	at cucumber.api.junit.Cucumber.runChild(Cucumber.java:98)
	at cucumber.api.junit.Cucumber.runChild(Cucumber.java:55)
	at org.junit.runners.ParentRunner$3.run(ParentRunner.java:290)
	at org.junit.runners.ParentRunner$1.schedule(ParentRunner.java:71)
	at org.junit.runners.ParentRunner.runChildren(ParentRunner.java:288)
	at org.junit.runners.ParentRunner.access$000(ParentRunner.java:58)
	at org.junit.runners.ParentRunner$2.evaluate(ParentRunner.java:268)
	at cucumber.api.junit.Cucumber$1.evaluate(Cucumber.java:107)
	at org.junit.runners.ParentRunner.run(ParentRunner.java:363)
	at org.junit.runners.Suite.runChild(Suite.java:128)
	at org.junit.runners.Suite.runChild(Suite.java:27)
	at org.junit.runners.ParentRunner$3.run(ParentRunner.java:290)
	at org.junit.runners.ParentRunner$1.schedule(ParentRunner.java:71)
	at org.junit.runners.ParentRunner.runChildren(ParentRunner.java:288)
	at org.junit.runners.ParentRunner.access$000(ParentRunner.java:58)
	at org.junit.runners.ParentRunner$2.evaluate(ParentRunner.java:268)
	at org.junit.runners.ParentRunner.run(ParentRunner.java:363)
	at org.junit.runner.JUnitCore.run(JUnitCore.java:137)
	at org.junit.runner.JUnitCore.run(JUnitCore.java:115)
	at org.junit.runner.JUnitCore.run(JUnitCore.java:105)
	at com.kms.katalon.core.cucumber.keyword.CucumberBuiltinKeywords$_runWithCucumberRunner_closure3.doCall(CucumberBuiltinKeywords.groovy:260)
	at com.kms.katalon.core.cucumber.keyword.CucumberBuiltinKeywords$_runWithCucumberRunner_closure3.doCall(CucumberBuiltinKeywords.groovy)
	at com.kms.katalon.core.keyword.internal.KeywordMain.runKeyword(KeywordMain.groovy:66)
	at com.kms.katalon.core.keyword.internal.KeywordMain$runKeyword.call(Unknown Source)
	at com.kms.katalon.core.cucumber.keyword.CucumberBuiltinKeywords.runWithCucumberRunner(CucumberBuiltinKeywords.groovy:257)
	at com.kms.katalon.core.cucumber.keyword.CucumberBuiltinKeywords$runWithCucumberRunner$0.callStatic(Unknown Source)
	at com.kms.katalon.core.cucumber.keyword.CucumberBuiltinKeywords.runWithCucumberRunner(CucumberBuiltinKeywords.groovy:357)
	at com.kms.katalon.core.cucumber.keyword.CucumberBuiltinKeywords$runWithCucumberRunner.call(Unknown Source)
	at TC_ERM_AutoSaveAsDraft.run(TC_ERM_AutoSaveAsDraft:18)
	at com.kms.katalon.core.main.ScriptEngine.run(ScriptEngine.java:194)
	at com.kms.katalon.core.main.ScriptEngine.runScriptAsRawText(ScriptEngine.java:119)
	at com.kms.katalon.core.main.TestCaseExecutor.runScript(TestCaseExecutor.java:336)
	at com.kms.katalon.core.main.TestCaseExecutor.doExecute(TestCaseExecutor.java:327)
	at com.kms.katalon.core.main.TestCaseExecutor.processExecutionPhase(TestCaseExecutor.java:306)
	at com.kms.katalon.core.main.TestCaseExecutor.accessMainPhase(TestCaseExecutor.java:298)
	at com.kms.katalon.core.main.TestCaseExecutor.execute(TestCaseExecutor.java:232)
	at com.kms.katalon.core.main.TestSuiteExecutor.accessTestCaseMainPhase(TestSuiteExecutor.java:129)
	at com.kms.katalon.core.main.TestSuiteExecutor.accessTestSuiteMainPhase(TestSuiteExecutor.java:112)
	at com.kms.katalon.core.main.TestSuiteExecutor.execute(TestSuiteExecutor.java:81)
	at com.kms.katalon.core.main.TestCaseMain.startTestSuite(TestCaseMain.java:157)
	at com.kms.katalon.core.main.TestCaseMain$startTestSuite$0.call(Unknown Source)
	at TempTestSuite1562751497427.run(TempTestSuite1562751497427.groovy:35)
Caused by: com.kms.katalon.core.exception.StepFailedException: com.kms.katalon.core.webui.exception.WebElementNotFoundException: Web element with id: 'Object Repository/EnergyEfficiencyBestManagementpractices/iframe' located by 'By.xpath: //div[@id='creditHtmlForm']/iframe' not found
	at com.kms.katalon.core.webui.keyword.internal.WebUIKeywordMain.stepFailed(WebUIKeywordMain.groovy:64)
	at com.kms.katalon.core.webui.keyword.builtin.VerifyElementPresentKeyword$_verifyElementPresent_closure1.doCall(VerifyElementPresentKeyword.groovy:85)
	at com.kms.katalon.core.webui.keyword.builtin.VerifyElementPresentKeyword$_verifyElementPresent_closure1.call(VerifyElementPresentKeyword.groovy)
	at com.kms.katalon.core.webui.keyword.internal.WebUIKeywordMain.runKeyword(WebUIKeywordMain.groovy:20)
	... 68 more
)
[[ATTACHMENT|H:\\Git Projects\\Usgbc_LeedOnline_ScoreCard\\Usgbc_LeedOnline_ScoreCard\\Reports\\ERM_SmokeTest\\20190710_150812\\1562752461147.png]]

2019-07-10 15:24:21 - [MESSAGE][FAILED] - These following reason:
 [Web element with id: 'Object Repository/EnhancedRefrigerantManagement/Calc_Refrigerant_Impact_Opt2/AddFile_refrigerant_equi/tbody_Table_refrigerant_equi' located by 'By.xpath: //*[@id="commercialRefrigUpload_files"]/table/tbody' not found, Unable to verify object 'Object Repository/EnhancedRefrigerantManagement/Special Circumstances/EditorBox_splCircum/body_splCircum' is present, Unable to verify object 'Object Repository/EnhancedRefrigerantManagement/Special Circumstances/EditorBox_splCircum/body_splCircum' is present]

2019-07-10 15:24:21 - [MESSAGE][FAILED] - Keyword runWithCucumberRunner was failed (Root cause: com.kms.katalon.core.exception.StepFailedException: These following reason:
 [Web element with id: 'Object Repository/EnhancedRefrigerantManagement/Calc_Refrigerant_Impact_Opt2/AddFile_refrigerant_equi/tbody_Table_refrigerant_equi' located by 'By.xpath: //*[@id="commercialRefrigUpload_files"]/table/tbody' not found, Unable to verify object 'Object Repository/EnhancedRefrigerantManagement/Special Circumstances/EditorBox_splCircum/body_splCircum' is present, Unable to verify object 'Object Repository/EnhancedRefrigerantManagement/Special Circumstances/EditorBox_splCircum/body_splCircum' is present]
	at com.kms.katalon.core.keyword.internal.KeywordMain.stepFailed(KeywordMain.groovy:48)
	at com.kms.katalon.core.keyword.internal.KeywordMain.stepFailed(KeywordMain.groovy)
	at com.kms.katalon.core.keyword.internal.KeywordMain.stepFailed(KeywordMain.groovy:21)
	at com.kms.katalon.core.keyword.internal.KeywordMain$stepFailed$0.call(Unknown Source)
	at com.kms.katalon.core.cucumber.keyword.CucumberBuiltinKeywords$_runWithCucumberRunner_closure3.doCall(CucumberBuiltinKeywords.groovy:272)
	at com.kms.katalon.core.cucumber.keyword.CucumberBuiltinKeywords$_runWithCucumberRunner_closure3.doCall(CucumberBuiltinKeywords.groovy)
	at com.kms.katalon.core.keyword.internal.KeywordMain.runKeyword(KeywordMain.groovy:66)
	at com.kms.katalon.core.keyword.internal.KeywordMain$runKeyword.call(Unknown Source)
	at com.kms.katalon.core.cucumber.keyword.CucumberBuiltinKeywords.runWithCucumberRunner(CucumberBuiltinKeywords.groovy:257)
	at com.kms.katalon.core.cucumber.keyword.CucumberBuiltinKeywords$runWithCucumberRunner$0.callStatic(Unknown Source)
	at com.kms.katalon.core.cucumber.keyword.CucumberBuiltinKeywords.runWithCucumberRunner(CucumberBuiltinKeywords.groovy:357)
	at com.kms.katalon.core.cucumber.keyword.CucumberBuiltinKeywords$runWithCucumberRunner.call(Unknown Source)
	at TC_ERM_AutoSaveAsDraft.run(TC_ERM_AutoSaveAsDraft:18)
	at com.kms.katalon.core.main.ScriptEngine.run(ScriptEngine.java:194)
	at com.kms.katalon.core.main.ScriptEngine.runScriptAsRawText(ScriptEngine.java:119)
	at com.kms.katalon.core.main.TestCaseExecutor.runScript(TestCaseExecutor.java:336)
	at com.kms.katalon.core.main.TestCaseExecutor.doExecute(TestCaseExecutor.java:327)
	at com.kms.katalon.core.main.TestCaseExecutor.processExecutionPhase(TestCaseExecutor.java:306)
	at com.kms.katalon.core.main.TestCaseExecutor.accessMainPhase(TestCaseExecutor.java:298)
	at com.kms.katalon.core.main.TestCaseExecutor.execute(TestCaseExecutor.java:232)
	at com.kms.katalon.core.main.TestSuiteExecutor.accessTestCaseMainPhase(TestSuiteExecutor.java:129)
	at com.kms.katalon.core.main.TestSuiteExecutor.accessTestSuiteMainPhase(TestSuiteExecutor.java:112)
	at com.kms.katalon.core.main.TestSuiteExecutor.execute(TestSuiteExecutor.java:81)
	at com.kms.katalon.core.main.TestCaseMain.startTestSuite(TestCaseMain.java:157)
	at com.kms.katalon.core.main.TestCaseMain$startTestSuite$0.call(Unknown Source)
	at TempTestSuite1562751497427.run(TempTestSuite1562751497427.groovy:35)
)

2019-07-10 15:24:21 - [TEST_STEP][PASSED] - Start listener action : sampleAfterTestCase: Browser is closed

2019-07-10 15:24:21 - [TEST_STEP][PASSED] - closeBrowser(): Browser is closed

2019-07-10 15:24:22 - [MESSAGE][PASSED] - Browser is closed]]></system-out>
         <system-err><![CDATA[2019-07-10 15:21:06 - [TEST_CASE][FAILED] - Test Cases/EnhancedRefrigerantManagement/TC_ERM_AutoSaveAsDraft: Test Cases/EnhancedRefrigerantManagement/TC_ERM_AutoSaveAsDraft FAILED.
Reason:
com.kms.katalon.core.exception.StepFailedException: These following reason:
 [Web element with id: 'Object Repository/EnhancedRefrigerantManagement/Calc_Refrigerant_Impact_Opt2/AddFile_refrigerant_equi/tbody_Table_refrigerant_equi' located by 'By.xpath: //*[@id="commercialRefrigUpload_files"]/table/tbody' not found, Unable to verify object 'Object Repository/EnhancedRefrigerantManagement/Special Circumstances/EditorBox_splCircum/body_splCircum' is present, Unable to verify object 'Object Repository/EnhancedRefrigerantManagement/Special Circumstances/EditorBox_splCircum/body_splCircum' is present]
	at com.kms.katalon.core.keyword.internal.KeywordMain.stepFailed(KeywordMain.groovy:48)
	at com.kms.katalon.core.keyword.internal.KeywordMain.stepFailed(KeywordMain.groovy)
	at com.kms.katalon.core.keyword.internal.KeywordMain.stepFailed(KeywordMain.groovy:21)
	at com.kms.katalon.core.keyword.internal.KeywordMain$stepFailed$0.call(Unknown Source)
	at com.kms.katalon.core.cucumber.keyword.CucumberBuiltinKeywords$_runWithCucumberRunner_closure3.doCall(CucumberBuiltinKeywords.groovy:272)
	at com.kms.katalon.core.cucumber.keyword.CucumberBuiltinKeywords$_runWithCucumberRunner_closure3.doCall(CucumberBuiltinKeywords.groovy)
	at com.kms.katalon.core.keyword.internal.KeywordMain.runKeyword(KeywordMain.groovy:66)
	at com.kms.katalon.core.keyword.internal.KeywordMain$runKeyword.call(Unknown Source)
	at com.kms.katalon.core.cucumber.keyword.CucumberBuiltinKeywords.runWithCucumberRunner(CucumberBuiltinKeywords.groovy:257)
	at com.kms.katalon.core.cucumber.keyword.CucumberBuiltinKeywords$runWithCucumberRunner$0.callStatic(Unknown Source)
	at com.kms.katalon.core.cucumber.keyword.CucumberBuiltinKeywords.runWithCucumberRunner(CucumberBuiltinKeywords.groovy:357)
	at com.kms.katalon.core.cucumber.keyword.CucumberBuiltinKeywords$runWithCucumberRunner.call(Unknown Source)
	at TC_ERM_AutoSaveAsDraft.run(TC_ERM_AutoSaveAsDraft:18)
	at com.kms.katalon.core.main.ScriptEngine.run(ScriptEngine.java:194)
	at com.kms.katalon.core.main.ScriptEngine.runScriptAsRawText(ScriptEngine.java:119)
	at com.kms.katalon.core.main.TestCaseExecutor.runScript(TestCaseExecutor.java:336)
	at com.kms.katalon.core.main.TestCaseExecutor.doExecute(TestCaseExecutor.java:327)
	at com.kms.katalon.core.main.TestCaseExecutor.processExecutionPhase(TestCaseExecutor.java:306)
	at com.kms.katalon.core.main.TestCaseExecutor.accessMainPhase(TestCaseExecutor.java:298)
	at com.kms.katalon.core.main.TestCaseExecutor.execute(TestCaseExecutor.java:232)
	at com.kms.katalon.core.main.TestSuiteExecutor.accessTestCaseMainPhase(TestSuiteExecutor.java:129)
	at com.kms.katalon.core.main.TestSuiteExecutor.accessTestSuiteMainPhase(TestSuiteExecutor.java:112)
	at com.kms.katalon.core.main.TestSuiteExecutor.execute(TestSuiteExecutor.java:81)
	at com.kms.katalon.core.main.TestCaseMain.startTestSuite(TestCaseMain.java:157)
	at com.kms.katalon.core.main.TestCaseMain$startTestSuite$0.call(Unknown Source)
	at TempTestSuite1562751497427.run(TempTestSuite1562751497427.groovy:35)]]></system-err>
      </testcase>
      <system-out><![CDATA[2019-07-10 15:08:20 - [TEST_SUITE][FAILED] - ERM_SmokeTest: Test Cases/EnhancedRefrigerantManagement/TC_ERM_CalculationofRefrigerantImpact FAILED.
Reason:
com.kms.katalon.core.exception.StepFailedException: These following reason:
 [Unable to verify text 'Form data saved successfully.' is present , Actual text '45' and expected text '' are not matched]
	at com.kms.katalon.core.keyword.internal.KeywordMain.stepFailed(KeywordMain.groovy:48)
	at com.kms.katalon.core.keyword.internal.KeywordMain.stepFailed(KeywordMain.groovy)
	at com.kms.katalon.core.keyword.internal.KeywordMain.stepFailed(KeywordMain.groovy:21)
	at com.kms.katalon.core.keyword.internal.KeywordMain$stepFailed$0.call(Unknown Source)
	at com.kms.katalon.core.cucumber.keyword.CucumberBuiltinKeywords$_runWithCucumberRunner_closure3.doCall(CucumberBuiltinKeywords.groovy:272)
	at com.kms.katalon.core.cucumber.keyword.CucumberBuiltinKeywords$_runWithCucumberRunner_closure3.doCall(CucumberBuiltinKeywords.groovy)
	at com.kms.katalon.core.keyword.internal.KeywordMain.runKeyword(KeywordMain.groovy:66)
	at com.kms.katalon.core.keyword.internal.KeywordMain$runKeyword.call(Unknown Source)
	at com.kms.katalon.core.cucumber.keyword.CucumberBuiltinKeywords.runWithCucumberRunner(CucumberBuiltinKeywords.groovy:257)
	at com.kms.katalon.core.cucumber.keyword.CucumberBuiltinKeywords$runWithCucumberRunner$0.callStatic(Unknown Source)
	at com.kms.katalon.core.cucumber.keyword.CucumberBuiltinKeywords.runWithCucumberRunner(CucumberBuiltinKeywords.groovy:357)
	at com.kms.katalon.core.cucumber.keyword.CucumberBuiltinKeywords$runWithCucumberRunner.call(Unknown Source)
	at TC_ERM_CalculationofRefrigerantImpact.run(TC_ERM_CalculationofRefrigerantImpact:18)
	at com.kms.katalon.core.main.ScriptEngine.run(ScriptEngine.java:194)
	at com.kms.katalon.core.main.ScriptEngine.runScriptAsRawText(ScriptEngine.java:119)
	at com.kms.katalon.core.main.TestCaseExecutor.runScript(TestCaseExecutor.java:336)
	at com.kms.katalon.core.main.TestCaseExecutor.doExecute(TestCaseExecutor.java:327)
	at com.kms.katalon.core.main.TestCaseExecutor.processExecutionPhase(TestCaseExecutor.java:306)
	at com.kms.katalon.core.main.TestCaseExecutor.accessMainPhase(TestCaseExecutor.java:298)
	at com.kms.katalon.core.main.TestCaseExecutor.execute(TestCaseExecutor.java:232)
	at com.kms.katalon.core.main.TestSuiteExecutor.accessTestCaseMainPhase(TestSuiteExecutor.java:129)
	at com.kms.katalon.core.main.TestSuiteExecutor.accessTestSuiteMainPhase(TestSuiteExecutor.java:112)
	at com.kms.katalon.core.main.TestSuiteExecutor.execute(TestSuiteExecutor.java:81)
	at com.kms.katalon.core.main.TestCaseMain.startTestSuite(TestCaseMain.java:157)
	at com.kms.katalon.core.main.TestCaseMain$startTestSuite$0.call(Unknown Source)
	at TempTestSuite1562751497427.run(TempTestSuite1562751497427.groovy:35)]]></system-out>
      <system-err><![CDATA[2019-07-10 15:08:20 - [TEST_SUITE][FAILED] - ERM_SmokeTest: Test Cases/EnhancedRefrigerantManagement/TC_ERM_CalculationofRefrigerantImpact FAILED.
Reason:
com.kms.katalon.core.exception.StepFailedException: These following reason:
 [Unable to verify text 'Form data saved successfully.' is present , Actual text '45' and expected text '' are not matched]
	at com.kms.katalon.core.keyword.internal.KeywordMain.stepFailed(KeywordMain.groovy:48)
	at com.kms.katalon.core.keyword.internal.KeywordMain.stepFailed(KeywordMain.groovy)
	at com.kms.katalon.core.keyword.internal.KeywordMain.stepFailed(KeywordMain.groovy:21)
	at com.kms.katalon.core.keyword.internal.KeywordMain$stepFailed$0.call(Unknown Source)
	at com.kms.katalon.core.cucumber.keyword.CucumberBuiltinKeywords$_runWithCucumberRunner_closure3.doCall(CucumberBuiltinKeywords.groovy:272)
	at com.kms.katalon.core.cucumber.keyword.CucumberBuiltinKeywords$_runWithCucumberRunner_closure3.doCall(CucumberBuiltinKeywords.groovy)
	at com.kms.katalon.core.keyword.internal.KeywordMain.runKeyword(KeywordMain.groovy:66)
	at com.kms.katalon.core.keyword.internal.KeywordMain$runKeyword.call(Unknown Source)
	at com.kms.katalon.core.cucumber.keyword.CucumberBuiltinKeywords.runWithCucumberRunner(CucumberBuiltinKeywords.groovy:257)
	at com.kms.katalon.core.cucumber.keyword.CucumberBuiltinKeywords$runWithCucumberRunner$0.callStatic(Unknown Source)
	at com.kms.katalon.core.cucumber.keyword.CucumberBuiltinKeywords.runWithCucumberRunner(CucumberBuiltinKeywords.groovy:357)
	at com.kms.katalon.core.cucumber.keyword.CucumberBuiltinKeywords$runWithCucumberRunner.call(Unknown Source)
	at TC_ERM_CalculationofRefrigerantImpact.run(TC_ERM_CalculationofRefrigerantImpact:18)
	at com.kms.katalon.core.main.ScriptEngine.run(ScriptEngine.java:194)
	at com.kms.katalon.core.main.ScriptEngine.runScriptAsRawText(ScriptEngine.java:119)
	at com.kms.katalon.core.main.TestCaseExecutor.runScript(TestCaseExecutor.java:336)
	at com.kms.katalon.core.main.TestCaseExecutor.doExecute(TestCaseExecutor.java:327)
	at com.kms.katalon.core.main.TestCaseExecutor.processExecutionPhase(TestCaseExecutor.java:306)
	at com.kms.katalon.core.main.TestCaseExecutor.accessMainPhase(TestCaseExecutor.java:298)
	at com.kms.katalon.core.main.TestCaseExecutor.execute(TestCaseExecutor.java:232)
	at com.kms.katalon.core.main.TestSuiteExecutor.accessTestCaseMainPhase(TestSuiteExecutor.java:129)
	at com.kms.katalon.core.main.TestSuiteExecutor.accessTestSuiteMainPhase(TestSuiteExecutor.java:112)
	at com.kms.katalon.core.main.TestSuiteExecutor.execute(TestSuiteExecutor.java:81)
	at com.kms.katalon.core.main.TestCaseMain.startTestSuite(TestCaseMain.java:157)
	at com.kms.katalon.core.main.TestCaseMain$startTestSuite$0.call(Unknown Source)
	at TempTestSuite1562751497427.run(TempTestSuite1562751497427.groovy:35)]]></system-err>
   </testsuite>
</testsuites>
