<?xml version="1.0" encoding="UTF-8"?>
<testsuites name="GC_SmokeTest" time="389" tests="1" failures="3" errors="0">
   <testsuite name="GC_SmokeTest" tests="1" failures="3" errors="0" time="389" timestamp="2019-06-18 17:25:15" hostname="promantus inc - G10PROLT025" id="Test Suites/GC_SmokeTest">
      <properties>
         <property name="deviceName" value=""/>
         <property name="devicePlatform" value=""/>
         <property name="logFolder" value="H:\\Git Projects\\Usgbc_LeedOnline_ScoreCard\\Usgbc_LeedOnline_ScoreCard\\Reports\\GC_SmokeTest\\20190618_172508"/>
         <property name="logFiles" value="H:\\Git Projects\\Usgbc_LeedOnline_ScoreCard\\Usgbc_LeedOnline_ScoreCard\\Reports\\GC_SmokeTest\\20190618_172508\\execution0.log"/>
         <property name="attachments" value="H:\\Git Projects\\Usgbc_LeedOnline_ScoreCard\\Usgbc_LeedOnline_ScoreCard\\Reports\\GC_SmokeTest\\20190618_172508\\1560859085770.png, H:\\Git Projects\\Usgbc_LeedOnline_ScoreCard\\Usgbc_LeedOnline_ScoreCard\\Reports\\GC_SmokeTest\\20190618_172508\\1560859145372.png, H:\\Git Projects\\Usgbc_LeedOnline_ScoreCard\\Usgbc_LeedOnline_ScoreCard\\Reports\\GC_SmokeTest\\20190618_172508\\1560859292902.png, H:\\Git Projects\\Usgbc_LeedOnline_ScoreCard\\Usgbc_LeedOnline_ScoreCard\\Reports\\GC_SmokeTest\\20190618_172508\\1560859298327.png, H:\\Git Projects\\Usgbc_LeedOnline_ScoreCard\\Usgbc_LeedOnline_ScoreCard\\Reports\\GC_SmokeTest\\20190618_172508\\1560859303804.png"/>
         <property name="hostName" value="promantus inc - G10PROLT025"/>
         <property name="os" value="Windows 10 64bit"/>
         <property name="katalonVersion" value="6.1.3.3"/>
         <property name="browser" value="Chrome 74.0.3729.169"/>
         <property name="hostAddress" value="192.168.232.1"/>
         <property name="sessionId" value="da43829452331e076bbfc4152d06cb95"/>
         <property name="seleniumVersion" value="3.7.1"/>
         <property name="proxyInformation" value="ProxyInformation{proxyOption=NO_PROXY, proxyServerType=HTTP, password=, proxyServerAddress=, proxyServerPort=0}"/>
         <property name="platform" value="Windows 10"/>
      </properties>
      <testcase name="Test Cases/GreenCleaning/TC_GC_CleaningProducts" classname="Test Cases/GreenCleaning/TC_GC_CleaningProducts" status="PASSED">
         <system-out><![CDATA[2019-06-18 17:25:16 - [TEST_CASE][PASSED] - Test Cases/GreenCleaning/TC_GC_CleaningProducts: Test Cases/GreenCleaning/TC_GC_CleaningProducts

2019-06-18 17:25:16 - [TEST_STEP][PASSED] - Start listener action : sampleBeforeTestCase: null

2019-06-18 17:25:16 - [TEST_STEP][PASSED] - openBrowser(""): Browser is opened with url: ''

2019-06-18 17:25:16 - [MESSAGE][INFO] - Starting 'Chrome' driver

2019-06-18 17:25:16 - [MESSAGE][INFO] - User set preference: ['args', '[--window-size=1920,1080]']

2019-06-18 17:25:16 - [MESSAGE][INFO] - Action delay is set to 0 seconds

2019-06-18 17:25:20 - [MESSAGE][PASSED] - Browser is opened with url: ''

2019-06-18 17:25:20 - [TEST_STEP][PASSED] - driver = getWebDriver(): null

2019-06-18 17:25:20 - [TEST_STEP][PASSED] - println("The driver is ########### " + driver): null

2019-06-18 17:25:20 - [TEST_STEP][PASSED] - downloadPath = "H:\Git Projects\Usgbc_LeedOnline_ScoreCard\Usgbc_LeedOnline_ScoreCard\Include\TestData\DownloadedFiles": null

2019-06-18 17:25:20 - [TEST_STEP][PASSED] - projectKeywords().sendCommandForDownloadChromeHeadLess(driver.getCommandExecutor(), driver.getSessionId(), downloadPath): null

2019-06-18 17:25:20 - [TEST_STEP][PASSED] - runWithCucumberRunner(greenCleaningForm.Runner_GC_CleaningProducts): Run with 'greenCleaningForm.Runner_GC_CleaningProducts' was passed

2019-06-18 17:25:23 - [TEST_CASE][PASSED] - Test Cases/GreenCleaning/TC_GC_Navigate: Test Cases/GreenCleaning/TC_GC_Navigate

2019-06-18 17:25:23 - [TEST_STEP][PASSED] - runWithCucumberRunner(greenCleaningForm.Runner_NavigationGC): Run with 'greenCleaningForm.Runner_NavigationGC' was passed

2019-06-18 17:25:24 - [TEST_CASE][PASSED] - Test Cases/Login/TC_Login: Test Cases/Login/TC_Login

2019-06-18 17:25:24 - [TEST_STEP][PASSED] - runWithCucumberRunner(common.Runner_Login): Run with 'common.Runner_Login' was passed

2019-06-18 17:25:27 - [MESSAGE][PASSED] - Navigate to 'https://leedonline-stg.usgbc.org' successfully

2019-06-18 17:25:29 - [MESSAGE][PASSED] - Delayed 2 second(s)

2019-06-18 17:25:29 - [MESSAGE][PASSED] - Text 'automationbdd1@gmail.com' is set on object 'Object Repository/Login/input_username'

2019-06-18 17:25:29 - [MESSAGE][PASSED] - Text 'initpass' is set on object 'Object Repository/Login/input_password'

2019-06-18 17:25:32 - [MESSAGE][PASSED] - Delayed 3 second(s)

2019-06-18 17:25:32 - [MESSAGE][PASSED] - Scroll to object 'Object Repository/Login/span_End User License Agreement' successfully

2019-06-18 17:25:32 - [MESSAGE][PASSED] - Object 'Object Repository/Login/span_End User License Agreement' is visible

2019-06-18 17:25:32 - [MESSAGE][PASSED] - Object 'Object Repository/Login/span_End User License Agreement' is checked

2019-06-18 17:25:33 - [MESSAGE][PASSED] - Delayed 1 second(s)

2019-06-18 17:25:34 - [MESSAGE][PASSED] - Object: 'Object Repository/Login/button_Log In' is clicked on

2019-06-18 17:25:38 - [MESSAGE][PASSED] - Object: '' is clicked on

2019-06-18 17:25:40 - [MESSAGE][PASSED] - Object: 'Object Repository/Login/a_Credits' is clicked on

2019-06-18 17:25:40 - [MESSAGE][PASSED] - Run with 'common.Runner_Login' was passed

2019-06-18 17:25:40 - [MESSAGE][PASSED] - Call Test Case 'Test Cases/Login/TC_Login' successfully

2019-06-18 17:25:40 - [MESSAGE][PASSED] - Scroll to object 'Object Repository/Green_Cleaning/Navigation/div_Green Cleaning' successfully

2019-06-18 17:25:40 - [MESSAGE][PASSED] - Object 'Object Repository/Green_Cleaning/Navigation/div_Green Cleaning' is present

2019-06-18 17:25:40 - [MESSAGE][PASSED] - Text of object 'Object Repository/Green_Cleaning/Navigation/h3_Status' is: 'ATTEMPTED'

2019-06-18 17:25:40 - [MESSAGE][PASSED] - Text of object 'Object Repository/Green_Cleaning/Navigation/divval' is: 'ATTEMPTED'

2019-06-18 17:25:40 - [MESSAGE][PASSED] - Text of object 'Object Repository/Green_Cleaning/Navigation/h3_Status' is: 'ATTEMPTED'

2019-06-18 17:25:40 - [MESSAGE][PASSED] - Object: 'Object Repository/Green_Cleaning/Navigation/div_Green Cleaning' is clicked on

2019-06-18 17:25:43 - [MESSAGE][PASSED] - Delayed 3 second(s)

2019-06-18 17:25:47 - [MESSAGE][PASSED] - Object: 'Object Repository/Green_Cleaning/Navigation/span_(V01)' is clicked on

2019-06-18 17:25:47 - [MESSAGE][PASSED] - Object 'Object Repository/Green_Cleaning/Navigation/div_GreenCleaningPolicyCreditLib' is present

2019-06-18 17:25:47 - [MESSAGE][PASSED] - Run with 'greenCleaningForm.Runner_NavigationGC' was passed

2019-06-18 17:25:47 - [MESSAGE][PASSED] - Call Test Case 'Test Cases/GreenCleaning/TC_GC_Navigate' successfully

2019-06-18 17:25:47 - [MESSAGE][PASSED] - Object 'Object Repository/Green_Cleaning/CleaningPrdctsMaterials_Opt4/input_option4' is present

2019-06-18 17:25:47 - [MESSAGE][PASSED] - Object: 'Object Repository/Green_Cleaning/CleaningPrdctsMaterials_Opt4/input_option4' is clicked on

2019-06-18 17:25:49 - [MESSAGE][PASSED] - Delayed 2 second(s)

2019-06-18 17:25:49 - [MESSAGE][PASSED] - Text 'Option 4: Cleaning products and materials' is present on page 

2019-06-18 17:25:49 - [MESSAGE][PASSED] - Scroll to object 'Object Repository/Green_Cleaning/Powered_Cleaning_Opt3/AddFile_UploadGC_Calc/p_GC_calculator' successfully

2019-06-18 17:25:49 - [MESSAGE][PASSED] - Object 'Object Repository/Green_Cleaning/Powered_Cleaning_Opt3/AddFile_UploadGC_Calc/p_GC_calculator' is present

2019-06-18 17:25:50 - [MESSAGE][PASSED] - Object 'Object Repository/Green_Cleaning/Powered_Cleaning_Opt3/AddFile_UploadGC_Calc/btn_GC_calculator' has attribute 'class' with value 'tiny ui button'

2019-06-18 17:25:50 - [MESSAGE][PASSED] - File 'H:\Git Projects\Usgbc_LeedOnline_ScoreCard\Usgbc_LeedOnline_ScoreCard\Include\TestData\MultipleFileDiffExt\SampleGIFImage_350kbmb.gif' sent to object: 'Object Repository/Green_Cleaning/Powered_Cleaning_Opt3/AddFile_UploadGC_Calc/input_GC_Calc'

2019-06-18 17:25:51 - [MESSAGE][PASSED] - Delayed 1 second(s)

2019-06-18 17:25:52 - [MESSAGE][PASSED] - Object 'Object Repository/Green_Cleaning/Powered_Cleaning_Opt3/AddFile_UploadGC_Calc/btn_GC_calculator' has attribute 'class' with value 'tiny ui button'

2019-06-18 17:25:52 - [MESSAGE][PASSED] - File 'H:\Git Projects\Usgbc_LeedOnline_ScoreCard\Usgbc_LeedOnline_ScoreCard\Include\TestData\MultipleFileDiffExt\SamplePPTFile_1000kb.ppt' sent to object: 'Object Repository/Green_Cleaning/Powered_Cleaning_Opt3/AddFile_UploadGC_Calc/input_GC_Calc'

2019-06-18 17:25:53 - [MESSAGE][PASSED] - Delayed 1 second(s)

2019-06-18 17:25:53 - [MESSAGE][PASSED] - Object 'Object Repository/Green_Cleaning/Powered_Cleaning_Opt3/AddFile_UploadGC_Calc/btn_GC_calculator' has attribute 'class' with value 'tiny ui button'

2019-06-18 17:25:53 - [MESSAGE][PASSED] - File 'H:\Git Projects\Usgbc_LeedOnline_ScoreCard\Usgbc_LeedOnline_ScoreCard\Include\TestData\MultipleFileDiffExt\ZZ.pdf' sent to object: 'Object Repository/Green_Cleaning/Powered_Cleaning_Opt3/AddFile_UploadGC_Calc/input_GC_Calc'

2019-06-18 17:25:54 - [MESSAGE][PASSED] - Delayed 1 second(s)

2019-06-18 17:25:54 - [MESSAGE][PASSED] - Object 'Object Repository/Green_Cleaning/CleaningPrdctsMaterials_Opt4/AddFile_Upload_executedContract/p_executedContract' is present

2019-06-18 17:25:54 - [MESSAGE][PASSED] - Scroll to object 'Object Repository/Green_Cleaning/CleaningPrdctsMaterials_Opt4/AddFile_Upload_executedContract/p_executedContract' successfully

2019-06-18 17:25:54 - [MESSAGE][PASSED] - Object 'Object Repository/Green_Cleaning/CleaningPrdctsMaterials_Opt4/AddFile_Upload_executedContract/Button_executedContract' has attribute 'class' with value 'tiny ui button'

2019-06-18 17:25:54 - [MESSAGE][PASSED] - File 'H:\Git Projects\Usgbc_LeedOnline_ScoreCard\Usgbc_LeedOnline_ScoreCard\Include\TestData\MultipleFileDiffExt\SampleGIFImage_350kbmb.gif' sent to object: 'Object Repository/Green_Cleaning/CleaningPrdctsMaterials_Opt4/AddFile_Upload_executedContract/input_executedContract'

2019-06-18 17:25:55 - [MESSAGE][PASSED] - Delayed 1 second(s)

2019-06-18 17:25:56 - [MESSAGE][PASSED] - Object 'Object Repository/Green_Cleaning/CleaningPrdctsMaterials_Opt4/AddFile_Upload_executedContract/Button_executedContract' has attribute 'class' with value 'tiny ui button'

2019-06-18 17:25:57 - [MESSAGE][PASSED] - File 'H:\Git Projects\Usgbc_LeedOnline_ScoreCard\Usgbc_LeedOnline_ScoreCard\Include\TestData\MultipleFileDiffExt\SamplePPTFile_1000kb.ppt' sent to object: 'Object Repository/Green_Cleaning/CleaningPrdctsMaterials_Opt4/AddFile_Upload_executedContract/input_executedContract'

2019-06-18 17:25:58 - [MESSAGE][PASSED] - Delayed 1 second(s)

2019-06-18 17:25:58 - [MESSAGE][PASSED] - Object 'Object Repository/Green_Cleaning/CleaningPrdctsMaterials_Opt4/AddFile_Upload_executedContract/Button_executedContract' has attribute 'class' with value 'tiny ui button'

2019-06-18 17:25:58 - [MESSAGE][PASSED] - File 'H:\Git Projects\Usgbc_LeedOnline_ScoreCard\Usgbc_LeedOnline_ScoreCard\Include\TestData\MultipleFileDiffExt\ZZ.pdf' sent to object: 'Object Repository/Green_Cleaning/CleaningPrdctsMaterials_Opt4/AddFile_Upload_executedContract/input_executedContract'

2019-06-18 17:25:59 - [MESSAGE][PASSED] - Delayed 1 second(s)

2019-06-18 17:25:59 - [MESSAGE][PASSED] - Object 'Object Repository/Green_Cleaning/CleaningPrdctsMaterials_Opt4/AddFile_Upload_MSDS/p_msds' is present

2019-06-18 17:25:59 - [MESSAGE][PASSED] - Scroll to object 'Object Repository/Green_Cleaning/CleaningPrdctsMaterials_Opt4/AddFile_Upload_MSDS/p_msds' successfully

2019-06-18 17:25:59 - [MESSAGE][PASSED] - Object 'Object Repository/Green_Cleaning/CleaningPrdctsMaterials_Opt4/AddFile_Upload_MSDS/Button_msds' has attribute 'class' with value 'tiny ui button'

2019-06-18 17:25:59 - [MESSAGE][PASSED] - File 'H:\Git Projects\Usgbc_LeedOnline_ScoreCard\Usgbc_LeedOnline_ScoreCard\Include\TestData\MultipleFileDiffExt\SampleGIFImage_350kbmb.gif' sent to object: 'Object Repository/Green_Cleaning/CleaningPrdctsMaterials_Opt4/AddFile_Upload_MSDS/input_MSDS'

2019-06-18 17:26:01 - [MESSAGE][PASSED] - Delayed 1 second(s)

2019-06-18 17:26:02 - [MESSAGE][PASSED] - Object 'Object Repository/Green_Cleaning/CleaningPrdctsMaterials_Opt4/AddFile_Upload_MSDS/Button_msds' has attribute 'class' with value 'tiny ui button'

2019-06-18 17:26:02 - [MESSAGE][PASSED] - File 'H:\Git Projects\Usgbc_LeedOnline_ScoreCard\Usgbc_LeedOnline_ScoreCard\Include\TestData\MultipleFileDiffExt\SamplePPTFile_1000kb.ppt' sent to object: 'Object Repository/Green_Cleaning/CleaningPrdctsMaterials_Opt4/AddFile_Upload_MSDS/input_MSDS'

2019-06-18 17:26:03 - [MESSAGE][PASSED] - Delayed 1 second(s)

2019-06-18 17:26:03 - [MESSAGE][PASSED] - Object 'Object Repository/Green_Cleaning/CleaningPrdctsMaterials_Opt4/AddFile_Upload_MSDS/Button_msds' has attribute 'class' with value 'tiny ui button'

2019-06-18 17:26:03 - [MESSAGE][PASSED] - File 'H:\Git Projects\Usgbc_LeedOnline_ScoreCard\Usgbc_LeedOnline_ScoreCard\Include\TestData\MultipleFileDiffExt\ZZ.pdf' sent to object: 'Object Repository/Green_Cleaning/CleaningPrdctsMaterials_Opt4/AddFile_Upload_MSDS/input_MSDS'

2019-06-18 17:26:04 - [MESSAGE][PASSED] - Delayed 1 second(s)

2019-06-18 17:26:04 - [MESSAGE][PASSED] - Object 'Object Repository/Green_Cleaning/CleaningPrdctsMaterials_Opt4/input_percentbycost' is present

2019-06-18 17:26:04 - [MESSAGE][PASSED] - Scroll to object 'Object Repository/Green_Cleaning/CleaningPrdctsMaterials_Opt4/input_percentbycost' successfully

2019-06-18 17:26:05 - [MESSAGE][PASSED] - Text '141' is set on object 'Object Repository/Green_Cleaning/CleaningPrdctsMaterials_Opt4/input_percentbycost'

2019-06-18 17:26:08 - [MESSAGE][PASSED] - Delayed 3 second(s)

2019-06-18 17:26:08 - [MESSAGE][PASSED] - Attribute 'value' of object 'Object Repository/Green_Cleaning/CleaningPrdctsMaterials_Opt4/input_percentbycost' is: '141'

2019-06-18 17:26:08 - [MESSAGE][PASSED] - Actual text '141' and expected text '141' are matched 

2019-06-18 17:26:08 - [MESSAGE][PASSED] - Object 'Object Repository/Green_Cleaning/CleaningPrdctsMaterials_Opt4/input_percent_cleaning_products' is present

2019-06-18 17:26:08 - [MESSAGE][PASSED] - Scroll to object 'Object Repository/Green_Cleaning/CleaningPrdctsMaterials_Opt4/input_percent_cleaning_products' successfully

2019-06-18 17:26:08 - [MESSAGE][PASSED] - Text '141' is set on object 'Object Repository/Green_Cleaning/CleaningPrdctsMaterials_Opt4/input_percent_cleaning_products'

2019-06-18 17:26:11 - [MESSAGE][PASSED] - Delayed 3 second(s)

2019-06-18 17:26:11 - [MESSAGE][PASSED] - Attribute 'value' of object 'Object Repository/Green_Cleaning/CleaningPrdctsMaterials_Opt4/input_percent_cleaning_products' is: '141'

2019-06-18 17:26:11 - [MESSAGE][PASSED] - Actual text '141' and expected text '141' are matched 

2019-06-18 17:26:21 - [MESSAGE][PASSED] - Delayed 10 second(s)

2019-06-18 17:26:21 - [MESSAGE][PASSED] - Scroll to object 'Object Repository/Green_Cleaning/button_Save' successfully

2019-06-18 17:26:21 - [MESSAGE][PASSED] - Object 'Object Repository/Green_Cleaning/button_Save' is visible

2019-06-18 17:26:21 - [MESSAGE][PASSED] - Object: 'Object Repository/Green_Cleaning/button_Save' is clicked on

2019-06-18 17:26:23 - [MESSAGE][PASSED] - Delayed 2 second(s)

2019-06-18 17:26:23 - [MESSAGE][PASSED] - Text 'Form data saved successfully.' is present on page 

2019-06-18 17:26:24 - [MESSAGE][PASSED] - Scroll to object 'Object Repository/Green_Cleaning/icon_pdf' successfully

2019-06-18 17:26:24 - [MESSAGE][PASSED] - Object 'Object Repository/Green_Cleaning/icon_pdf' is present

2019-06-18 17:26:29 - [MESSAGE][PASSED] - Delayed 5 second(s)

2019-06-18 17:26:29 - [MESSAGE][PASSED] - Object: 'Object Repository/Green_Cleaning/icon_pdf' is clicked on

2019-06-18 17:26:39 - [MESSAGE][PASSED] - Delayed 10 second(s)

2019-06-18 17:26:44 - [MESSAGE][PASSED] - Delayed 5 second(s)

2019-06-18 17:26:44 - [MESSAGE][PASSED] - Scroll to object 'Object Repository/Green_Cleaning/Powered_Cleaning_Opt3/AddFile_UploadGC_Calc/p_GC_calculator' successfully

2019-06-18 17:26:47 - [MESSAGE][PASSED] - Delayed 2 second(s)

2019-06-18 17:26:52 - [MESSAGE][PASSED] - Delayed 5 second(s)

2019-06-18 17:26:52 - [MESSAGE][PASSED] - Scroll to object 'Object Repository/Green_Cleaning/CleaningPrdctsMaterials_Opt4/AddFile_Upload_executedContract/p_executedContract' successfully

2019-06-18 17:26:54 - [MESSAGE][PASSED] - Delayed 2 second(s)

2019-06-18 17:26:59 - [MESSAGE][PASSED] - Delayed 5 second(s)

2019-06-18 17:26:59 - [MESSAGE][PASSED] - Scroll to object 'Object Repository/Green_Cleaning/CleaningPrdctsMaterials_Opt4/AddFile_Upload_MSDS/p_msds' successfully

2019-06-18 17:27:02 - [MESSAGE][PASSED] - Delayed 2 second(s)

2019-06-18 17:27:02 - [MESSAGE][PASSED] - Attribute 'value' of object 'Object Repository/Green_Cleaning/CleaningPrdctsMaterials_Opt4/input_percentbycost' is: '141'

2019-06-18 17:27:05 - [MESSAGE][PASSED] - Delayed 3 second(s)

2019-06-18 17:27:05 - [MESSAGE][PASSED] - Attribute 'value' of object 'Object Repository/Green_Cleaning/CleaningPrdctsMaterials_Opt4/input_percent_cleaning_products' is: '141'

2019-06-18 17:27:08 - [MESSAGE][PASSED] - Delayed 3 second(s)

2019-06-18 17:27:08 - [MESSAGE][PASSED] - Run with 'greenCleaningForm.Runner_GC_CleaningProducts' was passed

2019-06-18 17:27:08 - [TEST_STEP][PASSED] - Start listener action : sampleAfterTestCase: Browser is closed

2019-06-18 17:27:08 - [TEST_STEP][PASSED] - closeBrowser(): Browser is closed

2019-06-18 17:27:09 - [MESSAGE][PASSED] - Browser is closed]]></system-out>
         <system-err><![CDATA[]]></system-err>
      </testcase>
      <testcase name="Test Cases/GreenCleaning/TC_GC_VerifyUploadedFiles_CleaningProducts" classname="Test Cases/GreenCleaning/TC_GC_VerifyUploadedFiles_CleaningProducts" status="FAILED">
         <failure type="FAILED" message="Test Cases/GreenCleaning/TC_GC_VerifyUploadedFiles_CleaningProducts FAILED.
Reason:
com.kms.katalon.core.exception.StepFailedException: These following reason:
 [Unable to scroll to object 'Object Repository/Green_Cleaning/Powered_Cleaning_Opt3/AddFile_UploadGC_Calc/Table_GC_Calc']
	at com.kms.katalon.core.keyword.internal.KeywordMain.stepFailed(KeywordMain.groovy:48)
	at com.kms.katalon.core.keyword.internal.KeywordMain.stepFailed(KeywordMain.groovy)
	at com.kms.katalon.core.keyword.internal.KeywordMain.stepFailed(KeywordMain.groovy:21)
	at com.kms.katalon.core.keyword.internal.KeywordMain$stepFailed$0.call(Unknown Source)
	at com.kms.katalon.core.cucumber.keyword.CucumberBuiltinKeywords$_runWithCucumberRunner_closure3.doCall(CucumberBuiltinKeywords.groovy:272)
	at com.kms.katalon.core.cucumber.keyword.CucumberBuiltinKeywords$_runWithCucumberRunner_closure3.doCall(CucumberBuiltinKeywords.groovy)
	at com.kms.katalon.core.keyword.internal.KeywordMain.runKeyword(KeywordMain.groovy:66)
	at com.kms.katalon.core.keyword.internal.KeywordMain$runKeyword.call(Unknown Source)
	at com.kms.katalon.core.cucumber.keyword.CucumberBuiltinKeywords.runWithCucumberRunner(CucumberBuiltinKeywords.groovy:257)
	at com.kms.katalon.core.cucumber.keyword.CucumberBuiltinKeywords$runWithCucumberRunner$0.callStatic(Unknown Source)
	at com.kms.katalon.core.cucumber.keyword.CucumberBuiltinKeywords.runWithCucumberRunner(CucumberBuiltinKeywords.groovy:357)
	at com.kms.katalon.core.cucumber.keyword.CucumberBuiltinKeywords$runWithCucumberRunner.call(Unknown Source)
	at TC_GC_VerifyUploadedFiles_CleaningProducts.run(TC_GC_VerifyUploadedFiles_CleaningProducts:18)
	at com.kms.katalon.core.main.ScriptEngine.run(ScriptEngine.java:194)
	at com.kms.katalon.core.main.ScriptEngine.runScriptAsRawText(ScriptEngine.java:119)
	at com.kms.katalon.core.main.TestCaseExecutor.runScript(TestCaseExecutor.java:336)
	at com.kms.katalon.core.main.TestCaseExecutor.doExecute(TestCaseExecutor.java:327)
	at com.kms.katalon.core.main.TestCaseExecutor.processExecutionPhase(TestCaseExecutor.java:306)
	at com.kms.katalon.core.main.TestCaseExecutor.accessMainPhase(TestCaseExecutor.java:298)
	at com.kms.katalon.core.main.TestCaseExecutor.execute(TestCaseExecutor.java:232)
	at com.kms.katalon.core.main.TestSuiteExecutor.accessTestCaseMainPhase(TestSuiteExecutor.java:129)
	at com.kms.katalon.core.main.TestSuiteExecutor.accessTestSuiteMainPhase(TestSuiteExecutor.java:112)
	at com.kms.katalon.core.main.TestSuiteExecutor.execute(TestSuiteExecutor.java:81)
	at com.kms.katalon.core.main.TestCaseMain.startTestSuite(TestCaseMain.java:157)
	at com.kms.katalon.core.main.TestCaseMain$startTestSuite$0.call(Unknown Source)
	at TempTestSuite1560858913253.run(TempTestSuite1560858913253.groovy:35)
"/>
         <system-out><![CDATA[2019-06-18 17:27:09 - [TEST_CASE][FAILED] - Test Cases/GreenCleaning/TC_GC_VerifyUploadedFiles_CleaningProducts: Test Cases/GreenCleaning/TC_GC_VerifyUploadedFiles_CleaningProducts FAILED.
Reason:
com.kms.katalon.core.exception.StepFailedException: These following reason:
 [Unable to scroll to object 'Object Repository/Green_Cleaning/Powered_Cleaning_Opt3/AddFile_UploadGC_Calc/Table_GC_Calc']
	at com.kms.katalon.core.keyword.internal.KeywordMain.stepFailed(KeywordMain.groovy:48)
	at com.kms.katalon.core.keyword.internal.KeywordMain.stepFailed(KeywordMain.groovy)
	at com.kms.katalon.core.keyword.internal.KeywordMain.stepFailed(KeywordMain.groovy:21)
	at com.kms.katalon.core.keyword.internal.KeywordMain$stepFailed$0.call(Unknown Source)
	at com.kms.katalon.core.cucumber.keyword.CucumberBuiltinKeywords$_runWithCucumberRunner_closure3.doCall(CucumberBuiltinKeywords.groovy:272)
	at com.kms.katalon.core.cucumber.keyword.CucumberBuiltinKeywords$_runWithCucumberRunner_closure3.doCall(CucumberBuiltinKeywords.groovy)
	at com.kms.katalon.core.keyword.internal.KeywordMain.runKeyword(KeywordMain.groovy:66)
	at com.kms.katalon.core.keyword.internal.KeywordMain$runKeyword.call(Unknown Source)
	at com.kms.katalon.core.cucumber.keyword.CucumberBuiltinKeywords.runWithCucumberRunner(CucumberBuiltinKeywords.groovy:257)
	at com.kms.katalon.core.cucumber.keyword.CucumberBuiltinKeywords$runWithCucumberRunner$0.callStatic(Unknown Source)
	at com.kms.katalon.core.cucumber.keyword.CucumberBuiltinKeywords.runWithCucumberRunner(CucumberBuiltinKeywords.groovy:357)
	at com.kms.katalon.core.cucumber.keyword.CucumberBuiltinKeywords$runWithCucumberRunner.call(Unknown Source)
	at TC_GC_VerifyUploadedFiles_CleaningProducts.run(TC_GC_VerifyUploadedFiles_CleaningProducts:18)
	at com.kms.katalon.core.main.ScriptEngine.run(ScriptEngine.java:194)
	at com.kms.katalon.core.main.ScriptEngine.runScriptAsRawText(ScriptEngine.java:119)
	at com.kms.katalon.core.main.TestCaseExecutor.runScript(TestCaseExecutor.java:336)
	at com.kms.katalon.core.main.TestCaseExecutor.doExecute(TestCaseExecutor.java:327)
	at com.kms.katalon.core.main.TestCaseExecutor.processExecutionPhase(TestCaseExecutor.java:306)
	at com.kms.katalon.core.main.TestCaseExecutor.accessMainPhase(TestCaseExecutor.java:298)
	at com.kms.katalon.core.main.TestCaseExecutor.execute(TestCaseExecutor.java:232)
	at com.kms.katalon.core.main.TestSuiteExecutor.accessTestCaseMainPhase(TestSuiteExecutor.java:129)
	at com.kms.katalon.core.main.TestSuiteExecutor.accessTestSuiteMainPhase(TestSuiteExecutor.java:112)
	at com.kms.katalon.core.main.TestSuiteExecutor.execute(TestSuiteExecutor.java:81)
	at com.kms.katalon.core.main.TestCaseMain.startTestSuite(TestCaseMain.java:157)
	at com.kms.katalon.core.main.TestCaseMain$startTestSuite$0.call(Unknown Source)
	at TempTestSuite1560858913253.run(TempTestSuite1560858913253.groovy:35)


2019-06-18 17:27:09 - [TEST_STEP][PASSED] - Start listener action : sampleBeforeTestCase: null

2019-06-18 17:27:09 - [TEST_STEP][PASSED] - openBrowser(""): Browser is opened with url: ''

2019-06-18 17:27:09 - [MESSAGE][INFO] - Starting 'Chrome' driver

2019-06-18 17:27:09 - [MESSAGE][INFO] - User set preference: ['args', '[--window-size=1920,1080]']

2019-06-18 17:27:11 - [MESSAGE][PASSED] - Browser is opened with url: ''

2019-06-18 17:27:11 - [TEST_STEP][PASSED] - driver = getWebDriver(): null

2019-06-18 17:27:11 - [TEST_STEP][PASSED] - println("The driver is ########### " + driver): null

2019-06-18 17:27:11 - [TEST_STEP][PASSED] - downloadPath = "H:\Git Projects\Usgbc_LeedOnline_ScoreCard\Usgbc_LeedOnline_ScoreCard\Include\TestData\DownloadedFiles": null

2019-06-18 17:27:11 - [TEST_STEP][PASSED] - projectKeywords().sendCommandForDownloadChromeHeadLess(driver.getCommandExecutor(), driver.getSessionId(), downloadPath): null

2019-06-18 17:27:12 - [TEST_STEP][FAILED] - runWithCucumberRunner(greenCleaningForm.Runner_GC_VerifyUploadedFiles_CleaningProducts): Keyword runWithCucumberRunner was failed (Root cause: com.kms.katalon.core.exception.StepFailedException: These following reason:
 [Unable to scroll to object 'Object Repository/Green_Cleaning/Powered_Cleaning_Opt3/AddFile_UploadGC_Calc/Table_GC_Calc']
	at com.kms.katalon.core.keyword.internal.KeywordMain.stepFailed(KeywordMain.groovy:48)
	at com.kms.katalon.core.keyword.internal.KeywordMain.stepFailed(KeywordMain.groovy)
	at com.kms.katalon.core.keyword.internal.KeywordMain.stepFailed(KeywordMain.groovy:21)
	at com.kms.katalon.core.keyword.internal.KeywordMain$stepFailed$0.call(Unknown Source)
	at com.kms.katalon.core.cucumber.keyword.CucumberBuiltinKeywords$_runWithCucumberRunner_closure3.doCall(CucumberBuiltinKeywords.groovy:272)
	at com.kms.katalon.core.cucumber.keyword.CucumberBuiltinKeywords$_runWithCucumberRunner_closure3.doCall(CucumberBuiltinKeywords.groovy)
	at com.kms.katalon.core.keyword.internal.KeywordMain.runKeyword(KeywordMain.groovy:66)
	at com.kms.katalon.core.keyword.internal.KeywordMain$runKeyword.call(Unknown Source)
	at com.kms.katalon.core.cucumber.keyword.CucumberBuiltinKeywords.runWithCucumberRunner(CucumberBuiltinKeywords.groovy:257)
	at com.kms.katalon.core.cucumber.keyword.CucumberBuiltinKeywords$runWithCucumberRunner$0.callStatic(Unknown Source)
	at com.kms.katalon.core.cucumber.keyword.CucumberBuiltinKeywords.runWithCucumberRunner(CucumberBuiltinKeywords.groovy:357)
	at com.kms.katalon.core.cucumber.keyword.CucumberBuiltinKeywords$runWithCucumberRunner.call(Unknown Source)
	at TC_GC_VerifyUploadedFiles_CleaningProducts.run(TC_GC_VerifyUploadedFiles_CleaningProducts:18)
	at com.kms.katalon.core.main.ScriptEngine.run(ScriptEngine.java:194)
	at com.kms.katalon.core.main.ScriptEngine.runScriptAsRawText(ScriptEngine.java:119)
	at com.kms.katalon.core.main.TestCaseExecutor.runScript(TestCaseExecutor.java:336)
	at com.kms.katalon.core.main.TestCaseExecutor.doExecute(TestCaseExecutor.java:327)
	at com.kms.katalon.core.main.TestCaseExecutor.processExecutionPhase(TestCaseExecutor.java:306)
	at com.kms.katalon.core.main.TestCaseExecutor.accessMainPhase(TestCaseExecutor.java:298)
	at com.kms.katalon.core.main.TestCaseExecutor.execute(TestCaseExecutor.java:232)
	at com.kms.katalon.core.main.TestSuiteExecutor.accessTestCaseMainPhase(TestSuiteExecutor.java:129)
	at com.kms.katalon.core.main.TestSuiteExecutor.accessTestSuiteMainPhase(TestSuiteExecutor.java:112)
	at com.kms.katalon.core.main.TestSuiteExecutor.execute(TestSuiteExecutor.java:81)
	at com.kms.katalon.core.main.TestCaseMain.startTestSuite(TestCaseMain.java:157)
	at com.kms.katalon.core.main.TestCaseMain$startTestSuite$0.call(Unknown Source)
	at TempTestSuite1560858913253.run(TempTestSuite1560858913253.groovy:35)
)

2019-06-18 17:27:12 - [TEST_CASE][PASSED] - Test Cases/GreenCleaning/TC_GC_Navigate: Test Cases/GreenCleaning/TC_GC_Navigate

2019-06-18 17:27:12 - [TEST_STEP][PASSED] - runWithCucumberRunner(greenCleaningForm.Runner_NavigationGC): Run with 'greenCleaningForm.Runner_NavigationGC' was passed

2019-06-18 17:27:13 - [TEST_CASE][PASSED] - Test Cases/Login/TC_Login: Test Cases/Login/TC_Login

2019-06-18 17:27:13 - [TEST_STEP][PASSED] - runWithCucumberRunner(common.Runner_Login): Run with 'common.Runner_Login' was passed

2019-06-18 17:27:15 - [MESSAGE][PASSED] - Navigate to 'https://leedonline-stg.usgbc.org' successfully

2019-06-18 17:27:17 - [MESSAGE][PASSED] - Delayed 2 second(s)

2019-06-18 17:27:17 - [MESSAGE][PASSED] - Text 'automationbdd1@gmail.com' is set on object 'Object Repository/Login/input_username'

2019-06-18 17:27:18 - [MESSAGE][PASSED] - Text 'initpass' is set on object 'Object Repository/Login/input_password'

2019-06-18 17:27:21 - [MESSAGE][PASSED] - Delayed 3 second(s)

2019-06-18 17:27:21 - [MESSAGE][PASSED] - Scroll to object 'Object Repository/Login/span_End User License Agreement' successfully

2019-06-18 17:27:21 - [MESSAGE][PASSED] - Object 'Object Repository/Login/span_End User License Agreement' is visible

2019-06-18 17:27:21 - [MESSAGE][PASSED] - Object 'Object Repository/Login/span_End User License Agreement' is checked

2019-06-18 17:27:22 - [MESSAGE][PASSED] - Delayed 1 second(s)

2019-06-18 17:27:22 - [MESSAGE][PASSED] - Object: 'Object Repository/Login/button_Log In' is clicked on

2019-06-18 17:27:26 - [MESSAGE][PASSED] - Object: '' is clicked on

2019-06-18 17:27:28 - [MESSAGE][PASSED] - Object: 'Object Repository/Login/a_Credits' is clicked on

2019-06-18 17:27:28 - [MESSAGE][PASSED] - Run with 'common.Runner_Login' was passed

2019-06-18 17:27:28 - [MESSAGE][PASSED] - Call Test Case 'Test Cases/Login/TC_Login' successfully

2019-06-18 17:27:28 - [MESSAGE][PASSED] - Scroll to object 'Object Repository/Green_Cleaning/Navigation/div_Green Cleaning' successfully

2019-06-18 17:27:28 - [MESSAGE][PASSED] - Object 'Object Repository/Green_Cleaning/Navigation/div_Green Cleaning' is present

2019-06-18 17:27:28 - [MESSAGE][PASSED] - Text of object 'Object Repository/Green_Cleaning/Navigation/h3_Status' is: 'ATTEMPTED'

2019-06-18 17:27:28 - [MESSAGE][PASSED] - Text of object 'Object Repository/Green_Cleaning/Navigation/divval' is: 'ATTEMPTED'

2019-06-18 17:27:28 - [MESSAGE][PASSED] - Text of object 'Object Repository/Green_Cleaning/Navigation/h3_Status' is: 'ATTEMPTED'

2019-06-18 17:27:28 - [MESSAGE][PASSED] - Object: 'Object Repository/Green_Cleaning/Navigation/div_Green Cleaning' is clicked on

2019-06-18 17:27:31 - [MESSAGE][PASSED] - Delayed 3 second(s)

2019-06-18 17:27:34 - [MESSAGE][PASSED] - Object: 'Object Repository/Green_Cleaning/Navigation/span_(V01)' is clicked on

2019-06-18 17:27:34 - [MESSAGE][PASSED] - Object 'Object Repository/Green_Cleaning/Navigation/div_GreenCleaningPolicyCreditLib' is present

2019-06-18 17:27:34 - [MESSAGE][PASSED] - Run with 'greenCleaningForm.Runner_NavigationGC' was passed

2019-06-18 17:27:34 - [MESSAGE][PASSED] - Call Test Case 'Test Cases/GreenCleaning/TC_GC_Navigate' successfully

2019-06-18 17:28:05 - [MESSAGE][INFO] - Unable to find the element located by 'By.xpath: //*[@id="esPlanDocs_files" or @id="pceCalculatorDocs_files" ]/table'. Please recheck the objects properties to make sure the desired element is located. 

2019-06-18 17:28:06 - [MESSAGE][FAILED] - Unable to scroll to object 'Object Repository/Green_Cleaning/Powered_Cleaning_Opt3/AddFile_UploadGC_Calc/Table_GC_Calc' (Root cause: com.kms.katalon.core.exception.StepFailedException: Unable to scroll to object 'Object Repository/Green_Cleaning/Powered_Cleaning_Opt3/AddFile_UploadGC_Calc/Table_GC_Calc'
	at com.kms.katalon.core.webui.keyword.internal.WebUIKeywordMain.stepFailed(WebUIKeywordMain.groovy:64)
	at com.kms.katalon.core.webui.keyword.internal.WebUIKeywordMain.runKeyword(WebUIKeywordMain.groovy:26)
	at com.kms.katalon.core.webui.keyword.builtin.ScrollToElementKeyword.scrollToElement(ScrollToElementKeyword.groovy:88)
	at com.kms.katalon.core.webui.keyword.builtin.ScrollToElementKeyword.execute(ScrollToElementKeyword.groovy:68)
	at com.kms.katalon.core.keyword.internal.KeywordExecutor.executeKeywordForPlatform(KeywordExecutor.groovy:56)
	at com.kms.katalon.core.webui.keyword.WebUiBuiltInKeywords.scrollToElement(WebUiBuiltInKeywords.groovy:2975)
	at com.kms.katalon.core.webui.keyword.WebUiBuiltInKeywords$scrollToElement$2.call(Unknown Source)
	at greenCleaningForm.GC_VerifyUploadedFiles.user_has_to_see_the_table_of_uploaded_files_of_Green_Cleaning_Calculator_in_Green_Cleaning(GC_VerifyUploadedFiles.groovy:102)
	at cucumber.runtime.Utils$1.call(Utils.java:26)
	at cucumber.runtime.Timeout.timeout(Timeout.java:16)
	at cucumber.runtime.Utils.invoke(Utils.java:20)
	at cucumber.runtime.java.JavaStepDefinition.execute(JavaStepDefinition.java:48)
	at cucumber.runtime.PickleStepDefinitionMatch.runStep(PickleStepDefinitionMatch.java:50)
	at cucumber.runner.TestStep.executeStep(TestStep.java:55)
	at cucumber.runner.TestStep.run(TestStep.java:42)
	at cucumber.runner.PickleStepTestStep.run(PickleStepTestStep.java:53)
	at cucumber.runner.TestCase.run(TestCase.java:47)
	at cucumber.runner.Runner.runPickle(Runner.java:44)
	at cucumber.runtime.junit.PickleRunners$NoStepDescriptions.run(PickleRunners.java:140)
	at cucumber.runtime.junit.FeatureRunner.runChild(FeatureRunner.java:68)
	at cucumber.runtime.junit.FeatureRunner.runChild(FeatureRunner.java:23)
	at org.junit.runners.ParentRunner$3.run(ParentRunner.java:290)
	at org.junit.runners.ParentRunner$1.schedule(ParentRunner.java:71)
	at org.junit.runners.ParentRunner.runChildren(ParentRunner.java:288)
	at org.junit.runners.ParentRunner.access$000(ParentRunner.java:58)
	at org.junit.runners.ParentRunner$2.evaluate(ParentRunner.java:268)
	at org.junit.runners.ParentRunner.run(ParentRunner.java:363)
	at cucumber.runtime.junit.FeatureRunner.run(FeatureRunner.java:73)
	at cucumber.api.junit.Cucumber.runChild(Cucumber.java:98)
	at cucumber.api.junit.Cucumber.runChild(Cucumber.java:55)
	at org.junit.runners.ParentRunner$3.run(ParentRunner.java:290)
	at org.junit.runners.ParentRunner$1.schedule(ParentRunner.java:71)
	at org.junit.runners.ParentRunner.runChildren(ParentRunner.java:288)
	at org.junit.runners.ParentRunner.access$000(ParentRunner.java:58)
	at org.junit.runners.ParentRunner$2.evaluate(ParentRunner.java:268)
	at cucumber.api.junit.Cucumber$1.evaluate(Cucumber.java:107)
	at org.junit.runners.ParentRunner.run(ParentRunner.java:363)
	at org.junit.runners.Suite.runChild(Suite.java:128)
	at org.junit.runners.Suite.runChild(Suite.java:27)
	at org.junit.runners.ParentRunner$3.run(ParentRunner.java:290)
	at org.junit.runners.ParentRunner$1.schedule(ParentRunner.java:71)
	at org.junit.runners.ParentRunner.runChildren(ParentRunner.java:288)
	at org.junit.runners.ParentRunner.access$000(ParentRunner.java:58)
	at org.junit.runners.ParentRunner$2.evaluate(ParentRunner.java:268)
	at org.junit.runners.ParentRunner.run(ParentRunner.java:363)
	at org.junit.runner.JUnitCore.run(JUnitCore.java:137)
	at org.junit.runner.JUnitCore.run(JUnitCore.java:115)
	at org.junit.runner.JUnitCore.run(JUnitCore.java:105)
	at com.kms.katalon.core.cucumber.keyword.CucumberBuiltinKeywords$_runWithCucumberRunner_closure3.doCall(CucumberBuiltinKeywords.groovy:260)
	at com.kms.katalon.core.cucumber.keyword.CucumberBuiltinKeywords$_runWithCucumberRunner_closure3.doCall(CucumberBuiltinKeywords.groovy)
	at com.kms.katalon.core.keyword.internal.KeywordMain.runKeyword(KeywordMain.groovy:66)
	at com.kms.katalon.core.keyword.internal.KeywordMain$runKeyword.call(Unknown Source)
	at com.kms.katalon.core.cucumber.keyword.CucumberBuiltinKeywords.runWithCucumberRunner(CucumberBuiltinKeywords.groovy:257)
	at com.kms.katalon.core.cucumber.keyword.CucumberBuiltinKeywords$runWithCucumberRunner$0.callStatic(Unknown Source)
	at com.kms.katalon.core.cucumber.keyword.CucumberBuiltinKeywords.runWithCucumberRunner(CucumberBuiltinKeywords.groovy:357)
	at com.kms.katalon.core.cucumber.keyword.CucumberBuiltinKeywords$runWithCucumberRunner.call(Unknown Source)
	at TC_GC_VerifyUploadedFiles_CleaningProducts.run(TC_GC_VerifyUploadedFiles_CleaningProducts:18)
	at com.kms.katalon.core.main.ScriptEngine.run(ScriptEngine.java:194)
	at com.kms.katalon.core.main.ScriptEngine.runScriptAsRawText(ScriptEngine.java:119)
	at com.kms.katalon.core.main.TestCaseExecutor.runScript(TestCaseExecutor.java:336)
	at com.kms.katalon.core.main.TestCaseExecutor.doExecute(TestCaseExecutor.java:327)
	at com.kms.katalon.core.main.TestCaseExecutor.processExecutionPhase(TestCaseExecutor.java:306)
	at com.kms.katalon.core.main.TestCaseExecutor.accessMainPhase(TestCaseExecutor.java:298)
	at com.kms.katalon.core.main.TestCaseExecutor.execute(TestCaseExecutor.java:232)
	at com.kms.katalon.core.main.TestSuiteExecutor.accessTestCaseMainPhase(TestSuiteExecutor.java:129)
	at com.kms.katalon.core.main.TestSuiteExecutor.accessTestSuiteMainPhase(TestSuiteExecutor.java:112)
	at com.kms.katalon.core.main.TestSuiteExecutor.execute(TestSuiteExecutor.java:81)
	at com.kms.katalon.core.main.TestCaseMain.startTestSuite(TestCaseMain.java:157)
	at com.kms.katalon.core.main.TestCaseMain$startTestSuite$0.call(Unknown Source)
	at TempTestSuite1560858913253.run(TempTestSuite1560858913253.groovy:35)
Caused by: com.kms.katalon.core.webui.exception.WebElementNotFoundException: Web element with id: 'Object Repository/Green_Cleaning/Powered_Cleaning_Opt3/AddFile_UploadGC_Calc/Table_GC_Calc' located by 'By.xpath: //*[@id="esPlanDocs_files" or @id="pceCalculatorDocs_files" ]/table' not found
	at com.kms.katalon.core.webui.common.WebUiCommonHelper.findWebElement(WebUiCommonHelper.java:1097)
	at com.kms.katalon.core.webui.keyword.internal.WebUIAbstractKeyword.findWebElement(WebUIAbstractKeyword.groovy:27)
	at com.kms.katalon.core.webui.keyword.internal.WebUIAbstractKeyword.findWebElement(WebUIAbstractKeyword.groovy:26)
	at com.kms.katalon.core.webui.keyword.builtin.ScrollToElementKeyword$_scrollToElement_closure1.doCall(ScrollToElementKeyword.groovy:79)
	at com.kms.katalon.core.webui.keyword.builtin.ScrollToElementKeyword$_scrollToElement_closure1.call(ScrollToElementKeyword.groovy)
	at com.kms.katalon.core.webui.keyword.internal.WebUIKeywordMain.runKeyword(WebUIKeywordMain.groovy:20)
	at com.kms.katalon.core.webui.keyword.builtin.ScrollToElementKeyword.scrollToElement(ScrollToElementKeyword.groovy:88)
	at com.kms.katalon.core.webui.keyword.builtin.ScrollToElementKeyword.execute(ScrollToElementKeyword.groovy:68)
	at com.kms.katalon.core.keyword.internal.KeywordExecutor.executeKeywordForPlatform(KeywordExecutor.groovy:56)
	at com.kms.katalon.core.webui.keyword.WebUiBuiltInKeywords.scrollToElement(WebUiBuiltInKeywords.groovy:2975)
	at com.kms.katalon.core.webui.keyword.WebUiBuiltInKeywords$scrollToElement$2.call(Unknown Source)
	at greenCleaningForm.GC_VerifyUploadedFiles.user_has_to_see_the_table_of_uploaded_files_of_Green_Cleaning_Calculator_in_Green_Cleaning(GC_VerifyUploadedFiles.groovy:102)
	at cucumber.runtime.Utils$1.call(Utils.java:26)
	at cucumber.runtime.Timeout.timeout(Timeout.java:16)
	at cucumber.runtime.Utils.invoke(Utils.java:20)
	at cucumber.runtime.java.JavaStepDefinition.execute(JavaStepDefinition.java:48)
	at cucumber.runtime.PickleStepDefinitionMatch.runStep(PickleStepDefinitionMatch.java:50)
	at cucumber.runner.TestStep.executeStep(TestStep.java:55)
	at cucumber.runner.TestStep.run(TestStep.java:42)
	at cucumber.runner.PickleStepTestStep.run(PickleStepTestStep.java:53)
	at cucumber.runner.TestCase.run(TestCase.java:47)
	at cucumber.runner.Runner.runPickle(Runner.java:44)
	at cucumber.runtime.junit.PickleRunners$NoStepDescriptions.run(PickleRunners.java:140)
	at cucumber.runtime.junit.FeatureRunner.runChild(FeatureRunner.java:68)
	at cucumber.runtime.junit.FeatureRunner.runChild(FeatureRunner.java:23)
	at org.junit.runners.ParentRunner$3.run(ParentRunner.java:290)
	at org.junit.runners.ParentRunner$1.schedule(ParentRunner.java:71)
	at org.junit.runners.ParentRunner.runChildren(ParentRunner.java:288)
	at org.junit.runners.ParentRunner.access$000(ParentRunner.java:58)
	at org.junit.runners.ParentRunner$2.evaluate(ParentRunner.java:268)
	at org.junit.runners.ParentRunner.run(ParentRunner.java:363)
	at cucumber.runtime.junit.FeatureRunner.run(FeatureRunner.java:73)
	at cucumber.api.junit.Cucumber.runChild(Cucumber.java:98)
	at cucumber.api.junit.Cucumber.runChild(Cucumber.java:55)
	at org.junit.runners.ParentRunner$3.run(ParentRunner.java:290)
	at org.junit.runners.ParentRunner$1.schedule(ParentRunner.java:71)
	at org.junit.runners.ParentRunner.runChildren(ParentRunner.java:288)
	at org.junit.runners.ParentRunner.access$000(ParentRunner.java:58)
	at org.junit.runners.ParentRunner$2.evaluate(ParentRunner.java:268)
	at cucumber.api.junit.Cucumber$1.evaluate(Cucumber.java:107)
	at org.junit.runners.ParentRunner.run(ParentRunner.java:363)
	at org.junit.runners.Suite.runChild(Suite.java:128)
	at org.junit.runners.Suite.runChild(Suite.java:27)
	at org.junit.runners.ParentRunner$3.run(ParentRunner.java:290)
	at org.junit.runners.ParentRunner$1.schedule(ParentRunner.java:71)
	at org.junit.runners.ParentRunner.runChildren(ParentRunner.java:288)
	at org.junit.runners.ParentRunner.access$000(ParentRunner.java:58)
	at org.junit.runners.ParentRunner$2.evaluate(ParentRunner.java:268)
	at org.junit.runners.ParentRunner.run(ParentRunner.java:363)
	at org.junit.runner.JUnitCore.run(JUnitCore.java:137)
	at org.junit.runner.JUnitCore.run(JUnitCore.java:115)
	at org.junit.runner.JUnitCore.run(JUnitCore.java:105)
	at com.kms.katalon.core.cucumber.keyword.CucumberBuiltinKeywords$_runWithCucumberRunner_closure3.doCall(CucumberBuiltinKeywords.groovy:260)
	at com.kms.katalon.core.cucumber.keyword.CucumberBuiltinKeywords$_runWithCucumberRunner_closure3.doCall(CucumberBuiltinKeywords.groovy)
	at com.kms.katalon.core.keyword.internal.KeywordMain.runKeyword(KeywordMain.groovy:66)
	at com.kms.katalon.core.keyword.internal.KeywordMain$runKeyword.call(Unknown Source)
	at com.kms.katalon.core.cucumber.keyword.CucumberBuiltinKeywords.runWithCucumberRunner(CucumberBuiltinKeywords.groovy:257)
	at com.kms.katalon.core.cucumber.keyword.CucumberBuiltinKeywords$runWithCucumberRunner$0.callStatic(Unknown Source)
	at com.kms.katalon.core.cucumber.keyword.CucumberBuiltinKeywords.runWithCucumberRunner(CucumberBuiltinKeywords.groovy:357)
	at com.kms.katalon.core.cucumber.keyword.CucumberBuiltinKeywords$runWithCucumberRunner.call(Unknown Source)
	at Script1560848656990.run(Script1560848656990.groovy:18)
	... 13 more
)
[[ATTACHMENT|H:\\Git Projects\\Usgbc_LeedOnline_ScoreCard\\Usgbc_LeedOnline_ScoreCard\\Reports\\GC_SmokeTest\\20190618_172508\\1560859085770.png]]

2019-06-18 17:28:06 - [MESSAGE][PASSED] - Scroll to object 'Object Repository/Green_Cleaning/CleaningPrdctsMaterials_Opt4/AddFile_Upload_executedContract/Table_executedContract' successfully

2019-06-18 17:28:06 - [MESSAGE][PASSED] - Object 'Object Repository/Green_Cleaning/CleaningPrdctsMaterials_Opt4/AddFile_Upload_executedContract/Table_executedContract' is present

2019-06-18 17:28:06 - [MESSAGE][PASSED] - Text of object '' is: 'SampleGIFImage_350kbmb.gif'

2019-06-18 17:28:06 - [MESSAGE][PASSED] - SampleGIFImage_350kbmb.gif is equal to SampleGIFImage_350kbmb.gif

2019-06-18 17:28:06 - [MESSAGE][PASSED] - Actual text 'SampleGIFImage_350kbmb.gif' and expected text 'SampleGIFImage_350kbmb.gif' are matched 

2019-06-18 17:28:06 - [MESSAGE][PASSED] - Text of object '' is: 'SamplePPTFile_1000kb.ppt'

2019-06-18 17:28:06 - [MESSAGE][PASSED] - SamplePPTFile_1000kb.ppt is equal to SamplePPTFile_1000kb.ppt

2019-06-18 17:28:06 - [MESSAGE][PASSED] - Actual text 'SamplePPTFile_1000kb.ppt' and expected text 'SamplePPTFile_1000kb.ppt' are matched 

2019-06-18 17:28:06 - [MESSAGE][PASSED] - Text of object '' is: 'ZZ.pdf'

2019-06-18 17:28:06 - [MESSAGE][PASSED] - ZZ.pdf is equal to ZZ.pdf

2019-06-18 17:28:06 - [MESSAGE][PASSED] - Actual text 'ZZ.pdf' and expected text 'ZZ.pdf' are matched 

2019-06-18 17:28:07 - [MESSAGE][PASSED] - Text of object '' is: 'SampleGIFImage_350kbmb.gif'

2019-06-18 17:28:07 - [MESSAGE][PASSED] - SampleGIFImage_350kbmb.gif is equal to SampleGIFImage_350kbmb.gif

2019-06-18 17:28:07 - [MESSAGE][PASSED] - Actual text 'SampleGIFImage_350kbmb.gif' and expected text 'SampleGIFImage_350kbmb.gif' are matched 

2019-06-18 17:28:07 - [MESSAGE][PASSED] - Text of object '' is: 'SamplePPTFile_1000kb.ppt'

2019-06-18 17:28:07 - [MESSAGE][PASSED] - SamplePPTFile_1000kb.ppt is equal to SamplePPTFile_1000kb.ppt

2019-06-18 17:28:07 - [MESSAGE][PASSED] - Actual text 'SamplePPTFile_1000kb.ppt' and expected text 'SamplePPTFile_1000kb.ppt' are matched 

2019-06-18 17:28:07 - [MESSAGE][PASSED] - Text of object '' is: 'ZZ.pdf'

2019-06-18 17:28:07 - [MESSAGE][PASSED] - ZZ.pdf is equal to ZZ.pdf

2019-06-18 17:28:07 - [MESSAGE][PASSED] - Actual text 'ZZ.pdf' and expected text 'ZZ.pdf' are matched 

2019-06-18 17:28:07 - [MESSAGE][PASSED] - Scroll to object 'Object Repository/Green_Cleaning/CleaningPrdctsMaterials_Opt4/AddFile_Upload_MSDS/Table_msds' successfully

2019-06-18 17:28:07 - [MESSAGE][PASSED] - Object 'Object Repository/Green_Cleaning/CleaningPrdctsMaterials_Opt4/AddFile_Upload_MSDS/Table_msds' is present

2019-06-18 17:28:07 - [MESSAGE][PASSED] - Text of object '' is: 'SampleGIFImage_350kbmb.gif'

2019-06-18 17:28:07 - [MESSAGE][PASSED] - SampleGIFImage_350kbmb.gif is equal to SampleGIFImage_350kbmb.gif

2019-06-18 17:28:07 - [MESSAGE][PASSED] - Actual text 'SampleGIFImage_350kbmb.gif' and expected text 'SampleGIFImage_350kbmb.gif' are matched 

2019-06-18 17:28:07 - [MESSAGE][PASSED] - Text of object '' is: 'SamplePPTFile_1000kb.ppt'

2019-06-18 17:28:07 - [MESSAGE][PASSED] - SamplePPTFile_1000kb.ppt is equal to SamplePPTFile_1000kb.ppt

2019-06-18 17:28:07 - [MESSAGE][PASSED] - Actual text 'SamplePPTFile_1000kb.ppt' and expected text 'SamplePPTFile_1000kb.ppt' are matched 

2019-06-18 17:28:07 - [MESSAGE][PASSED] - Text of object '' is: 'ZZ.pdf'

2019-06-18 17:28:08 - [MESSAGE][PASSED] - ZZ.pdf is equal to ZZ.pdf

2019-06-18 17:28:08 - [MESSAGE][PASSED] - Actual text 'ZZ.pdf' and expected text 'ZZ.pdf' are matched 

2019-06-18 17:28:08 - [MESSAGE][PASSED] - Text of object '' is: 'SampleGIFImage_350kbmb.gif'

2019-06-18 17:28:08 - [MESSAGE][PASSED] - SampleGIFImage_350kbmb.gif is equal to SampleGIFImage_350kbmb.gif

2019-06-18 17:28:08 - [MESSAGE][PASSED] - Actual text 'SampleGIFImage_350kbmb.gif' and expected text 'SampleGIFImage_350kbmb.gif' are matched 

2019-06-18 17:28:08 - [MESSAGE][PASSED] - Text of object '' is: 'SamplePPTFile_1000kb.ppt'

2019-06-18 17:28:08 - [MESSAGE][PASSED] - SamplePPTFile_1000kb.ppt is equal to SamplePPTFile_1000kb.ppt

2019-06-18 17:28:08 - [MESSAGE][PASSED] - Actual text 'SamplePPTFile_1000kb.ppt' and expected text 'SamplePPTFile_1000kb.ppt' are matched 

2019-06-18 17:28:08 - [MESSAGE][PASSED] - Text of object '' is: 'ZZ.pdf'

2019-06-18 17:28:08 - [MESSAGE][PASSED] - ZZ.pdf is equal to ZZ.pdf

2019-06-18 17:28:08 - [MESSAGE][PASSED] - Actual text 'ZZ.pdf' and expected text 'ZZ.pdf' are matched 

2019-06-18 17:28:08 - [MESSAGE][FAILED] - These following reason:
 [Unable to scroll to object 'Object Repository/Green_Cleaning/Powered_Cleaning_Opt3/AddFile_UploadGC_Calc/Table_GC_Calc']

2019-06-18 17:28:08 - [MESSAGE][FAILED] - Keyword runWithCucumberRunner was failed (Root cause: com.kms.katalon.core.exception.StepFailedException: These following reason:
 [Unable to scroll to object 'Object Repository/Green_Cleaning/Powered_Cleaning_Opt3/AddFile_UploadGC_Calc/Table_GC_Calc']
	at com.kms.katalon.core.keyword.internal.KeywordMain.stepFailed(KeywordMain.groovy:48)
	at com.kms.katalon.core.keyword.internal.KeywordMain.stepFailed(KeywordMain.groovy)
	at com.kms.katalon.core.keyword.internal.KeywordMain.stepFailed(KeywordMain.groovy:21)
	at com.kms.katalon.core.keyword.internal.KeywordMain$stepFailed$0.call(Unknown Source)
	at com.kms.katalon.core.cucumber.keyword.CucumberBuiltinKeywords$_runWithCucumberRunner_closure3.doCall(CucumberBuiltinKeywords.groovy:272)
	at com.kms.katalon.core.cucumber.keyword.CucumberBuiltinKeywords$_runWithCucumberRunner_closure3.doCall(CucumberBuiltinKeywords.groovy)
	at com.kms.katalon.core.keyword.internal.KeywordMain.runKeyword(KeywordMain.groovy:66)
	at com.kms.katalon.core.keyword.internal.KeywordMain$runKeyword.call(Unknown Source)
	at com.kms.katalon.core.cucumber.keyword.CucumberBuiltinKeywords.runWithCucumberRunner(CucumberBuiltinKeywords.groovy:257)
	at com.kms.katalon.core.cucumber.keyword.CucumberBuiltinKeywords$runWithCucumberRunner$0.callStatic(Unknown Source)
	at com.kms.katalon.core.cucumber.keyword.CucumberBuiltinKeywords.runWithCucumberRunner(CucumberBuiltinKeywords.groovy:357)
	at com.kms.katalon.core.cucumber.keyword.CucumberBuiltinKeywords$runWithCucumberRunner.call(Unknown Source)
	at TC_GC_VerifyUploadedFiles_CleaningProducts.run(TC_GC_VerifyUploadedFiles_CleaningProducts:18)
	at com.kms.katalon.core.main.ScriptEngine.run(ScriptEngine.java:194)
	at com.kms.katalon.core.main.ScriptEngine.runScriptAsRawText(ScriptEngine.java:119)
	at com.kms.katalon.core.main.TestCaseExecutor.runScript(TestCaseExecutor.java:336)
	at com.kms.katalon.core.main.TestCaseExecutor.doExecute(TestCaseExecutor.java:327)
	at com.kms.katalon.core.main.TestCaseExecutor.processExecutionPhase(TestCaseExecutor.java:306)
	at com.kms.katalon.core.main.TestCaseExecutor.accessMainPhase(TestCaseExecutor.java:298)
	at com.kms.katalon.core.main.TestCaseExecutor.execute(TestCaseExecutor.java:232)
	at com.kms.katalon.core.main.TestSuiteExecutor.accessTestCaseMainPhase(TestSuiteExecutor.java:129)
	at com.kms.katalon.core.main.TestSuiteExecutor.accessTestSuiteMainPhase(TestSuiteExecutor.java:112)
	at com.kms.katalon.core.main.TestSuiteExecutor.execute(TestSuiteExecutor.java:81)
	at com.kms.katalon.core.main.TestCaseMain.startTestSuite(TestCaseMain.java:157)
	at com.kms.katalon.core.main.TestCaseMain$startTestSuite$0.call(Unknown Source)
	at TempTestSuite1560858913253.run(TempTestSuite1560858913253.groovy:35)
)

2019-06-18 17:28:08 - [TEST_STEP][PASSED] - Start listener action : sampleAfterTestCase: Browser is closed

2019-06-18 17:28:08 - [TEST_STEP][PASSED] - closeBrowser(): Browser is closed

2019-06-18 17:28:09 - [MESSAGE][PASSED] - Browser is closed]]></system-out>
         <system-err><![CDATA[2019-06-18 17:27:09 - [TEST_CASE][FAILED] - Test Cases/GreenCleaning/TC_GC_VerifyUploadedFiles_CleaningProducts: Test Cases/GreenCleaning/TC_GC_VerifyUploadedFiles_CleaningProducts FAILED.
Reason:
com.kms.katalon.core.exception.StepFailedException: These following reason:
 [Unable to scroll to object 'Object Repository/Green_Cleaning/Powered_Cleaning_Opt3/AddFile_UploadGC_Calc/Table_GC_Calc']
	at com.kms.katalon.core.keyword.internal.KeywordMain.stepFailed(KeywordMain.groovy:48)
	at com.kms.katalon.core.keyword.internal.KeywordMain.stepFailed(KeywordMain.groovy)
	at com.kms.katalon.core.keyword.internal.KeywordMain.stepFailed(KeywordMain.groovy:21)
	at com.kms.katalon.core.keyword.internal.KeywordMain$stepFailed$0.call(Unknown Source)
	at com.kms.katalon.core.cucumber.keyword.CucumberBuiltinKeywords$_runWithCucumberRunner_closure3.doCall(CucumberBuiltinKeywords.groovy:272)
	at com.kms.katalon.core.cucumber.keyword.CucumberBuiltinKeywords$_runWithCucumberRunner_closure3.doCall(CucumberBuiltinKeywords.groovy)
	at com.kms.katalon.core.keyword.internal.KeywordMain.runKeyword(KeywordMain.groovy:66)
	at com.kms.katalon.core.keyword.internal.KeywordMain$runKeyword.call(Unknown Source)
	at com.kms.katalon.core.cucumber.keyword.CucumberBuiltinKeywords.runWithCucumberRunner(CucumberBuiltinKeywords.groovy:257)
	at com.kms.katalon.core.cucumber.keyword.CucumberBuiltinKeywords$runWithCucumberRunner$0.callStatic(Unknown Source)
	at com.kms.katalon.core.cucumber.keyword.CucumberBuiltinKeywords.runWithCucumberRunner(CucumberBuiltinKeywords.groovy:357)
	at com.kms.katalon.core.cucumber.keyword.CucumberBuiltinKeywords$runWithCucumberRunner.call(Unknown Source)
	at TC_GC_VerifyUploadedFiles_CleaningProducts.run(TC_GC_VerifyUploadedFiles_CleaningProducts:18)
	at com.kms.katalon.core.main.ScriptEngine.run(ScriptEngine.java:194)
	at com.kms.katalon.core.main.ScriptEngine.runScriptAsRawText(ScriptEngine.java:119)
	at com.kms.katalon.core.main.TestCaseExecutor.runScript(TestCaseExecutor.java:336)
	at com.kms.katalon.core.main.TestCaseExecutor.doExecute(TestCaseExecutor.java:327)
	at com.kms.katalon.core.main.TestCaseExecutor.processExecutionPhase(TestCaseExecutor.java:306)
	at com.kms.katalon.core.main.TestCaseExecutor.accessMainPhase(TestCaseExecutor.java:298)
	at com.kms.katalon.core.main.TestCaseExecutor.execute(TestCaseExecutor.java:232)
	at com.kms.katalon.core.main.TestSuiteExecutor.accessTestCaseMainPhase(TestSuiteExecutor.java:129)
	at com.kms.katalon.core.main.TestSuiteExecutor.accessTestSuiteMainPhase(TestSuiteExecutor.java:112)
	at com.kms.katalon.core.main.TestSuiteExecutor.execute(TestSuiteExecutor.java:81)
	at com.kms.katalon.core.main.TestCaseMain.startTestSuite(TestCaseMain.java:157)
	at com.kms.katalon.core.main.TestCaseMain$startTestSuite$0.call(Unknown Source)
	at TempTestSuite1560858913253.run(TempTestSuite1560858913253.groovy:35)]]></system-err>
      </testcase>
      <testcase name="Test Cases/GreenCleaning/TC_GC_DownloadFiles_CleaningProducts" classname="Test Cases/GreenCleaning/TC_GC_DownloadFiles_CleaningProducts" status="FAILED">
         <failure type="FAILED" message="Test Cases/GreenCleaning/TC_GC_DownloadFiles_CleaningProducts FAILED.
Reason:
com.kms.katalon.core.exception.StepFailedException: These following reason:
 [Unable to scroll to object 'Object Repository/Green_Cleaning/Powered_Cleaning_Opt3/AddFile_UploadGC_Calc/Table_GC_Calc']
	at com.kms.katalon.core.keyword.internal.KeywordMain.stepFailed(KeywordMain.groovy:48)
	at com.kms.katalon.core.keyword.internal.KeywordMain.stepFailed(KeywordMain.groovy)
	at com.kms.katalon.core.keyword.internal.KeywordMain.stepFailed(KeywordMain.groovy:21)
	at com.kms.katalon.core.keyword.internal.KeywordMain$stepFailed$0.call(Unknown Source)
	at com.kms.katalon.core.cucumber.keyword.CucumberBuiltinKeywords$_runWithCucumberRunner_closure3.doCall(CucumberBuiltinKeywords.groovy:272)
	at com.kms.katalon.core.cucumber.keyword.CucumberBuiltinKeywords$_runWithCucumberRunner_closure3.doCall(CucumberBuiltinKeywords.groovy)
	at com.kms.katalon.core.keyword.internal.KeywordMain.runKeyword(KeywordMain.groovy:66)
	at com.kms.katalon.core.keyword.internal.KeywordMain$runKeyword.call(Unknown Source)
	at com.kms.katalon.core.cucumber.keyword.CucumberBuiltinKeywords.runWithCucumberRunner(CucumberBuiltinKeywords.groovy:257)
	at com.kms.katalon.core.cucumber.keyword.CucumberBuiltinKeywords$runWithCucumberRunner$0.callStatic(Unknown Source)
	at com.kms.katalon.core.cucumber.keyword.CucumberBuiltinKeywords.runWithCucumberRunner(CucumberBuiltinKeywords.groovy:357)
	at com.kms.katalon.core.cucumber.keyword.CucumberBuiltinKeywords$runWithCucumberRunner.call(Unknown Source)
	at TC_GC_DownloadFiles_CleaningProducts.run(TC_GC_DownloadFiles_CleaningProducts:18)
	at com.kms.katalon.core.main.ScriptEngine.run(ScriptEngine.java:194)
	at com.kms.katalon.core.main.ScriptEngine.runScriptAsRawText(ScriptEngine.java:119)
	at com.kms.katalon.core.main.TestCaseExecutor.runScript(TestCaseExecutor.java:336)
	at com.kms.katalon.core.main.TestCaseExecutor.doExecute(TestCaseExecutor.java:327)
	at com.kms.katalon.core.main.TestCaseExecutor.processExecutionPhase(TestCaseExecutor.java:306)
	at com.kms.katalon.core.main.TestCaseExecutor.accessMainPhase(TestCaseExecutor.java:298)
	at com.kms.katalon.core.main.TestCaseExecutor.execute(TestCaseExecutor.java:232)
	at com.kms.katalon.core.main.TestSuiteExecutor.accessTestCaseMainPhase(TestSuiteExecutor.java:129)
	at com.kms.katalon.core.main.TestSuiteExecutor.accessTestSuiteMainPhase(TestSuiteExecutor.java:112)
	at com.kms.katalon.core.main.TestSuiteExecutor.execute(TestSuiteExecutor.java:81)
	at com.kms.katalon.core.main.TestCaseMain.startTestSuite(TestCaseMain.java:157)
	at com.kms.katalon.core.main.TestCaseMain$startTestSuite$0.call(Unknown Source)
	at TempTestSuite1560858913253.run(TempTestSuite1560858913253.groovy:35)
"/>
         <system-out><![CDATA[2019-06-18 17:28:09 - [TEST_CASE][FAILED] - Test Cases/GreenCleaning/TC_GC_DownloadFiles_CleaningProducts: Test Cases/GreenCleaning/TC_GC_DownloadFiles_CleaningProducts FAILED.
Reason:
com.kms.katalon.core.exception.StepFailedException: These following reason:
 [Unable to scroll to object 'Object Repository/Green_Cleaning/Powered_Cleaning_Opt3/AddFile_UploadGC_Calc/Table_GC_Calc']
	at com.kms.katalon.core.keyword.internal.KeywordMain.stepFailed(KeywordMain.groovy:48)
	at com.kms.katalon.core.keyword.internal.KeywordMain.stepFailed(KeywordMain.groovy)
	at com.kms.katalon.core.keyword.internal.KeywordMain.stepFailed(KeywordMain.groovy:21)
	at com.kms.katalon.core.keyword.internal.KeywordMain$stepFailed$0.call(Unknown Source)
	at com.kms.katalon.core.cucumber.keyword.CucumberBuiltinKeywords$_runWithCucumberRunner_closure3.doCall(CucumberBuiltinKeywords.groovy:272)
	at com.kms.katalon.core.cucumber.keyword.CucumberBuiltinKeywords$_runWithCucumberRunner_closure3.doCall(CucumberBuiltinKeywords.groovy)
	at com.kms.katalon.core.keyword.internal.KeywordMain.runKeyword(KeywordMain.groovy:66)
	at com.kms.katalon.core.keyword.internal.KeywordMain$runKeyword.call(Unknown Source)
	at com.kms.katalon.core.cucumber.keyword.CucumberBuiltinKeywords.runWithCucumberRunner(CucumberBuiltinKeywords.groovy:257)
	at com.kms.katalon.core.cucumber.keyword.CucumberBuiltinKeywords$runWithCucumberRunner$0.callStatic(Unknown Source)
	at com.kms.katalon.core.cucumber.keyword.CucumberBuiltinKeywords.runWithCucumberRunner(CucumberBuiltinKeywords.groovy:357)
	at com.kms.katalon.core.cucumber.keyword.CucumberBuiltinKeywords$runWithCucumberRunner.call(Unknown Source)
	at TC_GC_DownloadFiles_CleaningProducts.run(TC_GC_DownloadFiles_CleaningProducts:18)
	at com.kms.katalon.core.main.ScriptEngine.run(ScriptEngine.java:194)
	at com.kms.katalon.core.main.ScriptEngine.runScriptAsRawText(ScriptEngine.java:119)
	at com.kms.katalon.core.main.TestCaseExecutor.runScript(TestCaseExecutor.java:336)
	at com.kms.katalon.core.main.TestCaseExecutor.doExecute(TestCaseExecutor.java:327)
	at com.kms.katalon.core.main.TestCaseExecutor.processExecutionPhase(TestCaseExecutor.java:306)
	at com.kms.katalon.core.main.TestCaseExecutor.accessMainPhase(TestCaseExecutor.java:298)
	at com.kms.katalon.core.main.TestCaseExecutor.execute(TestCaseExecutor.java:232)
	at com.kms.katalon.core.main.TestSuiteExecutor.accessTestCaseMainPhase(TestSuiteExecutor.java:129)
	at com.kms.katalon.core.main.TestSuiteExecutor.accessTestSuiteMainPhase(TestSuiteExecutor.java:112)
	at com.kms.katalon.core.main.TestSuiteExecutor.execute(TestSuiteExecutor.java:81)
	at com.kms.katalon.core.main.TestCaseMain.startTestSuite(TestCaseMain.java:157)
	at com.kms.katalon.core.main.TestCaseMain$startTestSuite$0.call(Unknown Source)
	at TempTestSuite1560858913253.run(TempTestSuite1560858913253.groovy:35)


2019-06-18 17:28:09 - [TEST_STEP][PASSED] - Start listener action : sampleBeforeTestCase: null

2019-06-18 17:28:09 - [TEST_STEP][PASSED] - openBrowser(""): Browser is opened with url: ''

2019-06-18 17:28:09 - [MESSAGE][INFO] - Starting 'Chrome' driver

2019-06-18 17:28:09 - [MESSAGE][INFO] - User set preference: ['args', '[--window-size=1920,1080]']

2019-06-18 17:28:11 - [MESSAGE][PASSED] - Browser is opened with url: ''

2019-06-18 17:28:11 - [TEST_STEP][PASSED] - driver = getWebDriver(): null

2019-06-18 17:28:11 - [TEST_STEP][PASSED] - println("The driver is ########### " + driver): null

2019-06-18 17:28:11 - [TEST_STEP][PASSED] - downloadPath = "H:\Git Projects\Usgbc_LeedOnline_ScoreCard\Usgbc_LeedOnline_ScoreCard\Include\TestData\DownloadedFiles": null

2019-06-18 17:28:11 - [TEST_STEP][PASSED] - projectKeywords().sendCommandForDownloadChromeHeadLess(driver.getCommandExecutor(), driver.getSessionId(), downloadPath): null

2019-06-18 17:28:11 - [TEST_STEP][FAILED] - runWithCucumberRunner(greenCleaningForm.Runner_GC_DownloadFiles_CleaningProducts): Keyword runWithCucumberRunner was failed (Root cause: com.kms.katalon.core.exception.StepFailedException: These following reason:
 [Unable to scroll to object 'Object Repository/Green_Cleaning/Powered_Cleaning_Opt3/AddFile_UploadGC_Calc/Table_GC_Calc']
	at com.kms.katalon.core.keyword.internal.KeywordMain.stepFailed(KeywordMain.groovy:48)
	at com.kms.katalon.core.keyword.internal.KeywordMain.stepFailed(KeywordMain.groovy)
	at com.kms.katalon.core.keyword.internal.KeywordMain.stepFailed(KeywordMain.groovy:21)
	at com.kms.katalon.core.keyword.internal.KeywordMain$stepFailed$0.call(Unknown Source)
	at com.kms.katalon.core.cucumber.keyword.CucumberBuiltinKeywords$_runWithCucumberRunner_closure3.doCall(CucumberBuiltinKeywords.groovy:272)
	at com.kms.katalon.core.cucumber.keyword.CucumberBuiltinKeywords$_runWithCucumberRunner_closure3.doCall(CucumberBuiltinKeywords.groovy)
	at com.kms.katalon.core.keyword.internal.KeywordMain.runKeyword(KeywordMain.groovy:66)
	at com.kms.katalon.core.keyword.internal.KeywordMain$runKeyword.call(Unknown Source)
	at com.kms.katalon.core.cucumber.keyword.CucumberBuiltinKeywords.runWithCucumberRunner(CucumberBuiltinKeywords.groovy:257)
	at com.kms.katalon.core.cucumber.keyword.CucumberBuiltinKeywords$runWithCucumberRunner$0.callStatic(Unknown Source)
	at com.kms.katalon.core.cucumber.keyword.CucumberBuiltinKeywords.runWithCucumberRunner(CucumberBuiltinKeywords.groovy:357)
	at com.kms.katalon.core.cucumber.keyword.CucumberBuiltinKeywords$runWithCucumberRunner.call(Unknown Source)
	at TC_GC_DownloadFiles_CleaningProducts.run(TC_GC_DownloadFiles_CleaningProducts:18)
	at com.kms.katalon.core.main.ScriptEngine.run(ScriptEngine.java:194)
	at com.kms.katalon.core.main.ScriptEngine.runScriptAsRawText(ScriptEngine.java:119)
	at com.kms.katalon.core.main.TestCaseExecutor.runScript(TestCaseExecutor.java:336)
	at com.kms.katalon.core.main.TestCaseExecutor.doExecute(TestCaseExecutor.java:327)
	at com.kms.katalon.core.main.TestCaseExecutor.processExecutionPhase(TestCaseExecutor.java:306)
	at com.kms.katalon.core.main.TestCaseExecutor.accessMainPhase(TestCaseExecutor.java:298)
	at com.kms.katalon.core.main.TestCaseExecutor.execute(TestCaseExecutor.java:232)
	at com.kms.katalon.core.main.TestSuiteExecutor.accessTestCaseMainPhase(TestSuiteExecutor.java:129)
	at com.kms.katalon.core.main.TestSuiteExecutor.accessTestSuiteMainPhase(TestSuiteExecutor.java:112)
	at com.kms.katalon.core.main.TestSuiteExecutor.execute(TestSuiteExecutor.java:81)
	at com.kms.katalon.core.main.TestCaseMain.startTestSuite(TestCaseMain.java:157)
	at com.kms.katalon.core.main.TestCaseMain$startTestSuite$0.call(Unknown Source)
	at TempTestSuite1560858913253.run(TempTestSuite1560858913253.groovy:35)
)

2019-06-18 17:28:12 - [TEST_CASE][PASSED] - Test Cases/GreenCleaning/TC_GC_Navigate: Test Cases/GreenCleaning/TC_GC_Navigate

2019-06-18 17:28:12 - [TEST_STEP][PASSED] - runWithCucumberRunner(greenCleaningForm.Runner_NavigationGC): Run with 'greenCleaningForm.Runner_NavigationGC' was passed

2019-06-18 17:28:12 - [TEST_CASE][PASSED] - Test Cases/Login/TC_Login: Test Cases/Login/TC_Login

2019-06-18 17:28:12 - [TEST_STEP][PASSED] - runWithCucumberRunner(common.Runner_Login): Run with 'common.Runner_Login' was passed

2019-06-18 17:28:15 - [MESSAGE][PASSED] - Navigate to 'https://leedonline-stg.usgbc.org' successfully

2019-06-18 17:28:17 - [MESSAGE][PASSED] - Delayed 2 second(s)

2019-06-18 17:28:17 - [MESSAGE][PASSED] - Text 'automationbdd1@gmail.com' is set on object 'Object Repository/Login/input_username'

2019-06-18 17:28:17 - [MESSAGE][PASSED] - Text 'initpass' is set on object 'Object Repository/Login/input_password'

2019-06-18 17:28:20 - [MESSAGE][PASSED] - Delayed 3 second(s)

2019-06-18 17:28:20 - [MESSAGE][PASSED] - Scroll to object 'Object Repository/Login/span_End User License Agreement' successfully

2019-06-18 17:28:20 - [MESSAGE][PASSED] - Object 'Object Repository/Login/span_End User License Agreement' is visible

2019-06-18 17:28:20 - [MESSAGE][PASSED] - Object 'Object Repository/Login/span_End User License Agreement' is checked

2019-06-18 17:28:21 - [MESSAGE][PASSED] - Delayed 1 second(s)

2019-06-18 17:28:21 - [MESSAGE][PASSED] - Object: 'Object Repository/Login/button_Log In' is clicked on

2019-06-18 17:28:26 - [MESSAGE][PASSED] - Object: '' is clicked on

2019-06-18 17:28:27 - [MESSAGE][PASSED] - Object: 'Object Repository/Login/a_Credits' is clicked on

2019-06-18 17:28:27 - [MESSAGE][PASSED] - Run with 'common.Runner_Login' was passed

2019-06-18 17:28:27 - [MESSAGE][PASSED] - Call Test Case 'Test Cases/Login/TC_Login' successfully

2019-06-18 17:28:27 - [MESSAGE][PASSED] - Scroll to object 'Object Repository/Green_Cleaning/Navigation/div_Green Cleaning' successfully

2019-06-18 17:28:27 - [MESSAGE][PASSED] - Object 'Object Repository/Green_Cleaning/Navigation/div_Green Cleaning' is present

2019-06-18 17:28:28 - [MESSAGE][PASSED] - Text of object 'Object Repository/Green_Cleaning/Navigation/h3_Status' is: 'ATTEMPTED'

2019-06-18 17:28:28 - [MESSAGE][PASSED] - Text of object 'Object Repository/Green_Cleaning/Navigation/divval' is: 'ATTEMPTED'

2019-06-18 17:28:28 - [MESSAGE][PASSED] - Text of object 'Object Repository/Green_Cleaning/Navigation/h3_Status' is: 'ATTEMPTED'

2019-06-18 17:28:28 - [MESSAGE][PASSED] - Object: 'Object Repository/Green_Cleaning/Navigation/div_Green Cleaning' is clicked on

2019-06-18 17:28:31 - [MESSAGE][PASSED] - Delayed 3 second(s)

2019-06-18 17:28:34 - [MESSAGE][PASSED] - Object: 'Object Repository/Green_Cleaning/Navigation/span_(V01)' is clicked on

2019-06-18 17:28:34 - [MESSAGE][PASSED] - Object 'Object Repository/Green_Cleaning/Navigation/div_GreenCleaningPolicyCreditLib' is present

2019-06-18 17:28:34 - [MESSAGE][PASSED] - Run with 'greenCleaningForm.Runner_NavigationGC' was passed

2019-06-18 17:28:34 - [MESSAGE][PASSED] - Call Test Case 'Test Cases/GreenCleaning/TC_GC_Navigate' successfully

2019-06-18 17:29:05 - [MESSAGE][INFO] - Unable to find the element located by 'By.xpath: //*[@id="esPlanDocs_files" or @id="pceCalculatorDocs_files" ]/table'. Please recheck the objects properties to make sure the desired element is located. 

2019-06-18 17:29:05 - [MESSAGE][FAILED] - Unable to scroll to object 'Object Repository/Green_Cleaning/Powered_Cleaning_Opt3/AddFile_UploadGC_Calc/Table_GC_Calc' (Root cause: com.kms.katalon.core.exception.StepFailedException: Unable to scroll to object 'Object Repository/Green_Cleaning/Powered_Cleaning_Opt3/AddFile_UploadGC_Calc/Table_GC_Calc'
	at com.kms.katalon.core.webui.keyword.internal.WebUIKeywordMain.stepFailed(WebUIKeywordMain.groovy:64)
	at com.kms.katalon.core.webui.keyword.internal.WebUIKeywordMain.runKeyword(WebUIKeywordMain.groovy:26)
	at com.kms.katalon.core.webui.keyword.builtin.ScrollToElementKeyword.scrollToElement(ScrollToElementKeyword.groovy:88)
	at com.kms.katalon.core.webui.keyword.builtin.ScrollToElementKeyword.execute(ScrollToElementKeyword.groovy:68)
	at com.kms.katalon.core.keyword.internal.KeywordExecutor.executeKeywordForPlatform(KeywordExecutor.groovy:56)
	at com.kms.katalon.core.webui.keyword.WebUiBuiltInKeywords.scrollToElement(WebUiBuiltInKeywords.groovy:2975)
	at com.kms.katalon.core.webui.keyword.WebUiBuiltInKeywords$scrollToElement$2.call(Unknown Source)
	at greenCleaningForm.GC_VerifyUploadedFiles.user_has_to_see_the_table_of_uploaded_files_of_Green_Cleaning_Calculator_in_Green_Cleaning(GC_VerifyUploadedFiles.groovy:102)
	at cucumber.runtime.Utils$1.call(Utils.java:26)
	at cucumber.runtime.Timeout.timeout(Timeout.java:16)
	at cucumber.runtime.Utils.invoke(Utils.java:20)
	at cucumber.runtime.java.JavaStepDefinition.execute(JavaStepDefinition.java:48)
	at cucumber.runtime.PickleStepDefinitionMatch.runStep(PickleStepDefinitionMatch.java:50)
	at cucumber.runner.TestStep.executeStep(TestStep.java:55)
	at cucumber.runner.TestStep.run(TestStep.java:42)
	at cucumber.runner.PickleStepTestStep.run(PickleStepTestStep.java:53)
	at cucumber.runner.TestCase.run(TestCase.java:47)
	at cucumber.runner.Runner.runPickle(Runner.java:44)
	at cucumber.runtime.junit.PickleRunners$NoStepDescriptions.run(PickleRunners.java:140)
	at cucumber.runtime.junit.FeatureRunner.runChild(FeatureRunner.java:68)
	at cucumber.runtime.junit.FeatureRunner.runChild(FeatureRunner.java:23)
	at org.junit.runners.ParentRunner$3.run(ParentRunner.java:290)
	at org.junit.runners.ParentRunner$1.schedule(ParentRunner.java:71)
	at org.junit.runners.ParentRunner.runChildren(ParentRunner.java:288)
	at org.junit.runners.ParentRunner.access$000(ParentRunner.java:58)
	at org.junit.runners.ParentRunner$2.evaluate(ParentRunner.java:268)
	at org.junit.runners.ParentRunner.run(ParentRunner.java:363)
	at cucumber.runtime.junit.FeatureRunner.run(FeatureRunner.java:73)
	at cucumber.api.junit.Cucumber.runChild(Cucumber.java:98)
	at cucumber.api.junit.Cucumber.runChild(Cucumber.java:55)
	at org.junit.runners.ParentRunner$3.run(ParentRunner.java:290)
	at org.junit.runners.ParentRunner$1.schedule(ParentRunner.java:71)
	at org.junit.runners.ParentRunner.runChildren(ParentRunner.java:288)
	at org.junit.runners.ParentRunner.access$000(ParentRunner.java:58)
	at org.junit.runners.ParentRunner$2.evaluate(ParentRunner.java:268)
	at cucumber.api.junit.Cucumber$1.evaluate(Cucumber.java:107)
	at org.junit.runners.ParentRunner.run(ParentRunner.java:363)
	at org.junit.runners.Suite.runChild(Suite.java:128)
	at org.junit.runners.Suite.runChild(Suite.java:27)
	at org.junit.runners.ParentRunner$3.run(ParentRunner.java:290)
	at org.junit.runners.ParentRunner$1.schedule(ParentRunner.java:71)
	at org.junit.runners.ParentRunner.runChildren(ParentRunner.java:288)
	at org.junit.runners.ParentRunner.access$000(ParentRunner.java:58)
	at org.junit.runners.ParentRunner$2.evaluate(ParentRunner.java:268)
	at org.junit.runners.ParentRunner.run(ParentRunner.java:363)
	at org.junit.runner.JUnitCore.run(JUnitCore.java:137)
	at org.junit.runner.JUnitCore.run(JUnitCore.java:115)
	at org.junit.runner.JUnitCore.run(JUnitCore.java:105)
	at com.kms.katalon.core.cucumber.keyword.CucumberBuiltinKeywords$_runWithCucumberRunner_closure3.doCall(CucumberBuiltinKeywords.groovy:260)
	at com.kms.katalon.core.cucumber.keyword.CucumberBuiltinKeywords$_runWithCucumberRunner_closure3.doCall(CucumberBuiltinKeywords.groovy)
	at com.kms.katalon.core.keyword.internal.KeywordMain.runKeyword(KeywordMain.groovy:66)
	at com.kms.katalon.core.keyword.internal.KeywordMain$runKeyword.call(Unknown Source)
	at com.kms.katalon.core.cucumber.keyword.CucumberBuiltinKeywords.runWithCucumberRunner(CucumberBuiltinKeywords.groovy:257)
	at com.kms.katalon.core.cucumber.keyword.CucumberBuiltinKeywords$runWithCucumberRunner$0.callStatic(Unknown Source)
	at com.kms.katalon.core.cucumber.keyword.CucumberBuiltinKeywords.runWithCucumberRunner(CucumberBuiltinKeywords.groovy:357)
	at com.kms.katalon.core.cucumber.keyword.CucumberBuiltinKeywords$runWithCucumberRunner.call(Unknown Source)
	at TC_GC_DownloadFiles_CleaningProducts.run(TC_GC_DownloadFiles_CleaningProducts:18)
	at com.kms.katalon.core.main.ScriptEngine.run(ScriptEngine.java:194)
	at com.kms.katalon.core.main.ScriptEngine.runScriptAsRawText(ScriptEngine.java:119)
	at com.kms.katalon.core.main.TestCaseExecutor.runScript(TestCaseExecutor.java:336)
	at com.kms.katalon.core.main.TestCaseExecutor.doExecute(TestCaseExecutor.java:327)
	at com.kms.katalon.core.main.TestCaseExecutor.processExecutionPhase(TestCaseExecutor.java:306)
	at com.kms.katalon.core.main.TestCaseExecutor.accessMainPhase(TestCaseExecutor.java:298)
	at com.kms.katalon.core.main.TestCaseExecutor.execute(TestCaseExecutor.java:232)
	at com.kms.katalon.core.main.TestSuiteExecutor.accessTestCaseMainPhase(TestSuiteExecutor.java:129)
	at com.kms.katalon.core.main.TestSuiteExecutor.accessTestSuiteMainPhase(TestSuiteExecutor.java:112)
	at com.kms.katalon.core.main.TestSuiteExecutor.execute(TestSuiteExecutor.java:81)
	at com.kms.katalon.core.main.TestCaseMain.startTestSuite(TestCaseMain.java:157)
	at com.kms.katalon.core.main.TestCaseMain$startTestSuite$0.call(Unknown Source)
	at TempTestSuite1560858913253.run(TempTestSuite1560858913253.groovy:35)
Caused by: com.kms.katalon.core.webui.exception.WebElementNotFoundException: Web element with id: 'Object Repository/Green_Cleaning/Powered_Cleaning_Opt3/AddFile_UploadGC_Calc/Table_GC_Calc' located by 'By.xpath: //*[@id="esPlanDocs_files" or @id="pceCalculatorDocs_files" ]/table' not found
	at com.kms.katalon.core.webui.common.WebUiCommonHelper.findWebElement(WebUiCommonHelper.java:1097)
	at com.kms.katalon.core.webui.keyword.internal.WebUIAbstractKeyword.findWebElement(WebUIAbstractKeyword.groovy:27)
	at com.kms.katalon.core.webui.keyword.internal.WebUIAbstractKeyword.findWebElement(WebUIAbstractKeyword.groovy:26)
	at com.kms.katalon.core.webui.keyword.builtin.ScrollToElementKeyword$_scrollToElement_closure1.doCall(ScrollToElementKeyword.groovy:79)
	at com.kms.katalon.core.webui.keyword.builtin.ScrollToElementKeyword$_scrollToElement_closure1.call(ScrollToElementKeyword.groovy)
	at com.kms.katalon.core.webui.keyword.internal.WebUIKeywordMain.runKeyword(WebUIKeywordMain.groovy:20)
	at com.kms.katalon.core.webui.keyword.builtin.ScrollToElementKeyword.scrollToElement(ScrollToElementKeyword.groovy:88)
	at com.kms.katalon.core.webui.keyword.builtin.ScrollToElementKeyword.execute(ScrollToElementKeyword.groovy:68)
	at com.kms.katalon.core.keyword.internal.KeywordExecutor.executeKeywordForPlatform(KeywordExecutor.groovy:56)
	at com.kms.katalon.core.webui.keyword.WebUiBuiltInKeywords.scrollToElement(WebUiBuiltInKeywords.groovy:2975)
	at com.kms.katalon.core.webui.keyword.WebUiBuiltInKeywords$scrollToElement$2.call(Unknown Source)
	at greenCleaningForm.GC_VerifyUploadedFiles.user_has_to_see_the_table_of_uploaded_files_of_Green_Cleaning_Calculator_in_Green_Cleaning(GC_VerifyUploadedFiles.groovy:102)
	at cucumber.runtime.Utils$1.call(Utils.java:26)
	at cucumber.runtime.Timeout.timeout(Timeout.java:16)
	at cucumber.runtime.Utils.invoke(Utils.java:20)
	at cucumber.runtime.java.JavaStepDefinition.execute(JavaStepDefinition.java:48)
	at cucumber.runtime.PickleStepDefinitionMatch.runStep(PickleStepDefinitionMatch.java:50)
	at cucumber.runner.TestStep.executeStep(TestStep.java:55)
	at cucumber.runner.TestStep.run(TestStep.java:42)
	at cucumber.runner.PickleStepTestStep.run(PickleStepTestStep.java:53)
	at cucumber.runner.TestCase.run(TestCase.java:47)
	at cucumber.runner.Runner.runPickle(Runner.java:44)
	at cucumber.runtime.junit.PickleRunners$NoStepDescriptions.run(PickleRunners.java:140)
	at cucumber.runtime.junit.FeatureRunner.runChild(FeatureRunner.java:68)
	at cucumber.runtime.junit.FeatureRunner.runChild(FeatureRunner.java:23)
	at org.junit.runners.ParentRunner$3.run(ParentRunner.java:290)
	at org.junit.runners.ParentRunner$1.schedule(ParentRunner.java:71)
	at org.junit.runners.ParentRunner.runChildren(ParentRunner.java:288)
	at org.junit.runners.ParentRunner.access$000(ParentRunner.java:58)
	at org.junit.runners.ParentRunner$2.evaluate(ParentRunner.java:268)
	at org.junit.runners.ParentRunner.run(ParentRunner.java:363)
	at cucumber.runtime.junit.FeatureRunner.run(FeatureRunner.java:73)
	at cucumber.api.junit.Cucumber.runChild(Cucumber.java:98)
	at cucumber.api.junit.Cucumber.runChild(Cucumber.java:55)
	at org.junit.runners.ParentRunner$3.run(ParentRunner.java:290)
	at org.junit.runners.ParentRunner$1.schedule(ParentRunner.java:71)
	at org.junit.runners.ParentRunner.runChildren(ParentRunner.java:288)
	at org.junit.runners.ParentRunner.access$000(ParentRunner.java:58)
	at org.junit.runners.ParentRunner$2.evaluate(ParentRunner.java:268)
	at cucumber.api.junit.Cucumber$1.evaluate(Cucumber.java:107)
	at org.junit.runners.ParentRunner.run(ParentRunner.java:363)
	at org.junit.runners.Suite.runChild(Suite.java:128)
	at org.junit.runners.Suite.runChild(Suite.java:27)
	at org.junit.runners.ParentRunner$3.run(ParentRunner.java:290)
	at org.junit.runners.ParentRunner$1.schedule(ParentRunner.java:71)
	at org.junit.runners.ParentRunner.runChildren(ParentRunner.java:288)
	at org.junit.runners.ParentRunner.access$000(ParentRunner.java:58)
	at org.junit.runners.ParentRunner$2.evaluate(ParentRunner.java:268)
	at org.junit.runners.ParentRunner.run(ParentRunner.java:363)
	at org.junit.runner.JUnitCore.run(JUnitCore.java:137)
	at org.junit.runner.JUnitCore.run(JUnitCore.java:115)
	at org.junit.runner.JUnitCore.run(JUnitCore.java:105)
	at com.kms.katalon.core.cucumber.keyword.CucumberBuiltinKeywords$_runWithCucumberRunner_closure3.doCall(CucumberBuiltinKeywords.groovy:260)
	at com.kms.katalon.core.cucumber.keyword.CucumberBuiltinKeywords$_runWithCucumberRunner_closure3.doCall(CucumberBuiltinKeywords.groovy)
	at com.kms.katalon.core.keyword.internal.KeywordMain.runKeyword(KeywordMain.groovy:66)
	at com.kms.katalon.core.keyword.internal.KeywordMain$runKeyword.call(Unknown Source)
	at com.kms.katalon.core.cucumber.keyword.CucumberBuiltinKeywords.runWithCucumberRunner(CucumberBuiltinKeywords.groovy:257)
	at com.kms.katalon.core.cucumber.keyword.CucumberBuiltinKeywords$runWithCucumberRunner$0.callStatic(Unknown Source)
	at com.kms.katalon.core.cucumber.keyword.CucumberBuiltinKeywords.runWithCucumberRunner(CucumberBuiltinKeywords.groovy:357)
	at com.kms.katalon.core.cucumber.keyword.CucumberBuiltinKeywords$runWithCucumberRunner.call(Unknown Source)
	at Script1560850181461.run(Script1560850181461.groovy:18)
	... 13 more
)
[[ATTACHMENT|H:\\Git Projects\\Usgbc_LeedOnline_ScoreCard\\Usgbc_LeedOnline_ScoreCard\\Reports\\GC_SmokeTest\\20190618_172508\\1560859145372.png]]

2019-06-18 17:29:05 - [MESSAGE][PASSED] - Scroll to object 'Object Repository/Green_Cleaning/CleaningPrdctsMaterials_Opt4/AddFile_Upload_executedContract/Table_executedContract' successfully

2019-06-18 17:29:05 - [MESSAGE][PASSED] - Object 'Object Repository/Green_Cleaning/CleaningPrdctsMaterials_Opt4/AddFile_Upload_executedContract/Table_executedContract' is present

2019-06-18 17:29:06 - [MESSAGE][PASSED] - Scroll to object 'Object Repository/Green_Cleaning/CleaningPrdctsMaterials_Opt4/AddFile_Upload_executedContract/p_executedContract' successfully

2019-06-18 17:29:08 - [MESSAGE][PASSED] - Delayed 2 second(s)

2019-06-18 17:29:08 - [MESSAGE][PASSED] - Object: 'Object Repository/Green_Cleaning/CleaningPrdctsMaterials_Opt4/AddFile_Upload_executedContract/p_executedContract' is hovered

2019-06-18 17:29:08 - [MESSAGE][PASSED] - Object: '' is clicked on

2019-06-18 17:29:08 - [MESSAGE][PASSED] - Text of object '' is: 'ZZ.pdf'

2019-06-18 17:29:18 - [MESSAGE][PASSED] - Delayed 10 second(s)

2019-06-18 17:29:18 - [MESSAGE][PASSED] - Object: 'Object Repository/Green_Cleaning/CleaningPrdctsMaterials_Opt4/AddFile_Upload_executedContract/p_executedContract' is hovered

2019-06-18 17:29:20 - [MESSAGE][PASSED] - Delayed 2 second(s)

2019-06-18 17:29:22 - [MESSAGE][PASSED] - Delayed 2 second(s)

2019-06-18 17:29:22 - [MESSAGE][PASSED] - Object: 'Object Repository/Green_Cleaning/CleaningPrdctsMaterials_Opt4/AddFile_Upload_executedContract/p_executedContract' is hovered

2019-06-18 17:29:22 - [MESSAGE][PASSED] - Object: '' is clicked on

2019-06-18 17:29:22 - [MESSAGE][PASSED] - Text of object '' is: 'SamplePPTFile_1000kb.ppt'

2019-06-18 17:29:32 - [MESSAGE][PASSED] - Delayed 10 second(s)

2019-06-18 17:29:32 - [MESSAGE][PASSED] - Object: 'Object Repository/Green_Cleaning/CleaningPrdctsMaterials_Opt4/AddFile_Upload_executedContract/p_executedContract' is hovered

2019-06-18 17:29:34 - [MESSAGE][PASSED] - Delayed 2 second(s)

2019-06-18 17:29:36 - [MESSAGE][PASSED] - Delayed 2 second(s)

2019-06-18 17:29:37 - [MESSAGE][PASSED] - Object: 'Object Repository/Green_Cleaning/CleaningPrdctsMaterials_Opt4/AddFile_Upload_executedContract/p_executedContract' is hovered

2019-06-18 17:29:37 - [MESSAGE][PASSED] - Object: '' is clicked on

2019-06-18 17:29:37 - [MESSAGE][PASSED] - Text of object '' is: 'SampleGIFImage_350kbmb.gif'

2019-06-18 17:29:47 - [MESSAGE][PASSED] - Delayed 10 second(s)

2019-06-18 17:29:47 - [MESSAGE][PASSED] - Object: 'Object Repository/Green_Cleaning/CleaningPrdctsMaterials_Opt4/AddFile_Upload_executedContract/p_executedContract' is hovered

2019-06-18 17:29:49 - [MESSAGE][PASSED] - Delayed 2 second(s)

2019-06-18 17:29:51 - [MESSAGE][PASSED] - Delayed 2 second(s)

2019-06-18 17:29:51 - [MESSAGE][PASSED] - Object: 'Object Repository/Green_Cleaning/CleaningPrdctsMaterials_Opt4/AddFile_Upload_executedContract/p_executedContract' is hovered

2019-06-18 17:29:51 - [MESSAGE][PASSED] - Object: '' is clicked on

2019-06-18 17:29:51 - [MESSAGE][PASSED] - Text of object '' is: 'ZZ.pdf'

2019-06-18 17:29:51 - [MESSAGE][PASSED] - Object: 'Object Repository/Green_Cleaning/CleaningPrdctsMaterials_Opt4/AddFile_Upload_executedContract/p_executedContract' is hovered

2019-06-18 17:29:53 - [MESSAGE][PASSED] - Delayed 2 second(s)

2019-06-18 17:29:55 - [MESSAGE][PASSED] - Delayed 2 second(s)

2019-06-18 17:29:55 - [MESSAGE][PASSED] - Object: 'Object Repository/Green_Cleaning/CleaningPrdctsMaterials_Opt4/AddFile_Upload_executedContract/p_executedContract' is hovered

2019-06-18 17:29:56 - [MESSAGE][PASSED] - Object: '' is clicked on

2019-06-18 17:29:56 - [MESSAGE][PASSED] - Text of object '' is: 'SamplePPTFile_1000kb.ppt'

2019-06-18 17:29:56 - [MESSAGE][PASSED] - Object: 'Object Repository/Green_Cleaning/CleaningPrdctsMaterials_Opt4/AddFile_Upload_executedContract/p_executedContract' is hovered

2019-06-18 17:29:58 - [MESSAGE][PASSED] - Delayed 2 second(s)

2019-06-18 17:30:00 - [MESSAGE][PASSED] - Delayed 2 second(s)

2019-06-18 17:30:00 - [MESSAGE][PASSED] - Object: 'Object Repository/Green_Cleaning/CleaningPrdctsMaterials_Opt4/AddFile_Upload_executedContract/p_executedContract' is hovered

2019-06-18 17:30:00 - [MESSAGE][PASSED] - Object: '' is clicked on

2019-06-18 17:30:00 - [MESSAGE][PASSED] - Text of object '' is: 'SampleGIFImage_350kbmb.gif'

2019-06-18 17:30:00 - [MESSAGE][PASSED] - Object: 'Object Repository/Green_Cleaning/CleaningPrdctsMaterials_Opt4/AddFile_Upload_executedContract/p_executedContract' is hovered

2019-06-18 17:30:02 - [MESSAGE][PASSED] - Delayed 2 second(s)

2019-06-18 17:30:05 - [MESSAGE][PASSED] - Delayed 3 second(s)

2019-06-18 17:30:07 - [MESSAGE][PASSED] - Delayed 2 second(s)

2019-06-18 17:30:08 - [MESSAGE][PASSED] - Delayed 1 second(s)

2019-06-18 17:30:08 - [MESSAGE][PASSED] - SampleGIFImage_350kbmb.gif exist in H:/Git Projects/Usgbc_LeedOnline_ScoreCard/Usgbc_LeedOnline_ScoreCard/Include/TestData/DownloadedFiles and was deleted

2019-06-18 17:30:08 - [MESSAGE][PASSED] - 

2019-06-18 17:30:08 - [MESSAGE][PASSED] - Actual text 'SampleGIFImage_350kbmb.gif' and expected text 'SampleGIFImage_350kbmb.gif' are matched 

2019-06-18 17:30:10 - [MESSAGE][PASSED] - Delayed 2 second(s)

2019-06-18 17:30:11 - [MESSAGE][PASSED] - Delayed 1 second(s)

2019-06-18 17:30:11 - [MESSAGE][PASSED] - SamplePPTFile_1000kb.ppt exist in H:/Git Projects/Usgbc_LeedOnline_ScoreCard/Usgbc_LeedOnline_ScoreCard/Include/TestData/DownloadedFiles and was deleted

2019-06-18 17:30:11 - [MESSAGE][PASSED] - 

2019-06-18 17:30:11 - [MESSAGE][PASSED] - Actual text 'SamplePPTFile_1000kb.ppt' and expected text 'SamplePPTFile_1000kb.ppt' are matched 

2019-06-18 17:30:13 - [MESSAGE][PASSED] - Delayed 2 second(s)

2019-06-18 17:30:14 - [MESSAGE][PASSED] - Delayed 1 second(s)

2019-06-18 17:30:14 - [MESSAGE][PASSED] - ZZ.pdf exist in H:/Git Projects/Usgbc_LeedOnline_ScoreCard/Usgbc_LeedOnline_ScoreCard/Include/TestData/DownloadedFiles and was deleted

2019-06-18 17:30:14 - [MESSAGE][PASSED] - 

2019-06-18 17:30:14 - [MESSAGE][PASSED] - Actual text 'ZZ.pdf' and expected text 'ZZ.pdf' are matched 

2019-06-18 17:30:14 - [MESSAGE][PASSED] - Scroll to object 'Object Repository/Green_Cleaning/CleaningPrdctsMaterials_Opt4/AddFile_Upload_MSDS/Table_msds' successfully

2019-06-18 17:30:14 - [MESSAGE][PASSED] - Object 'Object Repository/Green_Cleaning/CleaningPrdctsMaterials_Opt4/AddFile_Upload_MSDS/Table_msds' is present

2019-06-18 17:30:15 - [MESSAGE][PASSED] - Scroll to object 'Object Repository/Green_Cleaning/CleaningPrdctsMaterials_Opt4/AddFile_Upload_MSDS/p_msds' successfully

2019-06-18 17:30:17 - [MESSAGE][PASSED] - Delayed 2 second(s)

2019-06-18 17:30:17 - [MESSAGE][PASSED] - Object: 'Object Repository/Green_Cleaning/CleaningPrdctsMaterials_Opt4/AddFile_Upload_MSDS/p_msds' is hovered

2019-06-18 17:30:17 - [MESSAGE][PASSED] - Object: '' is clicked on

2019-06-18 17:30:17 - [MESSAGE][PASSED] - Text of object '' is: 'ZZ.pdf'

2019-06-18 17:30:27 - [MESSAGE][PASSED] - Delayed 10 second(s)

2019-06-18 17:30:27 - [MESSAGE][PASSED] - Object: 'Object Repository/Green_Cleaning/CleaningPrdctsMaterials_Opt4/AddFile_Upload_MSDS/p_msds' is hovered

2019-06-18 17:30:29 - [MESSAGE][PASSED] - Delayed 2 second(s)

2019-06-18 17:30:31 - [MESSAGE][PASSED] - Delayed 2 second(s)

2019-06-18 17:30:31 - [MESSAGE][PASSED] - Object: 'Object Repository/Green_Cleaning/CleaningPrdctsMaterials_Opt4/AddFile_Upload_MSDS/p_msds' is hovered

2019-06-18 17:30:31 - [MESSAGE][PASSED] - Object: '' is clicked on

2019-06-18 17:30:31 - [MESSAGE][PASSED] - Text of object '' is: 'SamplePPTFile_1000kb.ppt'

2019-06-18 17:30:41 - [MESSAGE][PASSED] - Delayed 10 second(s)

2019-06-18 17:30:41 - [MESSAGE][PASSED] - Object: 'Object Repository/Green_Cleaning/CleaningPrdctsMaterials_Opt4/AddFile_Upload_MSDS/p_msds' is hovered

2019-06-18 17:30:43 - [MESSAGE][PASSED] - Delayed 2 second(s)

2019-06-18 17:30:45 - [MESSAGE][PASSED] - Delayed 2 second(s)

2019-06-18 17:30:45 - [MESSAGE][PASSED] - Object: 'Object Repository/Green_Cleaning/CleaningPrdctsMaterials_Opt4/AddFile_Upload_MSDS/p_msds' is hovered

2019-06-18 17:30:46 - [MESSAGE][PASSED] - Object: '' is clicked on

2019-06-18 17:30:46 - [MESSAGE][PASSED] - Text of object '' is: 'SampleGIFImage_350kbmb.gif'

2019-06-18 17:30:56 - [MESSAGE][PASSED] - Delayed 10 second(s)

2019-06-18 17:30:56 - [MESSAGE][PASSED] - Object: 'Object Repository/Green_Cleaning/CleaningPrdctsMaterials_Opt4/AddFile_Upload_MSDS/p_msds' is hovered

2019-06-18 17:30:58 - [MESSAGE][PASSED] - Delayed 2 second(s)

2019-06-18 17:31:00 - [MESSAGE][PASSED] - Delayed 2 second(s)

2019-06-18 17:31:00 - [MESSAGE][PASSED] - Object: 'Object Repository/Green_Cleaning/CleaningPrdctsMaterials_Opt4/AddFile_Upload_MSDS/p_msds' is hovered

2019-06-18 17:31:00 - [MESSAGE][PASSED] - Object: '' is clicked on

2019-06-18 17:31:00 - [MESSAGE][PASSED] - Text of object '' is: 'ZZ.pdf'

2019-06-18 17:31:00 - [MESSAGE][PASSED] - Object: 'Object Repository/Green_Cleaning/CleaningPrdctsMaterials_Opt4/AddFile_Upload_MSDS/p_msds' is hovered

2019-06-18 17:31:02 - [MESSAGE][PASSED] - Delayed 2 second(s)

2019-06-18 17:31:04 - [MESSAGE][PASSED] - Delayed 2 second(s)

2019-06-18 17:31:04 - [MESSAGE][PASSED] - Object: 'Object Repository/Green_Cleaning/CleaningPrdctsMaterials_Opt4/AddFile_Upload_MSDS/p_msds' is hovered

2019-06-18 17:31:04 - [MESSAGE][PASSED] - Object: '' is clicked on

2019-06-18 17:31:04 - [MESSAGE][PASSED] - Text of object '' is: 'SamplePPTFile_1000kb.ppt'

2019-06-18 17:31:04 - [MESSAGE][PASSED] - Object: 'Object Repository/Green_Cleaning/CleaningPrdctsMaterials_Opt4/AddFile_Upload_MSDS/p_msds' is hovered

2019-06-18 17:31:07 - [MESSAGE][PASSED] - Delayed 2 second(s)

2019-06-18 17:31:09 - [MESSAGE][PASSED] - Delayed 2 second(s)

2019-06-18 17:31:09 - [MESSAGE][PASSED] - Object: 'Object Repository/Green_Cleaning/CleaningPrdctsMaterials_Opt4/AddFile_Upload_MSDS/p_msds' is hovered

2019-06-18 17:31:09 - [MESSAGE][PASSED] - Object: '' is clicked on

2019-06-18 17:31:09 - [MESSAGE][PASSED] - Text of object '' is: 'SampleGIFImage_350kbmb.gif'

2019-06-18 17:31:09 - [MESSAGE][PASSED] - Object: 'Object Repository/Green_Cleaning/CleaningPrdctsMaterials_Opt4/AddFile_Upload_MSDS/p_msds' is hovered

2019-06-18 17:31:11 - [MESSAGE][PASSED] - Delayed 2 second(s)

2019-06-18 17:31:14 - [MESSAGE][PASSED] - Delayed 3 second(s)

2019-06-18 17:31:16 - [MESSAGE][PASSED] - Delayed 2 second(s)

2019-06-18 17:31:17 - [MESSAGE][PASSED] - Delayed 1 second(s)

2019-06-18 17:31:17 - [MESSAGE][PASSED] - SampleGIFImage_350kbmb.gif exist in H:/Git Projects/Usgbc_LeedOnline_ScoreCard/Usgbc_LeedOnline_ScoreCard/Include/TestData/DownloadedFiles and was deleted

2019-06-18 17:31:17 - [MESSAGE][PASSED] - 

2019-06-18 17:31:17 - [MESSAGE][PASSED] - Actual text 'SampleGIFImage_350kbmb.gif' and expected text 'SampleGIFImage_350kbmb.gif' are matched 

2019-06-18 17:31:19 - [MESSAGE][PASSED] - Delayed 2 second(s)

2019-06-18 17:31:20 - [MESSAGE][PASSED] - Delayed 1 second(s)

2019-06-18 17:31:20 - [MESSAGE][PASSED] - SamplePPTFile_1000kb.ppt exist in H:/Git Projects/Usgbc_LeedOnline_ScoreCard/Usgbc_LeedOnline_ScoreCard/Include/TestData/DownloadedFiles and was deleted

2019-06-18 17:31:20 - [MESSAGE][PASSED] - 

2019-06-18 17:31:20 - [MESSAGE][PASSED] - Actual text 'SamplePPTFile_1000kb.ppt' and expected text 'SamplePPTFile_1000kb.ppt' are matched 

2019-06-18 17:31:22 - [MESSAGE][PASSED] - Delayed 2 second(s)

2019-06-18 17:31:23 - [MESSAGE][PASSED] - Delayed 1 second(s)

2019-06-18 17:31:23 - [MESSAGE][PASSED] - ZZ.pdf exist in H:/Git Projects/Usgbc_LeedOnline_ScoreCard/Usgbc_LeedOnline_ScoreCard/Include/TestData/DownloadedFiles and was deleted

2019-06-18 17:31:23 - [MESSAGE][PASSED] - 

2019-06-18 17:31:23 - [MESSAGE][PASSED] - Actual text 'ZZ.pdf' and expected text 'ZZ.pdf' are matched 

2019-06-18 17:31:23 - [MESSAGE][FAILED] - These following reason:
 [Unable to scroll to object 'Object Repository/Green_Cleaning/Powered_Cleaning_Opt3/AddFile_UploadGC_Calc/Table_GC_Calc']

2019-06-18 17:31:23 - [MESSAGE][FAILED] - Keyword runWithCucumberRunner was failed (Root cause: com.kms.katalon.core.exception.StepFailedException: These following reason:
 [Unable to scroll to object 'Object Repository/Green_Cleaning/Powered_Cleaning_Opt3/AddFile_UploadGC_Calc/Table_GC_Calc']
	at com.kms.katalon.core.keyword.internal.KeywordMain.stepFailed(KeywordMain.groovy:48)
	at com.kms.katalon.core.keyword.internal.KeywordMain.stepFailed(KeywordMain.groovy)
	at com.kms.katalon.core.keyword.internal.KeywordMain.stepFailed(KeywordMain.groovy:21)
	at com.kms.katalon.core.keyword.internal.KeywordMain$stepFailed$0.call(Unknown Source)
	at com.kms.katalon.core.cucumber.keyword.CucumberBuiltinKeywords$_runWithCucumberRunner_closure3.doCall(CucumberBuiltinKeywords.groovy:272)
	at com.kms.katalon.core.cucumber.keyword.CucumberBuiltinKeywords$_runWithCucumberRunner_closure3.doCall(CucumberBuiltinKeywords.groovy)
	at com.kms.katalon.core.keyword.internal.KeywordMain.runKeyword(KeywordMain.groovy:66)
	at com.kms.katalon.core.keyword.internal.KeywordMain$runKeyword.call(Unknown Source)
	at com.kms.katalon.core.cucumber.keyword.CucumberBuiltinKeywords.runWithCucumberRunner(CucumberBuiltinKeywords.groovy:257)
	at com.kms.katalon.core.cucumber.keyword.CucumberBuiltinKeywords$runWithCucumberRunner$0.callStatic(Unknown Source)
	at com.kms.katalon.core.cucumber.keyword.CucumberBuiltinKeywords.runWithCucumberRunner(CucumberBuiltinKeywords.groovy:357)
	at com.kms.katalon.core.cucumber.keyword.CucumberBuiltinKeywords$runWithCucumberRunner.call(Unknown Source)
	at TC_GC_DownloadFiles_CleaningProducts.run(TC_GC_DownloadFiles_CleaningProducts:18)
	at com.kms.katalon.core.main.ScriptEngine.run(ScriptEngine.java:194)
	at com.kms.katalon.core.main.ScriptEngine.runScriptAsRawText(ScriptEngine.java:119)
	at com.kms.katalon.core.main.TestCaseExecutor.runScript(TestCaseExecutor.java:336)
	at com.kms.katalon.core.main.TestCaseExecutor.doExecute(TestCaseExecutor.java:327)
	at com.kms.katalon.core.main.TestCaseExecutor.processExecutionPhase(TestCaseExecutor.java:306)
	at com.kms.katalon.core.main.TestCaseExecutor.accessMainPhase(TestCaseExecutor.java:298)
	at com.kms.katalon.core.main.TestCaseExecutor.execute(TestCaseExecutor.java:232)
	at com.kms.katalon.core.main.TestSuiteExecutor.accessTestCaseMainPhase(TestSuiteExecutor.java:129)
	at com.kms.katalon.core.main.TestSuiteExecutor.accessTestSuiteMainPhase(TestSuiteExecutor.java:112)
	at com.kms.katalon.core.main.TestSuiteExecutor.execute(TestSuiteExecutor.java:81)
	at com.kms.katalon.core.main.TestCaseMain.startTestSuite(TestCaseMain.java:157)
	at com.kms.katalon.core.main.TestCaseMain$startTestSuite$0.call(Unknown Source)
	at TempTestSuite1560858913253.run(TempTestSuite1560858913253.groovy:35)
)

2019-06-18 17:31:23 - [TEST_STEP][PASSED] - Start listener action : sampleAfterTestCase: Browser is closed

2019-06-18 17:31:23 - [TEST_STEP][PASSED] - closeBrowser(): Browser is closed

2019-06-18 17:31:24 - [MESSAGE][PASSED] - Browser is closed]]></system-out>
         <system-err><![CDATA[2019-06-18 17:28:09 - [TEST_CASE][FAILED] - Test Cases/GreenCleaning/TC_GC_DownloadFiles_CleaningProducts: Test Cases/GreenCleaning/TC_GC_DownloadFiles_CleaningProducts FAILED.
Reason:
com.kms.katalon.core.exception.StepFailedException: These following reason:
 [Unable to scroll to object 'Object Repository/Green_Cleaning/Powered_Cleaning_Opt3/AddFile_UploadGC_Calc/Table_GC_Calc']
	at com.kms.katalon.core.keyword.internal.KeywordMain.stepFailed(KeywordMain.groovy:48)
	at com.kms.katalon.core.keyword.internal.KeywordMain.stepFailed(KeywordMain.groovy)
	at com.kms.katalon.core.keyword.internal.KeywordMain.stepFailed(KeywordMain.groovy:21)
	at com.kms.katalon.core.keyword.internal.KeywordMain$stepFailed$0.call(Unknown Source)
	at com.kms.katalon.core.cucumber.keyword.CucumberBuiltinKeywords$_runWithCucumberRunner_closure3.doCall(CucumberBuiltinKeywords.groovy:272)
	at com.kms.katalon.core.cucumber.keyword.CucumberBuiltinKeywords$_runWithCucumberRunner_closure3.doCall(CucumberBuiltinKeywords.groovy)
	at com.kms.katalon.core.keyword.internal.KeywordMain.runKeyword(KeywordMain.groovy:66)
	at com.kms.katalon.core.keyword.internal.KeywordMain$runKeyword.call(Unknown Source)
	at com.kms.katalon.core.cucumber.keyword.CucumberBuiltinKeywords.runWithCucumberRunner(CucumberBuiltinKeywords.groovy:257)
	at com.kms.katalon.core.cucumber.keyword.CucumberBuiltinKeywords$runWithCucumberRunner$0.callStatic(Unknown Source)
	at com.kms.katalon.core.cucumber.keyword.CucumberBuiltinKeywords.runWithCucumberRunner(CucumberBuiltinKeywords.groovy:357)
	at com.kms.katalon.core.cucumber.keyword.CucumberBuiltinKeywords$runWithCucumberRunner.call(Unknown Source)
	at TC_GC_DownloadFiles_CleaningProducts.run(TC_GC_DownloadFiles_CleaningProducts:18)
	at com.kms.katalon.core.main.ScriptEngine.run(ScriptEngine.java:194)
	at com.kms.katalon.core.main.ScriptEngine.runScriptAsRawText(ScriptEngine.java:119)
	at com.kms.katalon.core.main.TestCaseExecutor.runScript(TestCaseExecutor.java:336)
	at com.kms.katalon.core.main.TestCaseExecutor.doExecute(TestCaseExecutor.java:327)
	at com.kms.katalon.core.main.TestCaseExecutor.processExecutionPhase(TestCaseExecutor.java:306)
	at com.kms.katalon.core.main.TestCaseExecutor.accessMainPhase(TestCaseExecutor.java:298)
	at com.kms.katalon.core.main.TestCaseExecutor.execute(TestCaseExecutor.java:232)
	at com.kms.katalon.core.main.TestSuiteExecutor.accessTestCaseMainPhase(TestSuiteExecutor.java:129)
	at com.kms.katalon.core.main.TestSuiteExecutor.accessTestSuiteMainPhase(TestSuiteExecutor.java:112)
	at com.kms.katalon.core.main.TestSuiteExecutor.execute(TestSuiteExecutor.java:81)
	at com.kms.katalon.core.main.TestCaseMain.startTestSuite(TestCaseMain.java:157)
	at com.kms.katalon.core.main.TestCaseMain$startTestSuite$0.call(Unknown Source)
	at TempTestSuite1560858913253.run(TempTestSuite1560858913253.groovy:35)]]></system-err>
      </testcase>
      <testcase name="Test Cases/GreenCleaning/TC_GC_DeleteUploadedFiles_CleaningProducts" classname="Test Cases/GreenCleaning/TC_GC_DeleteUploadedFiles_CleaningProducts" status="FAILED">
         <failure type="FAILED" message="Test Cases/GreenCleaning/TC_GC_DeleteUploadedFiles_CleaningProducts FAILED.
Reason:
com.kms.katalon.core.exception.StepFailedException: These following reason:
 [Unable to verify image 'Object Repository/Green_Cleaning/iframe' present, Unable to verify image 'Object Repository/Green_Cleaning/iframe' present, Unable to verify image 'Object Repository/Green_Cleaning/iframe' present]
	at com.kms.katalon.core.keyword.internal.KeywordMain.stepFailed(KeywordMain.groovy:48)
	at com.kms.katalon.core.keyword.internal.KeywordMain.stepFailed(KeywordMain.groovy)
	at com.kms.katalon.core.keyword.internal.KeywordMain.stepFailed(KeywordMain.groovy:21)
	at com.kms.katalon.core.keyword.internal.KeywordMain$stepFailed$0.call(Unknown Source)
	at com.kms.katalon.core.cucumber.keyword.CucumberBuiltinKeywords$_runWithCucumberRunner_closure3.doCall(CucumberBuiltinKeywords.groovy:272)
	at com.kms.katalon.core.cucumber.keyword.CucumberBuiltinKeywords$_runWithCucumberRunner_closure3.doCall(CucumberBuiltinKeywords.groovy)
	at com.kms.katalon.core.keyword.internal.KeywordMain.runKeyword(KeywordMain.groovy:66)
	at com.kms.katalon.core.keyword.internal.KeywordMain$runKeyword.call(Unknown Source)
	at com.kms.katalon.core.cucumber.keyword.CucumberBuiltinKeywords.runWithCucumberRunner(CucumberBuiltinKeywords.groovy:257)
	at com.kms.katalon.core.cucumber.keyword.CucumberBuiltinKeywords$runWithCucumberRunner$0.callStatic(Unknown Source)
	at com.kms.katalon.core.cucumber.keyword.CucumberBuiltinKeywords.runWithCucumberRunner(CucumberBuiltinKeywords.groovy:357)
	at com.kms.katalon.core.cucumber.keyword.CucumberBuiltinKeywords$runWithCucumberRunner.call(Unknown Source)
	at TC_GC_DeleteUploadedFiles_CleaningProducts.run(TC_GC_DeleteUploadedFiles_CleaningProducts:18)
	at com.kms.katalon.core.main.ScriptEngine.run(ScriptEngine.java:194)
	at com.kms.katalon.core.main.ScriptEngine.runScriptAsRawText(ScriptEngine.java:119)
	at com.kms.katalon.core.main.TestCaseExecutor.runScript(TestCaseExecutor.java:336)
	at com.kms.katalon.core.main.TestCaseExecutor.doExecute(TestCaseExecutor.java:327)
	at com.kms.katalon.core.main.TestCaseExecutor.processExecutionPhase(TestCaseExecutor.java:306)
	at com.kms.katalon.core.main.TestCaseExecutor.accessMainPhase(TestCaseExecutor.java:298)
	at com.kms.katalon.core.main.TestCaseExecutor.execute(TestCaseExecutor.java:232)
	at com.kms.katalon.core.main.TestSuiteExecutor.accessTestCaseMainPhase(TestSuiteExecutor.java:129)
	at com.kms.katalon.core.main.TestSuiteExecutor.accessTestSuiteMainPhase(TestSuiteExecutor.java:112)
	at com.kms.katalon.core.main.TestSuiteExecutor.execute(TestSuiteExecutor.java:81)
	at com.kms.katalon.core.main.TestCaseMain.startTestSuite(TestCaseMain.java:157)
	at com.kms.katalon.core.main.TestCaseMain$startTestSuite$0.call(Unknown Source)
	at TempTestSuite1560858913253.run(TempTestSuite1560858913253.groovy:35)
"/>
         <system-out><![CDATA[2019-06-18 17:31:24 - [TEST_CASE][FAILED] - Test Cases/GreenCleaning/TC_GC_DeleteUploadedFiles_CleaningProducts: Test Cases/GreenCleaning/TC_GC_DeleteUploadedFiles_CleaningProducts FAILED.
Reason:
com.kms.katalon.core.exception.StepFailedException: These following reason:
 [Unable to verify image 'Object Repository/Green_Cleaning/iframe' present, Unable to verify image 'Object Repository/Green_Cleaning/iframe' present, Unable to verify image 'Object Repository/Green_Cleaning/iframe' present]
	at com.kms.katalon.core.keyword.internal.KeywordMain.stepFailed(KeywordMain.groovy:48)
	at com.kms.katalon.core.keyword.internal.KeywordMain.stepFailed(KeywordMain.groovy)
	at com.kms.katalon.core.keyword.internal.KeywordMain.stepFailed(KeywordMain.groovy:21)
	at com.kms.katalon.core.keyword.internal.KeywordMain$stepFailed$0.call(Unknown Source)
	at com.kms.katalon.core.cucumber.keyword.CucumberBuiltinKeywords$_runWithCucumberRunner_closure3.doCall(CucumberBuiltinKeywords.groovy:272)
	at com.kms.katalon.core.cucumber.keyword.CucumberBuiltinKeywords$_runWithCucumberRunner_closure3.doCall(CucumberBuiltinKeywords.groovy)
	at com.kms.katalon.core.keyword.internal.KeywordMain.runKeyword(KeywordMain.groovy:66)
	at com.kms.katalon.core.keyword.internal.KeywordMain$runKeyword.call(Unknown Source)
	at com.kms.katalon.core.cucumber.keyword.CucumberBuiltinKeywords.runWithCucumberRunner(CucumberBuiltinKeywords.groovy:257)
	at com.kms.katalon.core.cucumber.keyword.CucumberBuiltinKeywords$runWithCucumberRunner$0.callStatic(Unknown Source)
	at com.kms.katalon.core.cucumber.keyword.CucumberBuiltinKeywords.runWithCucumberRunner(CucumberBuiltinKeywords.groovy:357)
	at com.kms.katalon.core.cucumber.keyword.CucumberBuiltinKeywords$runWithCucumberRunner.call(Unknown Source)
	at TC_GC_DeleteUploadedFiles_CleaningProducts.run(TC_GC_DeleteUploadedFiles_CleaningProducts:18)
	at com.kms.katalon.core.main.ScriptEngine.run(ScriptEngine.java:194)
	at com.kms.katalon.core.main.ScriptEngine.runScriptAsRawText(ScriptEngine.java:119)
	at com.kms.katalon.core.main.TestCaseExecutor.runScript(TestCaseExecutor.java:336)
	at com.kms.katalon.core.main.TestCaseExecutor.doExecute(TestCaseExecutor.java:327)
	at com.kms.katalon.core.main.TestCaseExecutor.processExecutionPhase(TestCaseExecutor.java:306)
	at com.kms.katalon.core.main.TestCaseExecutor.accessMainPhase(TestCaseExecutor.java:298)
	at com.kms.katalon.core.main.TestCaseExecutor.execute(TestCaseExecutor.java:232)
	at com.kms.katalon.core.main.TestSuiteExecutor.accessTestCaseMainPhase(TestSuiteExecutor.java:129)
	at com.kms.katalon.core.main.TestSuiteExecutor.accessTestSuiteMainPhase(TestSuiteExecutor.java:112)
	at com.kms.katalon.core.main.TestSuiteExecutor.execute(TestSuiteExecutor.java:81)
	at com.kms.katalon.core.main.TestCaseMain.startTestSuite(TestCaseMain.java:157)
	at com.kms.katalon.core.main.TestCaseMain$startTestSuite$0.call(Unknown Source)
	at TempTestSuite1560858913253.run(TempTestSuite1560858913253.groovy:35)


2019-06-18 17:31:24 - [TEST_STEP][PASSED] - Start listener action : sampleBeforeTestCase: null

2019-06-18 17:31:24 - [TEST_STEP][PASSED] - openBrowser(""): Browser is opened with url: ''

2019-06-18 17:31:24 - [MESSAGE][INFO] - Starting 'Chrome' driver

2019-06-18 17:31:24 - [MESSAGE][INFO] - User set preference: ['args', '[--window-size=1920,1080]']

2019-06-18 17:31:26 - [MESSAGE][PASSED] - Browser is opened with url: ''

2019-06-18 17:31:26 - [TEST_STEP][PASSED] - driver = getWebDriver(): null

2019-06-18 17:31:26 - [TEST_STEP][PASSED] - println("The driver is ########### " + driver): null

2019-06-18 17:31:26 - [TEST_STEP][PASSED] - downloadPath = "H:\Git Projects\Usgbc_LeedOnline_ScoreCard\Usgbc_LeedOnline_ScoreCard\Include\TestData\DownloadedFiles": null

2019-06-18 17:31:26 - [TEST_STEP][PASSED] - projectKeywords().sendCommandForDownloadChromeHeadLess(driver.getCommandExecutor(), driver.getSessionId(), downloadPath): null

2019-06-18 17:31:26 - [TEST_STEP][FAILED] - runWithCucumberRunner(greenCleaningForm.Runner_GC_DeleteUploadedFiles_CleaningProducts): Keyword runWithCucumberRunner was failed (Root cause: com.kms.katalon.core.exception.StepFailedException: These following reason:
 [Unable to verify image 'Object Repository/Green_Cleaning/iframe' present, Unable to verify image 'Object Repository/Green_Cleaning/iframe' present, Unable to verify image 'Object Repository/Green_Cleaning/iframe' present]
	at com.kms.katalon.core.keyword.internal.KeywordMain.stepFailed(KeywordMain.groovy:48)
	at com.kms.katalon.core.keyword.internal.KeywordMain.stepFailed(KeywordMain.groovy)
	at com.kms.katalon.core.keyword.internal.KeywordMain.stepFailed(KeywordMain.groovy:21)
	at com.kms.katalon.core.keyword.internal.KeywordMain$stepFailed$0.call(Unknown Source)
	at com.kms.katalon.core.cucumber.keyword.CucumberBuiltinKeywords$_runWithCucumberRunner_closure3.doCall(CucumberBuiltinKeywords.groovy:272)
	at com.kms.katalon.core.cucumber.keyword.CucumberBuiltinKeywords$_runWithCucumberRunner_closure3.doCall(CucumberBuiltinKeywords.groovy)
	at com.kms.katalon.core.keyword.internal.KeywordMain.runKeyword(KeywordMain.groovy:66)
	at com.kms.katalon.core.keyword.internal.KeywordMain$runKeyword.call(Unknown Source)
	at com.kms.katalon.core.cucumber.keyword.CucumberBuiltinKeywords.runWithCucumberRunner(CucumberBuiltinKeywords.groovy:257)
	at com.kms.katalon.core.cucumber.keyword.CucumberBuiltinKeywords$runWithCucumberRunner$0.callStatic(Unknown Source)
	at com.kms.katalon.core.cucumber.keyword.CucumberBuiltinKeywords.runWithCucumberRunner(CucumberBuiltinKeywords.groovy:357)
	at com.kms.katalon.core.cucumber.keyword.CucumberBuiltinKeywords$runWithCucumberRunner.call(Unknown Source)
	at TC_GC_DeleteUploadedFiles_CleaningProducts.run(TC_GC_DeleteUploadedFiles_CleaningProducts:18)
	at com.kms.katalon.core.main.ScriptEngine.run(ScriptEngine.java:194)
	at com.kms.katalon.core.main.ScriptEngine.runScriptAsRawText(ScriptEngine.java:119)
	at com.kms.katalon.core.main.TestCaseExecutor.runScript(TestCaseExecutor.java:336)
	at com.kms.katalon.core.main.TestCaseExecutor.doExecute(TestCaseExecutor.java:327)
	at com.kms.katalon.core.main.TestCaseExecutor.processExecutionPhase(TestCaseExecutor.java:306)
	at com.kms.katalon.core.main.TestCaseExecutor.accessMainPhase(TestCaseExecutor.java:298)
	at com.kms.katalon.core.main.TestCaseExecutor.execute(TestCaseExecutor.java:232)
	at com.kms.katalon.core.main.TestSuiteExecutor.accessTestCaseMainPhase(TestSuiteExecutor.java:129)
	at com.kms.katalon.core.main.TestSuiteExecutor.accessTestSuiteMainPhase(TestSuiteExecutor.java:112)
	at com.kms.katalon.core.main.TestSuiteExecutor.execute(TestSuiteExecutor.java:81)
	at com.kms.katalon.core.main.TestCaseMain.startTestSuite(TestCaseMain.java:157)
	at com.kms.katalon.core.main.TestCaseMain$startTestSuite$0.call(Unknown Source)
	at TempTestSuite1560858913253.run(TempTestSuite1560858913253.groovy:35)
)

2019-06-18 17:31:32 - [MESSAGE][INFO] - Unable to find the element located by 'By.xpath: //*[@id="creditHtmlForm"]/iframe
'. Please recheck the objects properties to make sure the desired element is located. 

2019-06-18 17:31:33 - [MESSAGE][FAILED] - Unable to verify image 'Object Repository/Green_Cleaning/iframe' present (Root cause: com.kms.katalon.core.exception.StepFailedException: Unable to verify image 'Object Repository/Green_Cleaning/iframe' present
	at com.kms.katalon.core.webui.keyword.internal.WebUIKeywordMain.stepFailed(WebUIKeywordMain.groovy:64)
	at com.kms.katalon.core.webui.keyword.internal.WebUIKeywordMain.runKeyword(WebUIKeywordMain.groovy:26)
	at com.kms.katalon.core.webui.keyword.builtin.SwitchToFrameKeyword.switchToFrame(SwitchToFrameKeyword.groovy:84)
	at com.kms.katalon.core.webui.keyword.builtin.SwitchToFrameKeyword.execute(SwitchToFrameKeyword.groovy:68)
	at com.kms.katalon.core.keyword.internal.KeywordExecutor.executeKeywordForPlatform(KeywordExecutor.groovy:56)
	at com.kms.katalon.core.webui.keyword.WebUiBuiltInKeywords.switchToFrame(WebUiBuiltInKeywords.groovy:2869)
	at com.kms.katalon.core.webui.keyword.WebUiBuiltInKeywords$switchToFrame$8.call(Unknown Source)
	at leedOnlineKeywords.projectKeywords.countRowsPerTable(projectKeywords.groovy:784)
	at leedOnlineKeywords.projectKeywords$countRowsPerTable$3.call(Unknown Source)
	at leedOnlineKeywords.projectKeywords.deleteUploadedFiles(projectKeywords.groovy:870)
	at leedOnlineKeywords.projectKeywords$deleteUploadedFiles$10.call(Unknown Source)
	at greenCleaningForm.GC_DeleteUploadedFiles.user_deletes_the_uploaded_files_of_executed_contract_in_Green_Cleaning_Form(GC_DeleteUploadedFiles.groovy:133)
	at cucumber.runtime.Utils$1.call(Utils.java:26)
	at cucumber.runtime.Timeout.timeout(Timeout.java:16)
	at cucumber.runtime.Utils.invoke(Utils.java:20)
	at cucumber.runtime.java.JavaStepDefinition.execute(JavaStepDefinition.java:48)
	at cucumber.runtime.PickleStepDefinitionMatch.runStep(PickleStepDefinitionMatch.java:50)
	at cucumber.runner.TestStep.executeStep(TestStep.java:55)
	at cucumber.runner.TestStep.run(TestStep.java:42)
	at cucumber.runner.PickleStepTestStep.run(PickleStepTestStep.java:53)
	at cucumber.runner.TestCase.run(TestCase.java:47)
	at cucumber.runner.Runner.runPickle(Runner.java:44)
	at cucumber.runtime.junit.PickleRunners$NoStepDescriptions.run(PickleRunners.java:140)
	at cucumber.runtime.junit.FeatureRunner.runChild(FeatureRunner.java:68)
	at cucumber.runtime.junit.FeatureRunner.runChild(FeatureRunner.java:23)
	at org.junit.runners.ParentRunner$3.run(ParentRunner.java:290)
	at org.junit.runners.ParentRunner$1.schedule(ParentRunner.java:71)
	at org.junit.runners.ParentRunner.runChildren(ParentRunner.java:288)
	at org.junit.runners.ParentRunner.access$000(ParentRunner.java:58)
	at org.junit.runners.ParentRunner$2.evaluate(ParentRunner.java:268)
	at org.junit.runners.ParentRunner.run(ParentRunner.java:363)
	at cucumber.runtime.junit.FeatureRunner.run(FeatureRunner.java:73)
	at cucumber.api.junit.Cucumber.runChild(Cucumber.java:98)
	at cucumber.api.junit.Cucumber.runChild(Cucumber.java:55)
	at org.junit.runners.ParentRunner$3.run(ParentRunner.java:290)
	at org.junit.runners.ParentRunner$1.schedule(ParentRunner.java:71)
	at org.junit.runners.ParentRunner.runChildren(ParentRunner.java:288)
	at org.junit.runners.ParentRunner.access$000(ParentRunner.java:58)
	at org.junit.runners.ParentRunner$2.evaluate(ParentRunner.java:268)
	at cucumber.api.junit.Cucumber$1.evaluate(Cucumber.java:107)
	at org.junit.runners.ParentRunner.run(ParentRunner.java:363)
	at org.junit.runners.Suite.runChild(Suite.java:128)
	at org.junit.runners.Suite.runChild(Suite.java:27)
	at org.junit.runners.ParentRunner$3.run(ParentRunner.java:290)
	at org.junit.runners.ParentRunner$1.schedule(ParentRunner.java:71)
	at org.junit.runners.ParentRunner.runChildren(ParentRunner.java:288)
	at org.junit.runners.ParentRunner.access$000(ParentRunner.java:58)
	at org.junit.runners.ParentRunner$2.evaluate(ParentRunner.java:268)
	at org.junit.runners.ParentRunner.run(ParentRunner.java:363)
	at org.junit.runner.JUnitCore.run(JUnitCore.java:137)
	at org.junit.runner.JUnitCore.run(JUnitCore.java:115)
	at org.junit.runner.JUnitCore.run(JUnitCore.java:105)
	at com.kms.katalon.core.cucumber.keyword.CucumberBuiltinKeywords$_runWithCucumberRunner_closure3.doCall(CucumberBuiltinKeywords.groovy:260)
	at com.kms.katalon.core.cucumber.keyword.CucumberBuiltinKeywords$_runWithCucumberRunner_closure3.doCall(CucumberBuiltinKeywords.groovy)
	at com.kms.katalon.core.keyword.internal.KeywordMain.runKeyword(KeywordMain.groovy:66)
	at com.kms.katalon.core.keyword.internal.KeywordMain$runKeyword.call(Unknown Source)
	at com.kms.katalon.core.cucumber.keyword.CucumberBuiltinKeywords.runWithCucumberRunner(CucumberBuiltinKeywords.groovy:257)
	at com.kms.katalon.core.cucumber.keyword.CucumberBuiltinKeywords$runWithCucumberRunner$0.callStatic(Unknown Source)
	at com.kms.katalon.core.cucumber.keyword.CucumberBuiltinKeywords.runWithCucumberRunner(CucumberBuiltinKeywords.groovy:357)
	at com.kms.katalon.core.cucumber.keyword.CucumberBuiltinKeywords$runWithCucumberRunner.call(Unknown Source)
	at TC_GC_DeleteUploadedFiles_CleaningProducts.run(TC_GC_DeleteUploadedFiles_CleaningProducts:18)
	at com.kms.katalon.core.main.ScriptEngine.run(ScriptEngine.java:194)
	at com.kms.katalon.core.main.ScriptEngine.runScriptAsRawText(ScriptEngine.java:119)
	at com.kms.katalon.core.main.TestCaseExecutor.runScript(TestCaseExecutor.java:336)
	at com.kms.katalon.core.main.TestCaseExecutor.doExecute(TestCaseExecutor.java:327)
	at com.kms.katalon.core.main.TestCaseExecutor.processExecutionPhase(TestCaseExecutor.java:306)
	at com.kms.katalon.core.main.TestCaseExecutor.accessMainPhase(TestCaseExecutor.java:298)
	at com.kms.katalon.core.main.TestCaseExecutor.execute(TestCaseExecutor.java:232)
	at com.kms.katalon.core.main.TestSuiteExecutor.accessTestCaseMainPhase(TestSuiteExecutor.java:129)
	at com.kms.katalon.core.main.TestSuiteExecutor.accessTestSuiteMainPhase(TestSuiteExecutor.java:112)
	at com.kms.katalon.core.main.TestSuiteExecutor.execute(TestSuiteExecutor.java:81)
	at com.kms.katalon.core.main.TestCaseMain.startTestSuite(TestCaseMain.java:157)
	at com.kms.katalon.core.main.TestCaseMain$startTestSuite$0.call(Unknown Source)
	at TempTestSuite1560858913253.run(TempTestSuite1560858913253.groovy:35)
Caused by: com.kms.katalon.core.webui.exception.WebElementNotFoundException: Web element with id: 'Object Repository/Green_Cleaning/iframe' located by 'By.xpath: //*[@id="creditHtmlForm"]/iframe
' not found
	at com.kms.katalon.core.webui.common.WebUiCommonHelper.findWebElement(WebUiCommonHelper.java:1097)
	at com.kms.katalon.core.webui.keyword.builtin.SwitchToFrameKeyword$_switchToFrame_closure1.doCall(SwitchToFrameKeyword.groovy:77)
	at com.kms.katalon.core.webui.keyword.builtin.SwitchToFrameKeyword$_switchToFrame_closure1.call(SwitchToFrameKeyword.groovy)
	at com.kms.katalon.core.webui.keyword.internal.WebUIKeywordMain.runKeyword(WebUIKeywordMain.groovy:20)
	at com.kms.katalon.core.webui.keyword.builtin.SwitchToFrameKeyword.switchToFrame(SwitchToFrameKeyword.groovy:84)
	at com.kms.katalon.core.webui.keyword.builtin.SwitchToFrameKeyword.execute(SwitchToFrameKeyword.groovy:68)
	at com.kms.katalon.core.keyword.internal.KeywordExecutor.executeKeywordForPlatform(KeywordExecutor.groovy:56)
	at com.kms.katalon.core.webui.keyword.WebUiBuiltInKeywords.switchToFrame(WebUiBuiltInKeywords.groovy:2869)
	at com.kms.katalon.core.webui.keyword.WebUiBuiltInKeywords$switchToFrame$8.call(Unknown Source)
	at leedOnlineKeywords.projectKeywords.countRowsPerTable(projectKeywords.groovy:784)
	at leedOnlineKeywords.projectKeywords$countRowsPerTable$3.call(Unknown Source)
	at leedOnlineKeywords.projectKeywords.deleteUploadedFiles(projectKeywords.groovy:870)
	at leedOnlineKeywords.projectKeywords$deleteUploadedFiles$10.call(Unknown Source)
	at greenCleaningForm.GC_DeleteUploadedFiles.user_deletes_the_uploaded_files_of_executed_contract_in_Green_Cleaning_Form(GC_DeleteUploadedFiles.groovy:133)
	at cucumber.runtime.Utils$1.call(Utils.java:26)
	at cucumber.runtime.Timeout.timeout(Timeout.java:16)
	at cucumber.runtime.Utils.invoke(Utils.java:20)
	at cucumber.runtime.java.JavaStepDefinition.execute(JavaStepDefinition.java:48)
	at cucumber.runtime.PickleStepDefinitionMatch.runStep(PickleStepDefinitionMatch.java:50)
	at cucumber.runner.TestStep.executeStep(TestStep.java:55)
	at cucumber.runner.TestStep.run(TestStep.java:42)
	at cucumber.runner.PickleStepTestStep.run(PickleStepTestStep.java:53)
	at cucumber.runner.TestCase.run(TestCase.java:47)
	at cucumber.runner.Runner.runPickle(Runner.java:44)
	at cucumber.runtime.junit.PickleRunners$NoStepDescriptions.run(PickleRunners.java:140)
	at cucumber.runtime.junit.FeatureRunner.runChild(FeatureRunner.java:68)
	at cucumber.runtime.junit.FeatureRunner.runChild(FeatureRunner.java:23)
	at org.junit.runners.ParentRunner$3.run(ParentRunner.java:290)
	at org.junit.runners.ParentRunner$1.schedule(ParentRunner.java:71)
	at org.junit.runners.ParentRunner.runChildren(ParentRunner.java:288)
	at org.junit.runners.ParentRunner.access$000(ParentRunner.java:58)
	at org.junit.runners.ParentRunner$2.evaluate(ParentRunner.java:268)
	at org.junit.runners.ParentRunner.run(ParentRunner.java:363)
	at cucumber.runtime.junit.FeatureRunner.run(FeatureRunner.java:73)
	at cucumber.api.junit.Cucumber.runChild(Cucumber.java:98)
	at cucumber.api.junit.Cucumber.runChild(Cucumber.java:55)
	at org.junit.runners.ParentRunner$3.run(ParentRunner.java:290)
	at org.junit.runners.ParentRunner$1.schedule(ParentRunner.java:71)
	at org.junit.runners.ParentRunner.runChildren(ParentRunner.java:288)
	at org.junit.runners.ParentRunner.access$000(ParentRunner.java:58)
	at org.junit.runners.ParentRunner$2.evaluate(ParentRunner.java:268)
	at cucumber.api.junit.Cucumber$1.evaluate(Cucumber.java:107)
	at org.junit.runners.ParentRunner.run(ParentRunner.java:363)
	at org.junit.runners.Suite.runChild(Suite.java:128)
	at org.junit.runners.Suite.runChild(Suite.java:27)
	at org.junit.runners.ParentRunner$3.run(ParentRunner.java:290)
	at org.junit.runners.ParentRunner$1.schedule(ParentRunner.java:71)
	at org.junit.runners.ParentRunner.runChildren(ParentRunner.java:288)
	at org.junit.runners.ParentRunner.access$000(ParentRunner.java:58)
	at org.junit.runners.ParentRunner$2.evaluate(ParentRunner.java:268)
	at org.junit.runners.ParentRunner.run(ParentRunner.java:363)
	at org.junit.runner.JUnitCore.run(JUnitCore.java:137)
	at org.junit.runner.JUnitCore.run(JUnitCore.java:115)
	at org.junit.runner.JUnitCore.run(JUnitCore.java:105)
	at com.kms.katalon.core.cucumber.keyword.CucumberBuiltinKeywords$_runWithCucumberRunner_closure3.doCall(CucumberBuiltinKeywords.groovy:260)
	at com.kms.katalon.core.cucumber.keyword.CucumberBuiltinKeywords$_runWithCucumberRunner_closure3.doCall(CucumberBuiltinKeywords.groovy)
	at com.kms.katalon.core.keyword.internal.KeywordMain.runKeyword(KeywordMain.groovy:66)
	at com.kms.katalon.core.keyword.internal.KeywordMain$runKeyword.call(Unknown Source)
	at com.kms.katalon.core.cucumber.keyword.CucumberBuiltinKeywords.runWithCucumberRunner(CucumberBuiltinKeywords.groovy:257)
	at com.kms.katalon.core.cucumber.keyword.CucumberBuiltinKeywords$runWithCucumberRunner$0.callStatic(Unknown Source)
	at com.kms.katalon.core.cucumber.keyword.CucumberBuiltinKeywords.runWithCucumberRunner(CucumberBuiltinKeywords.groovy:357)
	at com.kms.katalon.core.cucumber.keyword.CucumberBuiltinKeywords$runWithCucumberRunner.call(Unknown Source)
	at Script1560851576624.run(Script1560851576624.groovy:18)
	... 13 more
)
[[ATTACHMENT|H:\\Git Projects\\Usgbc_LeedOnline_ScoreCard\\Usgbc_LeedOnline_ScoreCard\\Reports\\GC_SmokeTest\\20190618_172508\\1560859292902.png]]

2019-06-18 17:31:38 - [MESSAGE][INFO] - Unable to find the element located by 'By.xpath: //*[@id="creditHtmlForm"]/iframe
'. Please recheck the objects properties to make sure the desired element is located. 

2019-06-18 17:31:38 - [MESSAGE][FAILED] - Unable to verify image 'Object Repository/Green_Cleaning/iframe' present (Root cause: com.kms.katalon.core.exception.StepFailedException: Unable to verify image 'Object Repository/Green_Cleaning/iframe' present
	at com.kms.katalon.core.webui.keyword.internal.WebUIKeywordMain.stepFailed(WebUIKeywordMain.groovy:64)
	at com.kms.katalon.core.webui.keyword.internal.WebUIKeywordMain.runKeyword(WebUIKeywordMain.groovy:26)
	at com.kms.katalon.core.webui.keyword.builtin.SwitchToFrameKeyword.switchToFrame(SwitchToFrameKeyword.groovy:84)
	at com.kms.katalon.core.webui.keyword.builtin.SwitchToFrameKeyword.execute(SwitchToFrameKeyword.groovy:68)
	at com.kms.katalon.core.keyword.internal.KeywordExecutor.executeKeywordForPlatform(KeywordExecutor.groovy:56)
	at com.kms.katalon.core.webui.keyword.WebUiBuiltInKeywords.switchToFrame(WebUiBuiltInKeywords.groovy:2869)
	at com.kms.katalon.core.webui.keyword.WebUiBuiltInKeywords$switchToFrame$8.call(Unknown Source)
	at leedOnlineKeywords.projectKeywords.countRowsPerTable(projectKeywords.groovy:784)
	at leedOnlineKeywords.projectKeywords$countRowsPerTable$3.call(Unknown Source)
	at leedOnlineKeywords.projectKeywords.deleteUploadedFiles(projectKeywords.groovy:870)
	at leedOnlineKeywords.projectKeywords$deleteUploadedFiles$10.call(Unknown Source)
	at greenCleaningForm.GC_DeleteUploadedFiles.user_deletes_the_uploaded_files_of_MSDS_sheets_in_Green_Cleaning_Form(GC_DeleteUploadedFiles.groovy:150)
	at cucumber.runtime.Utils$1.call(Utils.java:26)
	at cucumber.runtime.Timeout.timeout(Timeout.java:16)
	at cucumber.runtime.Utils.invoke(Utils.java:20)
	at cucumber.runtime.java.JavaStepDefinition.execute(JavaStepDefinition.java:48)
	at cucumber.runtime.PickleStepDefinitionMatch.runStep(PickleStepDefinitionMatch.java:50)
	at cucumber.runner.TestStep.executeStep(TestStep.java:55)
	at cucumber.runner.TestStep.run(TestStep.java:42)
	at cucumber.runner.PickleStepTestStep.run(PickleStepTestStep.java:53)
	at cucumber.runner.TestCase.run(TestCase.java:47)
	at cucumber.runner.Runner.runPickle(Runner.java:44)
	at cucumber.runtime.junit.PickleRunners$NoStepDescriptions.run(PickleRunners.java:140)
	at cucumber.runtime.junit.FeatureRunner.runChild(FeatureRunner.java:68)
	at cucumber.runtime.junit.FeatureRunner.runChild(FeatureRunner.java:23)
	at org.junit.runners.ParentRunner$3.run(ParentRunner.java:290)
	at org.junit.runners.ParentRunner$1.schedule(ParentRunner.java:71)
	at org.junit.runners.ParentRunner.runChildren(ParentRunner.java:288)
	at org.junit.runners.ParentRunner.access$000(ParentRunner.java:58)
	at org.junit.runners.ParentRunner$2.evaluate(ParentRunner.java:268)
	at org.junit.runners.ParentRunner.run(ParentRunner.java:363)
	at cucumber.runtime.junit.FeatureRunner.run(FeatureRunner.java:73)
	at cucumber.api.junit.Cucumber.runChild(Cucumber.java:98)
	at cucumber.api.junit.Cucumber.runChild(Cucumber.java:55)
	at org.junit.runners.ParentRunner$3.run(ParentRunner.java:290)
	at org.junit.runners.ParentRunner$1.schedule(ParentRunner.java:71)
	at org.junit.runners.ParentRunner.runChildren(ParentRunner.java:288)
	at org.junit.runners.ParentRunner.access$000(ParentRunner.java:58)
	at org.junit.runners.ParentRunner$2.evaluate(ParentRunner.java:268)
	at cucumber.api.junit.Cucumber$1.evaluate(Cucumber.java:107)
	at org.junit.runners.ParentRunner.run(ParentRunner.java:363)
	at org.junit.runners.Suite.runChild(Suite.java:128)
	at org.junit.runners.Suite.runChild(Suite.java:27)
	at org.junit.runners.ParentRunner$3.run(ParentRunner.java:290)
	at org.junit.runners.ParentRunner$1.schedule(ParentRunner.java:71)
	at org.junit.runners.ParentRunner.runChildren(ParentRunner.java:288)
	at org.junit.runners.ParentRunner.access$000(ParentRunner.java:58)
	at org.junit.runners.ParentRunner$2.evaluate(ParentRunner.java:268)
	at org.junit.runners.ParentRunner.run(ParentRunner.java:363)
	at org.junit.runner.JUnitCore.run(JUnitCore.java:137)
	at org.junit.runner.JUnitCore.run(JUnitCore.java:115)
	at org.junit.runner.JUnitCore.run(JUnitCore.java:105)
	at com.kms.katalon.core.cucumber.keyword.CucumberBuiltinKeywords$_runWithCucumberRunner_closure3.doCall(CucumberBuiltinKeywords.groovy:260)
	at com.kms.katalon.core.cucumber.keyword.CucumberBuiltinKeywords$_runWithCucumberRunner_closure3.doCall(CucumberBuiltinKeywords.groovy)
	at com.kms.katalon.core.keyword.internal.KeywordMain.runKeyword(KeywordMain.groovy:66)
	at com.kms.katalon.core.keyword.internal.KeywordMain$runKeyword.call(Unknown Source)
	at com.kms.katalon.core.cucumber.keyword.CucumberBuiltinKeywords.runWithCucumberRunner(CucumberBuiltinKeywords.groovy:257)
	at com.kms.katalon.core.cucumber.keyword.CucumberBuiltinKeywords$runWithCucumberRunner$0.callStatic(Unknown Source)
	at com.kms.katalon.core.cucumber.keyword.CucumberBuiltinKeywords.runWithCucumberRunner(CucumberBuiltinKeywords.groovy:357)
	at com.kms.katalon.core.cucumber.keyword.CucumberBuiltinKeywords$runWithCucumberRunner.call(Unknown Source)
	at TC_GC_DeleteUploadedFiles_CleaningProducts.run(TC_GC_DeleteUploadedFiles_CleaningProducts:18)
	at com.kms.katalon.core.main.ScriptEngine.run(ScriptEngine.java:194)
	at com.kms.katalon.core.main.ScriptEngine.runScriptAsRawText(ScriptEngine.java:119)
	at com.kms.katalon.core.main.TestCaseExecutor.runScript(TestCaseExecutor.java:336)
	at com.kms.katalon.core.main.TestCaseExecutor.doExecute(TestCaseExecutor.java:327)
	at com.kms.katalon.core.main.TestCaseExecutor.processExecutionPhase(TestCaseExecutor.java:306)
	at com.kms.katalon.core.main.TestCaseExecutor.accessMainPhase(TestCaseExecutor.java:298)
	at com.kms.katalon.core.main.TestCaseExecutor.execute(TestCaseExecutor.java:232)
	at com.kms.katalon.core.main.TestSuiteExecutor.accessTestCaseMainPhase(TestSuiteExecutor.java:129)
	at com.kms.katalon.core.main.TestSuiteExecutor.accessTestSuiteMainPhase(TestSuiteExecutor.java:112)
	at com.kms.katalon.core.main.TestSuiteExecutor.execute(TestSuiteExecutor.java:81)
	at com.kms.katalon.core.main.TestCaseMain.startTestSuite(TestCaseMain.java:157)
	at com.kms.katalon.core.main.TestCaseMain$startTestSuite$0.call(Unknown Source)
	at TempTestSuite1560858913253.run(TempTestSuite1560858913253.groovy:35)
Caused by: com.kms.katalon.core.webui.exception.WebElementNotFoundException: Web element with id: 'Object Repository/Green_Cleaning/iframe' located by 'By.xpath: //*[@id="creditHtmlForm"]/iframe
' not found
	at com.kms.katalon.core.webui.common.WebUiCommonHelper.findWebElement(WebUiCommonHelper.java:1097)
	at com.kms.katalon.core.webui.keyword.builtin.SwitchToFrameKeyword$_switchToFrame_closure1.doCall(SwitchToFrameKeyword.groovy:77)
	at com.kms.katalon.core.webui.keyword.builtin.SwitchToFrameKeyword$_switchToFrame_closure1.call(SwitchToFrameKeyword.groovy)
	at com.kms.katalon.core.webui.keyword.internal.WebUIKeywordMain.runKeyword(WebUIKeywordMain.groovy:20)
	at com.kms.katalon.core.webui.keyword.builtin.SwitchToFrameKeyword.switchToFrame(SwitchToFrameKeyword.groovy:84)
	at com.kms.katalon.core.webui.keyword.builtin.SwitchToFrameKeyword.execute(SwitchToFrameKeyword.groovy:68)
	at com.kms.katalon.core.keyword.internal.KeywordExecutor.executeKeywordForPlatform(KeywordExecutor.groovy:56)
	at com.kms.katalon.core.webui.keyword.WebUiBuiltInKeywords.switchToFrame(WebUiBuiltInKeywords.groovy:2869)
	at com.kms.katalon.core.webui.keyword.WebUiBuiltInKeywords$switchToFrame$8.call(Unknown Source)
	at leedOnlineKeywords.projectKeywords.countRowsPerTable(projectKeywords.groovy:784)
	at leedOnlineKeywords.projectKeywords$countRowsPerTable$3.call(Unknown Source)
	at leedOnlineKeywords.projectKeywords.deleteUploadedFiles(projectKeywords.groovy:870)
	at leedOnlineKeywords.projectKeywords$deleteUploadedFiles$10.call(Unknown Source)
	at greenCleaningForm.GC_DeleteUploadedFiles.user_deletes_the_uploaded_files_of_MSDS_sheets_in_Green_Cleaning_Form(GC_DeleteUploadedFiles.groovy:150)
	at cucumber.runtime.Utils$1.call(Utils.java:26)
	at cucumber.runtime.Timeout.timeout(Timeout.java:16)
	at cucumber.runtime.Utils.invoke(Utils.java:20)
	at cucumber.runtime.java.JavaStepDefinition.execute(JavaStepDefinition.java:48)
	at cucumber.runtime.PickleStepDefinitionMatch.runStep(PickleStepDefinitionMatch.java:50)
	at cucumber.runner.TestStep.executeStep(TestStep.java:55)
	at cucumber.runner.TestStep.run(TestStep.java:42)
	at cucumber.runner.PickleStepTestStep.run(PickleStepTestStep.java:53)
	at cucumber.runner.TestCase.run(TestCase.java:47)
	at cucumber.runner.Runner.runPickle(Runner.java:44)
	at cucumber.runtime.junit.PickleRunners$NoStepDescriptions.run(PickleRunners.java:140)
	at cucumber.runtime.junit.FeatureRunner.runChild(FeatureRunner.java:68)
	at cucumber.runtime.junit.FeatureRunner.runChild(FeatureRunner.java:23)
	at org.junit.runners.ParentRunner$3.run(ParentRunner.java:290)
	at org.junit.runners.ParentRunner$1.schedule(ParentRunner.java:71)
	at org.junit.runners.ParentRunner.runChildren(ParentRunner.java:288)
	at org.junit.runners.ParentRunner.access$000(ParentRunner.java:58)
	at org.junit.runners.ParentRunner$2.evaluate(ParentRunner.java:268)
	at org.junit.runners.ParentRunner.run(ParentRunner.java:363)
	at cucumber.runtime.junit.FeatureRunner.run(FeatureRunner.java:73)
	at cucumber.api.junit.Cucumber.runChild(Cucumber.java:98)
	at cucumber.api.junit.Cucumber.runChild(Cucumber.java:55)
	at org.junit.runners.ParentRunner$3.run(ParentRunner.java:290)
	at org.junit.runners.ParentRunner$1.schedule(ParentRunner.java:71)
	at org.junit.runners.ParentRunner.runChildren(ParentRunner.java:288)
	at org.junit.runners.ParentRunner.access$000(ParentRunner.java:58)
	at org.junit.runners.ParentRunner$2.evaluate(ParentRunner.java:268)
	at cucumber.api.junit.Cucumber$1.evaluate(Cucumber.java:107)
	at org.junit.runners.ParentRunner.run(ParentRunner.java:363)
	at org.junit.runners.Suite.runChild(Suite.java:128)
	at org.junit.runners.Suite.runChild(Suite.java:27)
	at org.junit.runners.ParentRunner$3.run(ParentRunner.java:290)
	at org.junit.runners.ParentRunner$1.schedule(ParentRunner.java:71)
	at org.junit.runners.ParentRunner.runChildren(ParentRunner.java:288)
	at org.junit.runners.ParentRunner.access$000(ParentRunner.java:58)
	at org.junit.runners.ParentRunner$2.evaluate(ParentRunner.java:268)
	at org.junit.runners.ParentRunner.run(ParentRunner.java:363)
	at org.junit.runner.JUnitCore.run(JUnitCore.java:137)
	at org.junit.runner.JUnitCore.run(JUnitCore.java:115)
	at org.junit.runner.JUnitCore.run(JUnitCore.java:105)
	at com.kms.katalon.core.cucumber.keyword.CucumberBuiltinKeywords$_runWithCucumberRunner_closure3.doCall(CucumberBuiltinKeywords.groovy:260)
	at com.kms.katalon.core.cucumber.keyword.CucumberBuiltinKeywords$_runWithCucumberRunner_closure3.doCall(CucumberBuiltinKeywords.groovy)
	at com.kms.katalon.core.keyword.internal.KeywordMain.runKeyword(KeywordMain.groovy:66)
	at com.kms.katalon.core.keyword.internal.KeywordMain$runKeyword.call(Unknown Source)
	at com.kms.katalon.core.cucumber.keyword.CucumberBuiltinKeywords.runWithCucumberRunner(CucumberBuiltinKeywords.groovy:257)
	at com.kms.katalon.core.cucumber.keyword.CucumberBuiltinKeywords$runWithCucumberRunner$0.callStatic(Unknown Source)
	at com.kms.katalon.core.cucumber.keyword.CucumberBuiltinKeywords.runWithCucumberRunner(CucumberBuiltinKeywords.groovy:357)
	at com.kms.katalon.core.cucumber.keyword.CucumberBuiltinKeywords$runWithCucumberRunner.call(Unknown Source)
	at Script1560851576624.run(Script1560851576624.groovy:18)
	... 13 more
)
[[ATTACHMENT|H:\\Git Projects\\Usgbc_LeedOnline_ScoreCard\\Usgbc_LeedOnline_ScoreCard\\Reports\\GC_SmokeTest\\20190618_172508\\1560859298327.png]]

2019-06-18 17:31:43 - [MESSAGE][INFO] - Unable to find the element located by 'By.xpath: //*[@id="creditHtmlForm"]/iframe
'. Please recheck the objects properties to make sure the desired element is located. 

2019-06-18 17:31:44 - [MESSAGE][FAILED] - Unable to verify image 'Object Repository/Green_Cleaning/iframe' present (Root cause: com.kms.katalon.core.exception.StepFailedException: Unable to verify image 'Object Repository/Green_Cleaning/iframe' present
	at com.kms.katalon.core.webui.keyword.internal.WebUIKeywordMain.stepFailed(WebUIKeywordMain.groovy:64)
	at com.kms.katalon.core.webui.keyword.internal.WebUIKeywordMain.runKeyword(WebUIKeywordMain.groovy:26)
	at com.kms.katalon.core.webui.keyword.builtin.SwitchToFrameKeyword.switchToFrame(SwitchToFrameKeyword.groovy:84)
	at com.kms.katalon.core.webui.keyword.builtin.SwitchToFrameKeyword.execute(SwitchToFrameKeyword.groovy:68)
	at com.kms.katalon.core.keyword.internal.KeywordExecutor.executeKeywordForPlatform(KeywordExecutor.groovy:56)
	at com.kms.katalon.core.webui.keyword.WebUiBuiltInKeywords.switchToFrame(WebUiBuiltInKeywords.groovy:2869)
	at com.kms.katalon.core.webui.keyword.WebUiBuiltInKeywords$switchToFrame$8.call(Unknown Source)
	at leedOnlineKeywords.projectKeywords.countRowsPerTable(projectKeywords.groovy:784)
	at leedOnlineKeywords.projectKeywords$countRowsPerTable$3.call(Unknown Source)
	at leedOnlineKeywords.projectKeywords.deleteUploadedFiles(projectKeywords.groovy:870)
	at leedOnlineKeywords.projectKeywords$deleteUploadedFiles$10.call(Unknown Source)
	at greenCleaningForm.GC_DeleteUploadedFiles.user_deletes_the_uploaded_files_of_additional_documentation_in_Green_Cleaning_Form(GC_DeleteUploadedFiles.groovy:167)
	at cucumber.runtime.Utils$1.call(Utils.java:26)
	at cucumber.runtime.Timeout.timeout(Timeout.java:16)
	at cucumber.runtime.Utils.invoke(Utils.java:20)
	at cucumber.runtime.java.JavaStepDefinition.execute(JavaStepDefinition.java:48)
	at cucumber.runtime.PickleStepDefinitionMatch.runStep(PickleStepDefinitionMatch.java:50)
	at cucumber.runner.TestStep.executeStep(TestStep.java:55)
	at cucumber.runner.TestStep.run(TestStep.java:42)
	at cucumber.runner.PickleStepTestStep.run(PickleStepTestStep.java:53)
	at cucumber.runner.TestCase.run(TestCase.java:47)
	at cucumber.runner.Runner.runPickle(Runner.java:44)
	at cucumber.runtime.junit.PickleRunners$NoStepDescriptions.run(PickleRunners.java:140)
	at cucumber.runtime.junit.FeatureRunner.runChild(FeatureRunner.java:68)
	at cucumber.runtime.junit.FeatureRunner.runChild(FeatureRunner.java:23)
	at org.junit.runners.ParentRunner$3.run(ParentRunner.java:290)
	at org.junit.runners.ParentRunner$1.schedule(ParentRunner.java:71)
	at org.junit.runners.ParentRunner.runChildren(ParentRunner.java:288)
	at org.junit.runners.ParentRunner.access$000(ParentRunner.java:58)
	at org.junit.runners.ParentRunner$2.evaluate(ParentRunner.java:268)
	at org.junit.runners.ParentRunner.run(ParentRunner.java:363)
	at cucumber.runtime.junit.FeatureRunner.run(FeatureRunner.java:73)
	at cucumber.api.junit.Cucumber.runChild(Cucumber.java:98)
	at cucumber.api.junit.Cucumber.runChild(Cucumber.java:55)
	at org.junit.runners.ParentRunner$3.run(ParentRunner.java:290)
	at org.junit.runners.ParentRunner$1.schedule(ParentRunner.java:71)
	at org.junit.runners.ParentRunner.runChildren(ParentRunner.java:288)
	at org.junit.runners.ParentRunner.access$000(ParentRunner.java:58)
	at org.junit.runners.ParentRunner$2.evaluate(ParentRunner.java:268)
	at cucumber.api.junit.Cucumber$1.evaluate(Cucumber.java:107)
	at org.junit.runners.ParentRunner.run(ParentRunner.java:363)
	at org.junit.runners.Suite.runChild(Suite.java:128)
	at org.junit.runners.Suite.runChild(Suite.java:27)
	at org.junit.runners.ParentRunner$3.run(ParentRunner.java:290)
	at org.junit.runners.ParentRunner$1.schedule(ParentRunner.java:71)
	at org.junit.runners.ParentRunner.runChildren(ParentRunner.java:288)
	at org.junit.runners.ParentRunner.access$000(ParentRunner.java:58)
	at org.junit.runners.ParentRunner$2.evaluate(ParentRunner.java:268)
	at org.junit.runners.ParentRunner.run(ParentRunner.java:363)
	at org.junit.runner.JUnitCore.run(JUnitCore.java:137)
	at org.junit.runner.JUnitCore.run(JUnitCore.java:115)
	at org.junit.runner.JUnitCore.run(JUnitCore.java:105)
	at com.kms.katalon.core.cucumber.keyword.CucumberBuiltinKeywords$_runWithCucumberRunner_closure3.doCall(CucumberBuiltinKeywords.groovy:260)
	at com.kms.katalon.core.cucumber.keyword.CucumberBuiltinKeywords$_runWithCucumberRunner_closure3.doCall(CucumberBuiltinKeywords.groovy)
	at com.kms.katalon.core.keyword.internal.KeywordMain.runKeyword(KeywordMain.groovy:66)
	at com.kms.katalon.core.keyword.internal.KeywordMain$runKeyword.call(Unknown Source)
	at com.kms.katalon.core.cucumber.keyword.CucumberBuiltinKeywords.runWithCucumberRunner(CucumberBuiltinKeywords.groovy:257)
	at com.kms.katalon.core.cucumber.keyword.CucumberBuiltinKeywords$runWithCucumberRunner$0.callStatic(Unknown Source)
	at com.kms.katalon.core.cucumber.keyword.CucumberBuiltinKeywords.runWithCucumberRunner(CucumberBuiltinKeywords.groovy:357)
	at com.kms.katalon.core.cucumber.keyword.CucumberBuiltinKeywords$runWithCucumberRunner.call(Unknown Source)
	at TC_GC_DeleteUploadedFiles_CleaningProducts.run(TC_GC_DeleteUploadedFiles_CleaningProducts:18)
	at com.kms.katalon.core.main.ScriptEngine.run(ScriptEngine.java:194)
	at com.kms.katalon.core.main.ScriptEngine.runScriptAsRawText(ScriptEngine.java:119)
	at com.kms.katalon.core.main.TestCaseExecutor.runScript(TestCaseExecutor.java:336)
	at com.kms.katalon.core.main.TestCaseExecutor.doExecute(TestCaseExecutor.java:327)
	at com.kms.katalon.core.main.TestCaseExecutor.processExecutionPhase(TestCaseExecutor.java:306)
	at com.kms.katalon.core.main.TestCaseExecutor.accessMainPhase(TestCaseExecutor.java:298)
	at com.kms.katalon.core.main.TestCaseExecutor.execute(TestCaseExecutor.java:232)
	at com.kms.katalon.core.main.TestSuiteExecutor.accessTestCaseMainPhase(TestSuiteExecutor.java:129)
	at com.kms.katalon.core.main.TestSuiteExecutor.accessTestSuiteMainPhase(TestSuiteExecutor.java:112)
	at com.kms.katalon.core.main.TestSuiteExecutor.execute(TestSuiteExecutor.java:81)
	at com.kms.katalon.core.main.TestCaseMain.startTestSuite(TestCaseMain.java:157)
	at com.kms.katalon.core.main.TestCaseMain$startTestSuite$0.call(Unknown Source)
	at TempTestSuite1560858913253.run(TempTestSuite1560858913253.groovy:35)
Caused by: com.kms.katalon.core.webui.exception.WebElementNotFoundException: Web element with id: 'Object Repository/Green_Cleaning/iframe' located by 'By.xpath: //*[@id="creditHtmlForm"]/iframe
' not found
	at com.kms.katalon.core.webui.common.WebUiCommonHelper.findWebElement(WebUiCommonHelper.java:1097)
	at com.kms.katalon.core.webui.keyword.builtin.SwitchToFrameKeyword$_switchToFrame_closure1.doCall(SwitchToFrameKeyword.groovy:77)
	at com.kms.katalon.core.webui.keyword.builtin.SwitchToFrameKeyword$_switchToFrame_closure1.call(SwitchToFrameKeyword.groovy)
	at com.kms.katalon.core.webui.keyword.internal.WebUIKeywordMain.runKeyword(WebUIKeywordMain.groovy:20)
	at com.kms.katalon.core.webui.keyword.builtin.SwitchToFrameKeyword.switchToFrame(SwitchToFrameKeyword.groovy:84)
	at com.kms.katalon.core.webui.keyword.builtin.SwitchToFrameKeyword.execute(SwitchToFrameKeyword.groovy:68)
	at com.kms.katalon.core.keyword.internal.KeywordExecutor.executeKeywordForPlatform(KeywordExecutor.groovy:56)
	at com.kms.katalon.core.webui.keyword.WebUiBuiltInKeywords.switchToFrame(WebUiBuiltInKeywords.groovy:2869)
	at com.kms.katalon.core.webui.keyword.WebUiBuiltInKeywords$switchToFrame$8.call(Unknown Source)
	at leedOnlineKeywords.projectKeywords.countRowsPerTable(projectKeywords.groovy:784)
	at leedOnlineKeywords.projectKeywords$countRowsPerTable$3.call(Unknown Source)
	at leedOnlineKeywords.projectKeywords.deleteUploadedFiles(projectKeywords.groovy:870)
	at leedOnlineKeywords.projectKeywords$deleteUploadedFiles$10.call(Unknown Source)
	at greenCleaningForm.GC_DeleteUploadedFiles.user_deletes_the_uploaded_files_of_additional_documentation_in_Green_Cleaning_Form(GC_DeleteUploadedFiles.groovy:167)
	at cucumber.runtime.Utils$1.call(Utils.java:26)
	at cucumber.runtime.Timeout.timeout(Timeout.java:16)
	at cucumber.runtime.Utils.invoke(Utils.java:20)
	at cucumber.runtime.java.JavaStepDefinition.execute(JavaStepDefinition.java:48)
	at cucumber.runtime.PickleStepDefinitionMatch.runStep(PickleStepDefinitionMatch.java:50)
	at cucumber.runner.TestStep.executeStep(TestStep.java:55)
	at cucumber.runner.TestStep.run(TestStep.java:42)
	at cucumber.runner.PickleStepTestStep.run(PickleStepTestStep.java:53)
	at cucumber.runner.TestCase.run(TestCase.java:47)
	at cucumber.runner.Runner.runPickle(Runner.java:44)
	at cucumber.runtime.junit.PickleRunners$NoStepDescriptions.run(PickleRunners.java:140)
	at cucumber.runtime.junit.FeatureRunner.runChild(FeatureRunner.java:68)
	at cucumber.runtime.junit.FeatureRunner.runChild(FeatureRunner.java:23)
	at org.junit.runners.ParentRunner$3.run(ParentRunner.java:290)
	at org.junit.runners.ParentRunner$1.schedule(ParentRunner.java:71)
	at org.junit.runners.ParentRunner.runChildren(ParentRunner.java:288)
	at org.junit.runners.ParentRunner.access$000(ParentRunner.java:58)
	at org.junit.runners.ParentRunner$2.evaluate(ParentRunner.java:268)
	at org.junit.runners.ParentRunner.run(ParentRunner.java:363)
	at cucumber.runtime.junit.FeatureRunner.run(FeatureRunner.java:73)
	at cucumber.api.junit.Cucumber.runChild(Cucumber.java:98)
	at cucumber.api.junit.Cucumber.runChild(Cucumber.java:55)
	at org.junit.runners.ParentRunner$3.run(ParentRunner.java:290)
	at org.junit.runners.ParentRunner$1.schedule(ParentRunner.java:71)
	at org.junit.runners.ParentRunner.runChildren(ParentRunner.java:288)
	at org.junit.runners.ParentRunner.access$000(ParentRunner.java:58)
	at org.junit.runners.ParentRunner$2.evaluate(ParentRunner.java:268)
	at cucumber.api.junit.Cucumber$1.evaluate(Cucumber.java:107)
	at org.junit.runners.ParentRunner.run(ParentRunner.java:363)
	at org.junit.runners.Suite.runChild(Suite.java:128)
	at org.junit.runners.Suite.runChild(Suite.java:27)
	at org.junit.runners.ParentRunner$3.run(ParentRunner.java:290)
	at org.junit.runners.ParentRunner$1.schedule(ParentRunner.java:71)
	at org.junit.runners.ParentRunner.runChildren(ParentRunner.java:288)
	at org.junit.runners.ParentRunner.access$000(ParentRunner.java:58)
	at org.junit.runners.ParentRunner$2.evaluate(ParentRunner.java:268)
	at org.junit.runners.ParentRunner.run(ParentRunner.java:363)
	at org.junit.runner.JUnitCore.run(JUnitCore.java:137)
	at org.junit.runner.JUnitCore.run(JUnitCore.java:115)
	at org.junit.runner.JUnitCore.run(JUnitCore.java:105)
	at com.kms.katalon.core.cucumber.keyword.CucumberBuiltinKeywords$_runWithCucumberRunner_closure3.doCall(CucumberBuiltinKeywords.groovy:260)
	at com.kms.katalon.core.cucumber.keyword.CucumberBuiltinKeywords$_runWithCucumberRunner_closure3.doCall(CucumberBuiltinKeywords.groovy)
	at com.kms.katalon.core.keyword.internal.KeywordMain.runKeyword(KeywordMain.groovy:66)
	at com.kms.katalon.core.keyword.internal.KeywordMain$runKeyword.call(Unknown Source)
	at com.kms.katalon.core.cucumber.keyword.CucumberBuiltinKeywords.runWithCucumberRunner(CucumberBuiltinKeywords.groovy:257)
	at com.kms.katalon.core.cucumber.keyword.CucumberBuiltinKeywords$runWithCucumberRunner$0.callStatic(Unknown Source)
	at com.kms.katalon.core.cucumber.keyword.CucumberBuiltinKeywords.runWithCucumberRunner(CucumberBuiltinKeywords.groovy:357)
	at com.kms.katalon.core.cucumber.keyword.CucumberBuiltinKeywords$runWithCucumberRunner.call(Unknown Source)
	at Script1560851576624.run(Script1560851576624.groovy:18)
	... 13 more
)
[[ATTACHMENT|H:\\Git Projects\\Usgbc_LeedOnline_ScoreCard\\Usgbc_LeedOnline_ScoreCard\\Reports\\GC_SmokeTest\\20190618_172508\\1560859303804.png]]

2019-06-18 17:31:44 - [MESSAGE][FAILED] - These following reason:
 [Unable to verify image 'Object Repository/Green_Cleaning/iframe' present, Unable to verify image 'Object Repository/Green_Cleaning/iframe' present, Unable to verify image 'Object Repository/Green_Cleaning/iframe' present]

2019-06-18 17:31:44 - [MESSAGE][FAILED] - Keyword runWithCucumberRunner was failed (Root cause: com.kms.katalon.core.exception.StepFailedException: These following reason:
 [Unable to verify image 'Object Repository/Green_Cleaning/iframe' present, Unable to verify image 'Object Repository/Green_Cleaning/iframe' present, Unable to verify image 'Object Repository/Green_Cleaning/iframe' present]
	at com.kms.katalon.core.keyword.internal.KeywordMain.stepFailed(KeywordMain.groovy:48)
	at com.kms.katalon.core.keyword.internal.KeywordMain.stepFailed(KeywordMain.groovy)
	at com.kms.katalon.core.keyword.internal.KeywordMain.stepFailed(KeywordMain.groovy:21)
	at com.kms.katalon.core.keyword.internal.KeywordMain$stepFailed$0.call(Unknown Source)
	at com.kms.katalon.core.cucumber.keyword.CucumberBuiltinKeywords$_runWithCucumberRunner_closure3.doCall(CucumberBuiltinKeywords.groovy:272)
	at com.kms.katalon.core.cucumber.keyword.CucumberBuiltinKeywords$_runWithCucumberRunner_closure3.doCall(CucumberBuiltinKeywords.groovy)
	at com.kms.katalon.core.keyword.internal.KeywordMain.runKeyword(KeywordMain.groovy:66)
	at com.kms.katalon.core.keyword.internal.KeywordMain$runKeyword.call(Unknown Source)
	at com.kms.katalon.core.cucumber.keyword.CucumberBuiltinKeywords.runWithCucumberRunner(CucumberBuiltinKeywords.groovy:257)
	at com.kms.katalon.core.cucumber.keyword.CucumberBuiltinKeywords$runWithCucumberRunner$0.callStatic(Unknown Source)
	at com.kms.katalon.core.cucumber.keyword.CucumberBuiltinKeywords.runWithCucumberRunner(CucumberBuiltinKeywords.groovy:357)
	at com.kms.katalon.core.cucumber.keyword.CucumberBuiltinKeywords$runWithCucumberRunner.call(Unknown Source)
	at TC_GC_DeleteUploadedFiles_CleaningProducts.run(TC_GC_DeleteUploadedFiles_CleaningProducts:18)
	at com.kms.katalon.core.main.ScriptEngine.run(ScriptEngine.java:194)
	at com.kms.katalon.core.main.ScriptEngine.runScriptAsRawText(ScriptEngine.java:119)
	at com.kms.katalon.core.main.TestCaseExecutor.runScript(TestCaseExecutor.java:336)
	at com.kms.katalon.core.main.TestCaseExecutor.doExecute(TestCaseExecutor.java:327)
	at com.kms.katalon.core.main.TestCaseExecutor.processExecutionPhase(TestCaseExecutor.java:306)
	at com.kms.katalon.core.main.TestCaseExecutor.accessMainPhase(TestCaseExecutor.java:298)
	at com.kms.katalon.core.main.TestCaseExecutor.execute(TestCaseExecutor.java:232)
	at com.kms.katalon.core.main.TestSuiteExecutor.accessTestCaseMainPhase(TestSuiteExecutor.java:129)
	at com.kms.katalon.core.main.TestSuiteExecutor.accessTestSuiteMainPhase(TestSuiteExecutor.java:112)
	at com.kms.katalon.core.main.TestSuiteExecutor.execute(TestSuiteExecutor.java:81)
	at com.kms.katalon.core.main.TestCaseMain.startTestSuite(TestCaseMain.java:157)
	at com.kms.katalon.core.main.TestCaseMain$startTestSuite$0.call(Unknown Source)
	at TempTestSuite1560858913253.run(TempTestSuite1560858913253.groovy:35)
)

2019-06-18 17:31:44 - [TEST_STEP][PASSED] - Start listener action : sampleAfterTestCase: Browser is closed

2019-06-18 17:31:44 - [TEST_STEP][PASSED] - closeBrowser(): Browser is closed

2019-06-18 17:31:44 - [MESSAGE][PASSED] - Browser is closed]]></system-out>
         <system-err><![CDATA[2019-06-18 17:31:24 - [TEST_CASE][FAILED] - Test Cases/GreenCleaning/TC_GC_DeleteUploadedFiles_CleaningProducts: Test Cases/GreenCleaning/TC_GC_DeleteUploadedFiles_CleaningProducts FAILED.
Reason:
com.kms.katalon.core.exception.StepFailedException: These following reason:
 [Unable to verify image 'Object Repository/Green_Cleaning/iframe' present, Unable to verify image 'Object Repository/Green_Cleaning/iframe' present, Unable to verify image 'Object Repository/Green_Cleaning/iframe' present]
	at com.kms.katalon.core.keyword.internal.KeywordMain.stepFailed(KeywordMain.groovy:48)
	at com.kms.katalon.core.keyword.internal.KeywordMain.stepFailed(KeywordMain.groovy)
	at com.kms.katalon.core.keyword.internal.KeywordMain.stepFailed(KeywordMain.groovy:21)
	at com.kms.katalon.core.keyword.internal.KeywordMain$stepFailed$0.call(Unknown Source)
	at com.kms.katalon.core.cucumber.keyword.CucumberBuiltinKeywords$_runWithCucumberRunner_closure3.doCall(CucumberBuiltinKeywords.groovy:272)
	at com.kms.katalon.core.cucumber.keyword.CucumberBuiltinKeywords$_runWithCucumberRunner_closure3.doCall(CucumberBuiltinKeywords.groovy)
	at com.kms.katalon.core.keyword.internal.KeywordMain.runKeyword(KeywordMain.groovy:66)
	at com.kms.katalon.core.keyword.internal.KeywordMain$runKeyword.call(Unknown Source)
	at com.kms.katalon.core.cucumber.keyword.CucumberBuiltinKeywords.runWithCucumberRunner(CucumberBuiltinKeywords.groovy:257)
	at com.kms.katalon.core.cucumber.keyword.CucumberBuiltinKeywords$runWithCucumberRunner$0.callStatic(Unknown Source)
	at com.kms.katalon.core.cucumber.keyword.CucumberBuiltinKeywords.runWithCucumberRunner(CucumberBuiltinKeywords.groovy:357)
	at com.kms.katalon.core.cucumber.keyword.CucumberBuiltinKeywords$runWithCucumberRunner.call(Unknown Source)
	at TC_GC_DeleteUploadedFiles_CleaningProducts.run(TC_GC_DeleteUploadedFiles_CleaningProducts:18)
	at com.kms.katalon.core.main.ScriptEngine.run(ScriptEngine.java:194)
	at com.kms.katalon.core.main.ScriptEngine.runScriptAsRawText(ScriptEngine.java:119)
	at com.kms.katalon.core.main.TestCaseExecutor.runScript(TestCaseExecutor.java:336)
	at com.kms.katalon.core.main.TestCaseExecutor.doExecute(TestCaseExecutor.java:327)
	at com.kms.katalon.core.main.TestCaseExecutor.processExecutionPhase(TestCaseExecutor.java:306)
	at com.kms.katalon.core.main.TestCaseExecutor.accessMainPhase(TestCaseExecutor.java:298)
	at com.kms.katalon.core.main.TestCaseExecutor.execute(TestCaseExecutor.java:232)
	at com.kms.katalon.core.main.TestSuiteExecutor.accessTestCaseMainPhase(TestSuiteExecutor.java:129)
	at com.kms.katalon.core.main.TestSuiteExecutor.accessTestSuiteMainPhase(TestSuiteExecutor.java:112)
	at com.kms.katalon.core.main.TestSuiteExecutor.execute(TestSuiteExecutor.java:81)
	at com.kms.katalon.core.main.TestCaseMain.startTestSuite(TestCaseMain.java:157)
	at com.kms.katalon.core.main.TestCaseMain$startTestSuite$0.call(Unknown Source)
	at TempTestSuite1560858913253.run(TempTestSuite1560858913253.groovy:35)]]></system-err>
      </testcase>
      <system-out><![CDATA[2019-06-18 17:25:15 - [TEST_SUITE][FAILED] - GC_SmokeTest: Test Cases/GreenCleaning/TC_GC_VerifyUploadedFiles_CleaningProducts FAILED.
Reason:
com.kms.katalon.core.exception.StepFailedException: These following reason:
 [Unable to scroll to object 'Object Repository/Green_Cleaning/Powered_Cleaning_Opt3/AddFile_UploadGC_Calc/Table_GC_Calc']
	at com.kms.katalon.core.keyword.internal.KeywordMain.stepFailed(KeywordMain.groovy:48)
	at com.kms.katalon.core.keyword.internal.KeywordMain.stepFailed(KeywordMain.groovy)
	at com.kms.katalon.core.keyword.internal.KeywordMain.stepFailed(KeywordMain.groovy:21)
	at com.kms.katalon.core.keyword.internal.KeywordMain$stepFailed$0.call(Unknown Source)
	at com.kms.katalon.core.cucumber.keyword.CucumberBuiltinKeywords$_runWithCucumberRunner_closure3.doCall(CucumberBuiltinKeywords.groovy:272)
	at com.kms.katalon.core.cucumber.keyword.CucumberBuiltinKeywords$_runWithCucumberRunner_closure3.doCall(CucumberBuiltinKeywords.groovy)
	at com.kms.katalon.core.keyword.internal.KeywordMain.runKeyword(KeywordMain.groovy:66)
	at com.kms.katalon.core.keyword.internal.KeywordMain$runKeyword.call(Unknown Source)
	at com.kms.katalon.core.cucumber.keyword.CucumberBuiltinKeywords.runWithCucumberRunner(CucumberBuiltinKeywords.groovy:257)
	at com.kms.katalon.core.cucumber.keyword.CucumberBuiltinKeywords$runWithCucumberRunner$0.callStatic(Unknown Source)
	at com.kms.katalon.core.cucumber.keyword.CucumberBuiltinKeywords.runWithCucumberRunner(CucumberBuiltinKeywords.groovy:357)
	at com.kms.katalon.core.cucumber.keyword.CucumberBuiltinKeywords$runWithCucumberRunner.call(Unknown Source)
	at TC_GC_VerifyUploadedFiles_CleaningProducts.run(TC_GC_VerifyUploadedFiles_CleaningProducts:18)
	at com.kms.katalon.core.main.ScriptEngine.run(ScriptEngine.java:194)
	at com.kms.katalon.core.main.ScriptEngine.runScriptAsRawText(ScriptEngine.java:119)
	at com.kms.katalon.core.main.TestCaseExecutor.runScript(TestCaseExecutor.java:336)
	at com.kms.katalon.core.main.TestCaseExecutor.doExecute(TestCaseExecutor.java:327)
	at com.kms.katalon.core.main.TestCaseExecutor.processExecutionPhase(TestCaseExecutor.java:306)
	at com.kms.katalon.core.main.TestCaseExecutor.accessMainPhase(TestCaseExecutor.java:298)
	at com.kms.katalon.core.main.TestCaseExecutor.execute(TestCaseExecutor.java:232)
	at com.kms.katalon.core.main.TestSuiteExecutor.accessTestCaseMainPhase(TestSuiteExecutor.java:129)
	at com.kms.katalon.core.main.TestSuiteExecutor.accessTestSuiteMainPhase(TestSuiteExecutor.java:112)
	at com.kms.katalon.core.main.TestSuiteExecutor.execute(TestSuiteExecutor.java:81)
	at com.kms.katalon.core.main.TestCaseMain.startTestSuite(TestCaseMain.java:157)
	at com.kms.katalon.core.main.TestCaseMain$startTestSuite$0.call(Unknown Source)
	at TempTestSuite1560858913253.run(TempTestSuite1560858913253.groovy:35)]]></system-out>
      <system-err><![CDATA[2019-06-18 17:25:15 - [TEST_SUITE][FAILED] - GC_SmokeTest: Test Cases/GreenCleaning/TC_GC_VerifyUploadedFiles_CleaningProducts FAILED.
Reason:
com.kms.katalon.core.exception.StepFailedException: These following reason:
 [Unable to scroll to object 'Object Repository/Green_Cleaning/Powered_Cleaning_Opt3/AddFile_UploadGC_Calc/Table_GC_Calc']
	at com.kms.katalon.core.keyword.internal.KeywordMain.stepFailed(KeywordMain.groovy:48)
	at com.kms.katalon.core.keyword.internal.KeywordMain.stepFailed(KeywordMain.groovy)
	at com.kms.katalon.core.keyword.internal.KeywordMain.stepFailed(KeywordMain.groovy:21)
	at com.kms.katalon.core.keyword.internal.KeywordMain$stepFailed$0.call(Unknown Source)
	at com.kms.katalon.core.cucumber.keyword.CucumberBuiltinKeywords$_runWithCucumberRunner_closure3.doCall(CucumberBuiltinKeywords.groovy:272)
	at com.kms.katalon.core.cucumber.keyword.CucumberBuiltinKeywords$_runWithCucumberRunner_closure3.doCall(CucumberBuiltinKeywords.groovy)
	at com.kms.katalon.core.keyword.internal.KeywordMain.runKeyword(KeywordMain.groovy:66)
	at com.kms.katalon.core.keyword.internal.KeywordMain$runKeyword.call(Unknown Source)
	at com.kms.katalon.core.cucumber.keyword.CucumberBuiltinKeywords.runWithCucumberRunner(CucumberBuiltinKeywords.groovy:257)
	at com.kms.katalon.core.cucumber.keyword.CucumberBuiltinKeywords$runWithCucumberRunner$0.callStatic(Unknown Source)
	at com.kms.katalon.core.cucumber.keyword.CucumberBuiltinKeywords.runWithCucumberRunner(CucumberBuiltinKeywords.groovy:357)
	at com.kms.katalon.core.cucumber.keyword.CucumberBuiltinKeywords$runWithCucumberRunner.call(Unknown Source)
	at TC_GC_VerifyUploadedFiles_CleaningProducts.run(TC_GC_VerifyUploadedFiles_CleaningProducts:18)
	at com.kms.katalon.core.main.ScriptEngine.run(ScriptEngine.java:194)
	at com.kms.katalon.core.main.ScriptEngine.runScriptAsRawText(ScriptEngine.java:119)
	at com.kms.katalon.core.main.TestCaseExecutor.runScript(TestCaseExecutor.java:336)
	at com.kms.katalon.core.main.TestCaseExecutor.doExecute(TestCaseExecutor.java:327)
	at com.kms.katalon.core.main.TestCaseExecutor.processExecutionPhase(TestCaseExecutor.java:306)
	at com.kms.katalon.core.main.TestCaseExecutor.accessMainPhase(TestCaseExecutor.java:298)
	at com.kms.katalon.core.main.TestCaseExecutor.execute(TestCaseExecutor.java:232)
	at com.kms.katalon.core.main.TestSuiteExecutor.accessTestCaseMainPhase(TestSuiteExecutor.java:129)
	at com.kms.katalon.core.main.TestSuiteExecutor.accessTestSuiteMainPhase(TestSuiteExecutor.java:112)
	at com.kms.katalon.core.main.TestSuiteExecutor.execute(TestSuiteExecutor.java:81)
	at com.kms.katalon.core.main.TestCaseMain.startTestSuite(TestCaseMain.java:157)
	at com.kms.katalon.core.main.TestCaseMain$startTestSuite$0.call(Unknown Source)
	at TempTestSuite1560858913253.run(TempTestSuite1560858913253.groovy:35)]]></system-err>
   </testsuite>
</testsuites>
