<?xml version="1.0" encoding="UTF-8"?>
<testsuites name="EEBM_SmokeTest" time="197" tests="0" failures="1" errors="0">
   <testsuite name="EEBM_SmokeTest" tests="0" failures="1" errors="0" time="197" timestamp="2019-06-26 16:04:32" hostname="promantus inc - G10PROLT025" id="Test Suites/EEBM_SmokeTest">
      <properties>
         <property name="deviceName" value=""/>
         <property name="devicePlatform" value=""/>
         <property name="logFolder" value="H:\\Git Projects\\Usgbc_LeedOnline_ScoreCard\\Usgbc_LeedOnline_ScoreCard\\Reports\\EEBM_SmokeTest\\20190626_160422"/>
         <property name="logFiles" value="H:\\Git Projects\\Usgbc_LeedOnline_ScoreCard\\Usgbc_LeedOnline_ScoreCard\\Reports\\EEBM_SmokeTest\\20190626_160422\\execution0.log"/>
         <property name="attachments" value="H:\\Git Projects\\Usgbc_LeedOnline_ScoreCard\\Usgbc_LeedOnline_ScoreCard\\Reports\\EEBM_SmokeTest\\20190626_160422\\1561545444365.png, H:\\Git Projects\\Usgbc_LeedOnline_ScoreCard\\Usgbc_LeedOnline_ScoreCard\\Reports\\EEBM_SmokeTest\\20190626_160422\\1561545445118.png"/>
         <property name="hostName" value="promantus inc - G10PROLT025"/>
         <property name="os" value="Windows 10 64bit"/>
         <property name="katalonVersion" value="6.1.3.3"/>
         <property name="browser" value="Chrome 75.0.3770.100"/>
         <property name="hostAddress" value="192.168.232.1"/>
         <property name="sessionId" value="74ea859522010bd0c58155d44d79c3fb"/>
         <property name="seleniumVersion" value="3.7.1"/>
         <property name="proxyInformation" value="ProxyInformation{proxyOption=NO_PROXY, proxyServerType=HTTP, password=, proxyServerAddress=, proxyServerPort=0}"/>
         <property name="platform" value="Windows 10"/>
      </properties>
      <testcase name="Test Cases/EnergyEfficiencyBestManagementPractices/TC_EEBM_DeleteUploadedFiles" classname="Test Cases/EnergyEfficiencyBestManagementPractices/TC_EEBM_DeleteUploadedFiles" status="FAILED">
         <failure type="FAILED" message="Test Cases/EnergyEfficiencyBestManagementPractices/TC_EEBM_DeleteUploadedFiles FAILED.
Reason:
com.kms.katalon.core.exception.StepFailedException: These following reason:
 [Unable to verify object 'Object Repository/EnergyEfficiencyBestManagementpractices/AddFile_DC_Pro/Table_DC_Pro' is not present]
	at com.kms.katalon.core.keyword.internal.KeywordMain.stepFailed(KeywordMain.groovy:48)
	at com.kms.katalon.core.keyword.internal.KeywordMain.stepFailed(KeywordMain.groovy)
	at com.kms.katalon.core.keyword.internal.KeywordMain.stepFailed(KeywordMain.groovy:21)
	at com.kms.katalon.core.keyword.internal.KeywordMain$stepFailed$0.call(Unknown Source)
	at com.kms.katalon.core.cucumber.keyword.CucumberBuiltinKeywords$_runWithCucumberRunner_closure3.doCall(CucumberBuiltinKeywords.groovy:272)
	at com.kms.katalon.core.cucumber.keyword.CucumberBuiltinKeywords$_runWithCucumberRunner_closure3.doCall(CucumberBuiltinKeywords.groovy)
	at com.kms.katalon.core.keyword.internal.KeywordMain.runKeyword(KeywordMain.groovy:66)
	at com.kms.katalon.core.keyword.internal.KeywordMain$runKeyword.call(Unknown Source)
	at com.kms.katalon.core.cucumber.keyword.CucumberBuiltinKeywords.runWithCucumberRunner(CucumberBuiltinKeywords.groovy:257)
	at com.kms.katalon.core.cucumber.keyword.CucumberBuiltinKeywords$runWithCucumberRunner$0.callStatic(Unknown Source)
	at com.kms.katalon.core.cucumber.keyword.CucumberBuiltinKeywords.runWithCucumberRunner(CucumberBuiltinKeywords.groovy:357)
	at com.kms.katalon.core.cucumber.keyword.CucumberBuiltinKeywords$runWithCucumberRunner.call(Unknown Source)
	at TC_EEBM_DeleteUploadedFiles.run(TC_EEBM_DeleteUploadedFiles:18)
	at com.kms.katalon.core.main.ScriptEngine.run(ScriptEngine.java:194)
	at com.kms.katalon.core.main.ScriptEngine.runScriptAsRawText(ScriptEngine.java:119)
	at com.kms.katalon.core.main.TestCaseExecutor.runScript(TestCaseExecutor.java:336)
	at com.kms.katalon.core.main.TestCaseExecutor.doExecute(TestCaseExecutor.java:327)
	at com.kms.katalon.core.main.TestCaseExecutor.processExecutionPhase(TestCaseExecutor.java:306)
	at com.kms.katalon.core.main.TestCaseExecutor.accessMainPhase(TestCaseExecutor.java:298)
	at com.kms.katalon.core.main.TestCaseExecutor.execute(TestCaseExecutor.java:232)
	at com.kms.katalon.core.main.TestSuiteExecutor.accessTestCaseMainPhase(TestSuiteExecutor.java:129)
	at com.kms.katalon.core.main.TestSuiteExecutor.accessTestSuiteMainPhase(TestSuiteExecutor.java:112)
	at com.kms.katalon.core.main.TestSuiteExecutor.execute(TestSuiteExecutor.java:81)
	at com.kms.katalon.core.main.TestCaseMain.startTestSuite(TestCaseMain.java:157)
	at com.kms.katalon.core.main.TestCaseMain$startTestSuite$0.call(Unknown Source)
	at TempTestSuite1561545269919.run(TempTestSuite1561545269919.groovy:35)
"/>
         <system-out><![CDATA[2019-06-26 16:04:33 - [TEST_CASE][FAILED] - Test Cases/EnergyEfficiencyBestManagementPractices/TC_EEBM_DeleteUploadedFiles: Test Cases/EnergyEfficiencyBestManagementPractices/TC_EEBM_DeleteUploadedFiles FAILED.
Reason:
com.kms.katalon.core.exception.StepFailedException: These following reason:
 [Unable to verify object 'Object Repository/EnergyEfficiencyBestManagementpractices/AddFile_DC_Pro/Table_DC_Pro' is not present]
	at com.kms.katalon.core.keyword.internal.KeywordMain.stepFailed(KeywordMain.groovy:48)
	at com.kms.katalon.core.keyword.internal.KeywordMain.stepFailed(KeywordMain.groovy)
	at com.kms.katalon.core.keyword.internal.KeywordMain.stepFailed(KeywordMain.groovy:21)
	at com.kms.katalon.core.keyword.internal.KeywordMain$stepFailed$0.call(Unknown Source)
	at com.kms.katalon.core.cucumber.keyword.CucumberBuiltinKeywords$_runWithCucumberRunner_closure3.doCall(CucumberBuiltinKeywords.groovy:272)
	at com.kms.katalon.core.cucumber.keyword.CucumberBuiltinKeywords$_runWithCucumberRunner_closure3.doCall(CucumberBuiltinKeywords.groovy)
	at com.kms.katalon.core.keyword.internal.KeywordMain.runKeyword(KeywordMain.groovy:66)
	at com.kms.katalon.core.keyword.internal.KeywordMain$runKeyword.call(Unknown Source)
	at com.kms.katalon.core.cucumber.keyword.CucumberBuiltinKeywords.runWithCucumberRunner(CucumberBuiltinKeywords.groovy:257)
	at com.kms.katalon.core.cucumber.keyword.CucumberBuiltinKeywords$runWithCucumberRunner$0.callStatic(Unknown Source)
	at com.kms.katalon.core.cucumber.keyword.CucumberBuiltinKeywords.runWithCucumberRunner(CucumberBuiltinKeywords.groovy:357)
	at com.kms.katalon.core.cucumber.keyword.CucumberBuiltinKeywords$runWithCucumberRunner.call(Unknown Source)
	at TC_EEBM_DeleteUploadedFiles.run(TC_EEBM_DeleteUploadedFiles:18)
	at com.kms.katalon.core.main.ScriptEngine.run(ScriptEngine.java:194)
	at com.kms.katalon.core.main.ScriptEngine.runScriptAsRawText(ScriptEngine.java:119)
	at com.kms.katalon.core.main.TestCaseExecutor.runScript(TestCaseExecutor.java:336)
	at com.kms.katalon.core.main.TestCaseExecutor.doExecute(TestCaseExecutor.java:327)
	at com.kms.katalon.core.main.TestCaseExecutor.processExecutionPhase(TestCaseExecutor.java:306)
	at com.kms.katalon.core.main.TestCaseExecutor.accessMainPhase(TestCaseExecutor.java:298)
	at com.kms.katalon.core.main.TestCaseExecutor.execute(TestCaseExecutor.java:232)
	at com.kms.katalon.core.main.TestSuiteExecutor.accessTestCaseMainPhase(TestSuiteExecutor.java:129)
	at com.kms.katalon.core.main.TestSuiteExecutor.accessTestSuiteMainPhase(TestSuiteExecutor.java:112)
	at com.kms.katalon.core.main.TestSuiteExecutor.execute(TestSuiteExecutor.java:81)
	at com.kms.katalon.core.main.TestCaseMain.startTestSuite(TestCaseMain.java:157)
	at com.kms.katalon.core.main.TestCaseMain$startTestSuite$0.call(Unknown Source)
	at TempTestSuite1561545269919.run(TempTestSuite1561545269919.groovy:35)


2019-06-26 16:04:33 - [TEST_STEP][PASSED] - Start listener action : sampleBeforeTestCase: null

2019-06-26 16:04:33 - [TEST_STEP][PASSED] - openBrowser(""): Browser is opened with url: ''

2019-06-26 16:04:33 - [MESSAGE][INFO] - Starting 'Chrome' driver

2019-06-26 16:04:33 - [MESSAGE][INFO] - User set preference: ['args', '[--window-size=1920,1080]']

2019-06-26 16:04:33 - [MESSAGE][INFO] - Action delay is set to 0 seconds

2019-06-26 16:04:38 - [MESSAGE][PASSED] - Browser is opened with url: ''

2019-06-26 16:04:38 - [TEST_STEP][PASSED] - driver = getWebDriver(): null

2019-06-26 16:04:38 - [TEST_STEP][PASSED] - println("The driver is ########### " + driver): null

2019-06-26 16:04:38 - [TEST_STEP][PASSED] - downloadPath = "H:\Git Projects\Usgbc_LeedOnline_ScoreCard\Usgbc_LeedOnline_ScoreCard\Include\TestData\DownloadedFiles": null

2019-06-26 16:04:38 - [TEST_STEP][PASSED] - projectKeywords().sendCommandForDownloadChromeHeadLess(driver.getCommandExecutor(), driver.getSessionId(), downloadPath): null

2019-06-26 16:04:39 - [TEST_STEP][FAILED] - runWithCucumberRunner(energyEfficiencyBestManagementPractices.Runner_EEBM_DeleteUploadedFiles): Keyword runWithCucumberRunner was failed (Root cause: com.kms.katalon.core.exception.StepFailedException: These following reason:
 [Unable to verify object 'Object Repository/EnergyEfficiencyBestManagementpractices/AddFile_DC_Pro/Table_DC_Pro' is not present]
	at com.kms.katalon.core.keyword.internal.KeywordMain.stepFailed(KeywordMain.groovy:48)
	at com.kms.katalon.core.keyword.internal.KeywordMain.stepFailed(KeywordMain.groovy)
	at com.kms.katalon.core.keyword.internal.KeywordMain.stepFailed(KeywordMain.groovy:21)
	at com.kms.katalon.core.keyword.internal.KeywordMain$stepFailed$0.call(Unknown Source)
	at com.kms.katalon.core.cucumber.keyword.CucumberBuiltinKeywords$_runWithCucumberRunner_closure3.doCall(CucumberBuiltinKeywords.groovy:272)
	at com.kms.katalon.core.cucumber.keyword.CucumberBuiltinKeywords$_runWithCucumberRunner_closure3.doCall(CucumberBuiltinKeywords.groovy)
	at com.kms.katalon.core.keyword.internal.KeywordMain.runKeyword(KeywordMain.groovy:66)
	at com.kms.katalon.core.keyword.internal.KeywordMain$runKeyword.call(Unknown Source)
	at com.kms.katalon.core.cucumber.keyword.CucumberBuiltinKeywords.runWithCucumberRunner(CucumberBuiltinKeywords.groovy:257)
	at com.kms.katalon.core.cucumber.keyword.CucumberBuiltinKeywords$runWithCucumberRunner$0.callStatic(Unknown Source)
	at com.kms.katalon.core.cucumber.keyword.CucumberBuiltinKeywords.runWithCucumberRunner(CucumberBuiltinKeywords.groovy:357)
	at com.kms.katalon.core.cucumber.keyword.CucumberBuiltinKeywords$runWithCucumberRunner.call(Unknown Source)
	at TC_EEBM_DeleteUploadedFiles.run(TC_EEBM_DeleteUploadedFiles:18)
	at com.kms.katalon.core.main.ScriptEngine.run(ScriptEngine.java:194)
	at com.kms.katalon.core.main.ScriptEngine.runScriptAsRawText(ScriptEngine.java:119)
	at com.kms.katalon.core.main.TestCaseExecutor.runScript(TestCaseExecutor.java:336)
	at com.kms.katalon.core.main.TestCaseExecutor.doExecute(TestCaseExecutor.java:327)
	at com.kms.katalon.core.main.TestCaseExecutor.processExecutionPhase(TestCaseExecutor.java:306)
	at com.kms.katalon.core.main.TestCaseExecutor.accessMainPhase(TestCaseExecutor.java:298)
	at com.kms.katalon.core.main.TestCaseExecutor.execute(TestCaseExecutor.java:232)
	at com.kms.katalon.core.main.TestSuiteExecutor.accessTestCaseMainPhase(TestSuiteExecutor.java:129)
	at com.kms.katalon.core.main.TestSuiteExecutor.accessTestSuiteMainPhase(TestSuiteExecutor.java:112)
	at com.kms.katalon.core.main.TestSuiteExecutor.execute(TestSuiteExecutor.java:81)
	at com.kms.katalon.core.main.TestCaseMain.startTestSuite(TestCaseMain.java:157)
	at com.kms.katalon.core.main.TestCaseMain$startTestSuite$0.call(Unknown Source)
	at TempTestSuite1561545269919.run(TempTestSuite1561545269919.groovy:35)
)

2019-06-26 16:04:42 - [TEST_CASE][PASSED] - Test Cases/EnergyEfficiencyBestManagementPractices/TC_EEBM_Navigation: Test Cases/EnergyEfficiencyBestManagementPractices/TC_EEBM_Navigation

2019-06-26 16:04:43 - [TEST_STEP][PASSED] - runWithCucumberRunner(energyEfficiencyBestManagementPractices.Runner_EEBM_Navigation): Run with 'energyEfficiencyBestManagementPractices.Runner_EEBM_Navigation' was passed

2019-06-26 16:04:44 - [TEST_CASE][PASSED] - Test Cases/Login/TC_Login: Test Cases/Login/TC_Login

2019-06-26 16:04:44 - [TEST_STEP][PASSED] - runWithCucumberRunner(common.Runner_Login): Run with 'common.Runner_Login' was passed

2019-06-26 16:04:50 - [MESSAGE][PASSED] - Navigate to 'https://leedonline-stg.usgbc.org' successfully

2019-06-26 16:04:52 - [MESSAGE][PASSED] - Delayed 2 second(s)

2019-06-26 16:04:53 - [MESSAGE][PASSED] - Text 'automationbdd1@gmail.com' is set on object 'Object Repository/Login/input_username'

2019-06-26 16:04:54 - [MESSAGE][PASSED] - Text 'initpass' is set on object 'Object Repository/Login/input_password'

2019-06-26 16:04:57 - [MESSAGE][PASSED] - Delayed 3 second(s)

2019-06-26 16:04:57 - [MESSAGE][PASSED] - Scroll to object 'Object Repository/Login/span_End User License Agreement' successfully

2019-06-26 16:04:57 - [MESSAGE][PASSED] - Object 'Object Repository/Login/span_End User License Agreement' is visible

2019-06-26 16:05:02 - [MESSAGE][PASSED] - Object 'Object Repository/Login/span_End User License Agreement' is checked

2019-06-26 16:05:03 - [MESSAGE][PASSED] - Delayed 1 second(s)

2019-06-26 16:05:08 - [MESSAGE][PASSED] - Object: 'Object Repository/Login/button_Log In' is clicked on

2019-06-26 16:05:25 - [MESSAGE][PASSED] - Object: '' is clicked on

2019-06-26 16:05:27 - [MESSAGE][PASSED] - Object: 'Object Repository/Login/a_Credits' is clicked on

2019-06-26 16:05:28 - [MESSAGE][PASSED] - Run with 'common.Runner_Login' was passed

2019-06-26 16:05:28 - [MESSAGE][PASSED] - Call Test Case 'Test Cases/Login/TC_Login' successfully

2019-06-26 16:05:28 - [MESSAGE][PASSED] - Scroll to object 'Object Repository/EnergyEfficiencyBestManagementpractices/EEBM_Navigation/div_Energy Efficiency Best Management Practices' successfully

2019-06-26 16:05:28 - [MESSAGE][PASSED] - Object 'Object Repository/EnergyEfficiencyBestManagementpractices/EEBM_Navigation/div_Energy Efficiency Best Management Practices' is present

2019-06-26 16:05:28 - [MESSAGE][PASSED] - Text of object 'Object Repository/EnergyEfficiencyBestManagementpractices/EEBM_Navigation/h3_Status' is: 'ATTEMPTED'

2019-06-26 16:05:28 - [MESSAGE][PASSED] - Text of object 'Object Repository/EnergyEfficiencyBestManagementpractices/EEBM_Navigation/divval' is: 'ATTEMPTED'

2019-06-26 16:05:28 - [MESSAGE][PASSED] - Text of object 'Object Repository/EnergyEfficiencyBestManagementpractices/EEBM_Navigation/h3_Status' is: 'ATTEMPTED'

2019-06-26 16:05:28 - [MESSAGE][PASSED] - Object: 'Object Repository/EnergyEfficiencyBestManagementpractices/EEBM_Navigation/div_Energy Efficiency Best Management Practices' is clicked on

2019-06-26 16:05:31 - [MESSAGE][PASSED] - Delayed 3 second(s)

2019-06-26 16:05:42 - [MESSAGE][PASSED] - Object: 'Object Repository/EnergyEfficiencyBestManagementpractices/EEBM_Navigation/span_(V01)' is clicked on

2019-06-26 16:05:42 - [MESSAGE][PASSED] - Object 'Object Repository/EnergyEfficiencyBestManagementpractices/EEBM_Navigation/div_EnergyEfficiencyBestManagement_Credit' is present

2019-06-26 16:05:42 - [MESSAGE][PASSED] - Run with 'energyEfficiencyBestManagementPractices.Runner_EEBM_Navigation' was passed

2019-06-26 16:05:42 - [MESSAGE][PASSED] - Call Test Case 'Test Cases/EnergyEfficiencyBestManagementPractices/TC_EEBM_Navigation' successfully

2019-06-26 16:05:43 - [MESSAGE][PASSED] - Scroll to object 'Object Repository/EnergyEfficiencyBestManagementpractices/AddFile_ASHRAE_preliminary/table_ASHRAE_preliminary' successfully

2019-06-26 16:05:43 - [MESSAGE][PASSED] - Object 'Object Repository/EnergyEfficiencyBestManagementpractices/AddFile_ASHRAE_preliminary/table_ASHRAE_preliminary' is present

2019-06-26 16:05:43 - [MESSAGE][PASSED] - Scroll to object 'Object Repository/EnergyEfficiencyBestManagementpractices/AddFile_ASHRAE_preliminary/p_Upload the ASHRAE preliminary' successfully

2019-06-26 16:05:44 - [MESSAGE][PASSED] - Delayed 1 second(s)

2019-06-26 16:05:44 - [MESSAGE][PASSED] - Object: '' is clicked on

2019-06-26 16:05:46 - [MESSAGE][PASSED] - Delayed 2 second(s)

2019-06-26 16:05:47 - [MESSAGE][PASSED] - Object: 'Object Repository/LightPollutionReduction/FixtureShielding/button_Yes' is clicked on

2019-06-26 16:05:48 - [MESSAGE][PASSED] - Delayed 1 second(s)

2019-06-26 16:05:48 - [MESSAGE][PASSED] - Object: '' is clicked on

2019-06-26 16:05:50 - [MESSAGE][PASSED] - Delayed 2 second(s)

2019-06-26 16:05:50 - [MESSAGE][PASSED] - Object: 'Object Repository/LightPollutionReduction/FixtureShielding/button_Yes' is clicked on

2019-06-26 16:05:51 - [MESSAGE][PASSED] - Delayed 1 second(s)

2019-06-26 16:05:51 - [MESSAGE][PASSED] - Object: '' is clicked on

2019-06-26 16:05:53 - [MESSAGE][PASSED] - Delayed 2 second(s)

2019-06-26 16:05:54 - [MESSAGE][PASSED] - Object: 'Object Repository/LightPollutionReduction/FixtureShielding/button_Yes' is clicked on

2019-06-26 16:05:55 - [MESSAGE][PASSED] - Delayed 1 second(s)

2019-06-26 16:05:55 - [MESSAGE][PASSED] - Object: '' is clicked on

2019-06-26 16:05:57 - [MESSAGE][PASSED] - Delayed 2 second(s)

2019-06-26 16:05:57 - [MESSAGE][PASSED] - Object: 'Object Repository/LightPollutionReduction/FixtureShielding/button_Yes' is clicked on

2019-06-26 16:05:58 - [MESSAGE][PASSED] - Delayed 1 second(s)

2019-06-26 16:05:58 - [MESSAGE][PASSED] - Object: '' is clicked on

2019-06-26 16:06:00 - [MESSAGE][PASSED] - Delayed 2 second(s)

2019-06-26 16:06:00 - [MESSAGE][PASSED] - Object: 'Object Repository/LightPollutionReduction/FixtureShielding/button_Yes' is clicked on

2019-06-26 16:06:01 - [MESSAGE][PASSED] - Delayed 1 second(s)

2019-06-26 16:06:02 - [MESSAGE][PASSED] - Object: '' is clicked on

2019-06-26 16:06:04 - [MESSAGE][PASSED] - Delayed 2 second(s)

2019-06-26 16:06:04 - [MESSAGE][PASSED] - Object: 'Object Repository/LightPollutionReduction/FixtureShielding/button_Yes' is clicked on

2019-06-26 16:06:06 - [MESSAGE][PASSED] - Delayed 2 second(s)

2019-06-26 16:06:06 - [MESSAGE][PASSED] - Web element with id: 'Object Repository/EnergyEfficiencyBestManagementpractices/AddFile_ASHRAE_preliminary/table_ASHRAE_preliminary' located by 'By.xpath: //*[@id="ashraeAnalysisDocs_files"]/table' is not present after '30' second(s)

2019-06-26 16:06:06 - [MESSAGE][PASSED] - Scroll to object 'Object Repository/EnergyEfficiencyBestManagementpractices/AddFile_CFR/Table_CFR' successfully

2019-06-26 16:06:06 - [MESSAGE][PASSED] - Object 'Object Repository/EnergyEfficiencyBestManagementpractices/AddFile_CFR/Table_CFR' is present

2019-06-26 16:06:07 - [MESSAGE][PASSED] - Scroll to object 'Object Repository/EnergyEfficiencyBestManagementpractices/AddFile_CFR/p_current_facility_requirements' successfully

2019-06-26 16:06:08 - [MESSAGE][PASSED] - Delayed 1 second(s)

2019-06-26 16:06:08 - [MESSAGE][PASSED] - Object: '' is clicked on

2019-06-26 16:06:10 - [MESSAGE][PASSED] - Delayed 2 second(s)

2019-06-26 16:06:10 - [MESSAGE][PASSED] - Object: 'Object Repository/LightPollutionReduction/FixtureShielding/button_Yes' is clicked on

2019-06-26 16:06:11 - [MESSAGE][PASSED] - Delayed 1 second(s)

2019-06-26 16:06:11 - [MESSAGE][PASSED] - Object: '' is clicked on

2019-06-26 16:06:13 - [MESSAGE][PASSED] - Delayed 2 second(s)

2019-06-26 16:06:13 - [MESSAGE][PASSED] - Object: 'Object Repository/LightPollutionReduction/FixtureShielding/button_Yes' is clicked on

2019-06-26 16:06:14 - [MESSAGE][PASSED] - Delayed 1 second(s)

2019-06-26 16:06:15 - [MESSAGE][PASSED] - Object: '' is clicked on

2019-06-26 16:06:17 - [MESSAGE][PASSED] - Delayed 2 second(s)

2019-06-26 16:06:17 - [MESSAGE][PASSED] - Object: 'Object Repository/LightPollutionReduction/FixtureShielding/button_Yes' is clicked on

2019-06-26 16:06:18 - [MESSAGE][PASSED] - Delayed 1 second(s)

2019-06-26 16:06:18 - [MESSAGE][PASSED] - Object: '' is clicked on

2019-06-26 16:06:20 - [MESSAGE][PASSED] - Delayed 2 second(s)

2019-06-26 16:06:20 - [MESSAGE][PASSED] - Object: 'Object Repository/LightPollutionReduction/FixtureShielding/button_Yes' is clicked on

2019-06-26 16:06:21 - [MESSAGE][PASSED] - Delayed 1 second(s)

2019-06-26 16:06:21 - [MESSAGE][PASSED] - Object: '' is clicked on

2019-06-26 16:06:23 - [MESSAGE][PASSED] - Delayed 2 second(s)

2019-06-26 16:06:24 - [MESSAGE][PASSED] - Object: 'Object Repository/LightPollutionReduction/FixtureShielding/button_Yes' is clicked on

2019-06-26 16:06:25 - [MESSAGE][PASSED] - Delayed 1 second(s)

2019-06-26 16:06:25 - [MESSAGE][PASSED] - Object: '' is clicked on

2019-06-26 16:06:27 - [MESSAGE][PASSED] - Delayed 2 second(s)

2019-06-26 16:06:27 - [MESSAGE][PASSED] - Object: 'Object Repository/LightPollutionReduction/FixtureShielding/button_Yes' is clicked on

2019-06-26 16:06:29 - [MESSAGE][PASSED] - Delayed 2 second(s)

2019-06-26 16:06:29 - [MESSAGE][PASSED] - Web element with id: 'Object Repository/EnergyEfficiencyBestManagementpractices/AddFile_CFR/Table_CFR' located by 'By.xpath: //*[@id="cfrAndOmp_files"]/table' is not present after '30' second(s)

2019-06-26 16:06:29 - [MESSAGE][PASSED] - Scroll to object 'Object Repository/EnergyEfficiencyBestManagementpractices/AddFile_DC_Pro/Table_DC_Pro' successfully

2019-06-26 16:06:29 - [MESSAGE][PASSED] - Object 'Object Repository/EnergyEfficiencyBestManagementpractices/AddFile_DC_Pro/Table_DC_Pro' is present

2019-06-26 16:06:30 - [MESSAGE][PASSED] - Scroll to object 'Object Repository/EnergyEfficiencyBestManagementpractices/AddFile_DC_Pro/p_DC_Pro' successfully

2019-06-26 16:06:31 - [MESSAGE][PASSED] - Delayed 1 second(s)

2019-06-26 16:06:31 - [MESSAGE][PASSED] - Object: '' is clicked on

2019-06-26 16:06:33 - [MESSAGE][PASSED] - Delayed 2 second(s)

2019-06-26 16:06:33 - [MESSAGE][PASSED] - Object: 'Object Repository/LightPollutionReduction/FixtureShielding/button_Yes' is clicked on

2019-06-26 16:06:34 - [MESSAGE][PASSED] - Delayed 1 second(s)

2019-06-26 16:06:34 - [MESSAGE][PASSED] - Object: '' is clicked on

2019-06-26 16:06:36 - [MESSAGE][PASSED] - Delayed 2 second(s)

2019-06-26 16:06:37 - [MESSAGE][PASSED] - Object: 'Object Repository/LightPollutionReduction/FixtureShielding/button_Yes' is clicked on

2019-06-26 16:06:38 - [MESSAGE][PASSED] - Delayed 1 second(s)

2019-06-26 16:06:38 - [MESSAGE][PASSED] - Object: '' is clicked on

2019-06-26 16:06:40 - [MESSAGE][PASSED] - Delayed 2 second(s)

2019-06-26 16:06:40 - [MESSAGE][PASSED] - Object: 'Object Repository/LightPollutionReduction/FixtureShielding/button_Yes' is clicked on

2019-06-26 16:06:41 - [MESSAGE][PASSED] - Delayed 1 second(s)

2019-06-26 16:06:42 - [MESSAGE][PASSED] - Object: '' is clicked on

2019-06-26 16:06:44 - [MESSAGE][PASSED] - Delayed 2 second(s)

2019-06-26 16:06:44 - [MESSAGE][PASSED] - Object: 'Object Repository/LightPollutionReduction/FixtureShielding/button_Yes' is clicked on

2019-06-26 16:06:45 - [MESSAGE][PASSED] - Delayed 1 second(s)

2019-06-26 16:06:46 - [MESSAGE][PASSED] - Object: '' is clicked on

2019-06-26 16:06:48 - [MESSAGE][PASSED] - Delayed 2 second(s)

2019-06-26 16:06:48 - [MESSAGE][PASSED] - Object: 'Object Repository/LightPollutionReduction/FixtureShielding/button_Yes' is clicked on

2019-06-26 16:06:49 - [MESSAGE][PASSED] - Delayed 1 second(s)

2019-06-26 16:06:49 - [MESSAGE][PASSED] - Object: '' is clicked on

2019-06-26 16:06:51 - [MESSAGE][PASSED] - Delayed 2 second(s)

2019-06-26 16:06:51 - [MESSAGE][PASSED] - Object: 'Object Repository/LightPollutionReduction/FixtureShielding/button_Yes' is clicked on

2019-06-26 16:06:53 - [MESSAGE][PASSED] - Delayed 2 second(s)

2019-06-26 16:07:25 - [MESSAGE][FAILED] - Web element with id: 'Object Repository/EnergyEfficiencyBestManagementpractices/AddFile_DC_Pro/Table_DC_Pro' located by 'By.xpath: //*[@id="dcProfToolDocs_files"]/table' is present after '30' second(s) (Root cause: com.kms.katalon.core.exception.StepFailedException: Web element with id: 'Object Repository/EnergyEfficiencyBestManagementpractices/AddFile_DC_Pro/Table_DC_Pro' located by 'By.xpath: //*[@id="dcProfToolDocs_files"]/table' is present after '30' second(s)
	at com.kms.katalon.core.webui.keyword.internal.WebUIKeywordMain.stepFailed(WebUIKeywordMain.groovy:64)
	at com.kms.katalon.core.webui.keyword.builtin.VerifyElementNotPresentKeyword$_verifyElementNotPresent_closure1.doCall(VerifyElementNotPresentKeyword.groovy:107)
	at com.kms.katalon.core.webui.keyword.builtin.VerifyElementNotPresentKeyword$_verifyElementNotPresent_closure1.call(VerifyElementNotPresentKeyword.groovy)
	at com.kms.katalon.core.webui.keyword.internal.WebUIKeywordMain.runKeyword(WebUIKeywordMain.groovy:20)
	at com.kms.katalon.core.webui.keyword.builtin.VerifyElementNotPresentKeyword.verifyElementNotPresent(VerifyElementNotPresentKeyword.groovy:118)
	at com.kms.katalon.core.webui.keyword.builtin.VerifyElementNotPresentKeyword.execute(VerifyElementNotPresentKeyword.groovy:68)
	at com.kms.katalon.core.keyword.internal.KeywordExecutor.executeKeywordForPlatform(KeywordExecutor.groovy:56)
	at com.kms.katalon.core.webui.keyword.WebUiBuiltInKeywords.verifyElementNotPresent(WebUiBuiltInKeywords.groovy:1467)
	at com.kms.katalon.core.webui.keyword.WebUiBuiltInKeywords$verifyElementNotPresent$10.call(Unknown Source)
	at energyEfficiencyBestManagementPractices.EnergyEfficiencyBestMgmt.user_can_see_all_the_DC_Pro_Profiling_Tool_in_EEBM_Form_are_deleted(EnergyEfficiencyBestMgmt.groovy:592)
	at cucumber.runtime.Utils$1.call(Utils.java:26)
	at cucumber.runtime.Timeout.timeout(Timeout.java:16)
	at cucumber.runtime.Utils.invoke(Utils.java:20)
	at cucumber.runtime.java.JavaStepDefinition.execute(JavaStepDefinition.java:48)
	at cucumber.runtime.PickleStepDefinitionMatch.runStep(PickleStepDefinitionMatch.java:50)
	at cucumber.runner.TestStep.executeStep(TestStep.java:55)
	at cucumber.runner.TestStep.run(TestStep.java:42)
	at cucumber.runner.PickleStepTestStep.run(PickleStepTestStep.java:53)
	at cucumber.runner.TestCase.run(TestCase.java:47)
	at cucumber.runner.Runner.runPickle(Runner.java:44)
	at cucumber.runtime.junit.PickleRunners$NoStepDescriptions.run(PickleRunners.java:140)
	at cucumber.runtime.junit.FeatureRunner.runChild(FeatureRunner.java:68)
	at cucumber.runtime.junit.FeatureRunner.runChild(FeatureRunner.java:23)
	at org.junit.runners.ParentRunner$3.run(ParentRunner.java:290)
	at org.junit.runners.ParentRunner$1.schedule(ParentRunner.java:71)
	at org.junit.runners.ParentRunner.runChildren(ParentRunner.java:288)
	at org.junit.runners.ParentRunner.access$000(ParentRunner.java:58)
	at org.junit.runners.ParentRunner$2.evaluate(ParentRunner.java:268)
	at org.junit.runners.ParentRunner.run(ParentRunner.java:363)
	at cucumber.runtime.junit.FeatureRunner.run(FeatureRunner.java:73)
	at cucumber.api.junit.Cucumber.runChild(Cucumber.java:98)
	at cucumber.api.junit.Cucumber.runChild(Cucumber.java:55)
	at org.junit.runners.ParentRunner$3.run(ParentRunner.java:290)
	at org.junit.runners.ParentRunner$1.schedule(ParentRunner.java:71)
	at org.junit.runners.ParentRunner.runChildren(ParentRunner.java:288)
	at org.junit.runners.ParentRunner.access$000(ParentRunner.java:58)
	at org.junit.runners.ParentRunner$2.evaluate(ParentRunner.java:268)
	at cucumber.api.junit.Cucumber$1.evaluate(Cucumber.java:107)
	at org.junit.runners.ParentRunner.run(ParentRunner.java:363)
	at org.junit.runners.Suite.runChild(Suite.java:128)
	at org.junit.runners.Suite.runChild(Suite.java:27)
	at org.junit.runners.ParentRunner$3.run(ParentRunner.java:290)
	at org.junit.runners.ParentRunner$1.schedule(ParentRunner.java:71)
	at org.junit.runners.ParentRunner.runChildren(ParentRunner.java:288)
	at org.junit.runners.ParentRunner.access$000(ParentRunner.java:58)
	at org.junit.runners.ParentRunner$2.evaluate(ParentRunner.java:268)
	at org.junit.runners.ParentRunner.run(ParentRunner.java:363)
	at org.junit.runner.JUnitCore.run(JUnitCore.java:137)
	at org.junit.runner.JUnitCore.run(JUnitCore.java:115)
	at org.junit.runner.JUnitCore.run(JUnitCore.java:105)
	at com.kms.katalon.core.cucumber.keyword.CucumberBuiltinKeywords$_runWithCucumberRunner_closure3.doCall(CucumberBuiltinKeywords.groovy:260)
	at com.kms.katalon.core.cucumber.keyword.CucumberBuiltinKeywords$_runWithCucumberRunner_closure3.doCall(CucumberBuiltinKeywords.groovy)
	at com.kms.katalon.core.keyword.internal.KeywordMain.runKeyword(KeywordMain.groovy:66)
	at com.kms.katalon.core.keyword.internal.KeywordMain$runKeyword.call(Unknown Source)
	at com.kms.katalon.core.cucumber.keyword.CucumberBuiltinKeywords.runWithCucumberRunner(CucumberBuiltinKeywords.groovy:257)
	at com.kms.katalon.core.cucumber.keyword.CucumberBuiltinKeywords$runWithCucumberRunner$0.callStatic(Unknown Source)
	at com.kms.katalon.core.cucumber.keyword.CucumberBuiltinKeywords.runWithCucumberRunner(CucumberBuiltinKeywords.groovy:357)
	at com.kms.katalon.core.cucumber.keyword.CucumberBuiltinKeywords$runWithCucumberRunner.call(Unknown Source)
	at TC_EEBM_DeleteUploadedFiles.run(TC_EEBM_DeleteUploadedFiles:18)
	at com.kms.katalon.core.main.ScriptEngine.run(ScriptEngine.java:194)
	at com.kms.katalon.core.main.ScriptEngine.runScriptAsRawText(ScriptEngine.java:119)
	at com.kms.katalon.core.main.TestCaseExecutor.runScript(TestCaseExecutor.java:336)
	at com.kms.katalon.core.main.TestCaseExecutor.doExecute(TestCaseExecutor.java:327)
	at com.kms.katalon.core.main.TestCaseExecutor.processExecutionPhase(TestCaseExecutor.java:306)
	at com.kms.katalon.core.main.TestCaseExecutor.accessMainPhase(TestCaseExecutor.java:298)
	at com.kms.katalon.core.main.TestCaseExecutor.execute(TestCaseExecutor.java:232)
	at com.kms.katalon.core.main.TestSuiteExecutor.accessTestCaseMainPhase(TestSuiteExecutor.java:129)
	at com.kms.katalon.core.main.TestSuiteExecutor.accessTestSuiteMainPhase(TestSuiteExecutor.java:112)
	at com.kms.katalon.core.main.TestSuiteExecutor.execute(TestSuiteExecutor.java:81)
	at com.kms.katalon.core.main.TestCaseMain.startTestSuite(TestCaseMain.java:157)
	at com.kms.katalon.core.main.TestCaseMain$startTestSuite$0.call(Unknown Source)
	at TempTestSuite1561545269919.run(TempTestSuite1561545269919.groovy:35)
)
[[ATTACHMENT|H:\\Git Projects\\Usgbc_LeedOnline_ScoreCard\\Usgbc_LeedOnline_ScoreCard\\Reports\\EEBM_SmokeTest\\20190626_160422\\1561545444365.png]]

2019-06-26 16:07:25 - [MESSAGE][FAILED] - Unable to verify object 'Object Repository/EnergyEfficiencyBestManagementpractices/AddFile_DC_Pro/Table_DC_Pro' is not present (Root cause: com.kms.katalon.core.exception.StepFailedException: Unable to verify object 'Object Repository/EnergyEfficiencyBestManagementpractices/AddFile_DC_Pro/Table_DC_Pro' is not present
	at com.kms.katalon.core.webui.keyword.internal.WebUIKeywordMain.stepFailed(WebUIKeywordMain.groovy:64)
	at com.kms.katalon.core.webui.keyword.internal.WebUIKeywordMain.runKeyword(WebUIKeywordMain.groovy:26)
	at com.kms.katalon.core.webui.keyword.builtin.VerifyElementNotPresentKeyword.verifyElementNotPresent(VerifyElementNotPresentKeyword.groovy:118)
	at com.kms.katalon.core.webui.keyword.builtin.VerifyElementNotPresentKeyword.execute(VerifyElementNotPresentKeyword.groovy:68)
	at com.kms.katalon.core.keyword.internal.KeywordExecutor.executeKeywordForPlatform(KeywordExecutor.groovy:56)
	at com.kms.katalon.core.webui.keyword.WebUiBuiltInKeywords.verifyElementNotPresent(WebUiBuiltInKeywords.groovy:1467)
	at com.kms.katalon.core.webui.keyword.WebUiBuiltInKeywords$verifyElementNotPresent$10.call(Unknown Source)
	at energyEfficiencyBestManagementPractices.EnergyEfficiencyBestMgmt.user_can_see_all_the_DC_Pro_Profiling_Tool_in_EEBM_Form_are_deleted(EnergyEfficiencyBestMgmt.groovy:592)
	at cucumber.runtime.Utils$1.call(Utils.java:26)
	at cucumber.runtime.Timeout.timeout(Timeout.java:16)
	at cucumber.runtime.Utils.invoke(Utils.java:20)
	at cucumber.runtime.java.JavaStepDefinition.execute(JavaStepDefinition.java:48)
	at cucumber.runtime.PickleStepDefinitionMatch.runStep(PickleStepDefinitionMatch.java:50)
	at cucumber.runner.TestStep.executeStep(TestStep.java:55)
	at cucumber.runner.TestStep.run(TestStep.java:42)
	at cucumber.runner.PickleStepTestStep.run(PickleStepTestStep.java:53)
	at cucumber.runner.TestCase.run(TestCase.java:47)
	at cucumber.runner.Runner.runPickle(Runner.java:44)
	at cucumber.runtime.junit.PickleRunners$NoStepDescriptions.run(PickleRunners.java:140)
	at cucumber.runtime.junit.FeatureRunner.runChild(FeatureRunner.java:68)
	at cucumber.runtime.junit.FeatureRunner.runChild(FeatureRunner.java:23)
	at org.junit.runners.ParentRunner$3.run(ParentRunner.java:290)
	at org.junit.runners.ParentRunner$1.schedule(ParentRunner.java:71)
	at org.junit.runners.ParentRunner.runChildren(ParentRunner.java:288)
	at org.junit.runners.ParentRunner.access$000(ParentRunner.java:58)
	at org.junit.runners.ParentRunner$2.evaluate(ParentRunner.java:268)
	at org.junit.runners.ParentRunner.run(ParentRunner.java:363)
	at cucumber.runtime.junit.FeatureRunner.run(FeatureRunner.java:73)
	at cucumber.api.junit.Cucumber.runChild(Cucumber.java:98)
	at cucumber.api.junit.Cucumber.runChild(Cucumber.java:55)
	at org.junit.runners.ParentRunner$3.run(ParentRunner.java:290)
	at org.junit.runners.ParentRunner$1.schedule(ParentRunner.java:71)
	at org.junit.runners.ParentRunner.runChildren(ParentRunner.java:288)
	at org.junit.runners.ParentRunner.access$000(ParentRunner.java:58)
	at org.junit.runners.ParentRunner$2.evaluate(ParentRunner.java:268)
	at cucumber.api.junit.Cucumber$1.evaluate(Cucumber.java:107)
	at org.junit.runners.ParentRunner.run(ParentRunner.java:363)
	at org.junit.runners.Suite.runChild(Suite.java:128)
	at org.junit.runners.Suite.runChild(Suite.java:27)
	at org.junit.runners.ParentRunner$3.run(ParentRunner.java:290)
	at org.junit.runners.ParentRunner$1.schedule(ParentRunner.java:71)
	at org.junit.runners.ParentRunner.runChildren(ParentRunner.java:288)
	at org.junit.runners.ParentRunner.access$000(ParentRunner.java:58)
	at org.junit.runners.ParentRunner$2.evaluate(ParentRunner.java:268)
	at org.junit.runners.ParentRunner.run(ParentRunner.java:363)
	at org.junit.runner.JUnitCore.run(JUnitCore.java:137)
	at org.junit.runner.JUnitCore.run(JUnitCore.java:115)
	at org.junit.runner.JUnitCore.run(JUnitCore.java:105)
	at com.kms.katalon.core.cucumber.keyword.CucumberBuiltinKeywords$_runWithCucumberRunner_closure3.doCall(CucumberBuiltinKeywords.groovy:260)
	at com.kms.katalon.core.cucumber.keyword.CucumberBuiltinKeywords$_runWithCucumberRunner_closure3.doCall(CucumberBuiltinKeywords.groovy)
	at com.kms.katalon.core.keyword.internal.KeywordMain.runKeyword(KeywordMain.groovy:66)
	at com.kms.katalon.core.keyword.internal.KeywordMain$runKeyword.call(Unknown Source)
	at com.kms.katalon.core.cucumber.keyword.CucumberBuiltinKeywords.runWithCucumberRunner(CucumberBuiltinKeywords.groovy:257)
	at com.kms.katalon.core.cucumber.keyword.CucumberBuiltinKeywords$runWithCucumberRunner$0.callStatic(Unknown Source)
	at com.kms.katalon.core.cucumber.keyword.CucumberBuiltinKeywords.runWithCucumberRunner(CucumberBuiltinKeywords.groovy:357)
	at com.kms.katalon.core.cucumber.keyword.CucumberBuiltinKeywords$runWithCucumberRunner.call(Unknown Source)
	at TC_EEBM_DeleteUploadedFiles.run(TC_EEBM_DeleteUploadedFiles:18)
	at com.kms.katalon.core.main.ScriptEngine.run(ScriptEngine.java:194)
	at com.kms.katalon.core.main.ScriptEngine.runScriptAsRawText(ScriptEngine.java:119)
	at com.kms.katalon.core.main.TestCaseExecutor.runScript(TestCaseExecutor.java:336)
	at com.kms.katalon.core.main.TestCaseExecutor.doExecute(TestCaseExecutor.java:327)
	at com.kms.katalon.core.main.TestCaseExecutor.processExecutionPhase(TestCaseExecutor.java:306)
	at com.kms.katalon.core.main.TestCaseExecutor.accessMainPhase(TestCaseExecutor.java:298)
	at com.kms.katalon.core.main.TestCaseExecutor.execute(TestCaseExecutor.java:232)
	at com.kms.katalon.core.main.TestSuiteExecutor.accessTestCaseMainPhase(TestSuiteExecutor.java:129)
	at com.kms.katalon.core.main.TestSuiteExecutor.accessTestSuiteMainPhase(TestSuiteExecutor.java:112)
	at com.kms.katalon.core.main.TestSuiteExecutor.execute(TestSuiteExecutor.java:81)
	at com.kms.katalon.core.main.TestCaseMain.startTestSuite(TestCaseMain.java:157)
	at com.kms.katalon.core.main.TestCaseMain$startTestSuite$0.call(Unknown Source)
	at TempTestSuite1561545269919.run(TempTestSuite1561545269919.groovy:35)
Caused by: com.kms.katalon.core.exception.StepFailedException: Web element with id: 'Object Repository/EnergyEfficiencyBestManagementpractices/AddFile_DC_Pro/Table_DC_Pro' located by 'By.xpath: //*[@id="dcProfToolDocs_files"]/table' is present after '30' second(s)
	at com.kms.katalon.core.webui.keyword.internal.WebUIKeywordMain.stepFailed(WebUIKeywordMain.groovy:64)
	at com.kms.katalon.core.webui.keyword.builtin.VerifyElementNotPresentKeyword$_verifyElementNotPresent_closure1.doCall(VerifyElementNotPresentKeyword.groovy:107)
	at com.kms.katalon.core.webui.keyword.builtin.VerifyElementNotPresentKeyword$_verifyElementNotPresent_closure1.call(VerifyElementNotPresentKeyword.groovy)
	at com.kms.katalon.core.webui.keyword.internal.WebUIKeywordMain.runKeyword(WebUIKeywordMain.groovy:20)
	... 68 more
)
[[ATTACHMENT|H:\\Git Projects\\Usgbc_LeedOnline_ScoreCard\\Usgbc_LeedOnline_ScoreCard\\Reports\\EEBM_SmokeTest\\20190626_160422\\1561545445118.png]]

2019-06-26 16:07:25 - [MESSAGE][PASSED] - Scroll to object 'Object Repository/EnergyEfficiencyBestManagementpractices/Special Circumstances/AddFile_additionalDoc/Table_additionalDoc' successfully

2019-06-26 16:07:25 - [MESSAGE][PASSED] - Object 'Object Repository/EnergyEfficiencyBestManagementpractices/Special Circumstances/AddFile_additionalDoc/Table_additionalDoc' is present

2019-06-26 16:07:25 - [MESSAGE][PASSED] - Scroll to object 'Object Repository/EnergyEfficiencyBestManagementpractices/Special Circumstances/AddFile_additionalDoc/p_Upload any additional documentation' successfully

2019-06-26 16:07:26 - [MESSAGE][PASSED] - Delayed 1 second(s)

2019-06-26 16:07:27 - [MESSAGE][PASSED] - Object: '' is clicked on

2019-06-26 16:07:29 - [MESSAGE][PASSED] - Delayed 2 second(s)

2019-06-26 16:07:29 - [MESSAGE][PASSED] - Object: 'Object Repository/LightPollutionReduction/FixtureShielding/button_Yes' is clicked on

2019-06-26 16:07:30 - [MESSAGE][PASSED] - Delayed 1 second(s)

2019-06-26 16:07:30 - [MESSAGE][PASSED] - Object: '' is clicked on

2019-06-26 16:07:32 - [MESSAGE][PASSED] - Delayed 2 second(s)

2019-06-26 16:07:33 - [MESSAGE][PASSED] - Object: 'Object Repository/LightPollutionReduction/FixtureShielding/button_Yes' is clicked on

2019-06-26 16:07:34 - [MESSAGE][PASSED] - Delayed 1 second(s)

2019-06-26 16:07:34 - [MESSAGE][PASSED] - Object: '' is clicked on

2019-06-26 16:07:36 - [MESSAGE][PASSED] - Delayed 2 second(s)

2019-06-26 16:07:37 - [MESSAGE][PASSED] - Object: 'Object Repository/LightPollutionReduction/FixtureShielding/button_Yes' is clicked on

2019-06-26 16:07:38 - [MESSAGE][PASSED] - Delayed 1 second(s)

2019-06-26 16:07:38 - [MESSAGE][PASSED] - Object: '' is clicked on

2019-06-26 16:07:40 - [MESSAGE][PASSED] - Delayed 2 second(s)

2019-06-26 16:07:40 - [MESSAGE][PASSED] - Object: 'Object Repository/LightPollutionReduction/FixtureShielding/button_Yes' is clicked on

2019-06-26 16:07:41 - [MESSAGE][PASSED] - Delayed 1 second(s)

2019-06-26 16:07:41 - [MESSAGE][PASSED] - Object: '' is clicked on

2019-06-26 16:07:43 - [MESSAGE][PASSED] - Delayed 2 second(s)

2019-06-26 16:07:44 - [MESSAGE][PASSED] - Object: 'Object Repository/LightPollutionReduction/FixtureShielding/button_Yes' is clicked on

2019-06-26 16:07:45 - [MESSAGE][PASSED] - Delayed 1 second(s)

2019-06-26 16:07:45 - [MESSAGE][PASSED] - Object: '' is clicked on

2019-06-26 16:07:47 - [MESSAGE][PASSED] - Delayed 2 second(s)

2019-06-26 16:07:47 - [MESSAGE][PASSED] - Object: 'Object Repository/LightPollutionReduction/FixtureShielding/button_Yes' is clicked on

2019-06-26 16:07:49 - [MESSAGE][PASSED] - Delayed 2 second(s)

2019-06-26 16:07:49 - [MESSAGE][PASSED] - Web element with id: 'Object Repository/EnergyEfficiencyBestManagementpractices/Special Circumstances/AddFile_additionalDoc/Table_additionalDoc' located by 'By.xpath: //div[@id='splCircumstancesDocs_files']/table' is not present after '30' second(s)

2019-06-26 16:07:49 - [MESSAGE][FAILED] - These following reason:
 [Unable to verify object 'Object Repository/EnergyEfficiencyBestManagementpractices/AddFile_DC_Pro/Table_DC_Pro' is not present]

2019-06-26 16:07:49 - [MESSAGE][FAILED] - Keyword runWithCucumberRunner was failed (Root cause: com.kms.katalon.core.exception.StepFailedException: These following reason:
 [Unable to verify object 'Object Repository/EnergyEfficiencyBestManagementpractices/AddFile_DC_Pro/Table_DC_Pro' is not present]
	at com.kms.katalon.core.keyword.internal.KeywordMain.stepFailed(KeywordMain.groovy:48)
	at com.kms.katalon.core.keyword.internal.KeywordMain.stepFailed(KeywordMain.groovy)
	at com.kms.katalon.core.keyword.internal.KeywordMain.stepFailed(KeywordMain.groovy:21)
	at com.kms.katalon.core.keyword.internal.KeywordMain$stepFailed$0.call(Unknown Source)
	at com.kms.katalon.core.cucumber.keyword.CucumberBuiltinKeywords$_runWithCucumberRunner_closure3.doCall(CucumberBuiltinKeywords.groovy:272)
	at com.kms.katalon.core.cucumber.keyword.CucumberBuiltinKeywords$_runWithCucumberRunner_closure3.doCall(CucumberBuiltinKeywords.groovy)
	at com.kms.katalon.core.keyword.internal.KeywordMain.runKeyword(KeywordMain.groovy:66)
	at com.kms.katalon.core.keyword.internal.KeywordMain$runKeyword.call(Unknown Source)
	at com.kms.katalon.core.cucumber.keyword.CucumberBuiltinKeywords.runWithCucumberRunner(CucumberBuiltinKeywords.groovy:257)
	at com.kms.katalon.core.cucumber.keyword.CucumberBuiltinKeywords$runWithCucumberRunner$0.callStatic(Unknown Source)
	at com.kms.katalon.core.cucumber.keyword.CucumberBuiltinKeywords.runWithCucumberRunner(CucumberBuiltinKeywords.groovy:357)
	at com.kms.katalon.core.cucumber.keyword.CucumberBuiltinKeywords$runWithCucumberRunner.call(Unknown Source)
	at TC_EEBM_DeleteUploadedFiles.run(TC_EEBM_DeleteUploadedFiles:18)
	at com.kms.katalon.core.main.ScriptEngine.run(ScriptEngine.java:194)
	at com.kms.katalon.core.main.ScriptEngine.runScriptAsRawText(ScriptEngine.java:119)
	at com.kms.katalon.core.main.TestCaseExecutor.runScript(TestCaseExecutor.java:336)
	at com.kms.katalon.core.main.TestCaseExecutor.doExecute(TestCaseExecutor.java:327)
	at com.kms.katalon.core.main.TestCaseExecutor.processExecutionPhase(TestCaseExecutor.java:306)
	at com.kms.katalon.core.main.TestCaseExecutor.accessMainPhase(TestCaseExecutor.java:298)
	at com.kms.katalon.core.main.TestCaseExecutor.execute(TestCaseExecutor.java:232)
	at com.kms.katalon.core.main.TestSuiteExecutor.accessTestCaseMainPhase(TestSuiteExecutor.java:129)
	at com.kms.katalon.core.main.TestSuiteExecutor.accessTestSuiteMainPhase(TestSuiteExecutor.java:112)
	at com.kms.katalon.core.main.TestSuiteExecutor.execute(TestSuiteExecutor.java:81)
	at com.kms.katalon.core.main.TestCaseMain.startTestSuite(TestCaseMain.java:157)
	at com.kms.katalon.core.main.TestCaseMain$startTestSuite$0.call(Unknown Source)
	at TempTestSuite1561545269919.run(TempTestSuite1561545269919.groovy:35)
)

2019-06-26 16:07:49 - [TEST_STEP][PASSED] - Start listener action : sampleAfterTestCase: Browser is closed

2019-06-26 16:07:49 - [TEST_STEP][PASSED] - closeBrowser(): Browser is closed

2019-06-26 16:07:50 - [MESSAGE][PASSED] - Browser is closed]]></system-out>
         <system-err><![CDATA[2019-06-26 16:04:33 - [TEST_CASE][FAILED] - Test Cases/EnergyEfficiencyBestManagementPractices/TC_EEBM_DeleteUploadedFiles: Test Cases/EnergyEfficiencyBestManagementPractices/TC_EEBM_DeleteUploadedFiles FAILED.
Reason:
com.kms.katalon.core.exception.StepFailedException: These following reason:
 [Unable to verify object 'Object Repository/EnergyEfficiencyBestManagementpractices/AddFile_DC_Pro/Table_DC_Pro' is not present]
	at com.kms.katalon.core.keyword.internal.KeywordMain.stepFailed(KeywordMain.groovy:48)
	at com.kms.katalon.core.keyword.internal.KeywordMain.stepFailed(KeywordMain.groovy)
	at com.kms.katalon.core.keyword.internal.KeywordMain.stepFailed(KeywordMain.groovy:21)
	at com.kms.katalon.core.keyword.internal.KeywordMain$stepFailed$0.call(Unknown Source)
	at com.kms.katalon.core.cucumber.keyword.CucumberBuiltinKeywords$_runWithCucumberRunner_closure3.doCall(CucumberBuiltinKeywords.groovy:272)
	at com.kms.katalon.core.cucumber.keyword.CucumberBuiltinKeywords$_runWithCucumberRunner_closure3.doCall(CucumberBuiltinKeywords.groovy)
	at com.kms.katalon.core.keyword.internal.KeywordMain.runKeyword(KeywordMain.groovy:66)
	at com.kms.katalon.core.keyword.internal.KeywordMain$runKeyword.call(Unknown Source)
	at com.kms.katalon.core.cucumber.keyword.CucumberBuiltinKeywords.runWithCucumberRunner(CucumberBuiltinKeywords.groovy:257)
	at com.kms.katalon.core.cucumber.keyword.CucumberBuiltinKeywords$runWithCucumberRunner$0.callStatic(Unknown Source)
	at com.kms.katalon.core.cucumber.keyword.CucumberBuiltinKeywords.runWithCucumberRunner(CucumberBuiltinKeywords.groovy:357)
	at com.kms.katalon.core.cucumber.keyword.CucumberBuiltinKeywords$runWithCucumberRunner.call(Unknown Source)
	at TC_EEBM_DeleteUploadedFiles.run(TC_EEBM_DeleteUploadedFiles:18)
	at com.kms.katalon.core.main.ScriptEngine.run(ScriptEngine.java:194)
	at com.kms.katalon.core.main.ScriptEngine.runScriptAsRawText(ScriptEngine.java:119)
	at com.kms.katalon.core.main.TestCaseExecutor.runScript(TestCaseExecutor.java:336)
	at com.kms.katalon.core.main.TestCaseExecutor.doExecute(TestCaseExecutor.java:327)
	at com.kms.katalon.core.main.TestCaseExecutor.processExecutionPhase(TestCaseExecutor.java:306)
	at com.kms.katalon.core.main.TestCaseExecutor.accessMainPhase(TestCaseExecutor.java:298)
	at com.kms.katalon.core.main.TestCaseExecutor.execute(TestCaseExecutor.java:232)
	at com.kms.katalon.core.main.TestSuiteExecutor.accessTestCaseMainPhase(TestSuiteExecutor.java:129)
	at com.kms.katalon.core.main.TestSuiteExecutor.accessTestSuiteMainPhase(TestSuiteExecutor.java:112)
	at com.kms.katalon.core.main.TestSuiteExecutor.execute(TestSuiteExecutor.java:81)
	at com.kms.katalon.core.main.TestCaseMain.startTestSuite(TestCaseMain.java:157)
	at com.kms.katalon.core.main.TestCaseMain$startTestSuite$0.call(Unknown Source)
	at TempTestSuite1561545269919.run(TempTestSuite1561545269919.groovy:35)]]></system-err>
      </testcase>
      <system-out><![CDATA[2019-06-26 16:04:32 - [TEST_SUITE][FAILED] - EEBM_SmokeTest: Test Cases/EnergyEfficiencyBestManagementPractices/TC_EEBM_DeleteUploadedFiles FAILED.
Reason:
com.kms.katalon.core.exception.StepFailedException: These following reason:
 [Unable to verify object 'Object Repository/EnergyEfficiencyBestManagementpractices/AddFile_DC_Pro/Table_DC_Pro' is not present]
	at com.kms.katalon.core.keyword.internal.KeywordMain.stepFailed(KeywordMain.groovy:48)
	at com.kms.katalon.core.keyword.internal.KeywordMain.stepFailed(KeywordMain.groovy)
	at com.kms.katalon.core.keyword.internal.KeywordMain.stepFailed(KeywordMain.groovy:21)
	at com.kms.katalon.core.keyword.internal.KeywordMain$stepFailed$0.call(Unknown Source)
	at com.kms.katalon.core.cucumber.keyword.CucumberBuiltinKeywords$_runWithCucumberRunner_closure3.doCall(CucumberBuiltinKeywords.groovy:272)
	at com.kms.katalon.core.cucumber.keyword.CucumberBuiltinKeywords$_runWithCucumberRunner_closure3.doCall(CucumberBuiltinKeywords.groovy)
	at com.kms.katalon.core.keyword.internal.KeywordMain.runKeyword(KeywordMain.groovy:66)
	at com.kms.katalon.core.keyword.internal.KeywordMain$runKeyword.call(Unknown Source)
	at com.kms.katalon.core.cucumber.keyword.CucumberBuiltinKeywords.runWithCucumberRunner(CucumberBuiltinKeywords.groovy:257)
	at com.kms.katalon.core.cucumber.keyword.CucumberBuiltinKeywords$runWithCucumberRunner$0.callStatic(Unknown Source)
	at com.kms.katalon.core.cucumber.keyword.CucumberBuiltinKeywords.runWithCucumberRunner(CucumberBuiltinKeywords.groovy:357)
	at com.kms.katalon.core.cucumber.keyword.CucumberBuiltinKeywords$runWithCucumberRunner.call(Unknown Source)
	at TC_EEBM_DeleteUploadedFiles.run(TC_EEBM_DeleteUploadedFiles:18)
	at com.kms.katalon.core.main.ScriptEngine.run(ScriptEngine.java:194)
	at com.kms.katalon.core.main.ScriptEngine.runScriptAsRawText(ScriptEngine.java:119)
	at com.kms.katalon.core.main.TestCaseExecutor.runScript(TestCaseExecutor.java:336)
	at com.kms.katalon.core.main.TestCaseExecutor.doExecute(TestCaseExecutor.java:327)
	at com.kms.katalon.core.main.TestCaseExecutor.processExecutionPhase(TestCaseExecutor.java:306)
	at com.kms.katalon.core.main.TestCaseExecutor.accessMainPhase(TestCaseExecutor.java:298)
	at com.kms.katalon.core.main.TestCaseExecutor.execute(TestCaseExecutor.java:232)
	at com.kms.katalon.core.main.TestSuiteExecutor.accessTestCaseMainPhase(TestSuiteExecutor.java:129)
	at com.kms.katalon.core.main.TestSuiteExecutor.accessTestSuiteMainPhase(TestSuiteExecutor.java:112)
	at com.kms.katalon.core.main.TestSuiteExecutor.execute(TestSuiteExecutor.java:81)
	at com.kms.katalon.core.main.TestCaseMain.startTestSuite(TestCaseMain.java:157)
	at com.kms.katalon.core.main.TestCaseMain$startTestSuite$0.call(Unknown Source)
	at TempTestSuite1561545269919.run(TempTestSuite1561545269919.groovy:35)]]></system-out>
      <system-err><![CDATA[2019-06-26 16:04:32 - [TEST_SUITE][FAILED] - EEBM_SmokeTest: Test Cases/EnergyEfficiencyBestManagementPractices/TC_EEBM_DeleteUploadedFiles FAILED.
Reason:
com.kms.katalon.core.exception.StepFailedException: These following reason:
 [Unable to verify object 'Object Repository/EnergyEfficiencyBestManagementpractices/AddFile_DC_Pro/Table_DC_Pro' is not present]
	at com.kms.katalon.core.keyword.internal.KeywordMain.stepFailed(KeywordMain.groovy:48)
	at com.kms.katalon.core.keyword.internal.KeywordMain.stepFailed(KeywordMain.groovy)
	at com.kms.katalon.core.keyword.internal.KeywordMain.stepFailed(KeywordMain.groovy:21)
	at com.kms.katalon.core.keyword.internal.KeywordMain$stepFailed$0.call(Unknown Source)
	at com.kms.katalon.core.cucumber.keyword.CucumberBuiltinKeywords$_runWithCucumberRunner_closure3.doCall(CucumberBuiltinKeywords.groovy:272)
	at com.kms.katalon.core.cucumber.keyword.CucumberBuiltinKeywords$_runWithCucumberRunner_closure3.doCall(CucumberBuiltinKeywords.groovy)
	at com.kms.katalon.core.keyword.internal.KeywordMain.runKeyword(KeywordMain.groovy:66)
	at com.kms.katalon.core.keyword.internal.KeywordMain$runKeyword.call(Unknown Source)
	at com.kms.katalon.core.cucumber.keyword.CucumberBuiltinKeywords.runWithCucumberRunner(CucumberBuiltinKeywords.groovy:257)
	at com.kms.katalon.core.cucumber.keyword.CucumberBuiltinKeywords$runWithCucumberRunner$0.callStatic(Unknown Source)
	at com.kms.katalon.core.cucumber.keyword.CucumberBuiltinKeywords.runWithCucumberRunner(CucumberBuiltinKeywords.groovy:357)
	at com.kms.katalon.core.cucumber.keyword.CucumberBuiltinKeywords$runWithCucumberRunner.call(Unknown Source)
	at TC_EEBM_DeleteUploadedFiles.run(TC_EEBM_DeleteUploadedFiles:18)
	at com.kms.katalon.core.main.ScriptEngine.run(ScriptEngine.java:194)
	at com.kms.katalon.core.main.ScriptEngine.runScriptAsRawText(ScriptEngine.java:119)
	at com.kms.katalon.core.main.TestCaseExecutor.runScript(TestCaseExecutor.java:336)
	at com.kms.katalon.core.main.TestCaseExecutor.doExecute(TestCaseExecutor.java:327)
	at com.kms.katalon.core.main.TestCaseExecutor.processExecutionPhase(TestCaseExecutor.java:306)
	at com.kms.katalon.core.main.TestCaseExecutor.accessMainPhase(TestCaseExecutor.java:298)
	at com.kms.katalon.core.main.TestCaseExecutor.execute(TestCaseExecutor.java:232)
	at com.kms.katalon.core.main.TestSuiteExecutor.accessTestCaseMainPhase(TestSuiteExecutor.java:129)
	at com.kms.katalon.core.main.TestSuiteExecutor.accessTestSuiteMainPhase(TestSuiteExecutor.java:112)
	at com.kms.katalon.core.main.TestSuiteExecutor.execute(TestSuiteExecutor.java:81)
	at com.kms.katalon.core.main.TestCaseMain.startTestSuite(TestCaseMain.java:157)
	at com.kms.katalon.core.main.TestCaseMain$startTestSuite$0.call(Unknown Source)
	at TempTestSuite1561545269919.run(TempTestSuite1561545269919.groovy:35)]]></system-err>
   </testsuite>
</testsuites>
