<?xml version="1.0" encoding="UTF-8"?>
<testsuites name="In_SmokeTest" time="983" tests="4" failures="2" errors="0">
   <testsuite name="In_SmokeTest" tests="4" failures="2" errors="0" time="983" timestamp="2019-07-11 12:40:35" hostname="promantus inc - G10PROLT025" id="Test Suites/In_SmokeTest">
      <properties>
         <property name="deviceName" value=""/>
         <property name="devicePlatform" value=""/>
         <property name="logFolder" value="H:\\Git_personal\\Personal_Leed\\Usgbc_LeedOnline_ScoreCard\\Reports\\In_SmokeTest\\20190711_124027"/>
         <property name="logFiles" value="H:\\Git_personal\\Personal_Leed\\Usgbc_LeedOnline_ScoreCard\\Reports\\In_SmokeTest\\20190711_124027\\execution0.log"/>
         <property name="attachments" value="H:\\Git_personal\\Personal_Leed\\Usgbc_LeedOnline_ScoreCard\\Reports\\In_SmokeTest\\20190711_124027\\1562829319001.png"/>
         <property name="hostName" value="promantus inc - G10PROLT025"/>
         <property name="os" value="Windows 10 64bit"/>
         <property name="katalonVersion" value="6.1.3.3"/>
         <property name="browser" value="Chrome 75.0.3770.100"/>
         <property name="hostAddress" value="192.168.232.1"/>
         <property name="sessionId" value="222d96f54ace6f362112588c2ba30abd"/>
         <property name="seleniumVersion" value="3.7.1"/>
         <property name="proxyInformation" value="ProxyInformation{proxyOption=NO_PROXY, proxyServerType=HTTP, password=, proxyServerAddress=, proxyServerPort=0}"/>
         <property name="platform" value="Windows 10"/>
      </properties>
      <testcase name="Test Cases/Innovation/TC_In_Innovation_Strategy" classname="Test Cases/Innovation/TC_In_Innovation_Strategy" status="FAILED">
         <failure type="FAILED" message="Test Cases/Innovation/TC_In_Innovation_Strategy FAILED.
Reason:
com.kms.katalon.core.exception.StepFailedException: These following reason:
 [H:\Git_personal\Personal_Leed\Usgbc_LeedOnline_ScoreCard\Include\TestData\DownloadedFiles\creditForm.pdf (The system cannot find the file specified)]
	at com.kms.katalon.core.keyword.internal.KeywordMain.stepFailed(KeywordMain.groovy:48)
	at com.kms.katalon.core.keyword.internal.KeywordMain.stepFailed(KeywordMain.groovy)
	at com.kms.katalon.core.keyword.internal.KeywordMain.stepFailed(KeywordMain.groovy:21)
	at com.kms.katalon.core.keyword.internal.KeywordMain$stepFailed$0.call(Unknown Source)
	at com.kms.katalon.core.cucumber.keyword.CucumberBuiltinKeywords$_runWithCucumberRunner_closure3.doCall(CucumberBuiltinKeywords.groovy:272)
	at com.kms.katalon.core.cucumber.keyword.CucumberBuiltinKeywords$_runWithCucumberRunner_closure3.doCall(CucumberBuiltinKeywords.groovy)
	at com.kms.katalon.core.keyword.internal.KeywordMain.runKeyword(KeywordMain.groovy:66)
	at com.kms.katalon.core.keyword.internal.KeywordMain$runKeyword.call(Unknown Source)
	at com.kms.katalon.core.cucumber.keyword.CucumberBuiltinKeywords.runWithCucumberRunner(CucumberBuiltinKeywords.groovy:257)
	at com.kms.katalon.core.cucumber.keyword.CucumberBuiltinKeywords$runWithCucumberRunner$0.callStatic(Unknown Source)
	at com.kms.katalon.core.cucumber.keyword.CucumberBuiltinKeywords.runWithCucumberRunner(CucumberBuiltinKeywords.groovy:357)
	at com.kms.katalon.core.cucumber.keyword.CucumberBuiltinKeywords$runWithCucumberRunner.call(Unknown Source)
	at TC_In_Innovation_Strategy.run(TC_In_Innovation_Strategy:18)
	at com.kms.katalon.core.main.ScriptEngine.run(ScriptEngine.java:194)
	at com.kms.katalon.core.main.ScriptEngine.runScriptAsRawText(ScriptEngine.java:119)
	at com.kms.katalon.core.main.TestCaseExecutor.runScript(TestCaseExecutor.java:336)
	at com.kms.katalon.core.main.TestCaseExecutor.doExecute(TestCaseExecutor.java:327)
	at com.kms.katalon.core.main.TestCaseExecutor.processExecutionPhase(TestCaseExecutor.java:306)
	at com.kms.katalon.core.main.TestCaseExecutor.accessMainPhase(TestCaseExecutor.java:298)
	at com.kms.katalon.core.main.TestCaseExecutor.execute(TestCaseExecutor.java:232)
	at com.kms.katalon.core.main.TestSuiteExecutor.accessTestCaseMainPhase(TestSuiteExecutor.java:129)
	at com.kms.katalon.core.main.TestSuiteExecutor.accessTestSuiteMainPhase(TestSuiteExecutor.java:112)
	at com.kms.katalon.core.main.TestSuiteExecutor.execute(TestSuiteExecutor.java:81)
	at com.kms.katalon.core.main.TestCaseMain.startTestSuite(TestCaseMain.java:157)
	at com.kms.katalon.core.main.TestCaseMain$startTestSuite$0.call(Unknown Source)
	at TempTestSuite1562829032081.run(TempTestSuite1562829032081.groovy:35)
"/>
         <system-out><![CDATA[2019-07-11 12:40:35 - [TEST_CASE][FAILED] - Test Cases/Innovation/TC_In_Innovation_Strategy: Test Cases/Innovation/TC_In_Innovation_Strategy FAILED.
Reason:
com.kms.katalon.core.exception.StepFailedException: These following reason:
 [H:\Git_personal\Personal_Leed\Usgbc_LeedOnline_ScoreCard\Include\TestData\DownloadedFiles\creditForm.pdf (The system cannot find the file specified)]
	at com.kms.katalon.core.keyword.internal.KeywordMain.stepFailed(KeywordMain.groovy:48)
	at com.kms.katalon.core.keyword.internal.KeywordMain.stepFailed(KeywordMain.groovy)
	at com.kms.katalon.core.keyword.internal.KeywordMain.stepFailed(KeywordMain.groovy:21)
	at com.kms.katalon.core.keyword.internal.KeywordMain$stepFailed$0.call(Unknown Source)
	at com.kms.katalon.core.cucumber.keyword.CucumberBuiltinKeywords$_runWithCucumberRunner_closure3.doCall(CucumberBuiltinKeywords.groovy:272)
	at com.kms.katalon.core.cucumber.keyword.CucumberBuiltinKeywords$_runWithCucumberRunner_closure3.doCall(CucumberBuiltinKeywords.groovy)
	at com.kms.katalon.core.keyword.internal.KeywordMain.runKeyword(KeywordMain.groovy:66)
	at com.kms.katalon.core.keyword.internal.KeywordMain$runKeyword.call(Unknown Source)
	at com.kms.katalon.core.cucumber.keyword.CucumberBuiltinKeywords.runWithCucumberRunner(CucumberBuiltinKeywords.groovy:257)
	at com.kms.katalon.core.cucumber.keyword.CucumberBuiltinKeywords$runWithCucumberRunner$0.callStatic(Unknown Source)
	at com.kms.katalon.core.cucumber.keyword.CucumberBuiltinKeywords.runWithCucumberRunner(CucumberBuiltinKeywords.groovy:357)
	at com.kms.katalon.core.cucumber.keyword.CucumberBuiltinKeywords$runWithCucumberRunner.call(Unknown Source)
	at TC_In_Innovation_Strategy.run(TC_In_Innovation_Strategy:18)
	at com.kms.katalon.core.main.ScriptEngine.run(ScriptEngine.java:194)
	at com.kms.katalon.core.main.ScriptEngine.runScriptAsRawText(ScriptEngine.java:119)
	at com.kms.katalon.core.main.TestCaseExecutor.runScript(TestCaseExecutor.java:336)
	at com.kms.katalon.core.main.TestCaseExecutor.doExecute(TestCaseExecutor.java:327)
	at com.kms.katalon.core.main.TestCaseExecutor.processExecutionPhase(TestCaseExecutor.java:306)
	at com.kms.katalon.core.main.TestCaseExecutor.accessMainPhase(TestCaseExecutor.java:298)
	at com.kms.katalon.core.main.TestCaseExecutor.execute(TestCaseExecutor.java:232)
	at com.kms.katalon.core.main.TestSuiteExecutor.accessTestCaseMainPhase(TestSuiteExecutor.java:129)
	at com.kms.katalon.core.main.TestSuiteExecutor.accessTestSuiteMainPhase(TestSuiteExecutor.java:112)
	at com.kms.katalon.core.main.TestSuiteExecutor.execute(TestSuiteExecutor.java:81)
	at com.kms.katalon.core.main.TestCaseMain.startTestSuite(TestCaseMain.java:157)
	at com.kms.katalon.core.main.TestCaseMain$startTestSuite$0.call(Unknown Source)
	at TempTestSuite1562829032081.run(TempTestSuite1562829032081.groovy:35)


2019-07-11 12:40:35 - [TEST_STEP][PASSED] - Start listener action : sampleBeforeTestCase: null

2019-07-11 12:40:35 - [TEST_STEP][PASSED] - openBrowser(""): Browser is opened with url: ''

2019-07-11 12:40:36 - [MESSAGE][INFO] - Starting 'Chrome' driver

2019-07-11 12:40:36 - [MESSAGE][INFO] - User set preference: ['args', '[--window-size=1920,1080]']

2019-07-11 12:40:36 - [MESSAGE][INFO] - Action delay is set to 0 seconds

2019-07-11 12:40:39 - [MESSAGE][PASSED] - Browser is opened with url: ''

2019-07-11 12:40:39 - [TEST_STEP][PASSED] - driver = getWebDriver(): null

2019-07-11 12:40:39 - [TEST_STEP][PASSED] - println("The driver is ########### " + driver): null

2019-07-11 12:40:39 - [TEST_STEP][PASSED] - downloadPath = "/var/lib/jenkins/workspace/Local_Check_SCard/Usgbc_LeedOnline_ScoreCard/Include/TestData/DownloadedFiles": null

2019-07-11 12:40:39 - [TEST_STEP][PASSED] - projectKeywords().sendCommandForDownloadChromeHeadLess(driver.getCommandExecutor(), driver.getSessionId(), downloadPath): null

2019-07-11 12:40:40 - [TEST_STEP][FAILED] - runWithCucumberRunner(innovation_Form.Runner_In_Innovation_Strategy): Keyword runWithCucumberRunner was failed (Root cause: com.kms.katalon.core.exception.StepFailedException: These following reason:
 [H:\Git_personal\Personal_Leed\Usgbc_LeedOnline_ScoreCard\Include\TestData\DownloadedFiles\creditForm.pdf (The system cannot find the file specified)]
	at com.kms.katalon.core.keyword.internal.KeywordMain.stepFailed(KeywordMain.groovy:48)
	at com.kms.katalon.core.keyword.internal.KeywordMain.stepFailed(KeywordMain.groovy)
	at com.kms.katalon.core.keyword.internal.KeywordMain.stepFailed(KeywordMain.groovy:21)
	at com.kms.katalon.core.keyword.internal.KeywordMain$stepFailed$0.call(Unknown Source)
	at com.kms.katalon.core.cucumber.keyword.CucumberBuiltinKeywords$_runWithCucumberRunner_closure3.doCall(CucumberBuiltinKeywords.groovy:272)
	at com.kms.katalon.core.cucumber.keyword.CucumberBuiltinKeywords$_runWithCucumberRunner_closure3.doCall(CucumberBuiltinKeywords.groovy)
	at com.kms.katalon.core.keyword.internal.KeywordMain.runKeyword(KeywordMain.groovy:66)
	at com.kms.katalon.core.keyword.internal.KeywordMain$runKeyword.call(Unknown Source)
	at com.kms.katalon.core.cucumber.keyword.CucumberBuiltinKeywords.runWithCucumberRunner(CucumberBuiltinKeywords.groovy:257)
	at com.kms.katalon.core.cucumber.keyword.CucumberBuiltinKeywords$runWithCucumberRunner$0.callStatic(Unknown Source)
	at com.kms.katalon.core.cucumber.keyword.CucumberBuiltinKeywords.runWithCucumberRunner(CucumberBuiltinKeywords.groovy:357)
	at com.kms.katalon.core.cucumber.keyword.CucumberBuiltinKeywords$runWithCucumberRunner.call(Unknown Source)
	at TC_In_Innovation_Strategy.run(TC_In_Innovation_Strategy:18)
	at com.kms.katalon.core.main.ScriptEngine.run(ScriptEngine.java:194)
	at com.kms.katalon.core.main.ScriptEngine.runScriptAsRawText(ScriptEngine.java:119)
	at com.kms.katalon.core.main.TestCaseExecutor.runScript(TestCaseExecutor.java:336)
	at com.kms.katalon.core.main.TestCaseExecutor.doExecute(TestCaseExecutor.java:327)
	at com.kms.katalon.core.main.TestCaseExecutor.processExecutionPhase(TestCaseExecutor.java:306)
	at com.kms.katalon.core.main.TestCaseExecutor.accessMainPhase(TestCaseExecutor.java:298)
	at com.kms.katalon.core.main.TestCaseExecutor.execute(TestCaseExecutor.java:232)
	at com.kms.katalon.core.main.TestSuiteExecutor.accessTestCaseMainPhase(TestSuiteExecutor.java:129)
	at com.kms.katalon.core.main.TestSuiteExecutor.accessTestSuiteMainPhase(TestSuiteExecutor.java:112)
	at com.kms.katalon.core.main.TestSuiteExecutor.execute(TestSuiteExecutor.java:81)
	at com.kms.katalon.core.main.TestCaseMain.startTestSuite(TestCaseMain.java:157)
	at com.kms.katalon.core.main.TestCaseMain$startTestSuite$0.call(Unknown Source)
	at TempTestSuite1562829032081.run(TempTestSuite1562829032081.groovy:35)
)

2019-07-11 12:40:44 - [TEST_CASE][PASSED] - Test Cases/Innovation/TC_In_Navigation: Test Cases/Innovation/TC_In_Navigation

2019-07-11 12:40:44 - [TEST_STEP][PASSED] - runWithCucumberRunner(innovation_Form.Runner_In_Navigation): Run with 'innovation_Form.Runner_In_Navigation' was passed

2019-07-11 12:40:46 - [TEST_CASE][PASSED] - Test Cases/Login/TC_Login: Test Cases/Login/TC_Login

2019-07-11 12:40:46 - [TEST_STEP][PASSED] - runWithCucumberRunner(common.Runner_Login): Run with 'common.Runner_Login' was passed

2019-07-11 12:40:50 - [MESSAGE][PASSED] - Navigate to 'https://leedonline-stg.usgbc.org' successfully

2019-07-11 12:40:52 - [MESSAGE][PASSED] - Delayed 2 second(s)

2019-07-11 12:40:53 - [MESSAGE][PASSED] - Text 'automationbdd1@gmail.com' is set on object 'Object Repository/Login/input_username'

2019-07-11 12:40:53 - [MESSAGE][PASSED] - Text 'initpass' is set on object 'Object Repository/Login/input_password'

2019-07-11 12:40:56 - [MESSAGE][PASSED] - Delayed 3 second(s)

2019-07-11 12:40:56 - [MESSAGE][PASSED] - Scroll to object 'Object Repository/Login/span_End User License Agreement' successfully

2019-07-11 12:40:56 - [MESSAGE][PASSED] - Object 'Object Repository/Login/span_End User License Agreement' is visible

2019-07-11 12:40:56 - [MESSAGE][PASSED] - Object 'Object Repository/Login/span_End User License Agreement' is checked

2019-07-11 12:40:57 - [MESSAGE][PASSED] - Delayed 1 second(s)

2019-07-11 12:40:57 - [MESSAGE][PASSED] - Object: 'Object Repository/Login/button_Log In' is clicked on

2019-07-11 12:41:03 - [MESSAGE][PASSED] - Object: '' is clicked on

2019-07-11 12:41:05 - [MESSAGE][PASSED] - Object: 'Object Repository/Login/a_Credits' is clicked on

2019-07-11 12:41:05 - [MESSAGE][PASSED] - Run with 'common.Runner_Login' was passed

2019-07-11 12:41:05 - [MESSAGE][PASSED] - Call Test Case 'Test Cases/Login/TC_Login' successfully

2019-07-11 12:41:05 - [MESSAGE][PASSED] - Scroll to object 'Object Repository/Innovation/In_Navigation/div_Innovation' successfully

2019-07-11 12:41:05 - [MESSAGE][PASSED] - Object 'Object Repository/Innovation/In_Navigation/div_Innovation' is present

2019-07-11 12:41:05 - [MESSAGE][PASSED] - Text of object 'Object Repository/Innovation/In_Navigation/h3_Status' is: 'ATTEMPTED'

2019-07-11 12:41:05 - [MESSAGE][PASSED] - Text of object 'Object Repository/Innovation/In_Navigation/divval' is: 'ATTEMPTED'

2019-07-11 12:41:05 - [MESSAGE][PASSED] - Text of object 'Object Repository/Innovation/In_Navigation/h3_Status' is: 'ATTEMPTED'

2019-07-11 12:41:05 - [MESSAGE][PASSED] - Object: 'Object Repository/Innovation/In_Navigation/div_Innovation' is clicked on

2019-07-11 12:41:08 - [MESSAGE][PASSED] - Delayed 3 second(s)

2019-07-11 12:41:12 - [MESSAGE][PASSED] - Object: 'Object Repository/Innovation/In_Navigation/span_(V01)' is clicked on

2019-07-11 12:41:12 - [MESSAGE][PASSED] - Object 'Object Repository/Innovation/In_Navigation/div_InnovationCredit' is present

2019-07-11 12:41:12 - [MESSAGE][PASSED] - Run with 'innovation_Form.Runner_In_Navigation' was passed

2019-07-11 12:41:12 - [MESSAGE][PASSED] - Call Test Case 'Test Cases/Innovation/TC_In_Navigation' successfully

2019-07-11 12:41:12 - [MESSAGE][PASSED] - Scroll to object 'Object Repository/Innovation/Editor_LEED_Accredited/p_LEED_Accredited_Editorbox' successfully

2019-07-11 12:41:12 - [MESSAGE][PASSED] - Object 'Object Repository/Innovation/Editor_LEED_Accredited/p_LEED_Accredited_Editorbox' is present

2019-07-11 12:41:17 - [MESSAGE][PASSED] - Text 'Known that everybody have the personal aim. It is defferent . For example, there are some people think that the most important thing in them life is career. While there are other people think that is family. me too. The most important thing with my life is my small and big family. Because I see the mind is the most important. Let think that if you are verry rich while you alway are worry and sad, you will feel not happy. So I think we should spend many time for looking after our family. When we have a happy family, we will have power to try. At that time we will work better. How do you think. Anna and Henry go to the doctor. Anna has an ultrasound scan. 0FZV4' is set on object 'Object Repository/Innovation/Editor_LEED_Accredited/body_LEED_Accredited'

2019-07-11 12:41:20 - [MESSAGE][PASSED] - Delayed 3 second(s)

2019-07-11 12:41:20 - [MESSAGE][PASSED] - Text of object 'Object Repository/Innovation/Editor_LEED_Accredited/body_LEED_Accredited' is: 'Known that everybody have the personal aim. It is defferent . For example, there are some people think that the most important thing in them life is career. While there are other people think that is family. me too. The most important thing with my life is my small and big family. Because I see the mind is the most important. Let think that if you are verry rich while you alway are worry and sad, you will feel not happy. So I think we should spend many time for looking after our family. When we have a happy family, we will have power to try. At that time we will work better. How do you think. Anna and Henry go to the doctor. Anna has an ultrasound scan. 0FZV4'

2019-07-11 12:41:20 - [MESSAGE][PASSED] - Actual text 'Known that everybody have the personal aim. It is defferent . For example, there are some people think that the most important thing in them life is career. While there are other people think that is family. me too. The most important thing with my life is my small and big family. Because I see the mind is the most important. Let think that if you are verry rich while you alway are worry and sad, you will feel not happy. So I think we should spend many time for looking after our family. When we have a happy family, we will have power to try. At that time we will work better. How do you think. Anna and Henry go to the doctor. Anna has an ultrasound scan. 0FZV4' and expected text 'Known that everybody have the personal aim. It is defferent . For example, there are some people think that the most important thing in them life is career. While there are other people think that is family. me too. The most important thing with my life is my small and big family. Because I see the mind is the most important. Let think that if you are verry rich while you alway are worry and sad, you will feel not happy. So I think we should spend many time for looking after our family. When we have a happy family, we will have power to try. At that time we will work better. How do you think. Anna and Henry go to the doctor. Anna has an ultrasound scan. 0FZV4' are matched 

2019-07-11 12:41:20 - [MESSAGE][PASSED] - Object 'Object Repository/Innovation/AddFile_LEED_Accredited/p_LEED_Accredited' is present

2019-07-11 12:41:20 - [MESSAGE][PASSED] - Scroll to object 'Object Repository/Innovation/AddFile_LEED_Accredited/p_LEED_Accredited' successfully

2019-07-11 12:41:21 - [MESSAGE][PASSED] - Object 'Object Repository/Innovation/AddFile_LEED_Accredited/Button_LEED_Accredited' has attribute 'class' with value 'tiny ui button'

2019-07-11 12:41:21 - [MESSAGE][PASSED] - File 'H:\Git_personal\Personal_Leed\Usgbc_LeedOnline_ScoreCard\Include\TestData\MultipleFileDiffExt\SampleGIFImage_350kbmb.gif' sent to object: 'Object Repository/Innovation/AddFile_LEED_Accredited/input_LEED_Accredited'

2019-07-11 12:41:22 - [MESSAGE][PASSED] - Delayed 1 second(s)

2019-07-11 12:41:23 - [MESSAGE][PASSED] - Object 'Object Repository/Innovation/AddFile_LEED_Accredited/Button_LEED_Accredited' has attribute 'class' with value 'tiny ui button'

2019-07-11 12:41:23 - [MESSAGE][PASSED] - File 'H:\Git_personal\Personal_Leed\Usgbc_LeedOnline_ScoreCard\Include\TestData\MultipleFileDiffExt\SamplePPTFile_1000kb.ppt' sent to object: 'Object Repository/Innovation/AddFile_LEED_Accredited/input_LEED_Accredited'

2019-07-11 12:41:24 - [MESSAGE][PASSED] - Delayed 1 second(s)

2019-07-11 12:41:25 - [MESSAGE][PASSED] - Object 'Object Repository/Innovation/AddFile_LEED_Accredited/Button_LEED_Accredited' has attribute 'class' with value 'tiny ui button'

2019-07-11 12:41:25 - [MESSAGE][PASSED] - File 'H:\Git_personal\Personal_Leed\Usgbc_LeedOnline_ScoreCard\Include\TestData\MultipleFileDiffExt\ZZ.pdf' sent to object: 'Object Repository/Innovation/AddFile_LEED_Accredited/input_LEED_Accredited'

2019-07-11 12:41:26 - [MESSAGE][PASSED] - Delayed 1 second(s)

2019-07-11 12:41:26 - [MESSAGE][PASSED] - Scroll to object 'Object Repository/Innovation/Innovation_Strategy_Opt1/radio_innovation_Strategy' successfully

2019-07-11 12:41:26 - [MESSAGE][PASSED] - Object 'Object Repository/Innovation/Innovation_Strategy_Opt1/radio_innovation_Strategy' is present

2019-07-11 12:41:29 - [MESSAGE][PASSED] - Delayed 3 second(s)

2019-07-11 12:41:30 - [MESSAGE][PASSED] - Object 'Object Repository/Innovation/Innovation_Strategy_Opt1/radio_innovation_Strategy' is checked

2019-07-11 12:41:33 - [MESSAGE][PASSED] - Delayed 3 second(s)

2019-07-11 12:41:33 - [MESSAGE][PASSED] - Text 'Option 1. Innovation Strategy' is present on page 

2019-07-11 12:41:33 - [MESSAGE][PASSED] - Scroll to object 'Object Repository/Innovation/Innovation_Strategy_Opt1/Editor_Innovation_Strategy/p_Innovation_Strategy_Editorbox' successfully

2019-07-11 12:41:33 - [MESSAGE][PASSED] - Object 'Object Repository/Innovation/Innovation_Strategy_Opt1/Editor_Innovation_Strategy/p_Innovation_Strategy_Editorbox' is present

2019-07-11 12:41:38 - [MESSAGE][PASSED] - Text 'Known that everybody have the personal aim. It is defferent . For example, there are some people think that the most important thing in them life is career. While there are other people think that is family. me too. The most important thing with my life is my small and big family. Because I see the mind is the most important. Let think that if you are verry rich while you alway are worry and sad, you will feel not happy. So I think we should spend many time for looking after our family. When we have a happy family, we will have power to try. At that time we will work better. How do you think. Anna and Henry go to the doctor. Anna has an ultrasound scan. 0FZV4' is set on object 'Object Repository/Innovation/Innovation_Strategy_Opt1/Editor_Innovation_Strategy/body_Innovation_Strategy'

2019-07-11 12:41:41 - [MESSAGE][PASSED] - Delayed 3 second(s)

2019-07-11 12:41:41 - [MESSAGE][PASSED] - Text of object 'Object Repository/Innovation/Innovation_Strategy_Opt1/Editor_Innovation_Strategy/body_Innovation_Strategy' is: 'Known that everybody have the personal aim. It is defferent . For example, there are some people think that the most important thing in them life is career. While there are other people think that is family. me too. The most important thing with my life is my small and big family. Because I see the mind is the most important. Let think that if you are verry rich while you alway are worry and sad, you will feel not happy. So I think we should spend many time for looking after our family. When we have a happy family, we will have power to try. At that time we will work better. How do you think. Anna and Henry go to the doctor. Anna has an ultrasound scan. 0FZV4'

2019-07-11 12:41:41 - [MESSAGE][PASSED] - Actual text 'Known that everybody have the personal aim. It is defferent . For example, there are some people think that the most important thing in them life is career. While there are other people think that is family. me too. The most important thing with my life is my small and big family. Because I see the mind is the most important. Let think that if you are verry rich while you alway are worry and sad, you will feel not happy. So I think we should spend many time for looking after our family. When we have a happy family, we will have power to try. At that time we will work better. How do you think. Anna and Henry go to the doctor. Anna has an ultrasound scan. 0FZV4' and expected text 'Known that everybody have the personal aim. It is defferent . For example, there are some people think that the most important thing in them life is career. While there are other people think that is family. me too. The most important thing with my life is my small and big family. Because I see the mind is the most important. Let think that if you are verry rich while you alway are worry and sad, you will feel not happy. So I think we should spend many time for looking after our family. When we have a happy family, we will have power to try. At that time we will work better. How do you think. Anna and Henry go to the doctor. Anna has an ultrasound scan. 0FZV4' are matched 

2019-07-11 12:41:41 - [MESSAGE][PASSED] - Scroll to object 'Object Repository/Innovation/Innovation_Strategy_Opt1/AddFile_supporting_doc/p_supporting_doc' successfully

2019-07-11 12:41:41 - [MESSAGE][PASSED] - Object 'Object Repository/Innovation/Innovation_Strategy_Opt1/AddFile_supporting_doc/p_supporting_doc' is present

2019-07-11 12:41:41 - [MESSAGE][PASSED] - Object 'Object Repository/Innovation/Innovation_Strategy_Opt1/AddFile_supporting_doc/Button_supporting_doc' has attribute 'class' with value 'tiny ui button'

2019-07-11 12:41:41 - [MESSAGE][PASSED] - File 'H:\Git_personal\Personal_Leed\Usgbc_LeedOnline_ScoreCard\Include\TestData\MultipleFileDiffExt\SampleGIFImage_350kbmb.gif' sent to object: 'Object Repository/Innovation/Innovation_Strategy_Opt1/AddFile_supporting_doc/input_supporting_doc'

2019-07-11 12:41:42 - [MESSAGE][PASSED] - Delayed 1 second(s)

2019-07-11 12:41:43 - [MESSAGE][PASSED] - Object 'Object Repository/Innovation/Innovation_Strategy_Opt1/AddFile_supporting_doc/Button_supporting_doc' has attribute 'class' with value 'tiny ui button'

2019-07-11 12:41:43 - [MESSAGE][PASSED] - File 'H:\Git_personal\Personal_Leed\Usgbc_LeedOnline_ScoreCard\Include\TestData\MultipleFileDiffExt\SamplePPTFile_1000kb.ppt' sent to object: 'Object Repository/Innovation/Innovation_Strategy_Opt1/AddFile_supporting_doc/input_supporting_doc'

2019-07-11 12:41:44 - [MESSAGE][PASSED] - Delayed 1 second(s)

2019-07-11 12:41:47 - [MESSAGE][PASSED] - Object 'Object Repository/Innovation/Innovation_Strategy_Opt1/AddFile_supporting_doc/Button_supporting_doc' has attribute 'class' with value 'tiny ui button'

2019-07-11 12:41:47 - [MESSAGE][PASSED] - File 'H:\Git_personal\Personal_Leed\Usgbc_LeedOnline_ScoreCard\Include\TestData\MultipleFileDiffExt\ZZ.pdf' sent to object: 'Object Repository/Innovation/Innovation_Strategy_Opt1/AddFile_supporting_doc/input_supporting_doc'

2019-07-11 12:41:48 - [MESSAGE][PASSED] - Delayed 1 second(s)

2019-07-11 12:41:48 - [MESSAGE][PASSED] - Scroll to object 'Object Repository/Innovation/Special Circumstances/AddFile_additionalDoc/p_Upload any additional documentation' successfully

2019-07-11 12:41:48 - [MESSAGE][PASSED] - Object 'Object Repository/Innovation/Special Circumstances/AddFile_additionalDoc/p_Upload any additional documentation' is present

2019-07-11 12:41:48 - [MESSAGE][PASSED] - Object 'Object Repository/Innovation/Special Circumstances/AddFile_additionalDoc/Button_additionalDoc' has attribute 'class' with value 'tiny ui button'

2019-07-11 12:41:48 - [MESSAGE][PASSED] - File 'H:\Git_personal\Personal_Leed\Usgbc_LeedOnline_ScoreCard\Include\TestData\MultipleFileDiffExt\SampleGIFImage_350kbmb.gif' sent to object: 'Object Repository/Innovation/Special Circumstances/AddFile_additionalDoc/input_additionalDoc'

2019-07-11 12:41:50 - [MESSAGE][PASSED] - Delayed 1 second(s)

2019-07-11 12:41:51 - [MESSAGE][PASSED] - Object 'Object Repository/Innovation/Special Circumstances/AddFile_additionalDoc/Button_additionalDoc' has attribute 'class' with value 'tiny ui button'

2019-07-11 12:41:51 - [MESSAGE][PASSED] - File 'H:\Git_personal\Personal_Leed\Usgbc_LeedOnline_ScoreCard\Include\TestData\MultipleFileDiffExt\SamplePPTFile_1000kb.ppt' sent to object: 'Object Repository/Innovation/Special Circumstances/AddFile_additionalDoc/input_additionalDoc'

2019-07-11 12:41:52 - [MESSAGE][PASSED] - Delayed 1 second(s)

2019-07-11 12:41:56 - [MESSAGE][PASSED] - Object 'Object Repository/Innovation/Special Circumstances/AddFile_additionalDoc/Button_additionalDoc' has attribute 'class' with value 'tiny ui button'

2019-07-11 12:41:56 - [MESSAGE][PASSED] - File 'H:\Git_personal\Personal_Leed\Usgbc_LeedOnline_ScoreCard\Include\TestData\MultipleFileDiffExt\ZZ.pdf' sent to object: 'Object Repository/Innovation/Special Circumstances/AddFile_additionalDoc/input_additionalDoc'

2019-07-11 12:41:57 - [MESSAGE][PASSED] - Delayed 1 second(s)

2019-07-11 12:41:57 - [MESSAGE][PASSED] - Scroll to object 'Object Repository/Innovation/Special Circumstances/EditorBox_splCircum/p_EditorBox' successfully

2019-07-11 12:41:57 - [MESSAGE][PASSED] - Object 'Object Repository/Innovation/Special Circumstances/EditorBox_splCircum/p_EditorBox' is present

2019-07-11 12:42:01 - [MESSAGE][PASSED] - Text 'Known that everybody have the personal aim. It is defferent . For example, there are some people think that the most important thing in them life is career. While there are other people think that is family. me too. The most important thing with my life is my small and big family. Because I see the mind is the most important. Let think that if you are verry rich while you alway are worry and sad, you will feel not happy. So I think we should spend many time for looking after our family. When we have a happy family, we will have power to try. At that time we will work better. How do you think. Anna and Henry go to the doctor. Anna has an ultrasound scan. 0FZV4' is set on object 'Object Repository/Innovation/Special Circumstances/EditorBox_splCircum/body_splCircum'

2019-07-11 12:42:04 - [MESSAGE][PASSED] - Delayed 3 second(s)

2019-07-11 12:42:04 - [MESSAGE][PASSED] - Text of object 'Object Repository/Innovation/Editor_LEED_Accredited/body_LEED_Accredited' is: 'Known that everybody have the personal aim. It is defferent . For example, there are some people think that the most important thing in them life is career. While there are other people think that is family. me too. The most important thing with my life is my small and big family. Because I see the mind is the most important. Let think that if you are verry rich while you alway are worry and sad, you will feel not happy. So I think we should spend many time for looking after our family. When we have a happy family, we will have power to try. At that time we will work better. How do you think. Anna and Henry go to the doctor. Anna has an ultrasound scan. 0FZV4'

2019-07-11 12:42:04 - [MESSAGE][PASSED] - Actual text 'Known that everybody have the personal aim. It is defferent . For example, there are some people think that the most important thing in them life is career. While there are other people think that is family. me too. The most important thing with my life is my small and big family. Because I see the mind is the most important. Let think that if you are verry rich while you alway are worry and sad, you will feel not happy. So I think we should spend many time for looking after our family. When we have a happy family, we will have power to try. At that time we will work better. How do you think. Anna and Henry go to the doctor. Anna has an ultrasound scan. 0FZV4' and expected text 'Known that everybody have the personal aim. It is defferent . For example, there are some people think that the most important thing in them life is career. While there are other people think that is family. me too. The most important thing with my life is my small and big family. Because I see the mind is the most important. Let think that if you are verry rich while you alway are worry and sad, you will feel not happy. So I think we should spend many time for looking after our family. When we have a happy family, we will have power to try. At that time we will work better. How do you think. Anna and Henry go to the doctor. Anna has an ultrasound scan. 0FZV4' are matched 

2019-07-11 12:42:04 - [MESSAGE][PASSED] - Scroll to object 'Object Repository/Innovation/btn_Save' successfully

2019-07-11 12:42:04 - [MESSAGE][PASSED] - Object 'Object Repository/Innovation/btn_Save' is present

2019-07-11 12:42:07 - [MESSAGE][PASSED] - Delayed 3 second(s)

2019-07-11 12:42:07 - [MESSAGE][PASSED] - Object: 'Object Repository/Innovation/btn_Save' is clicked on

2019-07-11 12:42:09 - [MESSAGE][PASSED] - Delayed 2 second(s)

2019-07-11 12:42:09 - [MESSAGE][PASSED] - Text 'Form data saved successfully.' is present on page 

2019-07-11 12:42:10 - [MESSAGE][PASSED] - Scroll to object 'Object Repository/Innovation/icon_pdf' successfully

2019-07-11 12:42:10 - [MESSAGE][PASSED] - Object 'Object Repository/Innovation/icon_pdf' is present

2019-07-11 12:42:15 - [MESSAGE][PASSED] - Delayed 5 second(s)

2019-07-11 12:42:15 - [MESSAGE][PASSED] - Object: 'Object Repository/Innovation/icon_pdf' is clicked on

2019-07-11 12:42:25 - [MESSAGE][PASSED] - Delayed 10 second(s)

2019-07-11 12:42:25 - [MESSAGE][PASSED] - Refresh successfully

2019-07-11 12:42:28 - [MESSAGE][PASSED] - Text of object 'Object Repository/Innovation/Editor_LEED_Accredited/body_LEED_Accredited' is: 'Known that everybody have the personal aim. It is defferent . For example, there are some people think that the most important thing in them life is career. While there are other people think that is family. me too. The most important thing with my life is my small and big family. Because I see the mind is the most important. Let think that if you are verry rich while you alway are worry and sad, you will feel not happy. So I think we should spend many time for looking after our family. When we have a happy family, we will have power to try. At that time we will work better. How do you think. Anna and Henry go to the doctor. Anna has an ultrasound scan. 0FZV4'

2019-07-11 12:42:28 - [MESSAGE][PASSED] - Actual text 'Known that everybody have the personal aim. It is defferent . For example, there are some people think that the most important thing in them life is career. While there are other people think that is family. me too. The most important thing with my life is my small and big family. Because I see the mind is the most important. Let think that if you are verry rich while you alway are worry and sad, you will feel not happy. So I think we should spend many time for looking after our family. When we have a happy family, we will have power to try. At that time we will work better. How do you think. Anna and Henry go to the doctor. Anna has an ultrasound scan. 0FZV4' and expected text 'Known that everybody have the personal aim. It is defferent . For example, there are some people think that the most important thing in them life is career. While there are other people think that is family. me too. The most important thing with my life is my small and big family. Because I see the mind is the most important. Let think that if you are verry rich while you alway are worry and sad, you will feel not happy. So I think we should spend many time for looking after our family. When we have a happy family, we will have power to try. At that time we will work better. How do you think. Anna and Henry go to the doctor. Anna has an ultrasound scan. 0FZV4' are matched 

2019-07-11 12:42:29 - [MESSAGE][PASSED] - Text of object 'Object Repository/Innovation/Innovation_Strategy_Opt1/Editor_Innovation_Strategy/body_Innovation_Strategy' is: 'Known that everybody have the personal aim. It is defferent . For example, there are some people think that the most important thing in them life is career. While there are other people think that is family. me too. The most important thing with my life is my small and big family. Because I see the mind is the most important. Let think that if you are verry rich while you alway are worry and sad, you will feel not happy. So I think we should spend many time for looking after our family. When we have a happy family, we will have power to try. At that time we will work better. How do you think. Anna and Henry go to the doctor. Anna has an ultrasound scan. 0FZV4'

2019-07-11 12:42:29 - [MESSAGE][PASSED] - Actual text 'Known that everybody have the personal aim. It is defferent . For example, there are some people think that the most important thing in them life is career. While there are other people think that is family. me too. The most important thing with my life is my small and big family. Because I see the mind is the most important. Let think that if you are verry rich while you alway are worry and sad, you will feel not happy. So I think we should spend many time for looking after our family. When we have a happy family, we will have power to try. At that time we will work better. How do you think. Anna and Henry go to the doctor. Anna has an ultrasound scan. 0FZV4' and expected text 'Known that everybody have the personal aim. It is defferent . For example, there are some people think that the most important thing in them life is career. While there are other people think that is family. me too. The most important thing with my life is my small and big family. Because I see the mind is the most important. Let think that if you are verry rich while you alway are worry and sad, you will feel not happy. So I think we should spend many time for looking after our family. When we have a happy family, we will have power to try. At that time we will work better. How do you think. Anna and Henry go to the doctor. Anna has an ultrasound scan. 0FZV4' are matched 

2019-07-11 12:42:29 - [MESSAGE][PASSED] - Text of object 'Object Repository/Innovation/Special Circumstances/EditorBox_splCircum/body_splCircum' is: 'Known that everybody have the personal aim. It is defferent . For example, there are some people think that the most important thing in them life is career. While there are other people think that is family. me too. The most important thing with my life is my small and big family. Because I see the mind is the most important. Let think that if you are verry rich while you alway are worry and sad, you will feel not happy. So I think we should spend many time for looking after our family. When we have a happy family, we will have power to try. At that time we will work better. How do you think. Anna and Henry go to the doctor. Anna has an ultrasound scan. 0FZV4'

2019-07-11 12:42:29 - [MESSAGE][PASSED] - Actual text 'Known that everybody have the personal aim. It is defferent . For example, there are some people think that the most important thing in them life is career. While there are other people think that is family. me too. The most important thing with my life is my small and big family. Because I see the mind is the most important. Let think that if you are verry rich while you alway are worry and sad, you will feel not happy. So I think we should spend many time for looking after our family. When we have a happy family, we will have power to try. At that time we will work better. How do you think. Anna and Henry go to the doctor. Anna has an ultrasound scan. 0FZV4' and expected text 'Known that everybody have the personal aim. It is defferent . For example, there are some people think that the most important thing in them life is career. While there are other people think that is family. me too. The most important thing with my life is my small and big family. Because I see the mind is the most important. Let think that if you are verry rich while you alway are worry and sad, you will feel not happy. So I think we should spend many time for looking after our family. When we have a happy family, we will have power to try. At that time we will work better. How do you think. Anna and Henry go to the doctor. Anna has an ultrasound scan. 0FZV4' are matched 

2019-07-11 12:42:31 - [MESSAGE][PASSED] - Delayed 2 second(s)

2019-07-11 12:42:32 - [MESSAGE][PASSED] - Navigate back successfully

2019-07-11 12:42:34 - [MESSAGE][PASSED] - Delayed 2 second(s)

2019-07-11 12:42:34 - [MESSAGE][PASSED] - Text of object 'Object Repository/Innovation/In_Navigation/h3_Status' is: 'ATTEMPTED'

2019-07-11 12:42:34 - [MESSAGE][PASSED] - Object: 'Object Repository/Innovation/In_Navigation/a_MarkReadyForReview' is clicked on

2019-07-11 12:42:39 - [MESSAGE][PASSED] - Delayed 5 second(s)

2019-07-11 12:42:40 - [MESSAGE][PASSED] - Text of object 'Object Repository/Innovation/In_Navigation/h3_Status' is: 'READY FOR REVIEW'

2019-07-11 12:42:40 - [MESSAGE][FAILED] - These following reason:
 [H:\Git_personal\Personal_Leed\Usgbc_LeedOnline_ScoreCard\Include\TestData\DownloadedFiles\creditForm.pdf (The system cannot find the file specified)]

2019-07-11 12:42:40 - [MESSAGE][FAILED] - Keyword runWithCucumberRunner was failed (Root cause: com.kms.katalon.core.exception.StepFailedException: These following reason:
 [H:\Git_personal\Personal_Leed\Usgbc_LeedOnline_ScoreCard\Include\TestData\DownloadedFiles\creditForm.pdf (The system cannot find the file specified)]
	at com.kms.katalon.core.keyword.internal.KeywordMain.stepFailed(KeywordMain.groovy:48)
	at com.kms.katalon.core.keyword.internal.KeywordMain.stepFailed(KeywordMain.groovy)
	at com.kms.katalon.core.keyword.internal.KeywordMain.stepFailed(KeywordMain.groovy:21)
	at com.kms.katalon.core.keyword.internal.KeywordMain$stepFailed$0.call(Unknown Source)
	at com.kms.katalon.core.cucumber.keyword.CucumberBuiltinKeywords$_runWithCucumberRunner_closure3.doCall(CucumberBuiltinKeywords.groovy:272)
	at com.kms.katalon.core.cucumber.keyword.CucumberBuiltinKeywords$_runWithCucumberRunner_closure3.doCall(CucumberBuiltinKeywords.groovy)
	at com.kms.katalon.core.keyword.internal.KeywordMain.runKeyword(KeywordMain.groovy:66)
	at com.kms.katalon.core.keyword.internal.KeywordMain$runKeyword.call(Unknown Source)
	at com.kms.katalon.core.cucumber.keyword.CucumberBuiltinKeywords.runWithCucumberRunner(CucumberBuiltinKeywords.groovy:257)
	at com.kms.katalon.core.cucumber.keyword.CucumberBuiltinKeywords$runWithCucumberRunner$0.callStatic(Unknown Source)
	at com.kms.katalon.core.cucumber.keyword.CucumberBuiltinKeywords.runWithCucumberRunner(CucumberBuiltinKeywords.groovy:357)
	at com.kms.katalon.core.cucumber.keyword.CucumberBuiltinKeywords$runWithCucumberRunner.call(Unknown Source)
	at TC_In_Innovation_Strategy.run(TC_In_Innovation_Strategy:18)
	at com.kms.katalon.core.main.ScriptEngine.run(ScriptEngine.java:194)
	at com.kms.katalon.core.main.ScriptEngine.runScriptAsRawText(ScriptEngine.java:119)
	at com.kms.katalon.core.main.TestCaseExecutor.runScript(TestCaseExecutor.java:336)
	at com.kms.katalon.core.main.TestCaseExecutor.doExecute(TestCaseExecutor.java:327)
	at com.kms.katalon.core.main.TestCaseExecutor.processExecutionPhase(TestCaseExecutor.java:306)
	at com.kms.katalon.core.main.TestCaseExecutor.accessMainPhase(TestCaseExecutor.java:298)
	at com.kms.katalon.core.main.TestCaseExecutor.execute(TestCaseExecutor.java:232)
	at com.kms.katalon.core.main.TestSuiteExecutor.accessTestCaseMainPhase(TestSuiteExecutor.java:129)
	at com.kms.katalon.core.main.TestSuiteExecutor.accessTestSuiteMainPhase(TestSuiteExecutor.java:112)
	at com.kms.katalon.core.main.TestSuiteExecutor.execute(TestSuiteExecutor.java:81)
	at com.kms.katalon.core.main.TestCaseMain.startTestSuite(TestCaseMain.java:157)
	at com.kms.katalon.core.main.TestCaseMain$startTestSuite$0.call(Unknown Source)
	at TempTestSuite1562829032081.run(TempTestSuite1562829032081.groovy:35)
)

2019-07-11 12:42:40 - [TEST_STEP][PASSED] - Start listener action : sampleAfterTestCase: Browser is closed

2019-07-11 12:42:40 - [TEST_STEP][PASSED] - closeBrowser(): Browser is closed

2019-07-11 12:42:40 - [MESSAGE][PASSED] - Browser is closed]]></system-out>
         <system-err><![CDATA[2019-07-11 12:40:35 - [TEST_CASE][FAILED] - Test Cases/Innovation/TC_In_Innovation_Strategy: Test Cases/Innovation/TC_In_Innovation_Strategy FAILED.
Reason:
com.kms.katalon.core.exception.StepFailedException: These following reason:
 [H:\Git_personal\Personal_Leed\Usgbc_LeedOnline_ScoreCard\Include\TestData\DownloadedFiles\creditForm.pdf (The system cannot find the file specified)]
	at com.kms.katalon.core.keyword.internal.KeywordMain.stepFailed(KeywordMain.groovy:48)
	at com.kms.katalon.core.keyword.internal.KeywordMain.stepFailed(KeywordMain.groovy)
	at com.kms.katalon.core.keyword.internal.KeywordMain.stepFailed(KeywordMain.groovy:21)
	at com.kms.katalon.core.keyword.internal.KeywordMain$stepFailed$0.call(Unknown Source)
	at com.kms.katalon.core.cucumber.keyword.CucumberBuiltinKeywords$_runWithCucumberRunner_closure3.doCall(CucumberBuiltinKeywords.groovy:272)
	at com.kms.katalon.core.cucumber.keyword.CucumberBuiltinKeywords$_runWithCucumberRunner_closure3.doCall(CucumberBuiltinKeywords.groovy)
	at com.kms.katalon.core.keyword.internal.KeywordMain.runKeyword(KeywordMain.groovy:66)
	at com.kms.katalon.core.keyword.internal.KeywordMain$runKeyword.call(Unknown Source)
	at com.kms.katalon.core.cucumber.keyword.CucumberBuiltinKeywords.runWithCucumberRunner(CucumberBuiltinKeywords.groovy:257)
	at com.kms.katalon.core.cucumber.keyword.CucumberBuiltinKeywords$runWithCucumberRunner$0.callStatic(Unknown Source)
	at com.kms.katalon.core.cucumber.keyword.CucumberBuiltinKeywords.runWithCucumberRunner(CucumberBuiltinKeywords.groovy:357)
	at com.kms.katalon.core.cucumber.keyword.CucumberBuiltinKeywords$runWithCucumberRunner.call(Unknown Source)
	at TC_In_Innovation_Strategy.run(TC_In_Innovation_Strategy:18)
	at com.kms.katalon.core.main.ScriptEngine.run(ScriptEngine.java:194)
	at com.kms.katalon.core.main.ScriptEngine.runScriptAsRawText(ScriptEngine.java:119)
	at com.kms.katalon.core.main.TestCaseExecutor.runScript(TestCaseExecutor.java:336)
	at com.kms.katalon.core.main.TestCaseExecutor.doExecute(TestCaseExecutor.java:327)
	at com.kms.katalon.core.main.TestCaseExecutor.processExecutionPhase(TestCaseExecutor.java:306)
	at com.kms.katalon.core.main.TestCaseExecutor.accessMainPhase(TestCaseExecutor.java:298)
	at com.kms.katalon.core.main.TestCaseExecutor.execute(TestCaseExecutor.java:232)
	at com.kms.katalon.core.main.TestSuiteExecutor.accessTestCaseMainPhase(TestSuiteExecutor.java:129)
	at com.kms.katalon.core.main.TestSuiteExecutor.accessTestSuiteMainPhase(TestSuiteExecutor.java:112)
	at com.kms.katalon.core.main.TestSuiteExecutor.execute(TestSuiteExecutor.java:81)
	at com.kms.katalon.core.main.TestCaseMain.startTestSuite(TestCaseMain.java:157)
	at com.kms.katalon.core.main.TestCaseMain$startTestSuite$0.call(Unknown Source)
	at TempTestSuite1562829032081.run(TempTestSuite1562829032081.groovy:35)]]></system-err>
      </testcase>
      <testcase name="Test Cases/Innovation/TC_In_Pilot_Credit" classname="Test Cases/Innovation/TC_In_Pilot_Credit" status="PASSED">
         <system-out><![CDATA[2019-07-11 12:42:40 - [TEST_CASE][PASSED] - Test Cases/Innovation/TC_In_Pilot_Credit: Test Cases/Innovation/TC_In_Pilot_Credit

2019-07-11 12:42:40 - [TEST_STEP][PASSED] - Start listener action : sampleBeforeTestCase: null

2019-07-11 12:42:40 - [TEST_STEP][PASSED] - openBrowser(""): Browser is opened with url: ''

2019-07-11 12:42:40 - [MESSAGE][INFO] - Starting 'Chrome' driver

2019-07-11 12:42:40 - [MESSAGE][INFO] - User set preference: ['args', '[--window-size=1920,1080]']

2019-07-11 12:42:43 - [MESSAGE][PASSED] - Browser is opened with url: ''

2019-07-11 12:42:43 - [TEST_STEP][PASSED] - driver = getWebDriver(): null

2019-07-11 12:42:43 - [TEST_STEP][PASSED] - println("The driver is ########### " + driver): null

2019-07-11 12:42:43 - [TEST_STEP][PASSED] - downloadPath = "/var/lib/jenkins/workspace/Local_Check_SCard/Usgbc_LeedOnline_ScoreCard/Include/TestData/DownloadedFiles": null

2019-07-11 12:42:43 - [TEST_STEP][PASSED] - projectKeywords().sendCommandForDownloadChromeHeadLess(driver.getCommandExecutor(), driver.getSessionId(), downloadPath): null

2019-07-11 12:42:43 - [TEST_STEP][PASSED] - runWithCucumberRunner(innovation_Form.Runner_In_Pilot_Credit): Run with 'innovation_Form.Runner_In_Pilot_Credit' was passed

2019-07-11 12:42:45 - [TEST_CASE][PASSED] - Test Cases/Innovation/TC_In_Navigation: Test Cases/Innovation/TC_In_Navigation

2019-07-11 12:42:45 - [TEST_STEP][PASSED] - runWithCucumberRunner(innovation_Form.Runner_In_Navigation): Run with 'innovation_Form.Runner_In_Navigation' was passed

2019-07-11 12:42:46 - [TEST_CASE][PASSED] - Test Cases/Login/TC_Login: Test Cases/Login/TC_Login

2019-07-11 12:42:46 - [TEST_STEP][PASSED] - runWithCucumberRunner(common.Runner_Login): Run with 'common.Runner_Login' was passed

2019-07-11 12:42:49 - [MESSAGE][PASSED] - Navigate to 'https://leedonline-stg.usgbc.org' successfully

2019-07-11 12:42:51 - [MESSAGE][PASSED] - Delayed 2 second(s)

2019-07-11 12:42:51 - [MESSAGE][PASSED] - Text 'automationbdd1@gmail.com' is set on object 'Object Repository/Login/input_username'

2019-07-11 12:42:51 - [MESSAGE][PASSED] - Text 'initpass' is set on object 'Object Repository/Login/input_password'

2019-07-11 12:42:54 - [MESSAGE][PASSED] - Delayed 3 second(s)

2019-07-11 12:42:54 - [MESSAGE][PASSED] - Scroll to object 'Object Repository/Login/span_End User License Agreement' successfully

2019-07-11 12:42:55 - [MESSAGE][PASSED] - Object 'Object Repository/Login/span_End User License Agreement' is visible

2019-07-11 12:42:55 - [MESSAGE][PASSED] - Object 'Object Repository/Login/span_End User License Agreement' is checked

2019-07-11 12:42:56 - [MESSAGE][PASSED] - Delayed 1 second(s)

2019-07-11 12:42:56 - [MESSAGE][PASSED] - Object: 'Object Repository/Login/button_Log In' is clicked on

2019-07-11 12:43:01 - [MESSAGE][PASSED] - Object: '' is clicked on

2019-07-11 12:43:03 - [MESSAGE][PASSED] - Object: 'Object Repository/Login/a_Credits' is clicked on

2019-07-11 12:43:03 - [MESSAGE][PASSED] - Run with 'common.Runner_Login' was passed

2019-07-11 12:43:03 - [MESSAGE][PASSED] - Call Test Case 'Test Cases/Login/TC_Login' successfully

2019-07-11 12:43:03 - [MESSAGE][PASSED] - Scroll to object 'Object Repository/Innovation/In_Navigation/div_Innovation' successfully

2019-07-11 12:43:03 - [MESSAGE][PASSED] - Object 'Object Repository/Innovation/In_Navigation/div_Innovation' is present

2019-07-11 12:43:03 - [MESSAGE][PASSED] - Text of object 'Object Repository/Innovation/In_Navigation/h3_Status' is: 'READY FOR REVIEW'

2019-07-11 12:43:03 - [MESSAGE][PASSED] - Text of object 'Object Repository/Innovation/In_Navigation/divval' is: 'READY FOR REVIEW'

2019-07-11 12:43:03 - [MESSAGE][PASSED] - Object: 'Object Repository/Innovation/In_Navigation/a_MarkReadyForReview' is clicked on

2019-07-11 12:43:08 - [MESSAGE][PASSED] - Delayed 5 second(s)

2019-07-11 12:43:08 - [MESSAGE][PASSED] - Text of object 'Object Repository/Innovation/In_Navigation/h3_Status' is: 'ATTEMPTED'

2019-07-11 12:43:08 - [MESSAGE][PASSED] - Object: 'Object Repository/Innovation/In_Navigation/div_Innovation' is clicked on

2019-07-11 12:43:11 - [MESSAGE][PASSED] - Delayed 3 second(s)

2019-07-11 12:43:14 - [MESSAGE][PASSED] - Object: 'Object Repository/Innovation/In_Navigation/span_(V01)' is clicked on

2019-07-11 12:43:14 - [MESSAGE][PASSED] - Object 'Object Repository/Innovation/In_Navigation/div_InnovationCredit' is present

2019-07-11 12:43:14 - [MESSAGE][PASSED] - Run with 'innovation_Form.Runner_In_Navigation' was passed

2019-07-11 12:43:14 - [MESSAGE][PASSED] - Call Test Case 'Test Cases/Innovation/TC_In_Navigation' successfully

2019-07-11 12:43:14 - [MESSAGE][PASSED] - Scroll to object 'Object Repository/Innovation/Pilot_Credit_Opt2/radio_Pilot_Credit' successfully

2019-07-11 12:43:14 - [MESSAGE][PASSED] - Object 'Object Repository/Innovation/Pilot_Credit_Opt2/radio_Pilot_Credit' is present

2019-07-11 12:43:17 - [MESSAGE][PASSED] - Delayed 3 second(s)

2019-07-11 12:43:18 - [MESSAGE][PASSED] - Object 'Object Repository/Innovation/Pilot_Credit_Opt2/radio_Pilot_Credit' is checked

2019-07-11 12:43:21 - [MESSAGE][PASSED] - Delayed 3 second(s)

2019-07-11 12:43:21 - [MESSAGE][PASSED] - Text 'Option 1. Innovation Strategy' is present on page 

2019-07-11 12:43:21 - [MESSAGE][PASSED] - Scroll to object 'Object Repository/Innovation/Pilot_Credit_Opt2/div_nameOfPilot' successfully

2019-07-11 12:43:21 - [MESSAGE][PASSED] - Object 'Object Repository/Innovation/Pilot_Credit_Opt2/div_nameOfPilot' is present

2019-07-11 12:43:21 - [MESSAGE][PASSED] - Text 'credits' is set on object 'Object Repository/Innovation/Pilot_Credit_Opt2/input_nameOfPilot'

2019-07-11 12:43:24 - [MESSAGE][PASSED] - Delayed 3 second(s)

2019-07-11 12:43:24 - [MESSAGE][PASSED] - Attribute 'value' of object 'Object Repository/Innovation/Pilot_Credit_Opt2/input_nameOfPilot' is: 'credits'

2019-07-11 12:43:24 - [MESSAGE][PASSED] - Actual text 'credits' and expected text 'credits' are matched 

2019-07-11 12:43:24 - [MESSAGE][PASSED] - Scroll to object 'Object Repository/Innovation/Pilot_Credit_Opt2/div_numberOfPilot' successfully

2019-07-11 12:43:24 - [MESSAGE][PASSED] - Object 'Object Repository/Innovation/Pilot_Credit_Opt2/div_numberOfPilot' is present

2019-07-11 12:43:25 - [MESSAGE][PASSED] - Text '111' is set on object 'Object Repository/Innovation/Pilot_Credit_Opt2/input_numberOfPilot'

2019-07-11 12:43:28 - [MESSAGE][PASSED] - Delayed 3 second(s)

2019-07-11 12:43:28 - [MESSAGE][PASSED] - Attribute 'value' of object 'Object Repository/Innovation/Pilot_Credit_Opt2/input_numberOfPilot' is: '111'

2019-07-11 12:43:28 - [MESSAGE][PASSED] - Actual text '111' and expected text '111' are matched 

2019-07-11 12:43:28 - [MESSAGE][PASSED] - Object 'Object Repository/Innovation/Pilot_Credit_Opt2/AddFile_required_doc/p_required_doc' is present

2019-07-11 12:43:28 - [MESSAGE][PASSED] - Scroll to object 'Object Repository/Innovation/Pilot_Credit_Opt2/AddFile_required_doc/p_required_doc' successfully

2019-07-11 12:43:28 - [MESSAGE][PASSED] - Object 'Object Repository/Innovation/Pilot_Credit_Opt2/AddFile_required_doc/Button_required_doc' has attribute 'class' with value 'tiny ui button'

2019-07-11 12:43:28 - [MESSAGE][PASSED] - File 'H:\Git_personal\Personal_Leed\Usgbc_LeedOnline_ScoreCard\Include\TestData\MultipleFileDiffExt\SampleGIFImage_350kbmb.gif' sent to object: 'Object Repository/Innovation/Pilot_Credit_Opt2/AddFile_required_doc/input_required_doc'

2019-07-11 12:43:29 - [MESSAGE][PASSED] - Delayed 1 second(s)

2019-07-11 12:43:30 - [MESSAGE][PASSED] - Object 'Object Repository/Innovation/Pilot_Credit_Opt2/AddFile_required_doc/Button_required_doc' has attribute 'class' with value 'tiny ui button'

2019-07-11 12:43:31 - [MESSAGE][PASSED] - File 'H:\Git_personal\Personal_Leed\Usgbc_LeedOnline_ScoreCard\Include\TestData\MultipleFileDiffExt\SamplePPTFile_1000kb.ppt' sent to object: 'Object Repository/Innovation/Pilot_Credit_Opt2/AddFile_required_doc/input_required_doc'

2019-07-11 12:43:32 - [MESSAGE][PASSED] - Delayed 1 second(s)

2019-07-11 12:43:33 - [MESSAGE][PASSED] - Object 'Object Repository/Innovation/Pilot_Credit_Opt2/AddFile_required_doc/Button_required_doc' has attribute 'class' with value 'tiny ui button'

2019-07-11 12:43:33 - [MESSAGE][PASSED] - File 'H:\Git_personal\Personal_Leed\Usgbc_LeedOnline_ScoreCard\Include\TestData\MultipleFileDiffExt\ZZ.pdf' sent to object: 'Object Repository/Innovation/Pilot_Credit_Opt2/AddFile_required_doc/input_required_doc'

2019-07-11 12:43:34 - [MESSAGE][PASSED] - Delayed 1 second(s)

2019-07-11 12:43:35 - [MESSAGE][PASSED] - Scroll to object 'Object Repository/Innovation/btn_Save' successfully

2019-07-11 12:43:35 - [MESSAGE][PASSED] - Object 'Object Repository/Innovation/btn_Save' is present

2019-07-11 12:43:38 - [MESSAGE][PASSED] - Delayed 3 second(s)

2019-07-11 12:43:38 - [MESSAGE][PASSED] - Object: 'Object Repository/Innovation/btn_Save' is clicked on

2019-07-11 12:43:40 - [MESSAGE][PASSED] - Delayed 2 second(s)

2019-07-11 12:43:40 - [MESSAGE][PASSED] - Text 'Form data saved successfully.' is present on page 

2019-07-11 12:43:42 - [MESSAGE][PASSED] - Refresh successfully

2019-07-11 12:43:45 - [MESSAGE][PASSED] - Delayed 3 second(s)

2019-07-11 12:43:45 - [MESSAGE][PASSED] - Attribute 'value' of object 'Object Repository/Innovation/Pilot_Credit_Opt2/input_nameOfPilot' is: 'credits'

2019-07-11 12:43:45 - [MESSAGE][PASSED] - Actual text 'credits' and expected text 'credits' are matched 

2019-07-11 12:43:48 - [MESSAGE][PASSED] - Delayed 3 second(s)

2019-07-11 12:43:48 - [MESSAGE][PASSED] - Attribute 'value' of object 'Object Repository/Innovation/Pilot_Credit_Opt2/input_numberOfPilot' is: '111'

2019-07-11 12:43:48 - [MESSAGE][PASSED] - Actual text '111' and expected text '111' are matched 

2019-07-11 12:43:50 - [MESSAGE][PASSED] - Delayed 2 second(s)

2019-07-11 12:43:51 - [MESSAGE][PASSED] - Navigate back successfully

2019-07-11 12:43:53 - [MESSAGE][PASSED] - Delayed 2 second(s)

2019-07-11 12:43:53 - [MESSAGE][PASSED] - Text of object 'Object Repository/Innovation/In_Navigation/h3_Status' is: 'ATTEMPTED'

2019-07-11 12:43:53 - [MESSAGE][PASSED] - Object: 'Object Repository/Innovation/In_Navigation/a_MarkReadyForReview' is clicked on

2019-07-11 12:43:58 - [MESSAGE][PASSED] - Delayed 5 second(s)

2019-07-11 12:43:58 - [MESSAGE][PASSED] - Text of object 'Object Repository/Innovation/In_Navigation/h3_Status' is: 'READY FOR REVIEW'

2019-07-11 12:43:58 - [MESSAGE][PASSED] - Run with 'innovation_Form.Runner_In_Pilot_Credit' was passed

2019-07-11 12:43:58 - [TEST_STEP][PASSED] - Start listener action : sampleAfterTestCase: Browser is closed

2019-07-11 12:43:58 - [TEST_STEP][PASSED] - closeBrowser(): Browser is closed

2019-07-11 12:43:59 - [MESSAGE][PASSED] - Browser is closed]]></system-out>
         <system-err><![CDATA[]]></system-err>
      </testcase>
      <testcase name="Test Cases/Innovation/TC_In_VerifyUploadedFile" classname="Test Cases/Innovation/TC_In_VerifyUploadedFile" status="FAILED">
         <failure type="FAILED" message="Test Cases/Innovation/TC_In_VerifyUploadedFile FAILED.
Reason:
com.kms.katalon.core.exception.StepFailedException: These following reason:
 [Unable to scroll to object 'Object Repository/Innovation/AddFile_LEED_Accredited/Table_LEED_Accredited']
	at com.kms.katalon.core.keyword.internal.KeywordMain.stepFailed(KeywordMain.groovy:48)
	at com.kms.katalon.core.keyword.internal.KeywordMain.stepFailed(KeywordMain.groovy)
	at com.kms.katalon.core.keyword.internal.KeywordMain.stepFailed(KeywordMain.groovy:21)
	at com.kms.katalon.core.keyword.internal.KeywordMain$stepFailed$0.call(Unknown Source)
	at com.kms.katalon.core.cucumber.keyword.CucumberBuiltinKeywords$_runWithCucumberRunner_closure3.doCall(CucumberBuiltinKeywords.groovy:272)
	at com.kms.katalon.core.cucumber.keyword.CucumberBuiltinKeywords$_runWithCucumberRunner_closure3.doCall(CucumberBuiltinKeywords.groovy)
	at com.kms.katalon.core.keyword.internal.KeywordMain.runKeyword(KeywordMain.groovy:66)
	at com.kms.katalon.core.keyword.internal.KeywordMain$runKeyword.call(Unknown Source)
	at com.kms.katalon.core.cucumber.keyword.CucumberBuiltinKeywords.runWithCucumberRunner(CucumberBuiltinKeywords.groovy:257)
	at com.kms.katalon.core.cucumber.keyword.CucumberBuiltinKeywords$runWithCucumberRunner$0.callStatic(Unknown Source)
	at com.kms.katalon.core.cucumber.keyword.CucumberBuiltinKeywords.runWithCucumberRunner(CucumberBuiltinKeywords.groovy:357)
	at com.kms.katalon.core.cucumber.keyword.CucumberBuiltinKeywords$runWithCucumberRunner.call(Unknown Source)
	at TC_In_VerifyUploadedFile.run(TC_In_VerifyUploadedFile:18)
	at com.kms.katalon.core.main.ScriptEngine.run(ScriptEngine.java:194)
	at com.kms.katalon.core.main.ScriptEngine.runScriptAsRawText(ScriptEngine.java:119)
	at com.kms.katalon.core.main.TestCaseExecutor.runScript(TestCaseExecutor.java:336)
	at com.kms.katalon.core.main.TestCaseExecutor.doExecute(TestCaseExecutor.java:327)
	at com.kms.katalon.core.main.TestCaseExecutor.processExecutionPhase(TestCaseExecutor.java:306)
	at com.kms.katalon.core.main.TestCaseExecutor.accessMainPhase(TestCaseExecutor.java:298)
	at com.kms.katalon.core.main.TestCaseExecutor.execute(TestCaseExecutor.java:232)
	at com.kms.katalon.core.main.TestSuiteExecutor.accessTestCaseMainPhase(TestSuiteExecutor.java:129)
	at com.kms.katalon.core.main.TestSuiteExecutor.accessTestSuiteMainPhase(TestSuiteExecutor.java:112)
	at com.kms.katalon.core.main.TestSuiteExecutor.execute(TestSuiteExecutor.java:81)
	at com.kms.katalon.core.main.TestCaseMain.startTestSuite(TestCaseMain.java:157)
	at com.kms.katalon.core.main.TestCaseMain$startTestSuite$0.call(Unknown Source)
	at TempTestSuite1562829032081.run(TempTestSuite1562829032081.groovy:35)
"/>
         <system-out><![CDATA[2019-07-11 12:43:59 - [TEST_CASE][FAILED] - Test Cases/Innovation/TC_In_VerifyUploadedFile: Test Cases/Innovation/TC_In_VerifyUploadedFile FAILED.
Reason:
com.kms.katalon.core.exception.StepFailedException: These following reason:
 [Unable to scroll to object 'Object Repository/Innovation/AddFile_LEED_Accredited/Table_LEED_Accredited']
	at com.kms.katalon.core.keyword.internal.KeywordMain.stepFailed(KeywordMain.groovy:48)
	at com.kms.katalon.core.keyword.internal.KeywordMain.stepFailed(KeywordMain.groovy)
	at com.kms.katalon.core.keyword.internal.KeywordMain.stepFailed(KeywordMain.groovy:21)
	at com.kms.katalon.core.keyword.internal.KeywordMain$stepFailed$0.call(Unknown Source)
	at com.kms.katalon.core.cucumber.keyword.CucumberBuiltinKeywords$_runWithCucumberRunner_closure3.doCall(CucumberBuiltinKeywords.groovy:272)
	at com.kms.katalon.core.cucumber.keyword.CucumberBuiltinKeywords$_runWithCucumberRunner_closure3.doCall(CucumberBuiltinKeywords.groovy)
	at com.kms.katalon.core.keyword.internal.KeywordMain.runKeyword(KeywordMain.groovy:66)
	at com.kms.katalon.core.keyword.internal.KeywordMain$runKeyword.call(Unknown Source)
	at com.kms.katalon.core.cucumber.keyword.CucumberBuiltinKeywords.runWithCucumberRunner(CucumberBuiltinKeywords.groovy:257)
	at com.kms.katalon.core.cucumber.keyword.CucumberBuiltinKeywords$runWithCucumberRunner$0.callStatic(Unknown Source)
	at com.kms.katalon.core.cucumber.keyword.CucumberBuiltinKeywords.runWithCucumberRunner(CucumberBuiltinKeywords.groovy:357)
	at com.kms.katalon.core.cucumber.keyword.CucumberBuiltinKeywords$runWithCucumberRunner.call(Unknown Source)
	at TC_In_VerifyUploadedFile.run(TC_In_VerifyUploadedFile:18)
	at com.kms.katalon.core.main.ScriptEngine.run(ScriptEngine.java:194)
	at com.kms.katalon.core.main.ScriptEngine.runScriptAsRawText(ScriptEngine.java:119)
	at com.kms.katalon.core.main.TestCaseExecutor.runScript(TestCaseExecutor.java:336)
	at com.kms.katalon.core.main.TestCaseExecutor.doExecute(TestCaseExecutor.java:327)
	at com.kms.katalon.core.main.TestCaseExecutor.processExecutionPhase(TestCaseExecutor.java:306)
	at com.kms.katalon.core.main.TestCaseExecutor.accessMainPhase(TestCaseExecutor.java:298)
	at com.kms.katalon.core.main.TestCaseExecutor.execute(TestCaseExecutor.java:232)
	at com.kms.katalon.core.main.TestSuiteExecutor.accessTestCaseMainPhase(TestSuiteExecutor.java:129)
	at com.kms.katalon.core.main.TestSuiteExecutor.accessTestSuiteMainPhase(TestSuiteExecutor.java:112)
	at com.kms.katalon.core.main.TestSuiteExecutor.execute(TestSuiteExecutor.java:81)
	at com.kms.katalon.core.main.TestCaseMain.startTestSuite(TestCaseMain.java:157)
	at com.kms.katalon.core.main.TestCaseMain$startTestSuite$0.call(Unknown Source)
	at TempTestSuite1562829032081.run(TempTestSuite1562829032081.groovy:35)


2019-07-11 12:43:59 - [TEST_STEP][PASSED] - Start listener action : sampleBeforeTestCase: null

2019-07-11 12:43:59 - [TEST_STEP][PASSED] - openBrowser(""): Browser is opened with url: ''

2019-07-11 12:43:59 - [MESSAGE][INFO] - Starting 'Chrome' driver

2019-07-11 12:43:59 - [MESSAGE][INFO] - User set preference: ['args', '[--window-size=1920,1080]']

2019-07-11 12:44:01 - [MESSAGE][PASSED] - Browser is opened with url: ''

2019-07-11 12:44:01 - [TEST_STEP][PASSED] - driver = getWebDriver(): null

2019-07-11 12:44:01 - [TEST_STEP][PASSED] - println("The driver is ########### " + driver): null

2019-07-11 12:44:01 - [TEST_STEP][PASSED] - downloadPath = "/var/lib/jenkins/workspace/Local_Check_SCard/Usgbc_LeedOnline_ScoreCard/Include/TestData/DownloadedFiles": null

2019-07-11 12:44:01 - [TEST_STEP][PASSED] - projectKeywords().sendCommandForDownloadChromeHeadLess(driver.getCommandExecutor(), driver.getSessionId(), downloadPath): null

2019-07-11 12:44:02 - [TEST_STEP][FAILED] - runWithCucumberRunner(innovation_Form.Runner_In_VerifyUploadedFile): Keyword runWithCucumberRunner was failed (Root cause: com.kms.katalon.core.exception.StepFailedException: These following reason:
 [Unable to scroll to object 'Object Repository/Innovation/AddFile_LEED_Accredited/Table_LEED_Accredited']
	at com.kms.katalon.core.keyword.internal.KeywordMain.stepFailed(KeywordMain.groovy:48)
	at com.kms.katalon.core.keyword.internal.KeywordMain.stepFailed(KeywordMain.groovy)
	at com.kms.katalon.core.keyword.internal.KeywordMain.stepFailed(KeywordMain.groovy:21)
	at com.kms.katalon.core.keyword.internal.KeywordMain$stepFailed$0.call(Unknown Source)
	at com.kms.katalon.core.cucumber.keyword.CucumberBuiltinKeywords$_runWithCucumberRunner_closure3.doCall(CucumberBuiltinKeywords.groovy:272)
	at com.kms.katalon.core.cucumber.keyword.CucumberBuiltinKeywords$_runWithCucumberRunner_closure3.doCall(CucumberBuiltinKeywords.groovy)
	at com.kms.katalon.core.keyword.internal.KeywordMain.runKeyword(KeywordMain.groovy:66)
	at com.kms.katalon.core.keyword.internal.KeywordMain$runKeyword.call(Unknown Source)
	at com.kms.katalon.core.cucumber.keyword.CucumberBuiltinKeywords.runWithCucumberRunner(CucumberBuiltinKeywords.groovy:257)
	at com.kms.katalon.core.cucumber.keyword.CucumberBuiltinKeywords$runWithCucumberRunner$0.callStatic(Unknown Source)
	at com.kms.katalon.core.cucumber.keyword.CucumberBuiltinKeywords.runWithCucumberRunner(CucumberBuiltinKeywords.groovy:357)
	at com.kms.katalon.core.cucumber.keyword.CucumberBuiltinKeywords$runWithCucumberRunner.call(Unknown Source)
	at TC_In_VerifyUploadedFile.run(TC_In_VerifyUploadedFile:18)
	at com.kms.katalon.core.main.ScriptEngine.run(ScriptEngine.java:194)
	at com.kms.katalon.core.main.ScriptEngine.runScriptAsRawText(ScriptEngine.java:119)
	at com.kms.katalon.core.main.TestCaseExecutor.runScript(TestCaseExecutor.java:336)
	at com.kms.katalon.core.main.TestCaseExecutor.doExecute(TestCaseExecutor.java:327)
	at com.kms.katalon.core.main.TestCaseExecutor.processExecutionPhase(TestCaseExecutor.java:306)
	at com.kms.katalon.core.main.TestCaseExecutor.accessMainPhase(TestCaseExecutor.java:298)
	at com.kms.katalon.core.main.TestCaseExecutor.execute(TestCaseExecutor.java:232)
	at com.kms.katalon.core.main.TestSuiteExecutor.accessTestCaseMainPhase(TestSuiteExecutor.java:129)
	at com.kms.katalon.core.main.TestSuiteExecutor.accessTestSuiteMainPhase(TestSuiteExecutor.java:112)
	at com.kms.katalon.core.main.TestSuiteExecutor.execute(TestSuiteExecutor.java:81)
	at com.kms.katalon.core.main.TestCaseMain.startTestSuite(TestCaseMain.java:157)
	at com.kms.katalon.core.main.TestCaseMain$startTestSuite$0.call(Unknown Source)
	at TempTestSuite1562829032081.run(TempTestSuite1562829032081.groovy:35)
)

2019-07-11 12:44:04 - [TEST_CASE][PASSED] - Test Cases/Innovation/TC_In_Navigation: Test Cases/Innovation/TC_In_Navigation

2019-07-11 12:44:04 - [TEST_STEP][PASSED] - runWithCucumberRunner(innovation_Form.Runner_In_Navigation): Run with 'innovation_Form.Runner_In_Navigation' was passed

2019-07-11 12:44:05 - [TEST_CASE][PASSED] - Test Cases/Login/TC_Login: Test Cases/Login/TC_Login

2019-07-11 12:44:05 - [TEST_STEP][PASSED] - runWithCucumberRunner(common.Runner_Login): Run with 'common.Runner_Login' was passed

2019-07-11 12:44:08 - [MESSAGE][PASSED] - Navigate to 'https://leedonline-stg.usgbc.org' successfully

2019-07-11 12:44:10 - [MESSAGE][PASSED] - Delayed 2 second(s)

2019-07-11 12:44:11 - [MESSAGE][PASSED] - Text 'automationbdd1@gmail.com' is set on object 'Object Repository/Login/input_username'

2019-07-11 12:44:11 - [MESSAGE][PASSED] - Text 'initpass' is set on object 'Object Repository/Login/input_password'

2019-07-11 12:44:14 - [MESSAGE][PASSED] - Delayed 3 second(s)

2019-07-11 12:44:14 - [MESSAGE][PASSED] - Scroll to object 'Object Repository/Login/span_End User License Agreement' successfully

2019-07-11 12:44:14 - [MESSAGE][PASSED] - Object 'Object Repository/Login/span_End User License Agreement' is visible

2019-07-11 12:44:14 - [MESSAGE][PASSED] - Object 'Object Repository/Login/span_End User License Agreement' is checked

2019-07-11 12:44:15 - [MESSAGE][PASSED] - Delayed 1 second(s)

2019-07-11 12:44:15 - [MESSAGE][PASSED] - Object: 'Object Repository/Login/button_Log In' is clicked on

2019-07-11 12:44:20 - [MESSAGE][PASSED] - Object: '' is clicked on

2019-07-11 12:44:22 - [MESSAGE][PASSED] - Object: 'Object Repository/Login/a_Credits' is clicked on

2019-07-11 12:44:22 - [MESSAGE][PASSED] - Run with 'common.Runner_Login' was passed

2019-07-11 12:44:22 - [MESSAGE][PASSED] - Call Test Case 'Test Cases/Login/TC_Login' successfully

2019-07-11 12:44:22 - [MESSAGE][PASSED] - Scroll to object 'Object Repository/Innovation/In_Navigation/div_Innovation' successfully

2019-07-11 12:44:22 - [MESSAGE][PASSED] - Object 'Object Repository/Innovation/In_Navigation/div_Innovation' is present

2019-07-11 12:44:22 - [MESSAGE][PASSED] - Text of object 'Object Repository/Innovation/In_Navigation/h3_Status' is: 'READY FOR REVIEW'

2019-07-11 12:44:22 - [MESSAGE][PASSED] - Text of object 'Object Repository/Innovation/In_Navigation/divval' is: 'READY FOR REVIEW'

2019-07-11 12:44:22 - [MESSAGE][PASSED] - Object: 'Object Repository/Innovation/In_Navigation/a_MarkReadyForReview' is clicked on

2019-07-11 12:44:27 - [MESSAGE][PASSED] - Delayed 5 second(s)

2019-07-11 12:44:27 - [MESSAGE][PASSED] - Text of object 'Object Repository/Innovation/In_Navigation/h3_Status' is: 'ATTEMPTED'

2019-07-11 12:44:27 - [MESSAGE][PASSED] - Object: 'Object Repository/Innovation/In_Navigation/div_Innovation' is clicked on

2019-07-11 12:44:30 - [MESSAGE][PASSED] - Delayed 3 second(s)

2019-07-11 12:44:43 - [MESSAGE][PASSED] - Object: 'Object Repository/Innovation/In_Navigation/span_(V01)' is clicked on

2019-07-11 12:44:43 - [MESSAGE][PASSED] - Object 'Object Repository/Innovation/In_Navigation/div_InnovationCredit' is present

2019-07-11 12:44:43 - [MESSAGE][PASSED] - Run with 'innovation_Form.Runner_In_Navigation' was passed

2019-07-11 12:44:43 - [MESSAGE][PASSED] - Call Test Case 'Test Cases/Innovation/TC_In_Navigation' successfully

2019-07-11 12:45:18 - [MESSAGE][INFO] - Unable to find the element located by 'By.xpath: //*[@id="leedApDocs_files"]/table'. Please recheck the objects properties to make sure the desired element is located. 

2019-07-11 12:45:19 - [MESSAGE][FAILED] - Unable to scroll to object 'Object Repository/Innovation/AddFile_LEED_Accredited/Table_LEED_Accredited' (Root cause: com.kms.katalon.core.exception.StepFailedException: Unable to scroll to object 'Object Repository/Innovation/AddFile_LEED_Accredited/Table_LEED_Accredited'
	at com.kms.katalon.core.webui.keyword.internal.WebUIKeywordMain.stepFailed(WebUIKeywordMain.groovy:64)
	at com.kms.katalon.core.webui.keyword.internal.WebUIKeywordMain.runKeyword(WebUIKeywordMain.groovy:26)
	at com.kms.katalon.core.webui.keyword.builtin.ScrollToElementKeyword.scrollToElement(ScrollToElementKeyword.groovy:88)
	at com.kms.katalon.core.webui.keyword.builtin.ScrollToElementKeyword.execute(ScrollToElementKeyword.groovy:68)
	at com.kms.katalon.core.keyword.internal.KeywordExecutor.executeKeywordForPlatform(KeywordExecutor.groovy:56)
	at com.kms.katalon.core.webui.keyword.WebUiBuiltInKeywords.scrollToElement(WebUiBuiltInKeywords.groovy:2975)
	at com.kms.katalon.core.webui.keyword.WebUiBuiltInKeywords$scrollToElement$2.call(Unknown Source)
	at innovation_Form.In_VerifyUploadedFiles.user_has_to_see_the_table_of_uploaded_files_on_project_team_member_s_LEED_Accredited(In_VerifyUploadedFiles.groovy:61)
	at cucumber.runtime.Utils$1.call(Utils.java:26)
	at cucumber.runtime.Timeout.timeout(Timeout.java:16)
	at cucumber.runtime.Utils.invoke(Utils.java:20)
	at cucumber.runtime.java.JavaStepDefinition.execute(JavaStepDefinition.java:48)
	at cucumber.runtime.PickleStepDefinitionMatch.runStep(PickleStepDefinitionMatch.java:50)
	at cucumber.runner.TestStep.executeStep(TestStep.java:55)
	at cucumber.runner.TestStep.run(TestStep.java:42)
	at cucumber.runner.PickleStepTestStep.run(PickleStepTestStep.java:53)
	at cucumber.runner.TestCase.run(TestCase.java:47)
	at cucumber.runner.Runner.runPickle(Runner.java:44)
	at cucumber.runtime.junit.PickleRunners$NoStepDescriptions.run(PickleRunners.java:140)
	at cucumber.runtime.junit.FeatureRunner.runChild(FeatureRunner.java:68)
	at cucumber.runtime.junit.FeatureRunner.runChild(FeatureRunner.java:23)
	at org.junit.runners.ParentRunner$3.run(ParentRunner.java:290)
	at org.junit.runners.ParentRunner$1.schedule(ParentRunner.java:71)
	at org.junit.runners.ParentRunner.runChildren(ParentRunner.java:288)
	at org.junit.runners.ParentRunner.access$000(ParentRunner.java:58)
	at org.junit.runners.ParentRunner$2.evaluate(ParentRunner.java:268)
	at org.junit.runners.ParentRunner.run(ParentRunner.java:363)
	at cucumber.runtime.junit.FeatureRunner.run(FeatureRunner.java:73)
	at cucumber.api.junit.Cucumber.runChild(Cucumber.java:98)
	at cucumber.api.junit.Cucumber.runChild(Cucumber.java:55)
	at org.junit.runners.ParentRunner$3.run(ParentRunner.java:290)
	at org.junit.runners.ParentRunner$1.schedule(ParentRunner.java:71)
	at org.junit.runners.ParentRunner.runChildren(ParentRunner.java:288)
	at org.junit.runners.ParentRunner.access$000(ParentRunner.java:58)
	at org.junit.runners.ParentRunner$2.evaluate(ParentRunner.java:268)
	at cucumber.api.junit.Cucumber$1.evaluate(Cucumber.java:107)
	at org.junit.runners.ParentRunner.run(ParentRunner.java:363)
	at org.junit.runners.Suite.runChild(Suite.java:128)
	at org.junit.runners.Suite.runChild(Suite.java:27)
	at org.junit.runners.ParentRunner$3.run(ParentRunner.java:290)
	at org.junit.runners.ParentRunner$1.schedule(ParentRunner.java:71)
	at org.junit.runners.ParentRunner.runChildren(ParentRunner.java:288)
	at org.junit.runners.ParentRunner.access$000(ParentRunner.java:58)
	at org.junit.runners.ParentRunner$2.evaluate(ParentRunner.java:268)
	at org.junit.runners.ParentRunner.run(ParentRunner.java:363)
	at org.junit.runner.JUnitCore.run(JUnitCore.java:137)
	at org.junit.runner.JUnitCore.run(JUnitCore.java:115)
	at org.junit.runner.JUnitCore.run(JUnitCore.java:105)
	at com.kms.katalon.core.cucumber.keyword.CucumberBuiltinKeywords$_runWithCucumberRunner_closure3.doCall(CucumberBuiltinKeywords.groovy:260)
	at com.kms.katalon.core.cucumber.keyword.CucumberBuiltinKeywords$_runWithCucumberRunner_closure3.doCall(CucumberBuiltinKeywords.groovy)
	at com.kms.katalon.core.keyword.internal.KeywordMain.runKeyword(KeywordMain.groovy:66)
	at com.kms.katalon.core.keyword.internal.KeywordMain$runKeyword.call(Unknown Source)
	at com.kms.katalon.core.cucumber.keyword.CucumberBuiltinKeywords.runWithCucumberRunner(CucumberBuiltinKeywords.groovy:257)
	at com.kms.katalon.core.cucumber.keyword.CucumberBuiltinKeywords$runWithCucumberRunner$0.callStatic(Unknown Source)
	at com.kms.katalon.core.cucumber.keyword.CucumberBuiltinKeywords.runWithCucumberRunner(CucumberBuiltinKeywords.groovy:357)
	at com.kms.katalon.core.cucumber.keyword.CucumberBuiltinKeywords$runWithCucumberRunner.call(Unknown Source)
	at TC_In_VerifyUploadedFile.run(TC_In_VerifyUploadedFile:18)
	at com.kms.katalon.core.main.ScriptEngine.run(ScriptEngine.java:194)
	at com.kms.katalon.core.main.ScriptEngine.runScriptAsRawText(ScriptEngine.java:119)
	at com.kms.katalon.core.main.TestCaseExecutor.runScript(TestCaseExecutor.java:336)
	at com.kms.katalon.core.main.TestCaseExecutor.doExecute(TestCaseExecutor.java:327)
	at com.kms.katalon.core.main.TestCaseExecutor.processExecutionPhase(TestCaseExecutor.java:306)
	at com.kms.katalon.core.main.TestCaseExecutor.accessMainPhase(TestCaseExecutor.java:298)
	at com.kms.katalon.core.main.TestCaseExecutor.execute(TestCaseExecutor.java:232)
	at com.kms.katalon.core.main.TestSuiteExecutor.accessTestCaseMainPhase(TestSuiteExecutor.java:129)
	at com.kms.katalon.core.main.TestSuiteExecutor.accessTestSuiteMainPhase(TestSuiteExecutor.java:112)
	at com.kms.katalon.core.main.TestSuiteExecutor.execute(TestSuiteExecutor.java:81)
	at com.kms.katalon.core.main.TestCaseMain.startTestSuite(TestCaseMain.java:157)
	at com.kms.katalon.core.main.TestCaseMain$startTestSuite$0.call(Unknown Source)
	at TempTestSuite1562829032081.run(TempTestSuite1562829032081.groovy:35)
Caused by: com.kms.katalon.core.webui.exception.WebElementNotFoundException: Web element with id: 'Object Repository/Innovation/AddFile_LEED_Accredited/Table_LEED_Accredited' located by 'By.xpath: //*[@id="leedApDocs_files"]/table' not found
	at com.kms.katalon.core.webui.common.WebUiCommonHelper.findWebElement(WebUiCommonHelper.java:1097)
	at com.kms.katalon.core.webui.keyword.internal.WebUIAbstractKeyword.findWebElement(WebUIAbstractKeyword.groovy:27)
	at com.kms.katalon.core.webui.keyword.internal.WebUIAbstractKeyword.findWebElement(WebUIAbstractKeyword.groovy:26)
	at com.kms.katalon.core.webui.keyword.builtin.ScrollToElementKeyword$_scrollToElement_closure1.doCall(ScrollToElementKeyword.groovy:79)
	at com.kms.katalon.core.webui.keyword.builtin.ScrollToElementKeyword$_scrollToElement_closure1.call(ScrollToElementKeyword.groovy)
	at com.kms.katalon.core.webui.keyword.internal.WebUIKeywordMain.runKeyword(WebUIKeywordMain.groovy:20)
	at com.kms.katalon.core.webui.keyword.builtin.ScrollToElementKeyword.scrollToElement(ScrollToElementKeyword.groovy:88)
	at com.kms.katalon.core.webui.keyword.builtin.ScrollToElementKeyword.execute(ScrollToElementKeyword.groovy:68)
	at com.kms.katalon.core.keyword.internal.KeywordExecutor.executeKeywordForPlatform(KeywordExecutor.groovy:56)
	at com.kms.katalon.core.webui.keyword.WebUiBuiltInKeywords.scrollToElement(WebUiBuiltInKeywords.groovy:2975)
	at com.kms.katalon.core.webui.keyword.WebUiBuiltInKeywords$scrollToElement$2.call(Unknown Source)
	at innovation_Form.In_VerifyUploadedFiles.user_has_to_see_the_table_of_uploaded_files_on_project_team_member_s_LEED_Accredited(In_VerifyUploadedFiles.groovy:61)
	at cucumber.runtime.Utils$1.call(Utils.java:26)
	at cucumber.runtime.Timeout.timeout(Timeout.java:16)
	at cucumber.runtime.Utils.invoke(Utils.java:20)
	at cucumber.runtime.java.JavaStepDefinition.execute(JavaStepDefinition.java:48)
	at cucumber.runtime.PickleStepDefinitionMatch.runStep(PickleStepDefinitionMatch.java:50)
	at cucumber.runner.TestStep.executeStep(TestStep.java:55)
	at cucumber.runner.TestStep.run(TestStep.java:42)
	at cucumber.runner.PickleStepTestStep.run(PickleStepTestStep.java:53)
	at cucumber.runner.TestCase.run(TestCase.java:47)
	at cucumber.runner.Runner.runPickle(Runner.java:44)
	at cucumber.runtime.junit.PickleRunners$NoStepDescriptions.run(PickleRunners.java:140)
	at cucumber.runtime.junit.FeatureRunner.runChild(FeatureRunner.java:68)
	at cucumber.runtime.junit.FeatureRunner.runChild(FeatureRunner.java:23)
	at org.junit.runners.ParentRunner$3.run(ParentRunner.java:290)
	at org.junit.runners.ParentRunner$1.schedule(ParentRunner.java:71)
	at org.junit.runners.ParentRunner.runChildren(ParentRunner.java:288)
	at org.junit.runners.ParentRunner.access$000(ParentRunner.java:58)
	at org.junit.runners.ParentRunner$2.evaluate(ParentRunner.java:268)
	at org.junit.runners.ParentRunner.run(ParentRunner.java:363)
	at cucumber.runtime.junit.FeatureRunner.run(FeatureRunner.java:73)
	at cucumber.api.junit.Cucumber.runChild(Cucumber.java:98)
	at cucumber.api.junit.Cucumber.runChild(Cucumber.java:55)
	at org.junit.runners.ParentRunner$3.run(ParentRunner.java:290)
	at org.junit.runners.ParentRunner$1.schedule(ParentRunner.java:71)
	at org.junit.runners.ParentRunner.runChildren(ParentRunner.java:288)
	at org.junit.runners.ParentRunner.access$000(ParentRunner.java:58)
	at org.junit.runners.ParentRunner$2.evaluate(ParentRunner.java:268)
	at cucumber.api.junit.Cucumber$1.evaluate(Cucumber.java:107)
	at org.junit.runners.ParentRunner.run(ParentRunner.java:363)
	at org.junit.runners.Suite.runChild(Suite.java:128)
	at org.junit.runners.Suite.runChild(Suite.java:27)
	at org.junit.runners.ParentRunner$3.run(ParentRunner.java:290)
	at org.junit.runners.ParentRunner$1.schedule(ParentRunner.java:71)
	at org.junit.runners.ParentRunner.runChildren(ParentRunner.java:288)
	at org.junit.runners.ParentRunner.access$000(ParentRunner.java:58)
	at org.junit.runners.ParentRunner$2.evaluate(ParentRunner.java:268)
	at org.junit.runners.ParentRunner.run(ParentRunner.java:363)
	at org.junit.runner.JUnitCore.run(JUnitCore.java:137)
	at org.junit.runner.JUnitCore.run(JUnitCore.java:115)
	at org.junit.runner.JUnitCore.run(JUnitCore.java:105)
	at com.kms.katalon.core.cucumber.keyword.CucumberBuiltinKeywords$_runWithCucumberRunner_closure3.doCall(CucumberBuiltinKeywords.groovy:260)
	at com.kms.katalon.core.cucumber.keyword.CucumberBuiltinKeywords$_runWithCucumberRunner_closure3.doCall(CucumberBuiltinKeywords.groovy)
	at com.kms.katalon.core.keyword.internal.KeywordMain.runKeyword(KeywordMain.groovy:66)
	at com.kms.katalon.core.keyword.internal.KeywordMain$runKeyword.call(Unknown Source)
	at com.kms.katalon.core.cucumber.keyword.CucumberBuiltinKeywords.runWithCucumberRunner(CucumberBuiltinKeywords.groovy:257)
	at com.kms.katalon.core.cucumber.keyword.CucumberBuiltinKeywords$runWithCucumberRunner$0.callStatic(Unknown Source)
	at com.kms.katalon.core.cucumber.keyword.CucumberBuiltinKeywords.runWithCucumberRunner(CucumberBuiltinKeywords.groovy:357)
	at com.kms.katalon.core.cucumber.keyword.CucumberBuiltinKeywords$runWithCucumberRunner.call(Unknown Source)
	at Script1561980275654.run(Script1561980275654.groovy:18)
	... 13 more
)
[[ATTACHMENT|H:\\Git_personal\\Personal_Leed\\Usgbc_LeedOnline_ScoreCard\\Reports\\In_SmokeTest\\20190711_124027\\1562829319001.png]]

2019-07-11 12:45:19 - [MESSAGE][PASSED] - Scroll to object 'Object Repository/Innovation/Pilot_Credit_Opt2/AddFile_required_doc/Table_required_doc' successfully

2019-07-11 12:45:19 - [MESSAGE][PASSED] - Object 'Object Repository/Innovation/Pilot_Credit_Opt2/AddFile_required_doc/Table_required_doc' is present

2019-07-11 12:45:19 - [MESSAGE][PASSED] - Text of object '' is: 'SampleGIFImage_350kbmb.gif'

2019-07-11 12:45:20 - [MESSAGE][PASSED] - SampleGIFImage_350kbmb.gif is equal to SampleGIFImage_350kbmb.gif

2019-07-11 12:45:20 - [MESSAGE][PASSED] - Actual text 'SampleGIFImage_350kbmb.gif' and expected text 'SampleGIFImage_350kbmb.gif' are matched 

2019-07-11 12:45:20 - [MESSAGE][PASSED] - Text of object '' is: 'SamplePPTFile_1000kb.ppt'

2019-07-11 12:45:20 - [MESSAGE][PASSED] - SamplePPTFile_1000kb.ppt is equal to SamplePPTFile_1000kb.ppt

2019-07-11 12:45:20 - [MESSAGE][PASSED] - Actual text 'SamplePPTFile_1000kb.ppt' and expected text 'SamplePPTFile_1000kb.ppt' are matched 

2019-07-11 12:45:20 - [MESSAGE][PASSED] - Text of object '' is: 'ZZ.pdf'

2019-07-11 12:45:20 - [MESSAGE][PASSED] - ZZ.pdf is equal to ZZ.pdf

2019-07-11 12:45:20 - [MESSAGE][PASSED] - Actual text 'ZZ.pdf' and expected text 'ZZ.pdf' are matched 

2019-07-11 12:45:20 - [MESSAGE][PASSED] - Scroll to object 'Object Repository/Innovation/Special Circumstances/AddFile_additionalDoc/Table_additionalDoc' successfully

2019-07-11 12:45:20 - [MESSAGE][PASSED] - Object 'Object Repository/Innovation/Special Circumstances/AddFile_additionalDoc/Table_additionalDoc' is present

2019-07-11 12:45:20 - [MESSAGE][PASSED] - Text of object '' is: 'SampleGIFImage_350kbmb.gif'

2019-07-11 12:45:20 - [MESSAGE][PASSED] - SampleGIFImage_350kbmb.gif is equal to SampleGIFImage_350kbmb.gif

2019-07-11 12:45:20 - [MESSAGE][PASSED] - Actual text 'SampleGIFImage_350kbmb.gif' and expected text 'SampleGIFImage_350kbmb.gif' are matched 

2019-07-11 12:45:20 - [MESSAGE][PASSED] - Text of object '' is: 'SamplePPTFile_1000kb.ppt'

2019-07-11 12:45:20 - [MESSAGE][PASSED] - SamplePPTFile_1000kb.ppt is equal to SamplePPTFile_1000kb.ppt

2019-07-11 12:45:20 - [MESSAGE][PASSED] - Actual text 'SamplePPTFile_1000kb.ppt' and expected text 'SamplePPTFile_1000kb.ppt' are matched 

2019-07-11 12:45:21 - [MESSAGE][PASSED] - Text of object '' is: 'ZZ.pdf'

2019-07-11 12:45:21 - [MESSAGE][PASSED] - ZZ.pdf is equal to ZZ.pdf

2019-07-11 12:45:21 - [MESSAGE][PASSED] - Actual text 'ZZ.pdf' and expected text 'ZZ.pdf' are matched 

2019-07-11 12:45:21 - [MESSAGE][PASSED] - Scroll to object 'Object Repository/Innovation/Innovation_Strategy_Opt1/radio_innovation_Strategy' successfully

2019-07-11 12:45:21 - [MESSAGE][PASSED] - Object 'Object Repository/Innovation/Innovation_Strategy_Opt1/radio_innovation_Strategy' is present

2019-07-11 12:45:24 - [MESSAGE][PASSED] - Delayed 3 second(s)

2019-07-11 12:45:24 - [MESSAGE][PASSED] - Object 'Object Repository/Innovation/Innovation_Strategy_Opt1/radio_innovation_Strategy' is checked

2019-07-11 12:45:24 - [MESSAGE][PASSED] - Scroll to object 'Object Repository/Innovation/Innovation_Strategy_Opt1/AddFile_supporting_doc/Table_supporting_doc' successfully

2019-07-11 12:45:24 - [MESSAGE][PASSED] - Object 'Object Repository/Innovation/Innovation_Strategy_Opt1/AddFile_supporting_doc/Table_supporting_doc' is present

2019-07-11 12:45:24 - [MESSAGE][PASSED] - Text of object '' is: 'SampleGIFImage_350kbmb.gif'

2019-07-11 12:45:24 - [MESSAGE][PASSED] - SampleGIFImage_350kbmb.gif is equal to SampleGIFImage_350kbmb.gif

2019-07-11 12:45:24 - [MESSAGE][PASSED] - Actual text 'SampleGIFImage_350kbmb.gif' and expected text 'SampleGIFImage_350kbmb.gif' are matched 

2019-07-11 12:45:24 - [MESSAGE][PASSED] - Text of object '' is: 'SamplePPTFile_1000kb.ppt'

2019-07-11 12:45:25 - [MESSAGE][PASSED] - SamplePPTFile_1000kb.ppt is equal to SamplePPTFile_1000kb.ppt

2019-07-11 12:45:25 - [MESSAGE][PASSED] - Actual text 'SamplePPTFile_1000kb.ppt' and expected text 'SamplePPTFile_1000kb.ppt' are matched 

2019-07-11 12:45:25 - [MESSAGE][PASSED] - Text of object '' is: 'ZZ.pdf'

2019-07-11 12:45:25 - [MESSAGE][PASSED] - ZZ.pdf is equal to ZZ.pdf

2019-07-11 12:45:25 - [MESSAGE][PASSED] - Actual text 'ZZ.pdf' and expected text 'ZZ.pdf' are matched 

2019-07-11 12:45:35 - [MESSAGE][PASSED] - Delayed 10 second(s)

2019-07-11 12:45:35 - [MESSAGE][PASSED] - Object 'Object Repository/Innovation/Autosave/a_Clear draft' is present

2019-07-11 12:45:35 - [MESSAGE][PASSED] - Object: 'Object Repository/Innovation/Autosave/a_Clear draft' is clicked on

2019-07-11 12:45:35 - [MESSAGE][PASSED] - Object: 'Object Repository/Innovation/Autosave/button_Yes' is clicked on

2019-07-11 12:45:35 - [MESSAGE][FAILED] - These following reason:
 [Unable to scroll to object 'Object Repository/Innovation/AddFile_LEED_Accredited/Table_LEED_Accredited']

2019-07-11 12:45:35 - [MESSAGE][FAILED] - Keyword runWithCucumberRunner was failed (Root cause: com.kms.katalon.core.exception.StepFailedException: These following reason:
 [Unable to scroll to object 'Object Repository/Innovation/AddFile_LEED_Accredited/Table_LEED_Accredited']
	at com.kms.katalon.core.keyword.internal.KeywordMain.stepFailed(KeywordMain.groovy:48)
	at com.kms.katalon.core.keyword.internal.KeywordMain.stepFailed(KeywordMain.groovy)
	at com.kms.katalon.core.keyword.internal.KeywordMain.stepFailed(KeywordMain.groovy:21)
	at com.kms.katalon.core.keyword.internal.KeywordMain$stepFailed$0.call(Unknown Source)
	at com.kms.katalon.core.cucumber.keyword.CucumberBuiltinKeywords$_runWithCucumberRunner_closure3.doCall(CucumberBuiltinKeywords.groovy:272)
	at com.kms.katalon.core.cucumber.keyword.CucumberBuiltinKeywords$_runWithCucumberRunner_closure3.doCall(CucumberBuiltinKeywords.groovy)
	at com.kms.katalon.core.keyword.internal.KeywordMain.runKeyword(KeywordMain.groovy:66)
	at com.kms.katalon.core.keyword.internal.KeywordMain$runKeyword.call(Unknown Source)
	at com.kms.katalon.core.cucumber.keyword.CucumberBuiltinKeywords.runWithCucumberRunner(CucumberBuiltinKeywords.groovy:257)
	at com.kms.katalon.core.cucumber.keyword.CucumberBuiltinKeywords$runWithCucumberRunner$0.callStatic(Unknown Source)
	at com.kms.katalon.core.cucumber.keyword.CucumberBuiltinKeywords.runWithCucumberRunner(CucumberBuiltinKeywords.groovy:357)
	at com.kms.katalon.core.cucumber.keyword.CucumberBuiltinKeywords$runWithCucumberRunner.call(Unknown Source)
	at TC_In_VerifyUploadedFile.run(TC_In_VerifyUploadedFile:18)
	at com.kms.katalon.core.main.ScriptEngine.run(ScriptEngine.java:194)
	at com.kms.katalon.core.main.ScriptEngine.runScriptAsRawText(ScriptEngine.java:119)
	at com.kms.katalon.core.main.TestCaseExecutor.runScript(TestCaseExecutor.java:336)
	at com.kms.katalon.core.main.TestCaseExecutor.doExecute(TestCaseExecutor.java:327)
	at com.kms.katalon.core.main.TestCaseExecutor.processExecutionPhase(TestCaseExecutor.java:306)
	at com.kms.katalon.core.main.TestCaseExecutor.accessMainPhase(TestCaseExecutor.java:298)
	at com.kms.katalon.core.main.TestCaseExecutor.execute(TestCaseExecutor.java:232)
	at com.kms.katalon.core.main.TestSuiteExecutor.accessTestCaseMainPhase(TestSuiteExecutor.java:129)
	at com.kms.katalon.core.main.TestSuiteExecutor.accessTestSuiteMainPhase(TestSuiteExecutor.java:112)
	at com.kms.katalon.core.main.TestSuiteExecutor.execute(TestSuiteExecutor.java:81)
	at com.kms.katalon.core.main.TestCaseMain.startTestSuite(TestCaseMain.java:157)
	at com.kms.katalon.core.main.TestCaseMain$startTestSuite$0.call(Unknown Source)
	at TempTestSuite1562829032081.run(TempTestSuite1562829032081.groovy:35)
)

2019-07-11 12:45:35 - [TEST_STEP][PASSED] - Start listener action : sampleAfterTestCase: Browser is closed

2019-07-11 12:45:35 - [TEST_STEP][PASSED] - closeBrowser(): Browser is closed

2019-07-11 12:45:36 - [MESSAGE][PASSED] - Browser is closed]]></system-out>
         <system-err><![CDATA[2019-07-11 12:43:59 - [TEST_CASE][FAILED] - Test Cases/Innovation/TC_In_VerifyUploadedFile: Test Cases/Innovation/TC_In_VerifyUploadedFile FAILED.
Reason:
com.kms.katalon.core.exception.StepFailedException: These following reason:
 [Unable to scroll to object 'Object Repository/Innovation/AddFile_LEED_Accredited/Table_LEED_Accredited']
	at com.kms.katalon.core.keyword.internal.KeywordMain.stepFailed(KeywordMain.groovy:48)
	at com.kms.katalon.core.keyword.internal.KeywordMain.stepFailed(KeywordMain.groovy)
	at com.kms.katalon.core.keyword.internal.KeywordMain.stepFailed(KeywordMain.groovy:21)
	at com.kms.katalon.core.keyword.internal.KeywordMain$stepFailed$0.call(Unknown Source)
	at com.kms.katalon.core.cucumber.keyword.CucumberBuiltinKeywords$_runWithCucumberRunner_closure3.doCall(CucumberBuiltinKeywords.groovy:272)
	at com.kms.katalon.core.cucumber.keyword.CucumberBuiltinKeywords$_runWithCucumberRunner_closure3.doCall(CucumberBuiltinKeywords.groovy)
	at com.kms.katalon.core.keyword.internal.KeywordMain.runKeyword(KeywordMain.groovy:66)
	at com.kms.katalon.core.keyword.internal.KeywordMain$runKeyword.call(Unknown Source)
	at com.kms.katalon.core.cucumber.keyword.CucumberBuiltinKeywords.runWithCucumberRunner(CucumberBuiltinKeywords.groovy:257)
	at com.kms.katalon.core.cucumber.keyword.CucumberBuiltinKeywords$runWithCucumberRunner$0.callStatic(Unknown Source)
	at com.kms.katalon.core.cucumber.keyword.CucumberBuiltinKeywords.runWithCucumberRunner(CucumberBuiltinKeywords.groovy:357)
	at com.kms.katalon.core.cucumber.keyword.CucumberBuiltinKeywords$runWithCucumberRunner.call(Unknown Source)
	at TC_In_VerifyUploadedFile.run(TC_In_VerifyUploadedFile:18)
	at com.kms.katalon.core.main.ScriptEngine.run(ScriptEngine.java:194)
	at com.kms.katalon.core.main.ScriptEngine.runScriptAsRawText(ScriptEngine.java:119)
	at com.kms.katalon.core.main.TestCaseExecutor.runScript(TestCaseExecutor.java:336)
	at com.kms.katalon.core.main.TestCaseExecutor.doExecute(TestCaseExecutor.java:327)
	at com.kms.katalon.core.main.TestCaseExecutor.processExecutionPhase(TestCaseExecutor.java:306)
	at com.kms.katalon.core.main.TestCaseExecutor.accessMainPhase(TestCaseExecutor.java:298)
	at com.kms.katalon.core.main.TestCaseExecutor.execute(TestCaseExecutor.java:232)
	at com.kms.katalon.core.main.TestSuiteExecutor.accessTestCaseMainPhase(TestSuiteExecutor.java:129)
	at com.kms.katalon.core.main.TestSuiteExecutor.accessTestSuiteMainPhase(TestSuiteExecutor.java:112)
	at com.kms.katalon.core.main.TestSuiteExecutor.execute(TestSuiteExecutor.java:81)
	at com.kms.katalon.core.main.TestCaseMain.startTestSuite(TestCaseMain.java:157)
	at com.kms.katalon.core.main.TestCaseMain$startTestSuite$0.call(Unknown Source)
	at TempTestSuite1562829032081.run(TempTestSuite1562829032081.groovy:35)]]></system-err>
      </testcase>
      <testcase name="Test Cases/Innovation/TC_In_DownloadFiles" classname="Test Cases/Innovation/TC_In_DownloadFiles" status="PASSED">
         <system-out><![CDATA[2019-07-11 12:45:36 - [TEST_CASE][PASSED] - Test Cases/Innovation/TC_In_DownloadFiles: Test Cases/Innovation/TC_In_DownloadFiles

2019-07-11 12:45:36 - [TEST_STEP][PASSED] - Start listener action : sampleBeforeTestCase: null

2019-07-11 12:45:36 - [TEST_STEP][PASSED] - openBrowser(""): Browser is opened with url: ''

2019-07-11 12:45:36 - [MESSAGE][INFO] - Starting 'Chrome' driver

2019-07-11 12:45:36 - [MESSAGE][INFO] - User set preference: ['args', '[--window-size=1920,1080]']

2019-07-11 12:45:38 - [MESSAGE][PASSED] - Browser is opened with url: ''

2019-07-11 12:45:38 - [TEST_STEP][PASSED] - driver = getWebDriver(): null

2019-07-11 12:45:38 - [TEST_STEP][PASSED] - println("The driver is ########### " + driver): null

2019-07-11 12:45:38 - [TEST_STEP][PASSED] - downloadPath = "/var/lib/jenkins/workspace/Local_Check_SCard/Usgbc_LeedOnline_ScoreCard/Include/TestData/DownloadedFiles": null

2019-07-11 12:45:38 - [TEST_STEP][PASSED] - projectKeywords().sendCommandForDownloadChromeHeadLess(driver.getCommandExecutor(), driver.getSessionId(), downloadPath): null

2019-07-11 12:45:39 - [TEST_STEP][PASSED] - runWithCucumberRunner(innovation_Form.Runner_In_DownloadFiles): Run with 'innovation_Form.Runner_In_DownloadFiles' was passed

2019-07-11 12:45:40 - [TEST_CASE][PASSED] - Test Cases/Innovation/TC_In_Navigation: Test Cases/Innovation/TC_In_Navigation

2019-07-11 12:45:40 - [TEST_STEP][PASSED] - runWithCucumberRunner(innovation_Form.Runner_In_Navigation): Run with 'innovation_Form.Runner_In_Navigation' was passed

2019-07-11 12:45:41 - [TEST_CASE][PASSED] - Test Cases/Login/TC_Login: Test Cases/Login/TC_Login

2019-07-11 12:45:41 - [TEST_STEP][PASSED] - runWithCucumberRunner(common.Runner_Login): Run with 'common.Runner_Login' was passed

2019-07-11 12:45:44 - [MESSAGE][PASSED] - Navigate to 'https://leedonline-stg.usgbc.org' successfully

2019-07-11 12:45:46 - [MESSAGE][PASSED] - Delayed 2 second(s)

2019-07-11 12:45:46 - [MESSAGE][PASSED] - Text 'automationbdd1@gmail.com' is set on object 'Object Repository/Login/input_username'

2019-07-11 12:45:46 - [MESSAGE][PASSED] - Text 'initpass' is set on object 'Object Repository/Login/input_password'

2019-07-11 12:45:49 - [MESSAGE][PASSED] - Delayed 3 second(s)

2019-07-11 12:45:49 - [MESSAGE][PASSED] - Scroll to object 'Object Repository/Login/span_End User License Agreement' successfully

2019-07-11 12:45:49 - [MESSAGE][PASSED] - Object 'Object Repository/Login/span_End User License Agreement' is visible

2019-07-11 12:45:49 - [MESSAGE][PASSED] - Object 'Object Repository/Login/span_End User License Agreement' is checked

2019-07-11 12:45:50 - [MESSAGE][PASSED] - Delayed 1 second(s)

2019-07-11 12:45:50 - [MESSAGE][PASSED] - Object: 'Object Repository/Login/button_Log In' is clicked on

2019-07-11 12:45:57 - [MESSAGE][PASSED] - Object: '' is clicked on

2019-07-11 12:45:58 - [MESSAGE][PASSED] - Object: 'Object Repository/Login/a_Credits' is clicked on

2019-07-11 12:45:58 - [MESSAGE][PASSED] - Run with 'common.Runner_Login' was passed

2019-07-11 12:45:58 - [MESSAGE][PASSED] - Call Test Case 'Test Cases/Login/TC_Login' successfully

2019-07-11 12:45:58 - [MESSAGE][PASSED] - Scroll to object 'Object Repository/Innovation/In_Navigation/div_Innovation' successfully

2019-07-11 12:45:58 - [MESSAGE][PASSED] - Object 'Object Repository/Innovation/In_Navigation/div_Innovation' is present

2019-07-11 12:45:58 - [MESSAGE][PASSED] - Text of object 'Object Repository/Innovation/In_Navigation/h3_Status' is: 'ATTEMPTED'

2019-07-11 12:45:59 - [MESSAGE][PASSED] - Text of object 'Object Repository/Innovation/In_Navigation/divval' is: 'ATTEMPTED'

2019-07-11 12:45:59 - [MESSAGE][PASSED] - Text of object 'Object Repository/Innovation/In_Navigation/h3_Status' is: 'ATTEMPTED'

2019-07-11 12:45:59 - [MESSAGE][PASSED] - Object: 'Object Repository/Innovation/In_Navigation/div_Innovation' is clicked on

2019-07-11 12:46:02 - [MESSAGE][PASSED] - Delayed 3 second(s)

2019-07-11 12:46:05 - [MESSAGE][PASSED] - Object: 'Object Repository/Innovation/In_Navigation/span_(V01)' is clicked on

2019-07-11 12:46:05 - [MESSAGE][PASSED] - Object 'Object Repository/Innovation/In_Navigation/div_InnovationCredit' is present

2019-07-11 12:46:05 - [MESSAGE][PASSED] - Run with 'innovation_Form.Runner_In_Navigation' was passed

2019-07-11 12:46:05 - [MESSAGE][PASSED] - Call Test Case 'Test Cases/Innovation/TC_In_Navigation' successfully

2019-07-11 12:46:05 - [MESSAGE][PASSED] - Scroll to object 'Object Repository/Innovation/AddFile_LEED_Accredited/Table_LEED_Accredited' successfully

2019-07-11 12:46:05 - [MESSAGE][PASSED] - Object 'Object Repository/Innovation/AddFile_LEED_Accredited/Table_LEED_Accredited' is present

2019-07-11 12:46:05 - [MESSAGE][PASSED] - Scroll to object 'Object Repository/Innovation/AddFile_LEED_Accredited/p_LEED_Accredited' successfully

2019-07-11 12:46:07 - [MESSAGE][PASSED] - Delayed 2 second(s)

2019-07-11 12:46:07 - [MESSAGE][PASSED] - Object: 'Object Repository/Innovation/AddFile_LEED_Accredited/p_LEED_Accredited' is hovered

2019-07-11 12:46:08 - [MESSAGE][PASSED] - Object: '' is clicked on

2019-07-11 12:46:08 - [MESSAGE][PASSED] - Text of object '' is: 'ZZ.pdf'

2019-07-11 12:46:18 - [MESSAGE][PASSED] - Delayed 10 second(s)

2019-07-11 12:46:28 - [MESSAGE][PASSED] - Delayed 10 second(s)

2019-07-11 12:46:38 - [MESSAGE][PASSED] - Delayed 10 second(s)

2019-07-11 12:46:48 - [MESSAGE][PASSED] - Delayed 10 second(s)

2019-07-11 12:46:48 - [MESSAGE][PASSED] - Object: 'Object Repository/Innovation/AddFile_LEED_Accredited/p_LEED_Accredited' is hovered

2019-07-11 12:46:50 - [MESSAGE][PASSED] - Delayed 2 second(s)

2019-07-11 12:46:52 - [MESSAGE][PASSED] - Delayed 2 second(s)

2019-07-11 12:46:52 - [MESSAGE][PASSED] - Object: 'Object Repository/Innovation/AddFile_LEED_Accredited/p_LEED_Accredited' is hovered

2019-07-11 12:46:52 - [MESSAGE][PASSED] - Object: '' is clicked on

2019-07-11 12:46:52 - [MESSAGE][PASSED] - Text of object '' is: 'SamplePPTFile_1000kb.ppt'

2019-07-11 12:46:52 - [MESSAGE][PASSED] - Object: 'Object Repository/Innovation/AddFile_LEED_Accredited/p_LEED_Accredited' is hovered

2019-07-11 12:46:54 - [MESSAGE][PASSED] - Delayed 2 second(s)

2019-07-11 12:46:56 - [MESSAGE][PASSED] - Delayed 2 second(s)

2019-07-11 12:46:57 - [MESSAGE][PASSED] - Object: 'Object Repository/Innovation/AddFile_LEED_Accredited/p_LEED_Accredited' is hovered

2019-07-11 12:46:57 - [MESSAGE][PASSED] - Object: '' is clicked on

2019-07-11 12:46:57 - [MESSAGE][PASSED] - Text of object '' is: 'SampleGIFImage_350kbmb.gif'

2019-07-11 12:46:57 - [MESSAGE][PASSED] - Object: 'Object Repository/Innovation/AddFile_LEED_Accredited/p_LEED_Accredited' is hovered

2019-07-11 12:46:59 - [MESSAGE][PASSED] - Delayed 2 second(s)

2019-07-11 12:47:02 - [MESSAGE][PASSED] - Delayed 3 second(s)

2019-07-11 12:47:04 - [MESSAGE][PASSED] - Delayed 2 second(s)

2019-07-11 12:47:05 - [MESSAGE][PASSED] - Delayed 1 second(s)

2019-07-11 12:47:05 - [MESSAGE][PASSED] - SampleGIFImage_350kbmb.gif exist in H:/Git_personal/Personal_Leed/Usgbc_LeedOnline_ScoreCard/Include/TestData/DownloadedFiles and was deleted

2019-07-11 12:47:05 - [MESSAGE][PASSED] - 

2019-07-11 12:47:05 - [MESSAGE][PASSED] - Actual text 'SampleGIFImage_350kbmb.gif' and expected text 'SampleGIFImage_350kbmb.gif' are matched 

2019-07-11 12:47:07 - [MESSAGE][PASSED] - Delayed 2 second(s)

2019-07-11 12:47:08 - [MESSAGE][PASSED] - Delayed 1 second(s)

2019-07-11 12:47:08 - [MESSAGE][PASSED] - SamplePPTFile_1000kb.ppt exist in H:/Git_personal/Personal_Leed/Usgbc_LeedOnline_ScoreCard/Include/TestData/DownloadedFiles and was deleted

2019-07-11 12:47:08 - [MESSAGE][PASSED] - 

2019-07-11 12:47:08 - [MESSAGE][PASSED] - Actual text 'SamplePPTFile_1000kb.ppt' and expected text 'SamplePPTFile_1000kb.ppt' are matched 

2019-07-11 12:47:10 - [MESSAGE][PASSED] - Delayed 2 second(s)

2019-07-11 12:47:11 - [MESSAGE][PASSED] - Delayed 1 second(s)

2019-07-11 12:47:11 - [MESSAGE][PASSED] - ZZ.pdf exist in H:/Git_personal/Personal_Leed/Usgbc_LeedOnline_ScoreCard/Include/TestData/DownloadedFiles and was deleted

2019-07-11 12:47:11 - [MESSAGE][PASSED] - 

2019-07-11 12:47:11 - [MESSAGE][PASSED] - Actual text 'ZZ.pdf' and expected text 'ZZ.pdf' are matched 

2019-07-11 12:47:12 - [MESSAGE][PASSED] - Scroll to object 'Object Repository/Innovation/Pilot_Credit_Opt2/AddFile_required_doc/Table_required_doc' successfully

2019-07-11 12:47:12 - [MESSAGE][PASSED] - Object 'Object Repository/Innovation/Pilot_Credit_Opt2/AddFile_required_doc/Table_required_doc' is present

2019-07-11 12:47:12 - [MESSAGE][PASSED] - Scroll to object 'Object Repository/Innovation/Pilot_Credit_Opt2/AddFile_required_doc/p_required_doc' successfully

2019-07-11 12:47:14 - [MESSAGE][PASSED] - Delayed 2 second(s)

2019-07-11 12:47:19 - [MESSAGE][PASSED] - Object: 'Object Repository/Innovation/Pilot_Credit_Opt2/AddFile_required_doc/p_required_doc' is hovered

2019-07-11 12:47:24 - [MESSAGE][PASSED] - Object: '' is clicked on

2019-07-11 12:47:24 - [MESSAGE][PASSED] - Text of object '' is: 'ZZ.pdf'

2019-07-11 12:47:29 - [MESSAGE][PASSED] - Object: 'Object Repository/Innovation/Pilot_Credit_Opt2/AddFile_required_doc/p_required_doc' is hovered

2019-07-11 12:47:31 - [MESSAGE][PASSED] - Delayed 2 second(s)

2019-07-11 12:47:33 - [MESSAGE][PASSED] - Delayed 2 second(s)

2019-07-11 12:47:39 - [MESSAGE][PASSED] - Object: 'Object Repository/Innovation/Pilot_Credit_Opt2/AddFile_required_doc/p_required_doc' is hovered

2019-07-11 12:47:44 - [MESSAGE][PASSED] - Object: '' is clicked on

2019-07-11 12:47:44 - [MESSAGE][PASSED] - Text of object '' is: 'SamplePPTFile_1000kb.ppt'

2019-07-11 12:47:49 - [MESSAGE][PASSED] - Object: 'Object Repository/Innovation/Pilot_Credit_Opt2/AddFile_required_doc/p_required_doc' is hovered

2019-07-11 12:47:51 - [MESSAGE][PASSED] - Delayed 2 second(s)

2019-07-11 12:47:53 - [MESSAGE][PASSED] - Delayed 2 second(s)

2019-07-11 12:47:58 - [MESSAGE][PASSED] - Object: 'Object Repository/Innovation/Pilot_Credit_Opt2/AddFile_required_doc/p_required_doc' is hovered

2019-07-11 12:48:03 - [MESSAGE][PASSED] - Object: '' is clicked on

2019-07-11 12:48:03 - [MESSAGE][PASSED] - Text of object '' is: 'SampleGIFImage_350kbmb.gif'

2019-07-11 12:48:03 - [MESSAGE][PASSED] - Object: 'Object Repository/Innovation/Pilot_Credit_Opt2/AddFile_required_doc/p_required_doc' is hovered

2019-07-11 12:48:05 - [MESSAGE][PASSED] - Delayed 2 second(s)

2019-07-11 12:48:08 - [MESSAGE][PASSED] - Delayed 3 second(s)

2019-07-11 12:48:10 - [MESSAGE][PASSED] - Delayed 2 second(s)

2019-07-11 12:48:11 - [MESSAGE][PASSED] - Delayed 1 second(s)

2019-07-11 12:48:11 - [MESSAGE][PASSED] - SampleGIFImage_350kbmb.gif exist in H:/Git_personal/Personal_Leed/Usgbc_LeedOnline_ScoreCard/Include/TestData/DownloadedFiles and was deleted

2019-07-11 12:48:11 - [MESSAGE][PASSED] - 

2019-07-11 12:48:11 - [MESSAGE][PASSED] - Actual text 'SampleGIFImage_350kbmb.gif' and expected text 'SampleGIFImage_350kbmb.gif' are matched 

2019-07-11 12:48:13 - [MESSAGE][PASSED] - Delayed 2 second(s)

2019-07-11 12:48:14 - [MESSAGE][PASSED] - Delayed 1 second(s)

2019-07-11 12:48:14 - [MESSAGE][PASSED] - SamplePPTFile_1000kb.ppt exist in H:/Git_personal/Personal_Leed/Usgbc_LeedOnline_ScoreCard/Include/TestData/DownloadedFiles and was deleted

2019-07-11 12:48:14 - [MESSAGE][PASSED] - 

2019-07-11 12:48:14 - [MESSAGE][PASSED] - Actual text 'SamplePPTFile_1000kb.ppt' and expected text 'SamplePPTFile_1000kb.ppt' are matched 

2019-07-11 12:48:16 - [MESSAGE][PASSED] - Delayed 2 second(s)

2019-07-11 12:48:17 - [MESSAGE][PASSED] - Delayed 1 second(s)

2019-07-11 12:48:17 - [MESSAGE][PASSED] - ZZ.pdf exist in H:/Git_personal/Personal_Leed/Usgbc_LeedOnline_ScoreCard/Include/TestData/DownloadedFiles and was deleted

2019-07-11 12:48:17 - [MESSAGE][PASSED] - 

2019-07-11 12:48:17 - [MESSAGE][PASSED] - Actual text 'ZZ.pdf' and expected text 'ZZ.pdf' are matched 

2019-07-11 12:48:17 - [MESSAGE][PASSED] - Scroll to object 'Object Repository/Innovation/Special Circumstances/AddFile_additionalDoc/Table_additionalDoc' successfully

2019-07-11 12:48:17 - [MESSAGE][PASSED] - Object 'Object Repository/Innovation/Special Circumstances/AddFile_additionalDoc/Table_additionalDoc' is present

2019-07-11 12:48:18 - [MESSAGE][PASSED] - Scroll to object 'Object Repository/Innovation/Special Circumstances/AddFile_additionalDoc/p_Upload any additional documentation' successfully

2019-07-11 12:48:20 - [MESSAGE][PASSED] - Delayed 2 second(s)

2019-07-11 12:48:20 - [MESSAGE][PASSED] - Object: 'Object Repository/Innovation/Special Circumstances/AddFile_additionalDoc/p_Upload any additional documentation' is hovered

2019-07-11 12:48:20 - [MESSAGE][PASSED] - Object: '' is clicked on

2019-07-11 12:48:20 - [MESSAGE][PASSED] - Text of object '' is: 'ZZ.pdf'

2019-07-11 12:48:30 - [MESSAGE][PASSED] - Delayed 10 second(s)

2019-07-11 12:48:40 - [MESSAGE][PASSED] - Delayed 10 second(s)

2019-07-11 12:48:50 - [MESSAGE][PASSED] - Delayed 10 second(s)

2019-07-11 12:49:00 - [MESSAGE][PASSED] - Delayed 10 second(s)

2019-07-11 12:49:10 - [MESSAGE][PASSED] - Delayed 10 second(s)

2019-07-11 12:49:20 - [MESSAGE][PASSED] - Delayed 10 second(s)

2019-07-11 12:49:30 - [MESSAGE][PASSED] - Delayed 10 second(s)

2019-07-11 12:49:40 - [MESSAGE][PASSED] - Delayed 10 second(s)

2019-07-11 12:49:50 - [MESSAGE][PASSED] - Delayed 10 second(s)

2019-07-11 12:50:00 - [MESSAGE][PASSED] - Delayed 10 second(s)

2019-07-11 12:50:10 - [MESSAGE][PASSED] - Delayed 10 second(s)

2019-07-11 12:50:20 - [MESSAGE][PASSED] - Delayed 10 second(s)

2019-07-11 12:50:20 - [MESSAGE][PASSED] - Object: 'Object Repository/Innovation/Special Circumstances/AddFile_additionalDoc/p_Upload any additional documentation' is hovered

2019-07-11 12:50:22 - [MESSAGE][PASSED] - Delayed 2 second(s)

2019-07-11 12:50:24 - [MESSAGE][PASSED] - Delayed 2 second(s)

2019-07-11 12:50:24 - [MESSAGE][PASSED] - Object: 'Object Repository/Innovation/Special Circumstances/AddFile_additionalDoc/p_Upload any additional documentation' is hovered

2019-07-11 12:50:24 - [MESSAGE][PASSED] - Object: '' is clicked on

2019-07-11 12:50:24 - [MESSAGE][PASSED] - Text of object '' is: 'SamplePPTFile_1000kb.ppt'

2019-07-11 12:50:24 - [MESSAGE][PASSED] - Object: 'Object Repository/Innovation/Special Circumstances/AddFile_additionalDoc/p_Upload any additional documentation' is hovered

2019-07-11 12:50:27 - [MESSAGE][PASSED] - Delayed 2 second(s)

2019-07-11 12:50:29 - [MESSAGE][PASSED] - Delayed 2 second(s)

2019-07-11 12:50:29 - [MESSAGE][PASSED] - Object: 'Object Repository/Innovation/Special Circumstances/AddFile_additionalDoc/p_Upload any additional documentation' is hovered

2019-07-11 12:50:29 - [MESSAGE][PASSED] - Object: '' is clicked on

2019-07-11 12:50:29 - [MESSAGE][PASSED] - Text of object '' is: 'SampleGIFImage_350kbmb.gif'

2019-07-11 12:50:29 - [MESSAGE][PASSED] - Object: 'Object Repository/Innovation/Special Circumstances/AddFile_additionalDoc/p_Upload any additional documentation' is hovered

2019-07-11 12:50:31 - [MESSAGE][PASSED] - Delayed 2 second(s)

2019-07-11 12:50:34 - [MESSAGE][PASSED] - Delayed 3 second(s)

2019-07-11 12:50:36 - [MESSAGE][PASSED] - Delayed 2 second(s)

2019-07-11 12:50:37 - [MESSAGE][PASSED] - Delayed 1 second(s)

2019-07-11 12:50:37 - [MESSAGE][PASSED] - SampleGIFImage_350kbmb.gif exist in H:/Git_personal/Personal_Leed/Usgbc_LeedOnline_ScoreCard/Include/TestData/DownloadedFiles and was deleted

2019-07-11 12:50:37 - [MESSAGE][PASSED] - 

2019-07-11 12:50:37 - [MESSAGE][PASSED] - Actual text 'SampleGIFImage_350kbmb.gif' and expected text 'SampleGIFImage_350kbmb.gif' are matched 

2019-07-11 12:50:39 - [MESSAGE][PASSED] - Delayed 2 second(s)

2019-07-11 12:50:40 - [MESSAGE][PASSED] - Delayed 1 second(s)

2019-07-11 12:50:40 - [MESSAGE][PASSED] - SamplePPTFile_1000kb.ppt exist in H:/Git_personal/Personal_Leed/Usgbc_LeedOnline_ScoreCard/Include/TestData/DownloadedFiles and was deleted

2019-07-11 12:50:40 - [MESSAGE][PASSED] - 

2019-07-11 12:50:40 - [MESSAGE][PASSED] - Actual text 'SamplePPTFile_1000kb.ppt' and expected text 'SamplePPTFile_1000kb.ppt' are matched 

2019-07-11 12:50:42 - [MESSAGE][PASSED] - Delayed 2 second(s)

2019-07-11 12:50:43 - [MESSAGE][PASSED] - Delayed 1 second(s)

2019-07-11 12:50:43 - [MESSAGE][PASSED] - ZZ.pdf exist in H:/Git_personal/Personal_Leed/Usgbc_LeedOnline_ScoreCard/Include/TestData/DownloadedFiles and was deleted

2019-07-11 12:50:43 - [MESSAGE][PASSED] - 

2019-07-11 12:50:43 - [MESSAGE][PASSED] - Actual text 'ZZ.pdf' and expected text 'ZZ.pdf' are matched 

2019-07-11 12:50:44 - [MESSAGE][PASSED] - Scroll to object 'Object Repository/Innovation/Innovation_Strategy_Opt1/radio_innovation_Strategy' successfully

2019-07-11 12:50:44 - [MESSAGE][PASSED] - Object 'Object Repository/Innovation/Innovation_Strategy_Opt1/radio_innovation_Strategy' is present

2019-07-11 12:50:47 - [MESSAGE][PASSED] - Delayed 3 second(s)

2019-07-11 12:50:47 - [MESSAGE][PASSED] - Object 'Object Repository/Innovation/Innovation_Strategy_Opt1/radio_innovation_Strategy' is checked

2019-07-11 12:50:47 - [MESSAGE][PASSED] - Scroll to object 'Object Repository/Innovation/Innovation_Strategy_Opt1/AddFile_supporting_doc/Table_supporting_doc' successfully

2019-07-11 12:50:47 - [MESSAGE][PASSED] - Object 'Object Repository/Innovation/Innovation_Strategy_Opt1/AddFile_supporting_doc/Table_supporting_doc' is present

2019-07-11 12:50:52 - [MESSAGE][PASSED] - Delayed 5 second(s)

2019-07-11 12:50:52 - [MESSAGE][PASSED] - Scroll to object 'Object Repository/Innovation/Innovation_Strategy_Opt1/AddFile_supporting_doc/p_supporting_doc' successfully

2019-07-11 12:50:54 - [MESSAGE][PASSED] - Delayed 2 second(s)

2019-07-11 12:50:55 - [MESSAGE][PASSED] - Object: 'Object Repository/Innovation/Innovation_Strategy_Opt1/AddFile_supporting_doc/p_supporting_doc' is hovered

2019-07-11 12:50:55 - [MESSAGE][PASSED] - Object: '' is clicked on

2019-07-11 12:50:55 - [MESSAGE][PASSED] - Text of object '' is: 'ZZ.pdf'

2019-07-11 12:51:05 - [MESSAGE][PASSED] - Delayed 10 second(s)

2019-07-11 12:51:15 - [MESSAGE][PASSED] - Delayed 10 second(s)

2019-07-11 12:51:25 - [MESSAGE][PASSED] - Delayed 10 second(s)

2019-07-11 12:51:35 - [MESSAGE][PASSED] - Delayed 10 second(s)

2019-07-11 12:51:45 - [MESSAGE][PASSED] - Delayed 10 second(s)

2019-07-11 12:51:55 - [MESSAGE][PASSED] - Delayed 10 second(s)

2019-07-11 12:51:55 - [MESSAGE][PASSED] - Object: 'Object Repository/Innovation/Innovation_Strategy_Opt1/AddFile_supporting_doc/p_supporting_doc' is hovered

2019-07-11 12:51:57 - [MESSAGE][PASSED] - Delayed 2 second(s)

2019-07-11 12:51:59 - [MESSAGE][PASSED] - Delayed 2 second(s)

2019-07-11 12:51:59 - [MESSAGE][PASSED] - Object: 'Object Repository/Innovation/Innovation_Strategy_Opt1/AddFile_supporting_doc/p_supporting_doc' is hovered

2019-07-11 12:51:59 - [MESSAGE][PASSED] - Object: '' is clicked on

2019-07-11 12:51:59 - [MESSAGE][PASSED] - Text of object '' is: 'SamplePPTFile_1000kb.ppt'

2019-07-11 12:52:00 - [MESSAGE][PASSED] - Object: 'Object Repository/Innovation/Innovation_Strategy_Opt1/AddFile_supporting_doc/p_supporting_doc' is hovered

2019-07-11 12:52:02 - [MESSAGE][PASSED] - Delayed 2 second(s)

2019-07-11 12:52:04 - [MESSAGE][PASSED] - Delayed 2 second(s)

2019-07-11 12:52:04 - [MESSAGE][PASSED] - Object: 'Object Repository/Innovation/Innovation_Strategy_Opt1/AddFile_supporting_doc/p_supporting_doc' is hovered

2019-07-11 12:52:04 - [MESSAGE][PASSED] - Object: '' is clicked on

2019-07-11 12:52:04 - [MESSAGE][PASSED] - Text of object '' is: 'SampleGIFImage_350kbmb.gif'

2019-07-11 12:52:04 - [MESSAGE][PASSED] - Object: 'Object Repository/Innovation/Innovation_Strategy_Opt1/AddFile_supporting_doc/p_supporting_doc' is hovered

2019-07-11 12:52:06 - [MESSAGE][PASSED] - Delayed 2 second(s)

2019-07-11 12:52:09 - [MESSAGE][PASSED] - Delayed 3 second(s)

2019-07-11 12:52:11 - [MESSAGE][PASSED] - Delayed 2 second(s)

2019-07-11 12:52:12 - [MESSAGE][PASSED] - Delayed 1 second(s)

2019-07-11 12:52:12 - [MESSAGE][PASSED] - SampleGIFImage_350kbmb.gif exist in H:/Git_personal/Personal_Leed/Usgbc_LeedOnline_ScoreCard/Include/TestData/DownloadedFiles and was deleted

2019-07-11 12:52:12 - [MESSAGE][PASSED] - 

2019-07-11 12:52:12 - [MESSAGE][PASSED] - Actual text 'SampleGIFImage_350kbmb.gif' and expected text 'SampleGIFImage_350kbmb.gif' are matched 

2019-07-11 12:52:14 - [MESSAGE][PASSED] - Delayed 2 second(s)

2019-07-11 12:52:15 - [MESSAGE][PASSED] - Delayed 1 second(s)

2019-07-11 12:52:15 - [MESSAGE][PASSED] - SamplePPTFile_1000kb.ppt exist in H:/Git_personal/Personal_Leed/Usgbc_LeedOnline_ScoreCard/Include/TestData/DownloadedFiles and was deleted

2019-07-11 12:52:15 - [MESSAGE][PASSED] - 

2019-07-11 12:52:15 - [MESSAGE][PASSED] - Actual text 'SamplePPTFile_1000kb.ppt' and expected text 'SamplePPTFile_1000kb.ppt' are matched 

2019-07-11 12:52:17 - [MESSAGE][PASSED] - Delayed 2 second(s)

2019-07-11 12:52:18 - [MESSAGE][PASSED] - Delayed 1 second(s)

2019-07-11 12:52:18 - [MESSAGE][PASSED] - ZZ.pdf exist in H:/Git_personal/Personal_Leed/Usgbc_LeedOnline_ScoreCard/Include/TestData/DownloadedFiles and was deleted

2019-07-11 12:52:18 - [MESSAGE][PASSED] - 

2019-07-11 12:52:18 - [MESSAGE][PASSED] - Actual text 'ZZ.pdf' and expected text 'ZZ.pdf' are matched 

2019-07-11 12:52:28 - [MESSAGE][PASSED] - Delayed 10 second(s)

2019-07-11 12:52:28 - [MESSAGE][PASSED] - Object 'Object Repository/Innovation/Autosave/a_Clear draft' is present

2019-07-11 12:52:29 - [MESSAGE][PASSED] - Object: 'Object Repository/Innovation/Autosave/a_Clear draft' is clicked on

2019-07-11 12:52:29 - [MESSAGE][PASSED] - Object: 'Object Repository/Innovation/Autosave/button_Yes' is clicked on

2019-07-11 12:52:29 - [MESSAGE][PASSED] - Run with 'innovation_Form.Runner_In_DownloadFiles' was passed

2019-07-11 12:52:29 - [TEST_STEP][PASSED] - Start listener action : sampleAfterTestCase: Browser is closed

2019-07-11 12:52:29 - [TEST_STEP][PASSED] - closeBrowser(): Browser is closed

2019-07-11 12:52:30 - [MESSAGE][PASSED] - Browser is closed]]></system-out>
         <system-err><![CDATA[]]></system-err>
      </testcase>
      <testcase name="Test Cases/Innovation/TC_In_DeleteFiles" classname="Test Cases/Innovation/TC_In_DeleteFiles" status="PASSED">
         <system-out><![CDATA[2019-07-11 12:52:30 - [TEST_CASE][PASSED] - Test Cases/Innovation/TC_In_DeleteFiles: Test Cases/Innovation/TC_In_DeleteFiles

2019-07-11 12:52:30 - [TEST_STEP][PASSED] - Start listener action : sampleBeforeTestCase: null

2019-07-11 12:52:30 - [TEST_STEP][PASSED] - openBrowser(""): Browser is opened with url: ''

2019-07-11 12:52:30 - [MESSAGE][INFO] - Starting 'Chrome' driver

2019-07-11 12:52:30 - [MESSAGE][INFO] - User set preference: ['args', '[--window-size=1920,1080]']

2019-07-11 12:52:32 - [MESSAGE][PASSED] - Browser is opened with url: ''

2019-07-11 12:52:32 - [TEST_STEP][PASSED] - driver = getWebDriver(): null

2019-07-11 12:52:32 - [TEST_STEP][PASSED] - println("The driver is ########### " + driver): null

2019-07-11 12:52:32 - [TEST_STEP][PASSED] - downloadPath = "/var/lib/jenkins/workspace/Local_Check_SCard/Usgbc_LeedOnline_ScoreCard/Include/TestData/DownloadedFiles": null

2019-07-11 12:52:32 - [TEST_STEP][PASSED] - projectKeywords().sendCommandForDownloadChromeHeadLess(driver.getCommandExecutor(), driver.getSessionId(), downloadPath): null

2019-07-11 12:52:32 - [TEST_STEP][PASSED] - runWithCucumberRunner(innovation_Form.Runner_In_DeleteFiles): Run with 'innovation_Form.Runner_In_DeleteFiles' was passed

2019-07-11 12:52:34 - [TEST_CASE][PASSED] - Test Cases/Innovation/TC_In_Navigation: Test Cases/Innovation/TC_In_Navigation

2019-07-11 12:52:34 - [TEST_STEP][PASSED] - runWithCucumberRunner(innovation_Form.Runner_In_Navigation): Run with 'innovation_Form.Runner_In_Navigation' was passed

2019-07-11 12:52:35 - [TEST_CASE][PASSED] - Test Cases/Login/TC_Login: Test Cases/Login/TC_Login

2019-07-11 12:52:35 - [TEST_STEP][PASSED] - runWithCucumberRunner(common.Runner_Login): Run with 'common.Runner_Login' was passed

2019-07-11 12:52:38 - [MESSAGE][PASSED] - Navigate to 'https://leedonline-stg.usgbc.org' successfully

2019-07-11 12:52:40 - [MESSAGE][PASSED] - Delayed 2 second(s)

2019-07-11 12:52:40 - [MESSAGE][PASSED] - Text 'automationbdd1@gmail.com' is set on object 'Object Repository/Login/input_username'

2019-07-11 12:52:41 - [MESSAGE][PASSED] - Text 'initpass' is set on object 'Object Repository/Login/input_password'

2019-07-11 12:52:44 - [MESSAGE][PASSED] - Delayed 3 second(s)

2019-07-11 12:52:44 - [MESSAGE][PASSED] - Scroll to object 'Object Repository/Login/span_End User License Agreement' successfully

2019-07-11 12:52:44 - [MESSAGE][PASSED] - Object 'Object Repository/Login/span_End User License Agreement' is visible

2019-07-11 12:52:44 - [MESSAGE][PASSED] - Object 'Object Repository/Login/span_End User License Agreement' is checked

2019-07-11 12:52:45 - [MESSAGE][PASSED] - Delayed 1 second(s)

2019-07-11 12:52:45 - [MESSAGE][PASSED] - Object: 'Object Repository/Login/button_Log In' is clicked on

2019-07-11 12:52:50 - [MESSAGE][PASSED] - Object: '' is clicked on

2019-07-11 12:52:52 - [MESSAGE][PASSED] - Object: 'Object Repository/Login/a_Credits' is clicked on

2019-07-11 12:52:52 - [MESSAGE][PASSED] - Run with 'common.Runner_Login' was passed

2019-07-11 12:52:52 - [MESSAGE][PASSED] - Call Test Case 'Test Cases/Login/TC_Login' successfully

2019-07-11 12:52:52 - [MESSAGE][PASSED] - Scroll to object 'Object Repository/Innovation/In_Navigation/div_Innovation' successfully

2019-07-11 12:52:52 - [MESSAGE][PASSED] - Object 'Object Repository/Innovation/In_Navigation/div_Innovation' is present

2019-07-11 12:52:52 - [MESSAGE][PASSED] - Text of object 'Object Repository/Innovation/In_Navigation/h3_Status' is: 'ATTEMPTED'

2019-07-11 12:52:52 - [MESSAGE][PASSED] - Text of object 'Object Repository/Innovation/In_Navigation/divval' is: 'ATTEMPTED'

2019-07-11 12:52:52 - [MESSAGE][PASSED] - Text of object 'Object Repository/Innovation/In_Navigation/h3_Status' is: 'ATTEMPTED'

2019-07-11 12:52:52 - [MESSAGE][PASSED] - Object: 'Object Repository/Innovation/In_Navigation/div_Innovation' is clicked on

2019-07-11 12:52:55 - [MESSAGE][PASSED] - Delayed 3 second(s)

2019-07-11 12:52:59 - [MESSAGE][PASSED] - Object: 'Object Repository/Innovation/In_Navigation/span_(V01)' is clicked on

2019-07-11 12:52:59 - [MESSAGE][PASSED] - Object 'Object Repository/Innovation/In_Navigation/div_InnovationCredit' is present

2019-07-11 12:52:59 - [MESSAGE][PASSED] - Run with 'innovation_Form.Runner_In_Navigation' was passed

2019-07-11 12:52:59 - [MESSAGE][PASSED] - Call Test Case 'Test Cases/Innovation/TC_In_Navigation' successfully

2019-07-11 12:53:00 - [MESSAGE][PASSED] - Scroll to object 'Object Repository/Innovation/AddFile_LEED_Accredited/Table_LEED_Accredited' successfully

2019-07-11 12:53:00 - [MESSAGE][PASSED] - Object 'Object Repository/Innovation/AddFile_LEED_Accredited/Table_LEED_Accredited' is present

2019-07-11 12:53:00 - [MESSAGE][PASSED] - Scroll to object 'Object Repository/Innovation/AddFile_LEED_Accredited/p_LEED_Accredited' successfully

2019-07-11 12:53:01 - [MESSAGE][PASSED] - Delayed 1 second(s)

2019-07-11 12:53:01 - [MESSAGE][PASSED] - Object: '' is clicked on

2019-07-11 12:53:03 - [MESSAGE][PASSED] - Delayed 2 second(s)

2019-07-11 12:53:04 - [MESSAGE][PASSED] - Object: 'Object Repository/LightPollutionReduction/FixtureShielding/button_Yes' is clicked on

2019-07-11 12:53:05 - [MESSAGE][PASSED] - Delayed 1 second(s)

2019-07-11 12:53:05 - [MESSAGE][PASSED] - Object: '' is clicked on

2019-07-11 12:53:07 - [MESSAGE][PASSED] - Delayed 2 second(s)

2019-07-11 12:53:07 - [MESSAGE][PASSED] - Object: 'Object Repository/LightPollutionReduction/FixtureShielding/button_Yes' is clicked on

2019-07-11 12:53:08 - [MESSAGE][PASSED] - Delayed 1 second(s)

2019-07-11 12:53:08 - [MESSAGE][PASSED] - Object: '' is clicked on

2019-07-11 12:53:10 - [MESSAGE][PASSED] - Delayed 2 second(s)

2019-07-11 12:53:10 - [MESSAGE][PASSED] - Object: 'Object Repository/LightPollutionReduction/FixtureShielding/button_Yes' is clicked on

2019-07-11 12:53:12 - [MESSAGE][PASSED] - Delayed 2 second(s)

2019-07-11 12:53:13 - [MESSAGE][PASSED] - Web element with id: 'Object Repository/Innovation/AddFile_LEED_Accredited/Table_LEED_Accredited' located by 'By.xpath: //*[@id="leedApDocs_files"]/table' is not present after '30' second(s)

2019-07-11 12:53:13 - [MESSAGE][PASSED] - Scroll to object 'Object Repository/Innovation/Pilot_Credit_Opt2/AddFile_required_doc/Table_required_doc' successfully

2019-07-11 12:53:13 - [MESSAGE][PASSED] - Object 'Object Repository/Innovation/Pilot_Credit_Opt2/AddFile_required_doc/Table_required_doc' is present

2019-07-11 12:53:13 - [MESSAGE][PASSED] - Scroll to object 'Object Repository/Innovation/Pilot_Credit_Opt2/AddFile_required_doc/p_required_doc' successfully

2019-07-11 12:53:14 - [MESSAGE][PASSED] - Delayed 1 second(s)

2019-07-11 12:53:14 - [MESSAGE][PASSED] - Object: '' is clicked on

2019-07-11 12:53:16 - [MESSAGE][PASSED] - Delayed 2 second(s)

2019-07-11 12:53:16 - [MESSAGE][PASSED] - Object: 'Object Repository/LightPollutionReduction/FixtureShielding/button_Yes' is clicked on

2019-07-11 12:53:17 - [MESSAGE][PASSED] - Delayed 1 second(s)

2019-07-11 12:53:17 - [MESSAGE][PASSED] - Object: '' is clicked on

2019-07-11 12:53:19 - [MESSAGE][PASSED] - Delayed 2 second(s)

2019-07-11 12:53:20 - [MESSAGE][PASSED] - Object: 'Object Repository/LightPollutionReduction/FixtureShielding/button_Yes' is clicked on

2019-07-11 12:53:21 - [MESSAGE][PASSED] - Delayed 1 second(s)

2019-07-11 12:53:21 - [MESSAGE][PASSED] - Object: '' is clicked on

2019-07-11 12:53:23 - [MESSAGE][PASSED] - Delayed 2 second(s)

2019-07-11 12:53:23 - [MESSAGE][PASSED] - Object: 'Object Repository/LightPollutionReduction/FixtureShielding/button_Yes' is clicked on

2019-07-11 12:53:25 - [MESSAGE][PASSED] - Delayed 2 second(s)

2019-07-11 12:53:25 - [MESSAGE][PASSED] - Web element with id: 'Object Repository/Innovation/Pilot_Credit_Opt2/AddFile_required_doc/Table_required_doc' located by 'By.xpath: //*[@id="pcRequiredDocs_files"]/table' is not present after '30' second(s)

2019-07-11 12:53:25 - [MESSAGE][PASSED] - Scroll to object 'Object Repository/Innovation/Special Circumstances/AddFile_additionalDoc/Table_additionalDoc' successfully

2019-07-11 12:53:25 - [MESSAGE][PASSED] - Object 'Object Repository/Innovation/Special Circumstances/AddFile_additionalDoc/Table_additionalDoc' is present

2019-07-11 12:53:25 - [MESSAGE][PASSED] - Scroll to object 'Object Repository/Innovation/Special Circumstances/AddFile_additionalDoc/p_Upload any additional documentation' successfully

2019-07-11 12:53:26 - [MESSAGE][PASSED] - Delayed 1 second(s)

2019-07-11 12:53:27 - [MESSAGE][PASSED] - Object: '' is clicked on

2019-07-11 12:53:29 - [MESSAGE][PASSED] - Delayed 2 second(s)

2019-07-11 12:53:29 - [MESSAGE][PASSED] - Object: 'Object Repository/LightPollutionReduction/FixtureShielding/button_Yes' is clicked on

2019-07-11 12:53:30 - [MESSAGE][PASSED] - Delayed 1 second(s)

2019-07-11 12:53:30 - [MESSAGE][PASSED] - Object: '' is clicked on

2019-07-11 12:53:32 - [MESSAGE][PASSED] - Delayed 2 second(s)

2019-07-11 12:53:32 - [MESSAGE][PASSED] - Object: 'Object Repository/LightPollutionReduction/FixtureShielding/button_Yes' is clicked on

2019-07-11 12:53:33 - [MESSAGE][PASSED] - Delayed 1 second(s)

2019-07-11 12:53:33 - [MESSAGE][PASSED] - Object: '' is clicked on

2019-07-11 12:53:35 - [MESSAGE][PASSED] - Delayed 2 second(s)

2019-07-11 12:53:36 - [MESSAGE][PASSED] - Object: 'Object Repository/LightPollutionReduction/FixtureShielding/button_Yes' is clicked on

2019-07-11 12:53:38 - [MESSAGE][PASSED] - Delayed 2 second(s)

2019-07-11 12:53:38 - [MESSAGE][PASSED] - Web element with id: 'Object Repository/Innovation/Special Circumstances/AddFile_additionalDoc/Table_additionalDoc' located by 'By.xpath: //div[@id='splCircumstancesDocs_files']/table' is not present after '30' second(s)

2019-07-11 12:53:38 - [MESSAGE][PASSED] - Run with 'innovation_Form.Runner_In_DeleteFiles' was passed

2019-07-11 12:53:38 - [TEST_STEP][PASSED] - Start listener action : sampleAfterTestCase: Browser is closed

2019-07-11 12:53:38 - [TEST_STEP][PASSED] - closeBrowser(): Browser is closed

2019-07-11 12:53:39 - [MESSAGE][PASSED] - Browser is closed]]></system-out>
         <system-err><![CDATA[]]></system-err>
      </testcase>
      <testcase name="Test Cases/Innovation/TC_In_AutoSaveAsDraft" classname="Test Cases/Innovation/TC_In_AutoSaveAsDraft" status="PASSED">
         <system-out><![CDATA[2019-07-11 12:53:39 - [TEST_CASE][PASSED] - Test Cases/Innovation/TC_In_AutoSaveAsDraft: Test Cases/Innovation/TC_In_AutoSaveAsDraft

2019-07-11 12:53:39 - [TEST_STEP][PASSED] - Start listener action : sampleBeforeTestCase: null

2019-07-11 12:53:39 - [TEST_STEP][PASSED] - openBrowser(""): Browser is opened with url: ''

2019-07-11 12:53:39 - [MESSAGE][INFO] - Starting 'Chrome' driver

2019-07-11 12:53:39 - [MESSAGE][INFO] - User set preference: ['args', '[--window-size=1920,1080]']

2019-07-11 12:53:41 - [MESSAGE][PASSED] - Browser is opened with url: ''

2019-07-11 12:53:41 - [TEST_STEP][PASSED] - driver = getWebDriver(): null

2019-07-11 12:53:41 - [TEST_STEP][PASSED] - println("The driver is ########### " + driver): null

2019-07-11 12:53:41 - [TEST_STEP][PASSED] - downloadPath = "/var/lib/jenkins/workspace/Local_Check_SCard/Usgbc_LeedOnline_ScoreCard/Include/TestData/DownloadedFiles": null

2019-07-11 12:53:41 - [TEST_STEP][PASSED] - projectKeywords().sendCommandForDownloadChromeHeadLess(driver.getCommandExecutor(), driver.getSessionId(), downloadPath): null

2019-07-11 12:53:41 - [TEST_STEP][PASSED] - runWithCucumberRunner(innovation_Form.Runner_In_AutoSaveAsDraft): Run with 'innovation_Form.Runner_In_AutoSaveAsDraft' was passed

2019-07-11 12:53:42 - [TEST_CASE][PASSED] - Test Cases/Innovation/TC_In_Navigation: Test Cases/Innovation/TC_In_Navigation

2019-07-11 12:53:42 - [TEST_STEP][PASSED] - runWithCucumberRunner(innovation_Form.Runner_In_Navigation): Run with 'innovation_Form.Runner_In_Navigation' was passed

2019-07-11 12:53:43 - [TEST_CASE][PASSED] - Test Cases/Login/TC_Login: Test Cases/Login/TC_Login

2019-07-11 12:53:43 - [TEST_STEP][PASSED] - runWithCucumberRunner(common.Runner_Login): Run with 'common.Runner_Login' was passed

2019-07-11 12:53:47 - [MESSAGE][PASSED] - Navigate to 'https://leedonline-stg.usgbc.org' successfully

2019-07-11 12:53:49 - [MESSAGE][PASSED] - Delayed 2 second(s)

2019-07-11 12:53:49 - [MESSAGE][PASSED] - Text 'automationbdd1@gmail.com' is set on object 'Object Repository/Login/input_username'

2019-07-11 12:53:49 - [MESSAGE][PASSED] - Text 'initpass' is set on object 'Object Repository/Login/input_password'

2019-07-11 12:53:52 - [MESSAGE][PASSED] - Delayed 3 second(s)

2019-07-11 12:53:52 - [MESSAGE][PASSED] - Scroll to object 'Object Repository/Login/span_End User License Agreement' successfully

2019-07-11 12:53:52 - [MESSAGE][PASSED] - Object 'Object Repository/Login/span_End User License Agreement' is visible

2019-07-11 12:53:57 - [MESSAGE][PASSED] - Object 'Object Repository/Login/span_End User License Agreement' is checked

2019-07-11 12:53:58 - [MESSAGE][PASSED] - Delayed 1 second(s)

2019-07-11 12:54:02 - [MESSAGE][PASSED] - Object: 'Object Repository/Login/button_Log In' is clicked on

2019-07-11 12:54:09 - [MESSAGE][PASSED] - Object: '' is clicked on

2019-07-11 12:54:11 - [MESSAGE][PASSED] - Object: 'Object Repository/Login/a_Credits' is clicked on

2019-07-11 12:54:11 - [MESSAGE][PASSED] - Run with 'common.Runner_Login' was passed

2019-07-11 12:54:11 - [MESSAGE][PASSED] - Call Test Case 'Test Cases/Login/TC_Login' successfully

2019-07-11 12:54:11 - [MESSAGE][PASSED] - Scroll to object 'Object Repository/Innovation/In_Navigation/div_Innovation' successfully

2019-07-11 12:54:11 - [MESSAGE][PASSED] - Object 'Object Repository/Innovation/In_Navigation/div_Innovation' is present

2019-07-11 12:54:11 - [MESSAGE][PASSED] - Text of object 'Object Repository/Innovation/In_Navigation/h3_Status' is: 'ATTEMPTED'

2019-07-11 12:54:11 - [MESSAGE][PASSED] - Text of object 'Object Repository/Innovation/In_Navigation/divval' is: 'ATTEMPTED'

2019-07-11 12:54:11 - [MESSAGE][PASSED] - Text of object 'Object Repository/Innovation/In_Navigation/h3_Status' is: 'ATTEMPTED'

2019-07-11 12:54:11 - [MESSAGE][PASSED] - Object: 'Object Repository/Innovation/In_Navigation/div_Innovation' is clicked on

2019-07-11 12:54:14 - [MESSAGE][PASSED] - Delayed 3 second(s)

2019-07-11 12:54:22 - [MESSAGE][PASSED] - Object: 'Object Repository/Innovation/In_Navigation/span_(V01)' is clicked on

2019-07-11 12:54:22 - [MESSAGE][PASSED] - Object 'Object Repository/Innovation/In_Navigation/div_InnovationCredit' is present

2019-07-11 12:54:22 - [MESSAGE][PASSED] - Run with 'innovation_Form.Runner_In_Navigation' was passed

2019-07-11 12:54:22 - [MESSAGE][PASSED] - Call Test Case 'Test Cases/Innovation/TC_In_Navigation' successfully

2019-07-11 12:54:32 - [MESSAGE][PASSED] - Delayed 10 second(s)

2019-07-11 12:54:32 - [MESSAGE][WARNING] - Timeout '0' is invalid. Using default page load timeout: '30'

2019-07-11 12:54:32 - [MESSAGE][PASSED] - Web element with id: 'Object Repository/Innovation/Autosave/span_Last draft saved on' located by 'By.xpath: //*[@id="credit-form"]/div[5]/div/span/span' is not present after '30' second(s)

2019-07-11 12:54:32 - [MESSAGE][PASSED] - Scroll to object 'Object Repository/Innovation/AddFile_LEED_Accredited/p_LEED_Accredited' successfully

2019-07-11 12:54:32 - [MESSAGE][PASSED] - File 'H:/Git_personal/Personal_Leed/Usgbc_LeedOnline_ScoreCard/Include/TestData/MultipleFileDiffExt/ZZ.pdf' sent to object: 'Object Repository/Innovation/AddFile_LEED_Accredited/input_LEED_Accredited'

2019-07-11 12:54:33 - [MESSAGE][PASSED] - File 'H:/Git_personal/Personal_Leed/Usgbc_LeedOnline_ScoreCard/Include/TestData/MultipleFileDiffExt/ZZ.pdf' sent to object: 'Object Repository/Innovation/Pilot_Credit_Opt2/AddFile_required_doc/input_required_doc'

2019-07-11 12:54:48 - [MESSAGE][PASSED] - Delayed 15 second(s)

2019-07-11 12:54:48 - [MESSAGE][WARNING] - Timeout '0' is invalid. Using default page load timeout: '30'

2019-07-11 12:54:48 - [MESSAGE][PASSED] - Web element with id: 'Object Repository/Innovation/Autosave/span_Last draft saved on' located by 'By.xpath: //*[@id="credit-form"]/div[5]/div/span/span' is not present after '30' second(s)

2019-07-11 12:54:48 - [MESSAGE][PASSED] - Scroll to object 'Object Repository/Innovation/Pilot_Credit_Opt2/div_nameOfPilot' successfully

2019-07-11 12:54:48 - [MESSAGE][PASSED] - Object 'Object Repository/Innovation/Pilot_Credit_Opt2/div_nameOfPilot' is present

2019-07-11 12:54:48 - [MESSAGE][PASSED] - Text 'Credit_AutoSave' is set on object 'Object Repository/Innovation/Pilot_Credit_Opt2/input_nameOfPilot'

2019-07-11 12:54:58 - [MESSAGE][PASSED] - Delayed 10 second(s)

2019-07-11 12:54:58 - [MESSAGE][PASSED] - Object 'Object Repository/Innovation/Autosave/span_Last draft saved on' is present

2019-07-11 12:54:58 - [MESSAGE][PASSED] - Text of object 'Object Repository/Innovation/Autosave/span_Last draft saved on' is: 'Last draft saved on: 11 Jul 2019 12:54:52 PM  Clear draft'

2019-07-11 12:54:58 - [MESSAGE][PASSED] - Scroll to object 'Object Repository/Innovation/Pilot_Credit_Opt2/div_numberOfPilot' successfully

2019-07-11 12:54:58 - [MESSAGE][PASSED] - Object 'Object Repository/Innovation/Pilot_Credit_Opt2/div_numberOfPilot' is present

2019-07-11 12:54:59 - [MESSAGE][PASSED] - Text '100' is set on object 'Object Repository/Innovation/Pilot_Credit_Opt2/input_numberOfPilot'

2019-07-11 12:55:09 - [MESSAGE][PASSED] - Delayed 10 second(s)

2019-07-11 12:55:09 - [MESSAGE][PASSED] - Object 'Object Repository/Innovation/Autosave/span_Last draft saved on' is present

2019-07-11 12:55:09 - [MESSAGE][PASSED] - Text of object 'Object Repository/Innovation/Autosave/span_Last draft saved on' is: 'Last draft saved on: 11 Jul 2019 12:55:02 PM  Clear draft'

2019-07-11 12:55:09 - [MESSAGE][PASSED] - Actual text 'Last draft saved on: 11 Jul 2019 12:55:02 PM  Clear draft' and expected text 'null' are not matched 

2019-07-11 12:55:09 - [MESSAGE][PASSED] - Scroll to object 'Object Repository/Innovation/Editor_LEED_Accredited/p_LEED_Accredited_Editorbox' successfully

2019-07-11 12:55:09 - [MESSAGE][PASSED] - Object 'Object Repository/Innovation/Editor_LEED_Accredited/p_LEED_Accredited_Editorbox' is present

2019-07-11 12:55:09 - [MESSAGE][PASSED] - Text 'Test Data for Narrative' is set on object 'Object Repository/Innovation/Editor_LEED_Accredited/body_LEED_Accredited'

2019-07-11 12:55:12 - [MESSAGE][PASSED] - Delayed 3 second(s)

2019-07-11 12:55:23 - [MESSAGE][PASSED] - Delayed 10 second(s)

2019-07-11 12:55:23 - [MESSAGE][PASSED] - Object 'Object Repository/Innovation/Autosave/span_Last draft saved on' is present

2019-07-11 12:55:23 - [MESSAGE][PASSED] - Text of object 'Object Repository/Innovation/Autosave/span_Last draft saved on' is: 'Last draft saved on: 11 Jul 2019 12:55:12 PM  Clear draft'

2019-07-11 12:55:23 - [MESSAGE][PASSED] - Actual text 'Last draft saved on: 11 Jul 2019 12:55:12 PM  Clear draft' and expected text 'null' are not matched 

2019-07-11 12:55:23 - [MESSAGE][PASSED] - Object 'Object Repository/Innovation/Autosave/span_Last draft saved on' is present

2019-07-11 12:55:23 - [MESSAGE][PASSED] - Scroll to object 'Object Repository/Innovation/btn_Save' successfully

2019-07-11 12:55:23 - [MESSAGE][PASSED] - Object 'Object Repository/Innovation/btn_Save' is present

2019-07-11 12:55:26 - [MESSAGE][PASSED] - Delayed 3 second(s)

2019-07-11 12:55:26 - [MESSAGE][PASSED] - Object: 'Object Repository/Innovation/btn_Save' is clicked on

2019-07-11 12:55:26 - [MESSAGE][PASSED] - Web element with id: 'Object Repository/Innovation/Autosave/span_Last draft saved on' located by 'By.xpath: //*[@id="credit-form"]/div[5]/div/span/span' is not present after '2' second(s)

2019-07-11 12:55:26 - [MESSAGE][PASSED] - Scroll to object 'Object Repository/Innovation/AddFile_LEED_Accredited/p_LEED_Accredited' successfully

2019-07-11 12:55:27 - [MESSAGE][PASSED] - Delayed 1 second(s)

2019-07-11 12:55:28 - [MESSAGE][PASSED] - Object: '' is clicked on

2019-07-11 12:55:30 - [MESSAGE][PASSED] - Delayed 2 second(s)

2019-07-11 12:55:30 - [MESSAGE][PASSED] - Object: 'Object Repository/LightPollutionReduction/FixtureShielding/button_Yes' is clicked on

2019-07-11 12:55:30 - [MESSAGE][PASSED] - Scroll to object 'Object Repository/Innovation/Pilot_Credit_Opt2/AddFile_required_doc/p_required_doc' successfully

2019-07-11 12:55:31 - [MESSAGE][PASSED] - Delayed 1 second(s)

2019-07-11 12:55:31 - [MESSAGE][PASSED] - Object: '' is clicked on

2019-07-11 12:55:33 - [MESSAGE][PASSED] - Delayed 2 second(s)

2019-07-11 12:55:33 - [MESSAGE][PASSED] - Object: 'Object Repository/LightPollutionReduction/FixtureShielding/button_Yes' is clicked on

2019-07-11 12:55:34 - [MESSAGE][PASSED] - Scroll to object 'Object Repository/Innovation/Innovation_Strategy_Opt1/radio_innovation_Strategy' successfully

2019-07-11 12:55:34 - [MESSAGE][PASSED] - Object 'Object Repository/Innovation/Innovation_Strategy_Opt1/radio_innovation_Strategy' is present

2019-07-11 12:55:36 - [MESSAGE][PASSED] - Delayed 2 second(s)

2019-07-11 12:55:36 - [MESSAGE][PASSED] - Object 'Object Repository/Innovation/Innovation_Strategy_Opt1/radio_innovation_Strategy' is checked

2019-07-11 12:55:46 - [MESSAGE][PASSED] - Delayed 10 second(s)

2019-07-11 12:55:46 - [MESSAGE][WARNING] - Timeout '0' is invalid. Using default page load timeout: '30'

2019-07-11 12:55:46 - [MESSAGE][WARNING] - Timeout '0' is invalid. Using default page load timeout: '30'

2019-07-11 12:55:46 - [MESSAGE][PASSED] - Object 'Object Repository/Innovation/Autosave/span_Last draft saved on' is present

2019-07-11 12:55:46 - [MESSAGE][PASSED] - Object: 'Object Repository/Innovation/Autosave/a_Clear draft' is clicked on

2019-07-11 12:55:46 - [MESSAGE][PASSED] - Object: 'Object Repository/Innovation/Autosave/button_Yes' is clicked on

2019-07-11 12:55:46 - [MESSAGE][WARNING] - Timeout '0' is invalid. Using default page load timeout: '30'

2019-07-11 12:55:50 - [MESSAGE][PASSED] - Web element with id: 'Object Repository/Innovation/Autosave/span_Last draft saved on' located by 'By.xpath: //*[@id="credit-form"]/div[5]/div/span/span' is not present after '30' second(s)

2019-07-11 12:55:50 - [MESSAGE][PASSED] - Scroll to object 'Object Repository/Innovation/Special Circumstances/EditorBox_splCircum/p_EditorBox' successfully

2019-07-11 12:55:50 - [MESSAGE][PASSED] - Object 'Object Repository/Innovation/Special Circumstances/EditorBox_splCircum/p_EditorBox' is present

2019-07-11 12:55:51 - [MESSAGE][PASSED] - Text 'Test Data for Narrative' is set on object 'Object Repository/Innovation/Special Circumstances/EditorBox_splCircum/body_splCircum'

2019-07-11 12:56:01 - [MESSAGE][PASSED] - Delayed 10 second(s)

2019-07-11 12:56:01 - [MESSAGE][PASSED] - Object 'Object Repository/Innovation/Autosave/a_Clear draft' is present

2019-07-11 12:56:01 - [MESSAGE][PASSED] - Object: 'Object Repository/Innovation/Autosave/a_Clear draft' is clicked on

2019-07-11 12:56:01 - [MESSAGE][PASSED] - Object: 'Object Repository/Innovation/Autosave/button_Yes' is clicked on

2019-07-11 12:56:01 - [MESSAGE][PASSED] - Scroll to object 'Object Repository/Innovation/Special Circumstances/EditorBox_splCircum/p_EditorBox' successfully

2019-07-11 12:56:01 - [MESSAGE][PASSED] - Object 'Object Repository/Innovation/Special Circumstances/EditorBox_splCircum/p_EditorBox' is present

2019-07-11 12:56:04 - [MESSAGE][PASSED] - Delayed 3 second(s)

2019-07-11 12:56:06 - [MESSAGE][PASSED] - Text 'Test Logout and Login' is set on object 'Object Repository/Innovation/Editor_LEED_Accredited/body_LEED_Accredited'

2019-07-11 12:56:16 - [MESSAGE][PASSED] - Delayed 10 second(s)

2019-07-11 12:56:16 - [MESSAGE][PASSED] - Text of object 'Object Repository/Innovation/Autosave/span_Last draft saved on' is: 'Last draft saved on: 11 Jul 2019 12:56:14 PM  Clear draft'

2019-07-11 12:56:19 - [MESSAGE][PASSED] - Delayed 3 second(s)

2019-07-11 12:56:19 - [MESSAGE][PASSED] - Object: 'Object Repository/Innovation/Autosave/div_Signout' is clicked on

2019-07-11 12:56:20 - [MESSAGE][PASSED] - Object: 'Object Repository/Innovation/Autosave/a_Sign out' is clicked on

2019-07-11 12:56:22 - [MESSAGE][PASSED] - Delayed 2 second(s)

2019-07-11 12:56:22 - [MESSAGE][WARNING] - A browser is already opened. Closing browser and opening a new one

2019-07-11 12:56:23 - [MESSAGE][INFO] - Starting 'Chrome' driver

2019-07-11 12:56:23 - [MESSAGE][INFO] - User set preference: ['args', '[--window-size=1920,1080]']

2019-07-11 12:56:25 - [MESSAGE][PASSED] - Browser is opened with url: ''

2019-07-11 12:56:28 - [MESSAGE][PASSED] - Navigate to 'https://leedonline-stg.usgbc.org' successfully

2019-07-11 12:56:30 - [MESSAGE][PASSED] - Delayed 2 second(s)

2019-07-11 12:56:31 - [MESSAGE][PASSED] - Text 'automationbdd1@gmail.com' is set on object 'Object Repository/Login/input_username'

2019-07-11 12:56:31 - [MESSAGE][PASSED] - Text 'initpass' is set on object 'Object Repository/Login/input_password'

2019-07-11 12:56:34 - [MESSAGE][PASSED] - Delayed 3 second(s)

2019-07-11 12:56:34 - [MESSAGE][PASSED] - Scroll to object 'Object Repository/Login/span_End User License Agreement' successfully

2019-07-11 12:56:34 - [MESSAGE][PASSED] - Object 'Object Repository/Login/span_End User License Agreement' is visible

2019-07-11 12:56:34 - [MESSAGE][PASSED] - Object 'Object Repository/Login/span_End User License Agreement' is checked

2019-07-11 12:56:35 - [MESSAGE][PASSED] - Delayed 1 second(s)

2019-07-11 12:56:35 - [MESSAGE][PASSED] - Object: 'Object Repository/Login/button_Log In' is clicked on

2019-07-11 12:56:41 - [MESSAGE][PASSED] - Object: '' is clicked on

2019-07-11 12:56:43 - [MESSAGE][PASSED] - Object: 'Object Repository/Login/a_Credits' is clicked on

2019-07-11 12:56:45 - [MESSAGE][PASSED] - Delayed 2 second(s)

2019-07-11 12:56:45 - [MESSAGE][PASSED] - Object: 'Object Repository/Innovation/In_Navigation/div_Innovation' is clicked on

2019-07-11 12:56:47 - [MESSAGE][PASSED] - Delayed 2 second(s)

2019-07-11 12:56:56 - [MESSAGE][PASSED] - Object: 'Object Repository/Innovation/In_Navigation/span_(V01)' is clicked on

2019-07-11 12:56:56 - [MESSAGE][PASSED] - Object 'Object Repository/Innovation/Autosave/div_Form drafted and not yet saved' is present

2019-07-11 12:56:56 - [MESSAGE][PASSED] - Object 'Object Repository/Innovation/Autosave/Last draft saved dateTime_warningDiv' is present

2019-07-11 12:56:57 - [MESSAGE][PASSED] - Text of object 'Object Repository/Innovation/Autosave/Last draft saved dateTime_warningDiv' is: 'Last draft saved on: 11 Jul 2019 12:56:14 PM  Clear draft'

2019-07-11 12:56:57 - [MESSAGE][PASSED] - Actual text 'Last draft saved on: 11 Jul 2019 12:56:14 PM  Clear draft' and expected text 'Last draft saved on: 11 Jul 2019 12:56:14 PM  Clear draft' are matched 

2019-07-11 12:56:57 - [MESSAGE][PASSED] - Object: 'Object Repository/Innovation/Autosave/a_Clear draft' is clicked on

2019-07-11 12:56:57 - [MESSAGE][PASSED] - Object: 'Object Repository/Innovation/Autosave/button_Yes' is clicked on

2019-07-11 12:56:57 - [MESSAGE][PASSED] - Run with 'innovation_Form.Runner_In_AutoSaveAsDraft' was passed

2019-07-11 12:56:57 - [TEST_STEP][PASSED] - Start listener action : sampleAfterTestCase: Browser is closed

2019-07-11 12:56:57 - [TEST_STEP][PASSED] - closeBrowser(): Browser is closed

2019-07-11 12:56:58 - [MESSAGE][PASSED] - Browser is closed]]></system-out>
         <system-err><![CDATA[]]></system-err>
      </testcase>
      <system-out><![CDATA[2019-07-11 12:40:35 - [TEST_SUITE][FAILED] - In_SmokeTest: Test Cases/Innovation/TC_In_Innovation_Strategy FAILED.
Reason:
com.kms.katalon.core.exception.StepFailedException: These following reason:
 [H:\Git_personal\Personal_Leed\Usgbc_LeedOnline_ScoreCard\Include\TestData\DownloadedFiles\creditForm.pdf (The system cannot find the file specified)]
	at com.kms.katalon.core.keyword.internal.KeywordMain.stepFailed(KeywordMain.groovy:48)
	at com.kms.katalon.core.keyword.internal.KeywordMain.stepFailed(KeywordMain.groovy)
	at com.kms.katalon.core.keyword.internal.KeywordMain.stepFailed(KeywordMain.groovy:21)
	at com.kms.katalon.core.keyword.internal.KeywordMain$stepFailed$0.call(Unknown Source)
	at com.kms.katalon.core.cucumber.keyword.CucumberBuiltinKeywords$_runWithCucumberRunner_closure3.doCall(CucumberBuiltinKeywords.groovy:272)
	at com.kms.katalon.core.cucumber.keyword.CucumberBuiltinKeywords$_runWithCucumberRunner_closure3.doCall(CucumberBuiltinKeywords.groovy)
	at com.kms.katalon.core.keyword.internal.KeywordMain.runKeyword(KeywordMain.groovy:66)
	at com.kms.katalon.core.keyword.internal.KeywordMain$runKeyword.call(Unknown Source)
	at com.kms.katalon.core.cucumber.keyword.CucumberBuiltinKeywords.runWithCucumberRunner(CucumberBuiltinKeywords.groovy:257)
	at com.kms.katalon.core.cucumber.keyword.CucumberBuiltinKeywords$runWithCucumberRunner$0.callStatic(Unknown Source)
	at com.kms.katalon.core.cucumber.keyword.CucumberBuiltinKeywords.runWithCucumberRunner(CucumberBuiltinKeywords.groovy:357)
	at com.kms.katalon.core.cucumber.keyword.CucumberBuiltinKeywords$runWithCucumberRunner.call(Unknown Source)
	at TC_In_Innovation_Strategy.run(TC_In_Innovation_Strategy:18)
	at com.kms.katalon.core.main.ScriptEngine.run(ScriptEngine.java:194)
	at com.kms.katalon.core.main.ScriptEngine.runScriptAsRawText(ScriptEngine.java:119)
	at com.kms.katalon.core.main.TestCaseExecutor.runScript(TestCaseExecutor.java:336)
	at com.kms.katalon.core.main.TestCaseExecutor.doExecute(TestCaseExecutor.java:327)
	at com.kms.katalon.core.main.TestCaseExecutor.processExecutionPhase(TestCaseExecutor.java:306)
	at com.kms.katalon.core.main.TestCaseExecutor.accessMainPhase(TestCaseExecutor.java:298)
	at com.kms.katalon.core.main.TestCaseExecutor.execute(TestCaseExecutor.java:232)
	at com.kms.katalon.core.main.TestSuiteExecutor.accessTestCaseMainPhase(TestSuiteExecutor.java:129)
	at com.kms.katalon.core.main.TestSuiteExecutor.accessTestSuiteMainPhase(TestSuiteExecutor.java:112)
	at com.kms.katalon.core.main.TestSuiteExecutor.execute(TestSuiteExecutor.java:81)
	at com.kms.katalon.core.main.TestCaseMain.startTestSuite(TestCaseMain.java:157)
	at com.kms.katalon.core.main.TestCaseMain$startTestSuite$0.call(Unknown Source)
	at TempTestSuite1562829032081.run(TempTestSuite1562829032081.groovy:35)]]></system-out>
      <system-err><![CDATA[2019-07-11 12:40:35 - [TEST_SUITE][FAILED] - In_SmokeTest: Test Cases/Innovation/TC_In_Innovation_Strategy FAILED.
Reason:
com.kms.katalon.core.exception.StepFailedException: These following reason:
 [H:\Git_personal\Personal_Leed\Usgbc_LeedOnline_ScoreCard\Include\TestData\DownloadedFiles\creditForm.pdf (The system cannot find the file specified)]
	at com.kms.katalon.core.keyword.internal.KeywordMain.stepFailed(KeywordMain.groovy:48)
	at com.kms.katalon.core.keyword.internal.KeywordMain.stepFailed(KeywordMain.groovy)
	at com.kms.katalon.core.keyword.internal.KeywordMain.stepFailed(KeywordMain.groovy:21)
	at com.kms.katalon.core.keyword.internal.KeywordMain$stepFailed$0.call(Unknown Source)
	at com.kms.katalon.core.cucumber.keyword.CucumberBuiltinKeywords$_runWithCucumberRunner_closure3.doCall(CucumberBuiltinKeywords.groovy:272)
	at com.kms.katalon.core.cucumber.keyword.CucumberBuiltinKeywords$_runWithCucumberRunner_closure3.doCall(CucumberBuiltinKeywords.groovy)
	at com.kms.katalon.core.keyword.internal.KeywordMain.runKeyword(KeywordMain.groovy:66)
	at com.kms.katalon.core.keyword.internal.KeywordMain$runKeyword.call(Unknown Source)
	at com.kms.katalon.core.cucumber.keyword.CucumberBuiltinKeywords.runWithCucumberRunner(CucumberBuiltinKeywords.groovy:257)
	at com.kms.katalon.core.cucumber.keyword.CucumberBuiltinKeywords$runWithCucumberRunner$0.callStatic(Unknown Source)
	at com.kms.katalon.core.cucumber.keyword.CucumberBuiltinKeywords.runWithCucumberRunner(CucumberBuiltinKeywords.groovy:357)
	at com.kms.katalon.core.cucumber.keyword.CucumberBuiltinKeywords$runWithCucumberRunner.call(Unknown Source)
	at TC_In_Innovation_Strategy.run(TC_In_Innovation_Strategy:18)
	at com.kms.katalon.core.main.ScriptEngine.run(ScriptEngine.java:194)
	at com.kms.katalon.core.main.ScriptEngine.runScriptAsRawText(ScriptEngine.java:119)
	at com.kms.katalon.core.main.TestCaseExecutor.runScript(TestCaseExecutor.java:336)
	at com.kms.katalon.core.main.TestCaseExecutor.doExecute(TestCaseExecutor.java:327)
	at com.kms.katalon.core.main.TestCaseExecutor.processExecutionPhase(TestCaseExecutor.java:306)
	at com.kms.katalon.core.main.TestCaseExecutor.accessMainPhase(TestCaseExecutor.java:298)
	at com.kms.katalon.core.main.TestCaseExecutor.execute(TestCaseExecutor.java:232)
	at com.kms.katalon.core.main.TestSuiteExecutor.accessTestCaseMainPhase(TestSuiteExecutor.java:129)
	at com.kms.katalon.core.main.TestSuiteExecutor.accessTestSuiteMainPhase(TestSuiteExecutor.java:112)
	at com.kms.katalon.core.main.TestSuiteExecutor.execute(TestSuiteExecutor.java:81)
	at com.kms.katalon.core.main.TestCaseMain.startTestSuite(TestCaseMain.java:157)
	at com.kms.katalon.core.main.TestCaseMain$startTestSuite$0.call(Unknown Source)
	at TempTestSuite1562829032081.run(TempTestSuite1562829032081.groovy:35)]]></system-err>
   </testsuite>
</testsuites>
